<!DOCTYPE html>
<html>
<head>
<meta http-equiv="Content-Type" content="text/html; charset=utf-8"/>
<meta http-equiv="x-ua-compatible" content="IE=edge"/>
<title>Test results - Class docking.widgets.table.threaded.IncrementalThreadedTableTest</title>
<link href="../css/base-style.css" rel="stylesheet" type="text/css"/>
<link href="../css/style.css" rel="stylesheet" type="text/css"/>
<script src="../js/report.js" type="text/javascript"></script>
</head>
<body>
<div id="content">
<h1>Class docking.widgets.table.threaded.IncrementalThreadedTableTest</h1>
<div class="breadcrumbs">
<a href="../index.html">all</a> &gt; 
<a href="../packages/docking.widgets.table.threaded.html">docking.widgets.table.threaded</a> &gt; IncrementalThreadedTableTest</div>
<div id="summary">
<table>
<tr>
<td>
<div class="summaryGroup">
<table>
<tr>
<td>
<div class="infoBox" id="tests">
<div class="counter">15</div>
<p>tests</p>
</div>
</td>
<td>
<div class="infoBox" id="failures">
<div class="counter">1</div>
<p>failures</p>
</div>
</td>
<td>
<div class="infoBox" id="ignored">
<div class="counter">0</div>
<p>ignored</p>
</div>
</td>
<td>
<div class="infoBox" id="duration">
<div class="counter">14.154s</div>
<p>duration</p>
</div>
</td>
</tr>
</table>
</div>
</td>
<td>
<div class="infoBox failures" id="successRate">
<div class="percent">93%</div>
<p>successful</p>
</div>
</td>
</tr>
</table>
</div>
<div id="tabs">
<ul class="tabLinks">
<li>
<a href="#tab0">Failed tests</a>
</li>
<li>
<a href="#tab1">Tests</a>
</li>
<li>
<a href="#tab2">Standard output</a>
</li>
</ul>
<div id="tab0" class="tab">
<h2>Failed tests</h2>
<div class="test">
<a name="testSortingBytes"></a>
<h3 class="failures">testSortingBytes</h3>
<span class="code">
<pre>java.lang.AssertionError: Worker has not yet been created
	at docking.widgets.table.threaded.IncrementalThreadedTableTest.installWorkerDebugListener(IncrementalThreadedTableTest.java:75)
	at docking.widgets.table.threaded.IncrementalThreadedTableTest.setUp(IncrementalThreadedTableTest.java:61)
	at generic.test.TestThread.run(TestThread.java:106)
</pre>
</span>
<span class="code">
<pre>junit.framework.AssertionFailedError: Timed-out waiting for condition
	at generic.test.AbstractGTest.waitForCondition(AbstractGTest.java:451)
	at generic.test.AbstractGTest.waitForCondition(AbstractGTest.java:426)
	at generic.test.AbstractGTest.waitForCondition(AbstractGTest.java:393)
	at generic.test.AbstractGTest.waitForCondition(AbstractGTest.java:380)
	at docking.widgets.table.threaded.IncrementalThreadedTableTest.waitForNotBusy(IncrementalThreadedTableTest.java:462)
	at docking.widgets.table.threaded.IncrementalThreadedTableTest.testFailed(IncrementalThreadedTableTest.java:90)
	at generic.test.AbstractGenericTest$1.failed(AbstractGenericTest.java:89)
	at org.junit.rules.TestWatcher.failedQuietly(TestWatcher.java:84)
	at org.junit.rules.TestWatcher.access$300(TestWatcher.java:46)
	at org.junit.rules.TestWatcher$1.evaluate(TestWatcher.java:62)
	at org.junit.rules.TestWatcher$1.evaluate(TestWatcher.java:55)
	at org.junit.rules.RunRules.evaluate(RunRules.java:20)
	at org.junit.runners.ParentRunner.runLeaf(ParentRunner.java:325)
	at org.junit.runners.BlockJUnit4ClassRunner.runChild(BlockJUnit4ClassRunner.java:78)
	at org.junit.runners.BlockJUnit4ClassRunner.runChild(BlockJUnit4ClassRunner.java:57)
	at org.junit.runners.ParentRunner$3.run(ParentRunner.java:290)
	at org.junit.runners.ParentRunner$1.schedule(ParentRunner.java:71)
	at org.junit.runners.ParentRunner.runChildren(ParentRunner.java:288)
	at org.junit.runners.ParentRunner.access$000(ParentRunner.java:58)
	at org.junit.runners.ParentRunner$2.evaluate(ParentRunner.java:268)
	at org.junit.runners.ParentRunner.run(ParentRunner.java:363)
	at org.gradle.api.internal.tasks.testing.junit.JUnitTestClassExecutor.runTestClass(JUnitTestClassExecutor.java:110)
	at org.gradle.api.internal.tasks.testing.junit.JUnitTestClassExecutor.execute(JUnitTestClassExecutor.java:58)
	at org.gradle.api.internal.tasks.testing.junit.JUnitTestClassExecutor.execute(JUnitTestClassExecutor.java:38)
	at org.gradle.api.internal.tasks.testing.junit.AbstractJUnitTestClassProcessor.processTestClass(AbstractJUnitTestClassProcessor.java:62)
	at org.gradle.api.internal.tasks.testing.SuiteTestClassProcessor.processTestClass(SuiteTestClassProcessor.java:51)
	at java.base/jdk.internal.reflect.NativeMethodAccessorImpl.invoke0(Native Method)
	at java.base/jdk.internal.reflect.NativeMethodAccessorImpl.invoke(NativeMethodAccessorImpl.java:62)
	at java.base/jdk.internal.reflect.DelegatingMethodAccessorImpl.invoke(DelegatingMethodAccessorImpl.java:43)
	at java.base/java.lang.reflect.Method.invoke(Method.java:567)
	at org.gradle.internal.dispatch.ReflectionDispatch.dispatch(ReflectionDispatch.java:36)
	at org.gradle.internal.dispatch.ReflectionDispatch.dispatch(ReflectionDispatch.java:24)
	at org.gradle.internal.dispatch.ContextClassLoaderDispatch.dispatch(ContextClassLoaderDispatch.java:33)
	at org.gradle.internal.dispatch.ProxyDispatchAdapter$DispatchingInvocationHandler.invoke(ProxyDispatchAdapter.java:94)
	at com.sun.proxy.$Proxy2.processTestClass(Unknown Source)
	at org.gradle.api.internal.tasks.testing.worker.TestWorker.processTestClass(TestWorker.java:118)
	at java.base/jdk.internal.reflect.NativeMethodAccessorImpl.invoke0(Native Method)
	at java.base/jdk.internal.reflect.NativeMethodAccessorImpl.invoke(NativeMethodAccessorImpl.java:62)
	at java.base/jdk.internal.reflect.DelegatingMethodAccessorImpl.invoke(DelegatingMethodAccessorImpl.java:43)
	at java.base/java.lang.reflect.Method.invoke(Method.java:567)
	at org.gradle.internal.dispatch.ReflectionDispatch.dispatch(ReflectionDispatch.java:36)
	at org.gradle.internal.dispatch.ReflectionDispatch.dispatch(ReflectionDispatch.java:24)
	at org.gradle.internal.remote.internal.hub.MessageHubBackedObjectConnection$DispatchWrapper.dispatch(MessageHubBackedObjectConnection.java:182)
	at org.gradle.internal.remote.internal.hub.MessageHubBackedObjectConnection$DispatchWrapper.dispatch(MessageHubBackedObjectConnection.java:164)
	at org.gradle.internal.remote.internal.hub.MessageHub$Handler.run(MessageHub.java:412)
	at org.gradle.internal.concurrent.ExecutorPolicy$CatchAndRecordFailures.onExecute(ExecutorPolicy.java:64)
	at org.gradle.internal.concurrent.ManagedExecutorImpl$1.run(ManagedExecutorImpl.java:48)
	at java.base/java.util.concurrent.ThreadPoolExecutor.runWorker(ThreadPoolExecutor.java:1128)
	at java.base/java.util.concurrent.ThreadPoolExecutor$Worker.run(ThreadPoolExecutor.java:628)
	at org.gradle.internal.concurrent.ThreadFactoryImpl$ManagedThreadRunnable.run(ThreadFactoryImpl.java:56)
	at java.base/java.lang.Thread.run(Thread.java:835)
</pre>
</span>
</div>
</div>
<div id="tab1" class="tab">
<h2>Tests</h2>
<table>
<thead>
<tr>
<th>Test</th>
<th>Duration</th>
<th>Result</th>
</tr>
</thead>
<tr>
<td class="success">testCancel</td>
<td class="success">1.110s</td>
<td class="success">passed</td>
</tr>
<tr>
<td class="success">testExceptionWhileLoading</td>
<td class="success">0.207s</td>
<td class="success">passed</td>
</tr>
<tr>
<td class="success">testFilter_FilterDuringDataLoad</td>
<td class="success">2.108s</td>
<td class="success">passed</td>
</tr>
<tr>
<td class="success">testFilter_FilterSetAfterDataLoad</td>
<td class="success">0.311s</td>
<td class="success">passed</td>
</tr>
<tr>
<td class="success">testFilter_FilterSetBeforeDataLoad</td>
<td class="success">0.204s</td>
<td class="success">passed</td>
</tr>
<tr>
<td class="success">testIncrementalLoadingShowsResultsBeforeFinished</td>
<td class="success">0.724s</td>
<td class="success">passed</td>
</tr>
<tr>
<td class="success">testNoShowPendingWhileLoading</td>
<td class="success">0.102s</td>
<td class="success">passed</td>
</tr>
<tr>
<td class="success">testReload</td>
<td class="success">3.411s</td>
<td class="success">passed</td>
</tr>
<tr>
<td class="success">testSelectionRestoringAsIncrementalUpdatesArrive</td>
<td class="success">2.923s</td>
<td class="success">passed</td>
</tr>
<tr>
<td class="failures">testSortingBytes</td>
<td class="failures">2.130s</td>
<td class="failures">failed</td>
</tr>
<tr>
<td class="success">testSortingDoubles</td>
<td class="success">0.204s</td>
<td class="success">passed</td>
</tr>
<tr>
<td class="success">testSortingFloats</td>
<td class="success">0.204s</td>
<td class="success">passed</td>
</tr>
<tr>
<td class="success">testSortingInts</td>
<td class="success">0.204s</td>
<td class="success">passed</td>
</tr>
<tr>
<td class="success">testSortingLong</td>
<td class="success">0.105s</td>
<td class="success">passed</td>
</tr>
<tr>
<td class="success">testSortingShorts</td>
<td class="success">0.207s</td>
<td class="success">passed</td>
</tr>
</table>
</div>
<div id="tab2" class="tab">
<h2>Standard output</h2>
<span class="code">
<pre>Created test directory: /home/lcf/repo/ghidra/Ghidra/Framework/Docking/build/Ghidra_test_1b693d4a-7817-4d7f-b14e-17bffc4a9c1c/temp.data
10:24:10 INFO  Using log config file: file:/home/lcf/repo/ghidra/Ghidra/Framework/Generic/src/main/resources/generic.log4jtest.xml   (LoggingInitialization.java:59) 
10:24:10 INFO  Using log file: /home/lcf/repo/ghidra/Ghidra/Framework/Docking/build/Ghidra_test_1b693d4a-7817-4d7f-b14e-17bffc4a9c1c/temp.data/application.log   (LoggingInitialization.java:60) 
10:24:10 INFO  Loading user preferences: /home/lcf/repo/ghidra/Ghidra/Framework/Docking/build/Ghidra_test_1b693d4a-7817-4d7f-b14e-17bffc4a9c1c/temp.data/preferences   (Preferences.java:122) 
10:24:10 DEBUG Thu Sep 05 10:24:10 CST 2019
***** STARTING Test: IncrementalThreadedTableTest - testIncrementalLoadingShowsResultsBeforeFinished *****   (AbstractGenericTest.java:114) 
10:24:11 DEBUG 	✓ PASSED Test: IncrementalThreadedTableTest - testIncrementalLoadingShowsResultsBeforeFinished ✓	   (AbstractGenericTest.java:114) 
10:24:11 DEBUG Thu Sep 05 10:24:11 CST 2019
***** STARTING Test: IncrementalThreadedTableTest - testFilter_FilterSetAfterDataLoad *****   (AbstractGenericTest.java:114) 
10:24:11 DEBUG 	✓ PASSED Test: IncrementalThreadedTableTest - testFilter_FilterSetAfterDataLoad ✓	   (AbstractGenericTest.java:114) 
10:24:11 DEBUG Thu Sep 05 10:24:11 CST 2019
***** STARTING Test: IncrementalThreadedTableTest - testExceptionWhileLoading *****   (AbstractGenericTest.java:114) 
10:24:11 ERROR &gt;&gt;&gt;&gt;&gt;&gt;&gt;&gt;&gt;&gt;&gt;&gt;&gt;&gt;&gt;&gt; Expected Exception   (AbstractDockingTest.java:1842) 
10:24:11 DEBUG 

&gt;&gt;&gt;&gt;&gt;&gt;&gt; Expected Test Exception  &gt;&gt;&gt;&gt;&gt;&gt;&gt;&gt;&gt;   (IncrementalThreadedTableTest.java:731) 
10:24:11 ERROR Unexpected Exception: Unexpected exception loading table model &quot;Test Data Key Model&quot;   (IncrementalLoadJob.java:69) 
10:24:11 ERROR &lt;&lt;&lt;&lt;&lt;&lt;&lt;&lt;&lt;&lt;&lt;&lt;&lt;&lt;&lt;&lt; End Expected Exception   (AbstractDockingTest.java:1846) 
10:24:11 DEBUG 	✓ PASSED Test: IncrementalThreadedTableTest - testExceptionWhileLoading ✓	   (AbstractGenericTest.java:114) 
10:24:11 DEBUG Thu Sep 05 10:24:11 CST 2019
***** STARTING Test: IncrementalThreadedTableTest - testFilter_FilterSetBeforeDataLoad *****   (AbstractGenericTest.java:114) 
10:24:11 DEBUG 	✓ PASSED Test: IncrementalThreadedTableTest - testFilter_FilterSetBeforeDataLoad ✓	   (AbstractGenericTest.java:114) 
10:24:11 DEBUG Thu Sep 05 10:24:11 CST 2019
***** STARTING Test: IncrementalThreadedTableTest - testSortingDoubles *****   (AbstractGenericTest.java:114) 
10:24:11 DEBUG 	✓ PASSED Test: IncrementalThreadedTableTest - testSortingDoubles ✓	   (AbstractGenericTest.java:114) 
10:24:11 DEBUG Thu Sep 05 10:24:11 CST 2019
***** STARTING Test: IncrementalThreadedTableTest - testSelectionRestoringAsIncrementalUpdatesArrive *****   (AbstractGenericTest.java:114) 
10:24:14 DEBUG 	✓ PASSED Test: IncrementalThreadedTableTest - testSelectionRestoringAsIncrementalUpdatesArrive ✓	   (AbstractGenericTest.java:114) 
10:24:14 DEBUG Thu Sep 05 10:24:14 CST 2019
***** STARTING Test: IncrementalThreadedTableTest - testSortingFloats *****   (AbstractGenericTest.java:114) 
10:24:15 DEBUG 	✓ PASSED Test: IncrementalThreadedTableTest - testSortingFloats ✓	   (AbstractGenericTest.java:114) 
10:24:15 DEBUG Thu Sep 05 10:24:15 CST 2019
***** STARTING Test: IncrementalThreadedTableTest - testSortingInts *****   (AbstractGenericTest.java:114) 
10:24:15 DEBUG 	✓ PASSED Test: IncrementalThreadedTableTest - testSortingInts ✓	   (AbstractGenericTest.java:114) 
10:24:15 DEBUG Thu Sep 05 10:24:15 CST 2019
***** STARTING Test: IncrementalThreadedTableTest - testSortingLong *****   (AbstractGenericTest.java:114) 
10:24:15 DEBUG 	✓ PASSED Test: IncrementalThreadedTableTest - testSortingLong ✓	   (AbstractGenericTest.java:114) 
10:24:15 DEBUG Thu Sep 05 10:24:15 CST 2019
***** STARTING Test: IncrementalThreadedTableTest - testSortingShorts *****   (AbstractGenericTest.java:114) 
10:24:15 DEBUG 	✓ PASSED Test: IncrementalThreadedTableTest - testSortingShorts ✓	   (AbstractGenericTest.java:114) 
10:24:15 DEBUG Thu Sep 05 10:24:15 CST 2019
***** STARTING Test: IncrementalThreadedTableTest - testSortingBytes *****   (AbstractGenericTest.java:114) 
10:24:17 DEBUG Thu Sep 05 10:24:17 CST 2019
***** STARTING Test: IncrementalThreadedTableTest - testCancel *****   (AbstractGenericTest.java:114) 
10:24:18 DEBUG 	✓ PASSED Test: IncrementalThreadedTableTest - testCancel ✓	   (AbstractGenericTest.java:114) 
10:24:18 DEBUG Thu Sep 05 10:24:18 CST 2019
***** STARTING Test: IncrementalThreadedTableTest - testFilter_FilterDuringDataLoad *****   (AbstractGenericTest.java:114) 
10:24:21 DEBUG 	✓ PASSED Test: IncrementalThreadedTableTest - testFilter_FilterDuringDataLoad ✓	   (AbstractGenericTest.java:114) 
10:24:21 DEBUG Thu Sep 05 10:24:21 CST 2019
***** STARTING Test: IncrementalThreadedTableTest - testReload *****   (AbstractGenericTest.java:114) 
10:24:24 DEBUG 	✓ PASSED Test: IncrementalThreadedTableTest - testReload ✓	   (AbstractGenericTest.java:114) 
10:24:24 DEBUG Thu Sep 05 10:24:24 CST 2019
***** STARTING Test: IncrementalThreadedTableTest - testNoShowPendingWhileLoading *****   (AbstractGenericTest.java:114) 
10:24:24 DEBUG 	✓ PASSED Test: IncrementalThreadedTableTest - testNoShowPendingWhileLoading ✓	   (AbstractGenericTest.java:114) 
</pre>
</span>
</div>
</div>
<div id="footer">
<p>
<div>
<label class="hidden" id="label-for-line-wrapping-toggle" for="line-wrapping-toggle">Wrap lines
<input id="line-wrapping-toggle" type="checkbox" autocomplete="off"/>
</label>
</div>Generated by 
<a href="http://www.gradle.org">Gradle 5.6.1</a> at Sep 5, 2019, 11:01:28 AM</p>
</div>
</div>
</body>
</html>
