<!DOCTYPE html>
<html>
<head>
<meta http-equiv="Content-Type" content="text/html; charset=utf-8"/>
<meta http-equiv="x-ua-compatible" content="IE=edge"/>
<title>Test results - Class ghidra.feature.vt.api.markupitem.FunctionSignatureSameParameterCountMarkupOptions2Test</title>
<link href="../css/base-style.css" rel="stylesheet" type="text/css"/>
<link href="../css/style.css" rel="stylesheet" type="text/css"/>
<script src="../js/report.js" type="text/javascript"></script>
</head>
<body>
<div id="content">
<h1>Class ghidra.feature.vt.api.markupitem.FunctionSignatureSameParameterCountMarkupOptions2Test</h1>
<div class="breadcrumbs">
<a href="../index.html">all</a> &gt; 
<a href="../packages/ghidra.feature.vt.api.markupitem.html">ghidra.feature.vt.api.markupitem</a> &gt; FunctionSignatureSameParameterCountMarkupOptions2Test</div>
<div id="summary">
<table>
<tr>
<td>
<div class="summaryGroup">
<table>
<tr>
<td>
<div class="infoBox" id="tests">
<div class="counter">15</div>
<p>tests</p>
</div>
</td>
<td>
<div class="infoBox" id="failures">
<div class="counter">15</div>
<p>failures</p>
</div>
</td>
<td>
<div class="infoBox" id="ignored">
<div class="counter">0</div>
<p>ignored</p>
</div>
</td>
<td>
<div class="infoBox" id="duration">
<div class="counter">4.977s</div>
<p>duration</p>
</div>
</td>
</tr>
</table>
</div>
</td>
<td>
<div class="infoBox failures" id="successRate">
<div class="percent">0%</div>
<p>successful</p>
</div>
</td>
</tr>
</table>
</div>
<div id="tabs">
<ul class="tabLinks">
<li>
<a href="#tab0">Failed tests</a>
</li>
<li>
<a href="#tab1">Tests</a>
</li>
<li>
<a href="#tab2">Standard output</a>
</li>
</ul>
<div id="tab0" class="tab">
<h2>Failed tests</h2>
<div class="test">
<a name="testSameLanguageReplaceCallingConventionBothSpecified"></a>
<h3 class="failures">testSameLanguageReplaceCallingConventionBothSpecified</h3>
<span class="code">
<pre>java.lang.NullPointerException
	at ghidra.feature.vt.api.db.VTSessionDB.initializePrograms(VTSessionDB.java:138)
	at ghidra.feature.vt.api.db.VTSessionDB.createVTSession(VTSessionDB.java:87)
	at ghidra.feature.vt.gui.VTTestEnv.createAndOpenVTSession(VTTestEnv.java:115)
	at ghidra.feature.vt.gui.VTTestEnv.createSession(VTTestEnv.java:105)
	at ghidra.feature.vt.api.markupitem.AbstractFunctionSignatureMarkupTest.setUp(AbstractFunctionSignatureMarkupTest.java:110)
	at generic.test.TestThread.run(TestThread.java:106)
</pre>
</span>
</div>
<div class="test">
<a name="testSameLanguageReplaceCallingConventionNoSrcButDestSpecified"></a>
<h3 class="failures">testSameLanguageReplaceCallingConventionNoSrcButDestSpecified</h3>
<span class="code">
<pre>java.lang.NullPointerException
	at ghidra.feature.vt.api.db.VTSessionDB.initializePrograms(VTSessionDB.java:138)
	at ghidra.feature.vt.api.db.VTSessionDB.createVTSession(VTSessionDB.java:87)
	at ghidra.feature.vt.gui.VTTestEnv.createAndOpenVTSession(VTTestEnv.java:115)
	at ghidra.feature.vt.gui.VTTestEnv.createSession(VTTestEnv.java:105)
	at ghidra.feature.vt.api.markupitem.AbstractFunctionSignatureMarkupTest.setUp(AbstractFunctionSignatureMarkupTest.java:110)
	at generic.test.TestThread.run(TestThread.java:106)
</pre>
</span>
</div>
<div class="test">
<a name="testSameLanguageReplaceCallingConventionSameSpecified"></a>
<h3 class="failures">testSameLanguageReplaceCallingConventionSameSpecified</h3>
<span class="code">
<pre>java.lang.NullPointerException
	at ghidra.feature.vt.api.db.VTSessionDB.initializePrograms(VTSessionDB.java:138)
	at ghidra.feature.vt.api.db.VTSessionDB.createVTSession(VTSessionDB.java:87)
	at ghidra.feature.vt.gui.VTTestEnv.createAndOpenVTSession(VTTestEnv.java:115)
	at ghidra.feature.vt.gui.VTTestEnv.createSession(VTTestEnv.java:105)
	at ghidra.feature.vt.api.markupitem.AbstractFunctionSignatureMarkupTest.setUp(AbstractFunctionSignatureMarkupTest.java:110)
	at generic.test.TestThread.run(TestThread.java:106)
</pre>
</span>
</div>
<div class="test">
<a name="testSameLanguageReplaceCallingConventionSrcSpecifiedButNoDest"></a>
<h3 class="failures">testSameLanguageReplaceCallingConventionSrcSpecifiedButNoDest</h3>
<span class="code">
<pre>java.lang.NullPointerException
	at ghidra.feature.vt.api.db.VTSessionDB.initializePrograms(VTSessionDB.java:138)
	at ghidra.feature.vt.api.db.VTSessionDB.createVTSession(VTSessionDB.java:87)
	at ghidra.feature.vt.gui.VTTestEnv.createAndOpenVTSession(VTTestEnv.java:115)
	at ghidra.feature.vt.gui.VTTestEnv.createSession(VTTestEnv.java:105)
	at ghidra.feature.vt.api.markupitem.AbstractFunctionSignatureMarkupTest.setUp(AbstractFunctionSignatureMarkupTest.java:110)
	at generic.test.TestThread.run(TestThread.java:106)
</pre>
</span>
</div>
<div class="test">
<a name="testSameParamCount_ExcludeInline"></a>
<h3 class="failures">testSameParamCount_ExcludeInline</h3>
<span class="code">
<pre>java.lang.NullPointerException
	at ghidra.feature.vt.api.db.VTSessionDB.initializePrograms(VTSessionDB.java:138)
	at ghidra.feature.vt.api.db.VTSessionDB.createVTSession(VTSessionDB.java:87)
	at ghidra.feature.vt.gui.VTTestEnv.createAndOpenVTSession(VTTestEnv.java:115)
	at ghidra.feature.vt.gui.VTTestEnv.createSession(VTTestEnv.java:105)
	at ghidra.feature.vt.api.markupitem.AbstractFunctionSignatureMarkupTest.setUp(AbstractFunctionSignatureMarkupTest.java:110)
	at generic.test.TestThread.run(TestThread.java:106)
</pre>
</span>
</div>
<div class="test">
<a name="testSameParamCount_ExcludeNoReturn"></a>
<h3 class="failures">testSameParamCount_ExcludeNoReturn</h3>
<span class="code">
<pre>java.lang.NullPointerException
	at ghidra.feature.vt.api.db.VTSessionDB.initializePrograms(VTSessionDB.java:138)
	at ghidra.feature.vt.api.db.VTSessionDB.createVTSession(VTSessionDB.java:87)
	at ghidra.feature.vt.gui.VTTestEnv.createAndOpenVTSession(VTTestEnv.java:115)
	at ghidra.feature.vt.gui.VTTestEnv.createSession(VTTestEnv.java:105)
	at ghidra.feature.vt.api.markupitem.AbstractFunctionSignatureMarkupTest.setUp(AbstractFunctionSignatureMarkupTest.java:110)
	at generic.test.TestThread.run(TestThread.java:106)
</pre>
</span>
</div>
<div class="test">
<a name="testSameParamCount_ExcludeSignature"></a>
<h3 class="failures">testSameParamCount_ExcludeSignature</h3>
<span class="code">
<pre>java.lang.NullPointerException
	at ghidra.feature.vt.api.db.VTSessionDB.initializePrograms(VTSessionDB.java:138)
	at ghidra.feature.vt.api.db.VTSessionDB.createVTSession(VTSessionDB.java:87)
	at ghidra.feature.vt.gui.VTTestEnv.createAndOpenVTSession(VTTestEnv.java:115)
	at ghidra.feature.vt.gui.VTTestEnv.createSession(VTTestEnv.java:105)
	at ghidra.feature.vt.api.markupitem.AbstractFunctionSignatureMarkupTest.setUp(AbstractFunctionSignatureMarkupTest.java:110)
	at generic.test.TestThread.run(TestThread.java:106)
</pre>
</span>
</div>
<div class="test">
<a name="testSameParamCount_InlineInline"></a>
<h3 class="failures">testSameParamCount_InlineInline</h3>
<span class="code">
<pre>java.lang.NullPointerException
	at ghidra.feature.vt.api.db.VTSessionDB.initializePrograms(VTSessionDB.java:138)
	at ghidra.feature.vt.api.db.VTSessionDB.createVTSession(VTSessionDB.java:87)
	at ghidra.feature.vt.gui.VTTestEnv.createAndOpenVTSession(VTTestEnv.java:115)
	at ghidra.feature.vt.gui.VTTestEnv.createSession(VTTestEnv.java:105)
	at ghidra.feature.vt.api.markupitem.AbstractFunctionSignatureMarkupTest.setUp(AbstractFunctionSignatureMarkupTest.java:110)
	at generic.test.TestThread.run(TestThread.java:106)
</pre>
</span>
</div>
<div class="test">
<a name="testSameParamCount_InlineNotInline"></a>
<h3 class="failures">testSameParamCount_InlineNotInline</h3>
<span class="code">
<pre>java.lang.NullPointerException
	at ghidra.feature.vt.api.db.VTSessionDB.initializePrograms(VTSessionDB.java:138)
	at ghidra.feature.vt.api.db.VTSessionDB.createVTSession(VTSessionDB.java:87)
	at ghidra.feature.vt.gui.VTTestEnv.createAndOpenVTSession(VTTestEnv.java:115)
	at ghidra.feature.vt.gui.VTTestEnv.createSession(VTTestEnv.java:105)
	at ghidra.feature.vt.api.markupitem.AbstractFunctionSignatureMarkupTest.setUp(AbstractFunctionSignatureMarkupTest.java:110)
	at generic.test.TestThread.run(TestThread.java:106)
</pre>
</span>
</div>
<div class="test">
<a name="testSameParamCount_NoReturnNoReturn"></a>
<h3 class="failures">testSameParamCount_NoReturnNoReturn</h3>
<span class="code">
<pre>java.lang.NullPointerException
	at ghidra.feature.vt.api.db.VTSessionDB.initializePrograms(VTSessionDB.java:138)
	at ghidra.feature.vt.api.db.VTSessionDB.createVTSession(VTSessionDB.java:87)
	at ghidra.feature.vt.gui.VTTestEnv.createAndOpenVTSession(VTTestEnv.java:115)
	at ghidra.feature.vt.gui.VTTestEnv.createSession(VTTestEnv.java:105)
	at ghidra.feature.vt.api.markupitem.AbstractFunctionSignatureMarkupTest.setUp(AbstractFunctionSignatureMarkupTest.java:110)
	at generic.test.TestThread.run(TestThread.java:106)
</pre>
</span>
</div>
<div class="test">
<a name="testSameParamCount_NoReturnNotANoReturn"></a>
<h3 class="failures">testSameParamCount_NoReturnNotANoReturn</h3>
<span class="code">
<pre>java.lang.NullPointerException
	at ghidra.feature.vt.api.db.VTSessionDB.initializePrograms(VTSessionDB.java:138)
	at ghidra.feature.vt.api.db.VTSessionDB.createVTSession(VTSessionDB.java:87)
	at ghidra.feature.vt.gui.VTTestEnv.createAndOpenVTSession(VTTestEnv.java:115)
	at ghidra.feature.vt.gui.VTTestEnv.createSession(VTTestEnv.java:105)
	at ghidra.feature.vt.api.markupitem.AbstractFunctionSignatureMarkupTest.setUp(AbstractFunctionSignatureMarkupTest.java:110)
	at generic.test.TestThread.run(TestThread.java:106)
</pre>
</span>
</div>
<div class="test">
<a name="testSameParamCount_NotANoReturnNoReturn"></a>
<h3 class="failures">testSameParamCount_NotANoReturnNoReturn</h3>
<span class="code">
<pre>java.lang.NullPointerException
	at ghidra.feature.vt.api.db.VTSessionDB.initializePrograms(VTSessionDB.java:138)
	at ghidra.feature.vt.api.db.VTSessionDB.createVTSession(VTSessionDB.java:87)
	at ghidra.feature.vt.gui.VTTestEnv.createAndOpenVTSession(VTTestEnv.java:115)
	at ghidra.feature.vt.gui.VTTestEnv.createSession(VTTestEnv.java:105)
	at ghidra.feature.vt.api.markupitem.AbstractFunctionSignatureMarkupTest.setUp(AbstractFunctionSignatureMarkupTest.java:110)
	at generic.test.TestThread.run(TestThread.java:106)
</pre>
</span>
</div>
<div class="test">
<a name="testSameParamCount_NotANoReturnNotANoReturn"></a>
<h3 class="failures">testSameParamCount_NotANoReturnNotANoReturn</h3>
<span class="code">
<pre>java.lang.NullPointerException
	at ghidra.feature.vt.api.db.VTSessionDB.initializePrograms(VTSessionDB.java:138)
	at ghidra.feature.vt.api.db.VTSessionDB.createVTSession(VTSessionDB.java:87)
	at ghidra.feature.vt.gui.VTTestEnv.createAndOpenVTSession(VTTestEnv.java:115)
	at ghidra.feature.vt.gui.VTTestEnv.createSession(VTTestEnv.java:105)
	at ghidra.feature.vt.api.markupitem.AbstractFunctionSignatureMarkupTest.setUp(AbstractFunctionSignatureMarkupTest.java:110)
	at generic.test.TestThread.run(TestThread.java:106)
</pre>
</span>
</div>
<div class="test">
<a name="testSameParamCount_NotInlineInline"></a>
<h3 class="failures">testSameParamCount_NotInlineInline</h3>
<span class="code">
<pre>java.lang.NullPointerException
	at ghidra.feature.vt.api.db.VTSessionDB.initializePrograms(VTSessionDB.java:138)
	at ghidra.feature.vt.api.db.VTSessionDB.createVTSession(VTSessionDB.java:87)
	at ghidra.feature.vt.gui.VTTestEnv.createAndOpenVTSession(VTTestEnv.java:115)
	at ghidra.feature.vt.gui.VTTestEnv.createSession(VTTestEnv.java:105)
	at ghidra.feature.vt.api.markupitem.AbstractFunctionSignatureMarkupTest.setUp(AbstractFunctionSignatureMarkupTest.java:110)
	at generic.test.TestThread.run(TestThread.java:106)
</pre>
</span>
</div>
<div class="test">
<a name="testSameParamCount_NotInlineNotInline"></a>
<h3 class="failures">testSameParamCount_NotInlineNotInline</h3>
<span class="code">
<pre>java.lang.NullPointerException
	at ghidra.feature.vt.api.db.VTSessionDB.initializePrograms(VTSessionDB.java:138)
	at ghidra.feature.vt.api.db.VTSessionDB.createVTSession(VTSessionDB.java:87)
	at ghidra.feature.vt.gui.VTTestEnv.createAndOpenVTSession(VTTestEnv.java:115)
	at ghidra.feature.vt.gui.VTTestEnv.createSession(VTTestEnv.java:105)
	at ghidra.feature.vt.api.markupitem.AbstractFunctionSignatureMarkupTest.setUp(AbstractFunctionSignatureMarkupTest.java:110)
	at generic.test.TestThread.run(TestThread.java:106)
</pre>
</span>
</div>
</div>
<div id="tab1" class="tab">
<h2>Tests</h2>
<table>
<thead>
<tr>
<th>Test</th>
<th>Duration</th>
<th>Result</th>
</tr>
</thead>
<tr>
<td class="failures">testSameLanguageReplaceCallingConventionBothSpecified</td>
<td class="failures">0.203s</td>
<td class="failures">failed</td>
</tr>
<tr>
<td class="failures">testSameLanguageReplaceCallingConventionNoSrcButDestSpecified</td>
<td class="failures">0.205s</td>
<td class="failures">failed</td>
</tr>
<tr>
<td class="failures">testSameLanguageReplaceCallingConventionSameSpecified</td>
<td class="failures">0.202s</td>
<td class="failures">failed</td>
</tr>
<tr>
<td class="failures">testSameLanguageReplaceCallingConventionSrcSpecifiedButNoDest</td>
<td class="failures">0.204s</td>
<td class="failures">failed</td>
</tr>
<tr>
<td class="failures">testSameParamCount_ExcludeInline</td>
<td class="failures">1.363s</td>
<td class="failures">failed</td>
</tr>
<tr>
<td class="failures">testSameParamCount_ExcludeNoReturn</td>
<td class="failures">0.208s</td>
<td class="failures">failed</td>
</tr>
<tr>
<td class="failures">testSameParamCount_ExcludeSignature</td>
<td class="failures">0.320s</td>
<td class="failures">failed</td>
</tr>
<tr>
<td class="failures">testSameParamCount_InlineInline</td>
<td class="failures">0.417s</td>
<td class="failures">failed</td>
</tr>
<tr>
<td class="failures">testSameParamCount_InlineNotInline</td>
<td class="failures">0.204s</td>
<td class="failures">failed</td>
</tr>
<tr>
<td class="failures">testSameParamCount_NoReturnNoReturn</td>
<td class="failures">0.206s</td>
<td class="failures">failed</td>
</tr>
<tr>
<td class="failures">testSameParamCount_NoReturnNotANoReturn</td>
<td class="failures">0.204s</td>
<td class="failures">failed</td>
</tr>
<tr>
<td class="failures">testSameParamCount_NotANoReturnNoReturn</td>
<td class="failures">0.311s</td>
<td class="failures">failed</td>
</tr>
<tr>
<td class="failures">testSameParamCount_NotANoReturnNotANoReturn</td>
<td class="failures">0.415s</td>
<td class="failures">failed</td>
</tr>
<tr>
<td class="failures">testSameParamCount_NotInlineInline</td>
<td class="failures">0.202s</td>
<td class="failures">failed</td>
</tr>
<tr>
<td class="failures">testSameParamCount_NotInlineNotInline</td>
<td class="failures">0.313s</td>
<td class="failures">failed</td>
</tr>
</table>
</div>
<div id="tab2" class="tab">
<h2>Standard output</h2>
<span class="code">
<pre>Created test directory: /home/lcf/repo/190904/ghidra/Ghidra/Features/VersionTracking/build/Ghidra_test_89a7b6df-eed2-4b2b-b88c-419151197ea5/temp.data
14:37:55 INFO  Using log config file: file:/home/lcf/repo/190904/ghidra/Ghidra/Framework/Generic/src/main/resources/generic.log4jtest.xml   (LoggingInitialization.java:59) 
14:37:55 INFO  Using log file: /home/lcf/repo/190904/ghidra/Ghidra/Features/VersionTracking/build/Ghidra_test_89a7b6df-eed2-4b2b-b88c-419151197ea5/temp.data/application.log   (LoggingInitialization.java:60) 
14:37:55 INFO  Loading user preferences: /home/lcf/repo/190904/ghidra/Ghidra/Features/VersionTracking/build/Ghidra_test_89a7b6df-eed2-4b2b-b88c-419151197ea5/temp.data/preferences   (Preferences.java:122) 
14:37:56 INFO  Class search complete (475 ms)   (ClassSearcher.java:250) 
14:37:56 DEBUG Wed Sep 04 14:37:56 CST 2019
***** STARTING Test: FunctionSignatureSameParameterCountMarkupOptions2Test - testSameParamCount_ExcludeInline *****   (AbstractGenericTest.java:114) 
14:37:57 WARN  Test data file not found: VersionTracking/WallaceSrc.gzf   (AbstractGenericTest.java:381) 
14:37:57 WARN  Test data file not found: VersionTracking/WallaceSrc.xml   (AbstractGenericTest.java:381) 
14:37:57 INFO  Test program not found: VersionTracking/WallaceSrc   (TestProgramManager.java:351) 
14:37:57 WARN  Test data file not found: VersionTracking/WallaceVersion2.gzf   (AbstractGenericTest.java:381) 
14:37:57 WARN  Test data file not found: VersionTracking/WallaceVersion2.xml   (AbstractGenericTest.java:381) 
14:37:57 INFO  Test program not found: VersionTracking/WallaceVersion2   (TestProgramManager.java:351) 
14:37:57 DEBUG 	✖ FAILED Test: FunctionSignatureSameParameterCountMarkupOptions2Test - testSameParamCount_ExcludeInline ✖	   (AbstractGenericTest.java:114) 
14:37:57 DEBUG Wed Sep 04 14:37:57 CST 2019
***** STARTING Test: FunctionSignatureSameParameterCountMarkupOptions2Test - testSameParamCount_InlineInline *****   (AbstractGenericTest.java:114) 
14:37:57 WARN  Test data file not found: VersionTracking/WallaceSrc.gzf   (AbstractGenericTest.java:381) 
14:37:57 WARN  Test data file not found: VersionTracking/WallaceSrc.xml   (AbstractGenericTest.java:381) 
14:37:57 INFO  Test program not found: VersionTracking/WallaceSrc   (TestProgramManager.java:351) 
14:37:57 WARN  Test data file not found: VersionTracking/WallaceVersion2.gzf   (AbstractGenericTest.java:381) 
14:37:57 WARN  Test data file not found: VersionTracking/WallaceVersion2.xml   (AbstractGenericTest.java:381) 
14:37:57 INFO  Test program not found: VersionTracking/WallaceVersion2   (TestProgramManager.java:351) 
14:37:57 DEBUG 	✖ FAILED Test: FunctionSignatureSameParameterCountMarkupOptions2Test - testSameParamCount_InlineInline ✖	   (AbstractGenericTest.java:114) 
14:37:57 DEBUG Wed Sep 04 14:37:57 CST 2019
***** STARTING Test: FunctionSignatureSameParameterCountMarkupOptions2Test - testSameParamCount_NotANoReturnNotANoReturn *****   (AbstractGenericTest.java:114) 
14:37:58 WARN  Test data file not found: VersionTracking/WallaceSrc.gzf   (AbstractGenericTest.java:381) 
14:37:58 WARN  Test data file not found: VersionTracking/WallaceSrc.xml   (AbstractGenericTest.java:381) 
14:37:58 INFO  Test program not found: VersionTracking/WallaceSrc   (TestProgramManager.java:351) 
14:37:58 WARN  Test data file not found: VersionTracking/WallaceVersion2.gzf   (AbstractGenericTest.java:381) 
14:37:58 WARN  Test data file not found: VersionTracking/WallaceVersion2.xml   (AbstractGenericTest.java:381) 
14:37:58 INFO  Test program not found: VersionTracking/WallaceVersion2   (TestProgramManager.java:351) 
14:37:58 DEBUG 	✖ FAILED Test: FunctionSignatureSameParameterCountMarkupOptions2Test - testSameParamCount_NotANoReturnNotANoReturn ✖	   (AbstractGenericTest.java:114) 
14:37:58 DEBUG Wed Sep 04 14:37:58 CST 2019
***** STARTING Test: FunctionSignatureSameParameterCountMarkupOptions2Test - testSameParamCount_ExcludeSignature *****   (AbstractGenericTest.java:114) 
14:37:58 WARN  Test data file not found: VersionTracking/WallaceSrc.gzf   (AbstractGenericTest.java:381) 
14:37:58 WARN  Test data file not found: VersionTracking/WallaceSrc.xml   (AbstractGenericTest.java:381) 
14:37:58 INFO  Test program not found: VersionTracking/WallaceSrc   (TestProgramManager.java:351) 
14:37:58 WARN  Test data file not found: VersionTracking/WallaceVersion2.gzf   (AbstractGenericTest.java:381) 
14:37:58 WARN  Test data file not found: VersionTracking/WallaceVersion2.xml   (AbstractGenericTest.java:381) 
14:37:58 INFO  Test program not found: VersionTracking/WallaceVersion2   (TestProgramManager.java:351) 
14:37:58 DEBUG 	✖ FAILED Test: FunctionSignatureSameParameterCountMarkupOptions2Test - testSameParamCount_ExcludeSignature ✖	   (AbstractGenericTest.java:114) 
14:37:58 DEBUG Wed Sep 04 14:37:58 CST 2019
***** STARTING Test: FunctionSignatureSameParameterCountMarkupOptions2Test - testSameParamCount_NotANoReturnNoReturn *****   (AbstractGenericTest.java:114) 
14:37:58 WARN  Test data file not found: VersionTracking/WallaceSrc.gzf   (AbstractGenericTest.java:381) 
14:37:58 WARN  Test data file not found: VersionTracking/WallaceSrc.xml   (AbstractGenericTest.java:381) 
14:37:58 INFO  Test program not found: VersionTracking/WallaceSrc   (TestProgramManager.java:351) 
14:37:58 WARN  Test data file not found: VersionTracking/WallaceVersion2.gzf   (AbstractGenericTest.java:381) 
14:37:58 WARN  Test data file not found: VersionTracking/WallaceVersion2.xml   (AbstractGenericTest.java:381) 
14:37:58 INFO  Test program not found: VersionTracking/WallaceVersion2   (TestProgramManager.java:351) 
14:37:59 DEBUG 	✖ FAILED Test: FunctionSignatureSameParameterCountMarkupOptions2Test - testSameParamCount_NotANoReturnNoReturn ✖	   (AbstractGenericTest.java:114) 
14:37:59 DEBUG Wed Sep 04 14:37:59 CST 2019
***** STARTING Test: FunctionSignatureSameParameterCountMarkupOptions2Test - testSameLanguageReplaceCallingConventionSrcSpecifiedButNoDest *****   (AbstractGenericTest.java:114) 
14:37:59 WARN  Test data file not found: VersionTracking/WallaceSrc.gzf   (AbstractGenericTest.java:381) 
14:37:59 WARN  Test data file not found: VersionTracking/WallaceSrc.xml   (AbstractGenericTest.java:381) 
14:37:59 INFO  Test program not found: VersionTracking/WallaceSrc   (TestProgramManager.java:351) 
14:37:59 WARN  Test data file not found: VersionTracking/WallaceVersion2.gzf   (AbstractGenericTest.java:381) 
14:37:59 WARN  Test data file not found: VersionTracking/WallaceVersion2.xml   (AbstractGenericTest.java:381) 
14:37:59 INFO  Test program not found: VersionTracking/WallaceVersion2   (TestProgramManager.java:351) 
14:37:59 DEBUG 	✖ FAILED Test: FunctionSignatureSameParameterCountMarkupOptions2Test - testSameLanguageReplaceCallingConventionSrcSpecifiedButNoDest ✖	   (AbstractGenericTest.java:114) 
14:37:59 DEBUG Wed Sep 04 14:37:59 CST 2019
***** STARTING Test: FunctionSignatureSameParameterCountMarkupOptions2Test - testSameParamCount_NotInlineNotInline *****   (AbstractGenericTest.java:114) 
14:37:59 WARN  Test data file not found: VersionTracking/WallaceSrc.gzf   (AbstractGenericTest.java:381) 
14:37:59 WARN  Test data file not found: VersionTracking/WallaceSrc.xml   (AbstractGenericTest.java:381) 
14:37:59 INFO  Test program not found: VersionTracking/WallaceSrc   (TestProgramManager.java:351) 
14:37:59 WARN  Test data file not found: VersionTracking/WallaceVersion2.gzf   (AbstractGenericTest.java:381) 
14:37:59 WARN  Test data file not found: VersionTracking/WallaceVersion2.xml   (AbstractGenericTest.java:381) 
14:37:59 INFO  Test program not found: VersionTracking/WallaceVersion2   (TestProgramManager.java:351) 
14:37:59 DEBUG 	✖ FAILED Test: FunctionSignatureSameParameterCountMarkupOptions2Test - testSameParamCount_NotInlineNotInline ✖	   (AbstractGenericTest.java:114) 
14:37:59 DEBUG Wed Sep 04 14:37:59 CST 2019
***** STARTING Test: FunctionSignatureSameParameterCountMarkupOptions2Test - testSameLanguageReplaceCallingConventionBothSpecified *****   (AbstractGenericTest.java:114) 
14:37:59 WARN  Test data file not found: VersionTracking/WallaceSrc.gzf   (AbstractGenericTest.java:381) 
14:37:59 WARN  Test data file not found: VersionTracking/WallaceSrc.xml   (AbstractGenericTest.java:381) 
14:37:59 INFO  Test program not found: VersionTracking/WallaceSrc   (TestProgramManager.java:351) 
14:37:59 WARN  Test data file not found: VersionTracking/WallaceVersion2.gzf   (AbstractGenericTest.java:381) 
14:37:59 WARN  Test data file not found: VersionTracking/WallaceVersion2.xml   (AbstractGenericTest.java:381) 
14:37:59 INFO  Test program not found: VersionTracking/WallaceVersion2   (TestProgramManager.java:351) 
14:37:59 DEBUG 	✖ FAILED Test: FunctionSignatureSameParameterCountMarkupOptions2Test - testSameLanguageReplaceCallingConventionBothSpecified ✖	   (AbstractGenericTest.java:114) 
14:37:59 DEBUG Wed Sep 04 14:37:59 CST 2019
***** STARTING Test: FunctionSignatureSameParameterCountMarkupOptions2Test - testSameParamCount_NotInlineInline *****   (AbstractGenericTest.java:114) 
14:37:59 WARN  Test data file not found: VersionTracking/WallaceSrc.gzf   (AbstractGenericTest.java:381) 
14:37:59 WARN  Test data file not found: VersionTracking/WallaceSrc.xml   (AbstractGenericTest.java:381) 
14:37:59 INFO  Test program not found: VersionTracking/WallaceSrc   (TestProgramManager.java:351) 
14:37:59 WARN  Test data file not found: VersionTracking/WallaceVersion2.gzf   (AbstractGenericTest.java:381) 
14:37:59 WARN  Test data file not found: VersionTracking/WallaceVersion2.xml   (AbstractGenericTest.java:381) 
14:37:59 INFO  Test program not found: VersionTracking/WallaceVersion2   (TestProgramManager.java:351) 
14:37:59 DEBUG 	✖ FAILED Test: FunctionSignatureSameParameterCountMarkupOptions2Test - testSameParamCount_NotInlineInline ✖	   (AbstractGenericTest.java:114) 
14:37:59 DEBUG Wed Sep 04 14:37:59 CST 2019
***** STARTING Test: FunctionSignatureSameParameterCountMarkupOptions2Test - testSameParamCount_InlineNotInline *****   (AbstractGenericTest.java:114) 
14:38:00 WARN  Test data file not found: VersionTracking/WallaceSrc.gzf   (AbstractGenericTest.java:381) 
14:38:00 WARN  Test data file not found: VersionTracking/WallaceSrc.xml   (AbstractGenericTest.java:381) 
14:38:00 INFO  Test program not found: VersionTracking/WallaceSrc   (TestProgramManager.java:351) 
14:38:00 WARN  Test data file not found: VersionTracking/WallaceVersion2.gzf   (AbstractGenericTest.java:381) 
14:38:00 WARN  Test data file not found: VersionTracking/WallaceVersion2.xml   (AbstractGenericTest.java:381) 
14:38:00 INFO  Test program not found: VersionTracking/WallaceVersion2   (TestProgramManager.java:351) 
14:38:00 DEBUG 	✖ FAILED Test: FunctionSignatureSameParameterCountMarkupOptions2Test - testSameParamCount_InlineNotInline ✖	   (AbstractGenericTest.java:114) 
14:38:00 DEBUG Wed Sep 04 14:38:00 CST 2019
***** STARTING Test: FunctionSignatureSameParameterCountMarkupOptions2Test - testSameLanguageReplaceCallingConventionNoSrcButDestSpecified *****   (AbstractGenericTest.java:114) 
14:38:00 WARN  Test data file not found: VersionTracking/WallaceSrc.gzf   (AbstractGenericTest.java:381) 
14:38:00 WARN  Test data file not found: VersionTracking/WallaceSrc.xml   (AbstractGenericTest.java:381) 
14:38:00 INFO  Test program not found: VersionTracking/WallaceSrc   (TestProgramManager.java:351) 
14:38:00 WARN  Test data file not found: VersionTracking/WallaceVersion2.gzf   (AbstractGenericTest.java:381) 
14:38:00 WARN  Test data file not found: VersionTracking/WallaceVersion2.xml   (AbstractGenericTest.java:381) 
14:38:00 INFO  Test program not found: VersionTracking/WallaceVersion2   (TestProgramManager.java:351) 
14:38:00 DEBUG 	✖ FAILED Test: FunctionSignatureSameParameterCountMarkupOptions2Test - testSameLanguageReplaceCallingConventionNoSrcButDestSpecified ✖	   (AbstractGenericTest.java:114) 
14:38:00 DEBUG Wed Sep 04 14:38:00 CST 2019
***** STARTING Test: FunctionSignatureSameParameterCountMarkupOptions2Test - testSameParamCount_NoReturnNoReturn *****   (AbstractGenericTest.java:114) 
14:38:00 WARN  Test data file not found: VersionTracking/WallaceSrc.gzf   (AbstractGenericTest.java:381) 
14:38:00 WARN  Test data file not found: VersionTracking/WallaceSrc.xml   (AbstractGenericTest.java:381) 
14:38:00 INFO  Test program not found: VersionTracking/WallaceSrc   (TestProgramManager.java:351) 
14:38:00 WARN  Test data file not found: VersionTracking/WallaceVersion2.gzf   (AbstractGenericTest.java:381) 
14:38:00 WARN  Test data file not found: VersionTracking/WallaceVersion2.xml   (AbstractGenericTest.java:381) 
14:38:00 INFO  Test program not found: VersionTracking/WallaceVersion2   (TestProgramManager.java:351) 
14:38:00 DEBUG 	✖ FAILED Test: FunctionSignatureSameParameterCountMarkupOptions2Test - testSameParamCount_NoReturnNoReturn ✖	   (AbstractGenericTest.java:114) 
14:38:00 DEBUG Wed Sep 04 14:38:00 CST 2019
***** STARTING Test: FunctionSignatureSameParameterCountMarkupOptions2Test - testSameParamCount_NoReturnNotANoReturn *****   (AbstractGenericTest.java:114) 
14:38:00 WARN  Test data file not found: VersionTracking/WallaceSrc.gzf   (AbstractGenericTest.java:381) 
14:38:00 WARN  Test data file not found: VersionTracking/WallaceSrc.xml   (AbstractGenericTest.java:381) 
14:38:00 INFO  Test program not found: VersionTracking/WallaceSrc   (TestProgramManager.java:351) 
14:38:00 WARN  Test data file not found: VersionTracking/WallaceVersion2.gzf   (AbstractGenericTest.java:381) 
14:38:00 WARN  Test data file not found: VersionTracking/WallaceVersion2.xml   (AbstractGenericTest.java:381) 
14:38:00 INFO  Test program not found: VersionTracking/WallaceVersion2   (TestProgramManager.java:351) 
14:38:00 DEBUG 	✖ FAILED Test: FunctionSignatureSameParameterCountMarkupOptions2Test - testSameParamCount_NoReturnNotANoReturn ✖	   (AbstractGenericTest.java:114) 
14:38:00 DEBUG Wed Sep 04 14:38:00 CST 2019
***** STARTING Test: FunctionSignatureSameParameterCountMarkupOptions2Test - testSameParamCount_ExcludeNoReturn *****   (AbstractGenericTest.java:114) 
14:38:00 WARN  Test data file not found: VersionTracking/WallaceSrc.gzf   (AbstractGenericTest.java:381) 
14:38:00 WARN  Test data file not found: VersionTracking/WallaceSrc.xml   (AbstractGenericTest.java:381) 
14:38:00 INFO  Test program not found: VersionTracking/WallaceSrc   (TestProgramManager.java:351) 
14:38:00 WARN  Test data file not found: VersionTracking/WallaceVersion2.gzf   (AbstractGenericTest.java:381) 
14:38:00 WARN  Test data file not found: VersionTracking/WallaceVersion2.xml   (AbstractGenericTest.java:381) 
14:38:00 INFO  Test program not found: VersionTracking/WallaceVersion2   (TestProgramManager.java:351) 
14:38:01 DEBUG 	✖ FAILED Test: FunctionSignatureSameParameterCountMarkupOptions2Test - testSameParamCount_ExcludeNoReturn ✖	   (AbstractGenericTest.java:114) 
14:38:01 DEBUG Wed Sep 04 14:38:01 CST 2019
***** STARTING Test: FunctionSignatureSameParameterCountMarkupOptions2Test - testSameLanguageReplaceCallingConventionSameSpecified *****   (AbstractGenericTest.java:114) 
14:38:01 WARN  Test data file not found: VersionTracking/WallaceSrc.gzf   (AbstractGenericTest.java:381) 
14:38:01 WARN  Test data file not found: VersionTracking/WallaceSrc.xml   (AbstractGenericTest.java:381) 
14:38:01 INFO  Test program not found: VersionTracking/WallaceSrc   (TestProgramManager.java:351) 
14:38:01 WARN  Test data file not found: VersionTracking/WallaceVersion2.gzf   (AbstractGenericTest.java:381) 
14:38:01 WARN  Test data file not found: VersionTracking/WallaceVersion2.xml   (AbstractGenericTest.java:381) 
14:38:01 INFO  Test program not found: VersionTracking/WallaceVersion2   (TestProgramManager.java:351) 
14:38:01 DEBUG 	✖ FAILED Test: FunctionSignatureSameParameterCountMarkupOptions2Test - testSameLanguageReplaceCallingConventionSameSpecified ✖	   (AbstractGenericTest.java:114) 
</pre>
</span>
</div>
</div>
<div id="footer">
<p>
<div>
<label class="hidden" id="label-for-line-wrapping-toggle" for="line-wrapping-toggle">Wrap lines
<input id="line-wrapping-toggle" type="checkbox" autocomplete="off"/>
</label>
</div>Generated by 
<a href="http://www.gradle.org">Gradle 5.6.1</a> at Sep 4, 2019, 2:39:47 PM</p>
</div>
</div>
</body>
</html>
