<!DOCTYPE html>
<html>
<head>
<meta http-equiv="Content-Type" content="text/html; charset=utf-8"/>
<meta http-equiv="x-ua-compatible" content="IE=edge"/>
<title>Test results - Class ghidra.feature.vt.api.correlator.address.AddressCorrelationTest</title>
<link href="../css/base-style.css" rel="stylesheet" type="text/css"/>
<link href="../css/style.css" rel="stylesheet" type="text/css"/>
<script src="../js/report.js" type="text/javascript"></script>
</head>
<body>
<div id="content">
<h1>Class ghidra.feature.vt.api.correlator.address.AddressCorrelationTest</h1>
<div class="breadcrumbs">
<a href="../index.html">all</a> &gt; 
<a href="../packages/ghidra.feature.vt.api.correlator.address.html">ghidra.feature.vt.api.correlator.address</a> &gt; AddressCorrelationTest</div>
<div id="summary">
<table>
<tr>
<td>
<div class="summaryGroup">
<table>
<tr>
<td>
<div class="infoBox" id="tests">
<div class="counter">8</div>
<p>tests</p>
</div>
</td>
<td>
<div class="infoBox" id="failures">
<div class="counter">4</div>
<p>failures</p>
</div>
</td>
<td>
<div class="infoBox" id="ignored">
<div class="counter">0</div>
<p>ignored</p>
</div>
</td>
<td>
<div class="infoBox" id="duration">
<div class="counter">13.795s</div>
<p>duration</p>
</div>
</td>
</tr>
</table>
</div>
</td>
<td>
<div class="infoBox failures" id="successRate">
<div class="percent">50%</div>
<p>successful</p>
</div>
</td>
</tr>
</table>
</div>
<div id="tabs">
<ul class="tabLinks">
<li>
<a href="#tab0">Failed tests</a>
</li>
<li>
<a href="#tab1">Tests</a>
</li>
<li>
<a href="#tab2">Standard output</a>
</li>
</ul>
<div id="tab0" class="tab">
<h2>Failed tests</h2>
<div class="test">
<a name="testExactMatchBytes"></a>
<h3 class="failures">testExactMatchBytes</h3>
<span class="code">
<pre>java.lang.NullPointerException
	at ghidra.feature.vt.api.db.VTSessionDB.initializePrograms(VTSessionDB.java:138)
	at ghidra.feature.vt.api.db.VTSessionDB.createVTSession(VTSessionDB.java:87)
	at ghidra.feature.vt.gui.VTTestEnv.createAndOpenVTSession(VTTestEnv.java:115)
	at ghidra.feature.vt.gui.VTTestEnv.createSession(VTTestEnv.java:105)
	at ghidra.feature.vt.api.correlator.address.AddressCorrelationTest.createSession(AddressCorrelationTest.java:329)
	at ghidra.feature.vt.api.correlator.address.AddressCorrelationTest.testExactMatchBytes(AddressCorrelationTest.java:89)
	at generic.test.TestThread.run(TestThread.java:106)
</pre>
</span>
</div>
<div class="test">
<a name="testExactMatchInstructions"></a>
<h3 class="failures">testExactMatchInstructions</h3>
<span class="code">
<pre>java.lang.NullPointerException
	at ghidra.feature.vt.api.db.VTSessionDB.initializePrograms(VTSessionDB.java:138)
	at ghidra.feature.vt.api.db.VTSessionDB.createVTSession(VTSessionDB.java:87)
	at ghidra.feature.vt.gui.VTTestEnv.createAndOpenVTSession(VTTestEnv.java:115)
	at ghidra.feature.vt.gui.VTTestEnv.createSession(VTTestEnv.java:105)
	at ghidra.feature.vt.api.correlator.address.AddressCorrelationTest.createSession(AddressCorrelationTest.java:329)
	at ghidra.feature.vt.api.correlator.address.AddressCorrelationTest.testExactMatchInstructions(AddressCorrelationTest.java:117)
	at generic.test.TestThread.run(TestThread.java:106)
</pre>
</span>
</div>
<div class="test">
<a name="testExactMatchMnemonics"></a>
<h3 class="failures">testExactMatchMnemonics</h3>
<span class="code">
<pre>java.lang.NullPointerException
	at ghidra.feature.vt.api.db.VTSessionDB.initializePrograms(VTSessionDB.java:138)
	at ghidra.feature.vt.api.db.VTSessionDB.createVTSession(VTSessionDB.java:87)
	at ghidra.feature.vt.gui.VTTestEnv.createAndOpenVTSession(VTTestEnv.java:115)
	at ghidra.feature.vt.gui.VTTestEnv.createSession(VTTestEnv.java:105)
	at ghidra.feature.vt.api.correlator.address.AddressCorrelationTest.createSession(AddressCorrelationTest.java:329)
	at ghidra.feature.vt.api.correlator.address.AddressCorrelationTest.testExactMatchMnemonics(AddressCorrelationTest.java:103)
	at generic.test.TestThread.run(TestThread.java:106)
</pre>
</span>
</div>
<div class="test">
<a name="testSimilarSymbolName"></a>
<h3 class="failures">testSimilarSymbolName</h3>
<span class="code">
<pre>java.lang.NullPointerException
	at ghidra.feature.vt.api.db.VTSessionDB.initializePrograms(VTSessionDB.java:138)
	at ghidra.feature.vt.api.db.VTSessionDB.createVTSession(VTSessionDB.java:87)
	at ghidra.feature.vt.gui.VTTestEnv.createAndOpenVTSession(VTTestEnv.java:115)
	at ghidra.feature.vt.gui.VTTestEnv.createSession(VTTestEnv.java:105)
	at ghidra.feature.vt.api.correlator.address.AddressCorrelationTest.createSession(AddressCorrelationTest.java:329)
	at ghidra.feature.vt.api.correlator.address.AddressCorrelationTest.testSimilarSymbolName(AddressCorrelationTest.java:132)
	at generic.test.TestThread.run(TestThread.java:106)
</pre>
</span>
</div>
</div>
<div id="tab1" class="tab">
<h2>Tests</h2>
<table>
<thead>
<tr>
<th>Test</th>
<th>Duration</th>
<th>Result</th>
</tr>
</thead>
<tr>
<td class="success">testEntryPointPlateCommentDifferringInstructions</td>
<td class="success">1.937s</td>
<td class="success">passed</td>
</tr>
<tr>
<td class="success">testEntryPointPlateCommentMatchingInstructions</td>
<td class="success">2.233s</td>
<td class="success">passed</td>
</tr>
<tr>
<td class="failures">testExactMatchBytes</td>
<td class="failures">0.205s</td>
<td class="failures">failed</td>
</tr>
<tr>
<td class="failures">testExactMatchInstructions</td>
<td class="failures">0.306s</td>
<td class="failures">failed</td>
</tr>
<tr>
<td class="failures">testExactMatchMnemonics</td>
<td class="failures">0.310s</td>
<td class="failures">failed</td>
</tr>
<tr>
<td class="failures">testSimilarSymbolName</td>
<td class="failures">0.203s</td>
<td class="failures">failed</td>
</tr>
<tr>
<td class="success">testSimilarSymbolNameDiffLanguages</td>
<td class="success">1.837s</td>
<td class="success">passed</td>
</tr>
<tr>
<td class="success">testSimilarSymbolNameDiffLanguages2</td>
<td class="success">6.764s</td>
<td class="success">passed</td>
</tr>
</table>
</div>
<div id="tab2" class="tab">
<h2>Standard output</h2>
<span class="code">
<pre>Created test directory: /home/lcf/repo/190904/ghidra/Ghidra/Features/VersionTracking/build/Ghidra_test_35395468-2b14-4217-b249-78a01864db89/temp.data
14:36:14 INFO  Using log config file: file:/home/lcf/repo/190904/ghidra/Ghidra/Framework/Generic/src/main/resources/generic.log4jtest.xml   (LoggingInitialization.java:59) 
14:36:14 INFO  Using log file: /home/lcf/repo/190904/ghidra/Ghidra/Features/VersionTracking/build/Ghidra_test_35395468-2b14-4217-b249-78a01864db89/temp.data/application.log   (LoggingInitialization.java:60) 
14:36:14 INFO  Loading user preferences: /home/lcf/repo/190904/ghidra/Ghidra/Features/VersionTracking/build/Ghidra_test_35395468-2b14-4217-b249-78a01864db89/temp.data/preferences   (Preferences.java:122) 
14:36:15 INFO  Class search complete (584 ms)   (ClassSearcher.java:250) 
14:36:15 DEBUG Wed Sep 04 14:36:15 CST 2019
***** STARTING Test: AddressCorrelationTest - testSimilarSymbolNameDiffLanguages2 *****   (AbstractGenericTest.java:114) 
14:36:22 DEBUG 	✓ PASSED Test: AddressCorrelationTest - testSimilarSymbolNameDiffLanguages2 ✓	   (AbstractGenericTest.java:114) 
14:36:22 DEBUG Wed Sep 04 14:36:22 CST 2019
***** STARTING Test: AddressCorrelationTest - testExactMatchMnemonics *****   (AbstractGenericTest.java:114) 
14:36:22 WARN  Test data file not found: VersionTracking/WallaceSrc.gzf   (AbstractGenericTest.java:381) 
14:36:22 WARN  Test data file not found: VersionTracking/WallaceSrc.xml   (AbstractGenericTest.java:381) 
14:36:22 INFO  Test program not found: VersionTracking/WallaceSrc   (TestProgramManager.java:351) 
14:36:22 WARN  Test data file not found: VersionTracking/WallaceVersion2.gzf   (AbstractGenericTest.java:381) 
14:36:22 WARN  Test data file not found: VersionTracking/WallaceVersion2.xml   (AbstractGenericTest.java:381) 
14:36:22 INFO  Test program not found: VersionTracking/WallaceVersion2   (TestProgramManager.java:351) 
14:36:22 DEBUG 	✖ FAILED Test: AddressCorrelationTest - testExactMatchMnemonics ✖	   (AbstractGenericTest.java:114) 
14:36:22 DEBUG Wed Sep 04 14:36:22 CST 2019
***** STARTING Test: AddressCorrelationTest - testEntryPointPlateCommentDifferringInstructions *****   (AbstractGenericTest.java:114) 
14:36:24 DEBUG 	✓ PASSED Test: AddressCorrelationTest - testEntryPointPlateCommentDifferringInstructions ✓	   (AbstractGenericTest.java:114) 
14:36:24 DEBUG Wed Sep 04 14:36:24 CST 2019
***** STARTING Test: AddressCorrelationTest - testExactMatchBytes *****   (AbstractGenericTest.java:114) 
14:36:24 WARN  Test data file not found: VersionTracking/WallaceSrc.gzf   (AbstractGenericTest.java:381) 
14:36:24 WARN  Test data file not found: VersionTracking/WallaceSrc.xml   (AbstractGenericTest.java:381) 
14:36:24 INFO  Test program not found: VersionTracking/WallaceSrc   (TestProgramManager.java:351) 
14:36:24 WARN  Test data file not found: VersionTracking/WallaceVersion2.gzf   (AbstractGenericTest.java:381) 
14:36:24 WARN  Test data file not found: VersionTracking/WallaceVersion2.xml   (AbstractGenericTest.java:381) 
14:36:24 INFO  Test program not found: VersionTracking/WallaceVersion2   (TestProgramManager.java:351) 
14:36:24 DEBUG 	✖ FAILED Test: AddressCorrelationTest - testExactMatchBytes ✖	   (AbstractGenericTest.java:114) 
14:36:24 DEBUG Wed Sep 04 14:36:24 CST 2019
***** STARTING Test: AddressCorrelationTest - testEntryPointPlateCommentMatchingInstructions *****   (AbstractGenericTest.java:114) 
14:36:27 DEBUG 	✓ PASSED Test: AddressCorrelationTest - testEntryPointPlateCommentMatchingInstructions ✓	   (AbstractGenericTest.java:114) 
14:36:27 DEBUG Wed Sep 04 14:36:27 CST 2019
***** STARTING Test: AddressCorrelationTest - testExactMatchInstructions *****   (AbstractGenericTest.java:114) 
14:36:27 WARN  Test data file not found: VersionTracking/WallaceSrc.gzf   (AbstractGenericTest.java:381) 
14:36:27 WARN  Test data file not found: VersionTracking/WallaceSrc.xml   (AbstractGenericTest.java:381) 
14:36:27 INFO  Test program not found: VersionTracking/WallaceSrc   (TestProgramManager.java:351) 
14:36:27 WARN  Test data file not found: VersionTracking/WallaceVersion2.gzf   (AbstractGenericTest.java:381) 
14:36:27 WARN  Test data file not found: VersionTracking/WallaceVersion2.xml   (AbstractGenericTest.java:381) 
14:36:27 INFO  Test program not found: VersionTracking/WallaceVersion2   (TestProgramManager.java:351) 
14:36:27 DEBUG 	✖ FAILED Test: AddressCorrelationTest - testExactMatchInstructions ✖	   (AbstractGenericTest.java:114) 
14:36:27 DEBUG Wed Sep 04 14:36:27 CST 2019
***** STARTING Test: AddressCorrelationTest - testSimilarSymbolNameDiffLanguages *****   (AbstractGenericTest.java:114) 
14:36:29 DEBUG 	✓ PASSED Test: AddressCorrelationTest - testSimilarSymbolNameDiffLanguages ✓	   (AbstractGenericTest.java:114) 
14:36:29 DEBUG Wed Sep 04 14:36:29 CST 2019
***** STARTING Test: AddressCorrelationTest - testSimilarSymbolName *****   (AbstractGenericTest.java:114) 
14:36:29 WARN  Test data file not found: VersionTracking/WallaceSrc.gzf   (AbstractGenericTest.java:381) 
14:36:29 WARN  Test data file not found: VersionTracking/WallaceSrc.xml   (AbstractGenericTest.java:381) 
14:36:29 INFO  Test program not found: VersionTracking/WallaceSrc   (TestProgramManager.java:351) 
14:36:29 WARN  Test data file not found: VersionTracking/WallaceVersion2.gzf   (AbstractGenericTest.java:381) 
14:36:29 WARN  Test data file not found: VersionTracking/WallaceVersion2.xml   (AbstractGenericTest.java:381) 
14:36:29 INFO  Test program not found: VersionTracking/WallaceVersion2   (TestProgramManager.java:351) 
14:36:29 DEBUG 	✖ FAILED Test: AddressCorrelationTest - testSimilarSymbolName ✖	   (AbstractGenericTest.java:114) 
</pre>
</span>
</div>
</div>
<div id="footer">
<p>
<div>
<label class="hidden" id="label-for-line-wrapping-toggle" for="line-wrapping-toggle">Wrap lines
<input id="line-wrapping-toggle" type="checkbox" autocomplete="off"/>
</label>
</div>Generated by 
<a href="http://www.gradle.org">Gradle 5.6.1</a> at Sep 4, 2019, 2:39:47 PM</p>
</div>
</div>
</body>
</html>
