<!DOCTYPE html>
<html>
<head>
<meta http-equiv="Content-Type" content="text/html; charset=utf-8"/>
<meta http-equiv="x-ua-compatible" content="IE=edge"/>
<title>Test results - Class ghidra.feature.vt.gui.provider.VTFunctionReferenceCorrelator_x86_Test</title>
<link href="../css/base-style.css" rel="stylesheet" type="text/css"/>
<link href="../css/style.css" rel="stylesheet" type="text/css"/>
<script src="../js/report.js" type="text/javascript"></script>
</head>
<body>
<div id="content">
<h1>Class ghidra.feature.vt.gui.provider.VTFunctionReferenceCorrelator_x86_Test</h1>
<div class="breadcrumbs">
<a href="../index.html">all</a> &gt; 
<a href="../packages/ghidra.feature.vt.gui.provider.html">ghidra.feature.vt.gui.provider</a> &gt; VTFunctionReferenceCorrelator_x86_Test</div>
<div id="summary">
<table>
<tr>
<td>
<div class="summaryGroup">
<table>
<tr>
<td>
<div class="infoBox" id="tests">
<div class="counter">3</div>
<p>tests</p>
</div>
</td>
<td>
<div class="infoBox" id="failures">
<div class="counter">3</div>
<p>failures</p>
</div>
</td>
<td>
<div class="infoBox" id="ignored">
<div class="counter">0</div>
<p>ignored</p>
</div>
</td>
<td>
<div class="infoBox" id="duration">
<div class="counter">3.238s</div>
<p>duration</p>
</div>
</td>
</tr>
</table>
</div>
</td>
<td>
<div class="infoBox failures" id="successRate">
<div class="percent">0%</div>
<p>successful</p>
</div>
</td>
</tr>
</table>
</div>
<div id="tabs">
<ul class="tabLinks">
<li>
<a href="#tab0">Failed tests</a>
</li>
<li>
<a href="#tab1">Tests</a>
</li>
<li>
<a href="#tab2">Standard output</a>
</li>
</ul>
<div id="tab0" class="tab">
<h2>Failed tests</h2>
<div class="test">
<a name="testFunctionReferenceCorrelator_givenAllExactFunctionMatches"></a>
<h3 class="failures">testFunctionReferenceCorrelator_givenAllExactFunctionMatches</h3>
<span class="code">
<pre>java.lang.NullPointerException
	at ghidra.feature.vt.api.db.VTSessionDB.initializePrograms(VTSessionDB.java:138)
	at ghidra.feature.vt.api.db.VTSessionDB.createVTSession(VTSessionDB.java:87)
	at ghidra.feature.vt.gui.VTTestEnv.createAndOpenVTSession(VTTestEnv.java:115)
	at ghidra.feature.vt.gui.VTTestEnv.createSession(VTTestEnv.java:105)
	at ghidra.feature.vt.gui.provider.AbstractVTCorrelatorTest.setUp(AbstractVTCorrelatorTest.java:93)
	at generic.test.TestThread.run(TestThread.java:106)
</pre>
</span>
</div>
<div class="test">
<a name="testFunctionReferenceCorrelator_givenAllExactFunctionMatchesUnrefined"></a>
<h3 class="failures">testFunctionReferenceCorrelator_givenAllExactFunctionMatchesUnrefined</h3>
<span class="code">
<pre>java.lang.NullPointerException
	at ghidra.feature.vt.api.db.VTSessionDB.initializePrograms(VTSessionDB.java:138)
	at ghidra.feature.vt.api.db.VTSessionDB.createVTSession(VTSessionDB.java:87)
	at ghidra.feature.vt.gui.VTTestEnv.createAndOpenVTSession(VTTestEnv.java:115)
	at ghidra.feature.vt.gui.VTTestEnv.createSession(VTTestEnv.java:105)
	at ghidra.feature.vt.gui.provider.AbstractVTCorrelatorTest.setUp(AbstractVTCorrelatorTest.java:93)
	at generic.test.TestThread.run(TestThread.java:106)
</pre>
</span>
</div>
<div class="test">
<a name="testFunctionReferenceCorrelator_givenSomeExternalMatches"></a>
<h3 class="failures">testFunctionReferenceCorrelator_givenSomeExternalMatches</h3>
<span class="code">
<pre>java.lang.NullPointerException
	at ghidra.feature.vt.api.db.VTSessionDB.initializePrograms(VTSessionDB.java:138)
	at ghidra.feature.vt.api.db.VTSessionDB.createVTSession(VTSessionDB.java:87)
	at ghidra.feature.vt.gui.VTTestEnv.createAndOpenVTSession(VTTestEnv.java:115)
	at ghidra.feature.vt.gui.VTTestEnv.createSession(VTTestEnv.java:105)
	at ghidra.feature.vt.gui.provider.AbstractVTCorrelatorTest.setUp(AbstractVTCorrelatorTest.java:93)
	at generic.test.TestThread.run(TestThread.java:106)
</pre>
</span>
</div>
</div>
<div id="tab1" class="tab">
<h2>Tests</h2>
<table>
<thead>
<tr>
<th>Test</th>
<th>Duration</th>
<th>Result</th>
</tr>
</thead>
<tr>
<td class="failures">testFunctionReferenceCorrelator_givenAllExactFunctionMatches</td>
<td class="failures">1.910s</td>
<td class="failures">failed</td>
</tr>
<tr>
<td class="failures">testFunctionReferenceCorrelator_givenAllExactFunctionMatchesUnrefined</td>
<td class="failures">0.609s</td>
<td class="failures">failed</td>
</tr>
<tr>
<td class="failures">testFunctionReferenceCorrelator_givenSomeExternalMatches</td>
<td class="failures">0.719s</td>
<td class="failures">failed</td>
</tr>
</table>
</div>
<div id="tab2" class="tab">
<h2>Standard output</h2>
<span class="code">
<pre>Created test directory: /home/lcf/repo/ghidra/Ghidra/Features/VersionTracking/build/Ghidra_test_2f72b1c4-1873-4be0-8965-fcefe04323c8/temp.data
10:57:30 INFO  Using log config file: file:/home/lcf/repo/ghidra/Ghidra/Framework/Generic/src/main/resources/generic.log4jtest.xml   (LoggingInitialization.java:59) 
10:57:30 INFO  Using log file: /home/lcf/repo/ghidra/Ghidra/Features/VersionTracking/build/Ghidra_test_2f72b1c4-1873-4be0-8965-fcefe04323c8/temp.data/application.log   (LoggingInitialization.java:60) 
10:57:30 INFO  Loading user preferences: /home/lcf/repo/ghidra/Ghidra/Features/VersionTracking/build/Ghidra_test_2f72b1c4-1873-4be0-8965-fcefe04323c8/temp.data/preferences   (Preferences.java:122) 
10:57:31 INFO  Class search complete (495 ms)   (ClassSearcher.java:250) 
10:57:31 DEBUG Thu Sep 05 10:57:31 CST 2019
***** STARTING Test: VTFunctionReferenceCorrelator_x86_Test - testFunctionReferenceCorrelator_givenAllExactFunctionMatches *****   (AbstractGenericTest.java:114) 
10:57:33 WARN  Test data file not found: VersionTracking/WallaceSrc.gzf   (AbstractGenericTest.java:381) 
10:57:33 WARN  Test data file not found: VersionTracking/WallaceSrc.xml   (AbstractGenericTest.java:381) 
10:57:33 INFO  Test program not found: VersionTracking/WallaceSrc   (TestProgramManager.java:351) 
10:57:33 WARN  Test data file not found: VersionTracking/WallaceVersion2.gzf   (AbstractGenericTest.java:381) 
10:57:33 WARN  Test data file not found: VersionTracking/WallaceVersion2.xml   (AbstractGenericTest.java:381) 
10:57:33 INFO  Test program not found: VersionTracking/WallaceVersion2   (TestProgramManager.java:351) 
10:57:33 DEBUG 	✖ FAILED Test: VTFunctionReferenceCorrelator_x86_Test - testFunctionReferenceCorrelator_givenAllExactFunctionMatches ✖	   (AbstractGenericTest.java:114) 
10:57:33 DEBUG Thu Sep 05 10:57:33 CST 2019
***** STARTING Test: VTFunctionReferenceCorrelator_x86_Test - testFunctionReferenceCorrelator_givenSomeExternalMatches *****   (AbstractGenericTest.java:114) 
10:57:34 WARN  Test data file not found: VersionTracking/WallaceSrc.gzf   (AbstractGenericTest.java:381) 
10:57:34 WARN  Test data file not found: VersionTracking/WallaceSrc.xml   (AbstractGenericTest.java:381) 
10:57:34 INFO  Test program not found: VersionTracking/WallaceSrc   (TestProgramManager.java:351) 
10:57:34 WARN  Test data file not found: VersionTracking/WallaceVersion2.gzf   (AbstractGenericTest.java:381) 
10:57:34 WARN  Test data file not found: VersionTracking/WallaceVersion2.xml   (AbstractGenericTest.java:381) 
10:57:34 INFO  Test program not found: VersionTracking/WallaceVersion2   (TestProgramManager.java:351) 
10:57:34 DEBUG 	✖ FAILED Test: VTFunctionReferenceCorrelator_x86_Test - testFunctionReferenceCorrelator_givenSomeExternalMatches ✖	   (AbstractGenericTest.java:114) 
10:57:34 DEBUG Thu Sep 05 10:57:34 CST 2019
***** STARTING Test: VTFunctionReferenceCorrelator_x86_Test - testFunctionReferenceCorrelator_givenAllExactFunctionMatchesUnrefined *****   (AbstractGenericTest.java:114) 
10:57:34 WARN  Test data file not found: VersionTracking/WallaceSrc.gzf   (AbstractGenericTest.java:381) 
10:57:34 WARN  Test data file not found: VersionTracking/WallaceSrc.xml   (AbstractGenericTest.java:381) 
10:57:34 INFO  Test program not found: VersionTracking/WallaceSrc   (TestProgramManager.java:351) 
10:57:34 WARN  Test data file not found: VersionTracking/WallaceVersion2.gzf   (AbstractGenericTest.java:381) 
10:57:34 WARN  Test data file not found: VersionTracking/WallaceVersion2.xml   (AbstractGenericTest.java:381) 
10:57:34 INFO  Test program not found: VersionTracking/WallaceVersion2   (TestProgramManager.java:351) 
10:57:34 DEBUG 	✖ FAILED Test: VTFunctionReferenceCorrelator_x86_Test - testFunctionReferenceCorrelator_givenAllExactFunctionMatchesUnrefined ✖	   (AbstractGenericTest.java:114) 
</pre>
</span>
</div>
</div>
<div id="footer">
<p>
<div>
<label class="hidden" id="label-for-line-wrapping-toggle" for="line-wrapping-toggle">Wrap lines
<input id="line-wrapping-toggle" type="checkbox" autocomplete="off"/>
</label>
</div>Generated by 
<a href="http://www.gradle.org">Gradle 5.6.1</a> at Sep 5, 2019, 11:01:28 AM</p>
</div>
</div>
</body>
</html>
