<!DOCTYPE html>
<html>
<head>
<meta http-equiv="Content-Type" content="text/html; charset=utf-8"/>
<meta http-equiv="x-ua-compatible" content="IE=edge"/>
<title>Test results - Class ghidra.app.plugin.core.function.tags.FunctionTagLoaderTest</title>
<link href="../css/base-style.css" rel="stylesheet" type="text/css"/>
<link href="../css/style.css" rel="stylesheet" type="text/css"/>
<script src="../js/report.js" type="text/javascript"></script>
</head>
<body>
<div id="content">
<h1>Class ghidra.app.plugin.core.function.tags.FunctionTagLoaderTest</h1>
<div class="breadcrumbs">
<a href="../index.html">all</a> &gt; 
<a href="../packages/ghidra.app.plugin.core.function.tags.html">ghidra.app.plugin.core.function.tags</a> &gt; FunctionTagLoaderTest</div>
<div id="summary">
<table>
<tr>
<td>
<div class="summaryGroup">
<table>
<tr>
<td>
<div class="infoBox" id="tests">
<div class="counter">9</div>
<p>tests</p>
</div>
</td>
<td>
<div class="infoBox" id="failures">
<div class="counter">0</div>
<p>failures</p>
</div>
</td>
<td>
<div class="infoBox" id="ignored">
<div class="counter">0</div>
<p>ignored</p>
</div>
</td>
<td>
<div class="infoBox" id="duration">
<div class="counter">0.948s</div>
<p>duration</p>
</div>
</td>
</tr>
</table>
</div>
</td>
<td>
<div class="infoBox success" id="successRate">
<div class="percent">100%</div>
<p>successful</p>
</div>
</td>
</tr>
</table>
</div>
<div id="tabs">
<ul class="tabLinks">
<li>
<a href="#tab0">Tests</a>
</li>
<li>
<a href="#tab1">Standard output</a>
</li>
</ul>
<div id="tab0" class="tab">
<h2>Tests</h2>
<table>
<thead>
<tr>
<th>Test</th>
<th>Duration</th>
<th>Result</th>
</tr>
</thead>
<tr>
<td class="success">testLoadTags_EmptyFile</td>
<td class="success">0.102s</td>
<td class="success">passed</td>
</tr>
<tr>
<td class="success">testLoadTags_EmptyTags</td>
<td class="success">0.102s</td>
<td class="success">passed</td>
</tr>
<tr>
<td class="success">testLoadTags_FileDoesNotExist</td>
<td class="success">0.106s</td>
<td class="success">passed</td>
</tr>
<tr>
<td class="success">testLoadTags_MalformedXml</td>
<td class="success">0.103s</td>
<td class="success">passed</td>
</tr>
<tr>
<td class="success">testLoadTags_XmlDefault</td>
<td class="success">0.103s</td>
<td class="success">passed</td>
</tr>
<tr>
<td class="success">testLoadTags_XmlHasBlankNameValue</td>
<td class="success">0.106s</td>
<td class="success">passed</td>
</tr>
<tr>
<td class="success">testLoadTags_XmlHasCommentValue</td>
<td class="success">0.102s</td>
<td class="success">passed</td>
</tr>
<tr>
<td class="success">testLoadTags_XmlNoCommentTag</td>
<td class="success">0.122s</td>
<td class="success">passed</td>
</tr>
<tr>
<td class="success">testLoadTags_XmlNoNameTag</td>
<td class="success">0.102s</td>
<td class="success">passed</td>
</tr>
</table>
</div>
<div id="tab1" class="tab">
<h2>Standard output</h2>
<span class="code">
<pre>Created test directory: /home/lcf/repo/190904/ghidra/Ghidra/Features/Base/build/Ghidra_test_c45222be-d45c-4eff-8d0a-bad2405a2943/temp.data
13:19:40 INFO  Using log config file: file:/home/lcf/repo/190904/ghidra/Ghidra/Framework/Generic/src/main/resources/generic.log4jtest.xml   (LoggingInitialization.java:59) 
13:19:40 INFO  Using log file: /home/lcf/repo/190904/ghidra/Ghidra/Features/Base/build/Ghidra_test_c45222be-d45c-4eff-8d0a-bad2405a2943/temp.data/application.log   (LoggingInitialization.java:60) 
13:19:40 INFO  Loading user preferences: /home/lcf/repo/190904/ghidra/Ghidra/Features/Base/build/Ghidra_test_c45222be-d45c-4eff-8d0a-bad2405a2943/temp.data/preferences   (Preferences.java:122) 
13:19:41 INFO  Class search complete (508 ms)   (ClassSearcher.java:250) 
13:19:41 DEBUG Wed Sep 04 13:19:41 CST 2019
***** STARTING Test: FunctionTagLoaderTest - testLoadTags_XmlNoCommentTag *****   (AbstractGenericTest.java:114) 
13:19:41 DEBUG 	✓ PASSED Test: FunctionTagLoaderTest - testLoadTags_XmlNoCommentTag ✓	   (AbstractGenericTest.java:114) 
13:19:41 DEBUG Wed Sep 04 13:19:41 CST 2019
***** STARTING Test: FunctionTagLoaderTest - testLoadTags_XmlHasBlankNameValue *****   (AbstractGenericTest.java:114) 
13:19:41 DEBUG 	✓ PASSED Test: FunctionTagLoaderTest - testLoadTags_XmlHasBlankNameValue ✓	   (AbstractGenericTest.java:114) 
13:19:41 DEBUG Wed Sep 04 13:19:41 CST 2019
***** STARTING Test: FunctionTagLoaderTest - testLoadTags_XmlNoNameTag *****   (AbstractGenericTest.java:114) 
13:19:41 DEBUG 	✓ PASSED Test: FunctionTagLoaderTest - testLoadTags_XmlNoNameTag ✓	   (AbstractGenericTest.java:114) 
13:19:41 DEBUG Wed Sep 04 13:19:41 CST 2019
***** STARTING Test: FunctionTagLoaderTest - testLoadTags_XmlDefault *****   (AbstractGenericTest.java:114) 
13:19:41 DEBUG 	✓ PASSED Test: FunctionTagLoaderTest - testLoadTags_XmlDefault ✓	   (AbstractGenericTest.java:114) 
13:19:41 DEBUG Wed Sep 04 13:19:41 CST 2019
***** STARTING Test: FunctionTagLoaderTest - testLoadTags_MalformedXml *****   (AbstractGenericTest.java:114) 
13:19:41 ERROR Error loading function tags from /home/lcf/repo/190904/ghidra/Ghidra/Features/Base/build/Ghidra_test_c45222be-d45c-4eff-8d0a-bad2405a2943/temp.data/testLoadTags_MalformedXml.testLoadTags_MalformedXml.10371973756573598962.tmp org.xml.sax.SAXException: Fatal error: org.xml.sax.SAXParseException; lineNumber: 3; columnNumber: 3; The element type &quot;tags&quot; must be terminated by the matching end-tag &quot;&lt;/tags&gt;&quot;.
	at ghidra.app.plugin.core.function.tags.FunctionTagLoader$1.fatalError(FunctionTagLoader.java:74)
	at ghidra.xml.NonThreadedXmlPullParserImpl$DefaultContentHandlerWrapper.fatalError(NonThreadedXmlPullParserImpl.java:210)
	at java.xml/com.sun.org.apache.xerces.internal.util.ErrorHandlerWrapper.fatalError(ErrorHandlerWrapper.java:181)
	at java.xml/com.sun.org.apache.xerces.internal.impl.XMLErrorReporter.reportError(XMLErrorReporter.java:400)
	at java.xml/com.sun.org.apache.xerces.internal.impl.XMLErrorReporter.reportError(XMLErrorReporter.java:327)
	at java.xml/com.sun.org.apache.xerces.internal.impl.XMLScanner.reportFatalError(XMLScanner.java:1471)
	at java.xml/com.sun.org.apache.xerces.internal.impl.XMLDocumentFragmentScannerImpl.scanEndElement(XMLDocumentFragmentScannerImpl.java:1685)
	at java.xml/com.sun.org.apache.xerces.internal.impl.XMLDocumentFragmentScannerImpl$FragmentContentDriver.next(XMLDocumentFragmentScannerImpl.java:2883)
	at java.xml/com.sun.org.apache.xerces.internal.impl.XMLDocumentScannerImpl.next(XMLDocumentScannerImpl.java:605)
	at java.xml/com.sun.org.apache.xerces.internal.impl.XMLDocumentFragmentScannerImpl.scanDocument(XMLDocumentFragmentScannerImpl.java:534)
	at java.xml/com.sun.org.apache.xerces.internal.parsers.XML11Configuration.parse(XML11Configuration.java:888)
	at java.xml/com.sun.org.apache.xerces.internal.parsers.XML11Configuration.parse(XML11Configuration.java:824)
	at java.xml/com.sun.org.apache.xerces.internal.parsers.XMLParser.parse(XMLParser.java:141)
	at java.xml/com.sun.org.apache.xerces.internal.parsers.AbstractSAXParser.parse(AbstractSAXParser.java:1216)
	at java.xml/com.sun.org.apache.xerces.internal.jaxp.SAXParserImpl$JAXPSAXParser.parse(SAXParserImpl.java:635)
	at java.xml/com.sun.org.apache.xerces.internal.jaxp.SAXParserImpl.parse(SAXParserImpl.java:324)
	at ghidra.xml.NonThreadedXmlPullParserImpl.fillQueue(NonThreadedXmlPullParserImpl.java:115)
	at ghidra.xml.NonThreadedXmlPullParserImpl.&lt;init&gt;(NonThreadedXmlPullParserImpl.java:61)
	at ghidra.app.plugin.core.function.tags.FunctionTagLoader.loadTags(FunctionTagLoader.java:85)
	at ghidra.app.plugin.core.function.tags.FunctionTagLoader.loadTags(FunctionTagLoader.java:43)
	at ghidra.app.plugin.core.function.tags.FunctionTagLoaderTest.testLoadTags_MalformedXml(FunctionTagLoaderTest.java:154)
	at java.base/jdk.internal.reflect.NativeMethodAccessorImpl.invoke0(Native Method)
	at java.base/jdk.internal.reflect.NativeMethodAccessorImpl.invoke(NativeMethodAccessorImpl.java:62)
	at java.base/jdk.internal.reflect.DelegatingMethodAccessorImpl.invoke(DelegatingMethodAccessorImpl.java:43)
	at java.base/java.lang.reflect.Method.invoke(Method.java:567)
	at org.junit.runners.model.FrameworkMethod$1.runReflectiveCall(FrameworkMethod.java:50)
	at org.junit.internal.runners.model.ReflectiveCallable.run(ReflectiveCallable.java:12)
	at org.junit.runners.model.FrameworkMethod.invokeExplosively(FrameworkMethod.java:47)
	at mockit.integration.junit4.JUnit4TestRunnerDecorator.executeTestMethod(JUnit4TestRunnerDecorator.java:157)
	at mockit.integration.junit4.JUnit4TestRunnerDecorator.invokeExplosively(JUnit4TestRunnerDecorator.java:71)
	at mockit.integration.junit4.FakeFrameworkMethod.invokeExplosively(FakeFrameworkMethod.java:29)
	at org.junit.runners.model.FrameworkMethod.invokeExplosively(FrameworkMethod.java)
	at org.junit.internal.runners.statements.InvokeMethod.evaluate(InvokeMethod.java:17)
	at org.junit.internal.runners.statements.RunBefores.evaluate(RunBefores.java:26)
	at org.junit.internal.runners.statements.RunAfters.evaluate(RunAfters.java:27)
	at generic.test.TestThread.run(TestThread.java:106)
  (FunctionTagLoader.java:115) 
13:19:41 DEBUG 	✓ PASSED Test: FunctionTagLoaderTest - testLoadTags_MalformedXml ✓	   (AbstractGenericTest.java:114) 
13:19:41 DEBUG Wed Sep 04 13:19:41 CST 2019
***** STARTING Test: FunctionTagLoaderTest - testLoadTags_XmlHasCommentValue *****   (AbstractGenericTest.java:114) 
13:19:41 DEBUG 	✓ PASSED Test: FunctionTagLoaderTest - testLoadTags_XmlHasCommentValue ✓	   (AbstractGenericTest.java:114) 
13:19:41 DEBUG Wed Sep 04 13:19:41 CST 2019
***** STARTING Test: FunctionTagLoaderTest - testLoadTags_FileDoesNotExist *****   (AbstractGenericTest.java:114) 
13:19:41 ERROR Error loading function tags from /home/lcf/repo/190904/ghidra/Ghidra/Features/Base/build/Ghidra_test_c45222be-d45c-4eff-8d0a-bad2405a2943/temp.data/testLoadTags_FileDoesNotExist.testLoadTags_FileDoesNotExist.15822080550114201060.tmp java.io.FileNotFoundException: /home/lcf/repo/190904/ghidra/Ghidra/Features/Base/build/Ghidra_test_c45222be-d45c-4eff-8d0a-bad2405a2943/temp.data/testLoadTags_FileDoesNotExist.testLoadTags_FileDoesNotExist.15822080550114201060.tmp (No such file or directory)
	at java.base/java.io.FileInputStream.open0(Native Method)
	at java.base/java.io.FileInputStream.open(FileInputStream.java:213)
	at java.base/java.io.FileInputStream.&lt;init&gt;(FileInputStream.java:155)
	at generic.jar.FileResource.getInputStream(FileResource.java:89)
	at generic.jar.ResourceFile.getInputStream(ResourceFile.java:196)
	at ghidra.app.plugin.core.function.tags.FunctionTagLoader.loadTags(FunctionTagLoader.java:84)
	at ghidra.app.plugin.core.function.tags.FunctionTagLoader.loadTags(FunctionTagLoader.java:43)
	at ghidra.app.plugin.core.function.tags.FunctionTagLoaderTest.testLoadTags_FileDoesNotExist(FunctionTagLoaderTest.java:143)
	at java.base/jdk.internal.reflect.NativeMethodAccessorImpl.invoke0(Native Method)
	at java.base/jdk.internal.reflect.NativeMethodAccessorImpl.invoke(NativeMethodAccessorImpl.java:62)
	at java.base/jdk.internal.reflect.DelegatingMethodAccessorImpl.invoke(DelegatingMethodAccessorImpl.java:43)
	at java.base/java.lang.reflect.Method.invoke(Method.java:567)
	at org.junit.runners.model.FrameworkMethod$1.runReflectiveCall(FrameworkMethod.java:50)
	at org.junit.internal.runners.model.ReflectiveCallable.run(ReflectiveCallable.java:12)
	at org.junit.runners.model.FrameworkMethod.invokeExplosively(FrameworkMethod.java:47)
	at mockit.integration.junit4.JUnit4TestRunnerDecorator.executeTestMethod(JUnit4TestRunnerDecorator.java:157)
	at mockit.integration.junit4.JUnit4TestRunnerDecorator.invokeExplosively(JUnit4TestRunnerDecorator.java:71)
	at mockit.integration.junit4.FakeFrameworkMethod.invokeExplosively(FakeFrameworkMethod.java:29)
	at org.junit.runners.model.FrameworkMethod.invokeExplosively(FrameworkMethod.java)
	at org.junit.internal.runners.statements.InvokeMethod.evaluate(InvokeMethod.java:17)
	at org.junit.internal.runners.statements.RunBefores.evaluate(RunBefores.java:26)
	at org.junit.internal.runners.statements.RunAfters.evaluate(RunAfters.java:27)
	at generic.test.TestThread.run(TestThread.java:106)
  (FunctionTagLoader.java:115) 
13:19:41 DEBUG 	✓ PASSED Test: FunctionTagLoaderTest - testLoadTags_FileDoesNotExist ✓	   (AbstractGenericTest.java:114) 
13:19:41 DEBUG Wed Sep 04 13:19:41 CST 2019
***** STARTING Test: FunctionTagLoaderTest - testLoadTags_EmptyFile *****   (AbstractGenericTest.java:114) 
13:19:41 ERROR Error loading function tags from /home/lcf/repo/190904/ghidra/Ghidra/Features/Base/build/Ghidra_test_c45222be-d45c-4eff-8d0a-bad2405a2943/temp.data/testLoadTags_EmptyFile.testLoadTags_EmptyFile.18367637221634684095.tmp org.xml.sax.SAXException: Fatal error: org.xml.sax.SAXParseException; lineNumber: 1; columnNumber: 1; Premature end of file.
	at ghidra.app.plugin.core.function.tags.FunctionTagLoader$1.fatalError(FunctionTagLoader.java:74)
	at ghidra.xml.NonThreadedXmlPullParserImpl$DefaultContentHandlerWrapper.fatalError(NonThreadedXmlPullParserImpl.java:210)
	at java.xml/com.sun.org.apache.xerces.internal.util.ErrorHandlerWrapper.fatalError(ErrorHandlerWrapper.java:181)
	at java.xml/com.sun.org.apache.xerces.internal.impl.XMLErrorReporter.reportError(XMLErrorReporter.java:400)
	at java.xml/com.sun.org.apache.xerces.internal.impl.XMLErrorReporter.reportError(XMLErrorReporter.java:327)
	at java.xml/com.sun.org.apache.xerces.internal.impl.XMLScanner.reportFatalError(XMLScanner.java:1471)
	at java.xml/com.sun.org.apache.xerces.internal.impl.XMLDocumentScannerImpl$PrologDriver.next(XMLDocumentScannerImpl.java:1013)
	at java.xml/com.sun.org.apache.xerces.internal.impl.XMLDocumentScannerImpl.next(XMLDocumentScannerImpl.java:605)
	at java.xml/com.sun.org.apache.xerces.internal.impl.XMLDocumentFragmentScannerImpl.scanDocument(XMLDocumentFragmentScannerImpl.java:534)
	at java.xml/com.sun.org.apache.xerces.internal.parsers.XML11Configuration.parse(XML11Configuration.java:888)
	at java.xml/com.sun.org.apache.xerces.internal.parsers.XML11Configuration.parse(XML11Configuration.java:824)
	at java.xml/com.sun.org.apache.xerces.internal.parsers.XMLParser.parse(XMLParser.java:141)
	at java.xml/com.sun.org.apache.xerces.internal.parsers.AbstractSAXParser.parse(AbstractSAXParser.java:1216)
	at java.xml/com.sun.org.apache.xerces.internal.jaxp.SAXParserImpl$JAXPSAXParser.parse(SAXParserImpl.java:635)
	at java.xml/com.sun.org.apache.xerces.internal.jaxp.SAXParserImpl.parse(SAXParserImpl.java:324)
	at ghidra.xml.NonThreadedXmlPullParserImpl.fillQueue(NonThreadedXmlPullParserImpl.java:115)
	at ghidra.xml.NonThreadedXmlPullParserImpl.&lt;init&gt;(NonThreadedXmlPullParserImpl.java:61)
	at ghidra.app.plugin.core.function.tags.FunctionTagLoader.loadTags(FunctionTagLoader.java:85)
	at ghidra.app.plugin.core.function.tags.FunctionTagLoader.loadTags(FunctionTagLoader.java:43)
	at ghidra.app.plugin.core.function.tags.FunctionTagLoaderTest.testLoadTags_EmptyFile(FunctionTagLoaderTest.java:120)
	at java.base/jdk.internal.reflect.NativeMethodAccessorImpl.invoke0(Native Method)
	at java.base/jdk.internal.reflect.NativeMethodAccessorImpl.invoke(NativeMethodAccessorImpl.java:62)
	at java.base/jdk.internal.reflect.DelegatingMethodAccessorImpl.invoke(DelegatingMethodAccessorImpl.java:43)
	at java.base/java.lang.reflect.Method.invoke(Method.java:567)
	at org.junit.runners.model.FrameworkMethod$1.runReflectiveCall(FrameworkMethod.java:50)
	at org.junit.internal.runners.model.ReflectiveCallable.run(ReflectiveCallable.java:12)
	at org.junit.runners.model.FrameworkMethod.invokeExplosively(FrameworkMethod.java:47)
	at mockit.integration.junit4.JUnit4TestRunnerDecorator.executeTestMethod(JUnit4TestRunnerDecorator.java:157)
	at mockit.integration.junit4.JUnit4TestRunnerDecorator.invokeExplosively(JUnit4TestRunnerDecorator.java:71)
	at mockit.integration.junit4.FakeFrameworkMethod.invokeExplosively(FakeFrameworkMethod.java:29)
	at org.junit.runners.model.FrameworkMethod.invokeExplosively(FrameworkMethod.java)
	at org.junit.internal.runners.statements.InvokeMethod.evaluate(InvokeMethod.java:17)
	at org.junit.internal.runners.statements.RunBefores.evaluate(RunBefores.java:26)
	at org.junit.internal.runners.statements.RunAfters.evaluate(RunAfters.java:27)
	at generic.test.TestThread.run(TestThread.java:106)
  (FunctionTagLoader.java:115) 
13:19:41 DEBUG 	✓ PASSED Test: FunctionTagLoaderTest - testLoadTags_EmptyFile ✓	   (AbstractGenericTest.java:114) 
13:19:41 DEBUG Wed Sep 04 13:19:41 CST 2019
***** STARTING Test: FunctionTagLoaderTest - testLoadTags_EmptyTags *****   (AbstractGenericTest.java:114) 
13:19:42 DEBUG 	✓ PASSED Test: FunctionTagLoaderTest - testLoadTags_EmptyTags ✓	   (AbstractGenericTest.java:114) 
</pre>
</span>
</div>
</div>
<div id="footer">
<p>
<div>
<label class="hidden" id="label-for-line-wrapping-toggle" for="line-wrapping-toggle">Wrap lines
<input id="line-wrapping-toggle" type="checkbox" autocomplete="off"/>
</label>
</div>Generated by 
<a href="http://www.gradle.org">Gradle 5.6.1</a> at Sep 4, 2019, 2:39:47 PM</p>
</div>
</div>
</body>
</html>
