<!DOCTYPE html>
<html>
<head>
<meta http-equiv="Content-Type" content="text/html; charset=utf-8"/>
<meta http-equiv="x-ua-compatible" content="IE=edge"/>
<title>Test results - Class ghidra.feature.vt.gui.provider.functionassociation.VTFunctionAssociationTest</title>
<link href="../css/base-style.css" rel="stylesheet" type="text/css"/>
<link href="../css/style.css" rel="stylesheet" type="text/css"/>
<script src="../js/report.js" type="text/javascript"></script>
</head>
<body>
<div id="content">
<h1>Class ghidra.feature.vt.gui.provider.functionassociation.VTFunctionAssociationTest</h1>
<div class="breadcrumbs">
<a href="../index.html">all</a> &gt; 
<a href="../packages/ghidra.feature.vt.gui.provider.functionassociation.html">ghidra.feature.vt.gui.provider.functionassociation</a> &gt; VTFunctionAssociationTest</div>
<div id="summary">
<table>
<tr>
<td>
<div class="summaryGroup">
<table>
<tr>
<td>
<div class="infoBox" id="tests">
<div class="counter">8</div>
<p>tests</p>
</div>
</td>
<td>
<div class="infoBox" id="failures">
<div class="counter">8</div>
<p>failures</p>
</div>
</td>
<td>
<div class="infoBox" id="ignored">
<div class="counter">0</div>
<p>ignored</p>
</div>
</td>
<td>
<div class="infoBox" id="duration">
<div class="counter">5.795s</div>
<p>duration</p>
</div>
</td>
</tr>
</table>
</div>
</td>
<td>
<div class="infoBox failures" id="successRate">
<div class="percent">0%</div>
<p>successful</p>
</div>
</td>
</tr>
</table>
</div>
<div id="tabs">
<ul class="tabLinks">
<li>
<a href="#tab0">Failed tests</a>
</li>
<li>
<a href="#tab1">Tests</a>
</li>
<li>
<a href="#tab2">Standard output</a>
</li>
</ul>
<div id="tab0" class="tab">
<h2>Failed tests</h2>
<div class="test">
<a name="testCountWithNonAcceptedFunctionsOn"></a>
<h3 class="failures">testCountWithNonAcceptedFunctionsOn</h3>
<span class="code">
<pre>java.lang.NullPointerException
	at ghidra.feature.vt.api.db.VTSessionDB.initializePrograms(VTSessionDB.java:138)
	at ghidra.feature.vt.api.db.VTSessionDB.createVTSession(VTSessionDB.java:87)
	at ghidra.feature.vt.gui.VTTestEnv.createSession(VTTestEnv.java:73)
	at ghidra.feature.vt.gui.provider.functionassociation.VTFunctionAssociationTest.setUp(VTFunctionAssociationTest.java:97)
	at generic.test.TestThread.run(TestThread.java:106)
</pre>
</span>
</div>
<div class="test">
<a name="testCountWithNonMatchedFunctionsOn"></a>
<h3 class="failures">testCountWithNonMatchedFunctionsOn</h3>
<span class="code">
<pre>java.lang.NullPointerException
	at ghidra.feature.vt.api.db.VTSessionDB.initializePrograms(VTSessionDB.java:138)
	at ghidra.feature.vt.api.db.VTSessionDB.createVTSession(VTSessionDB.java:87)
	at ghidra.feature.vt.gui.VTTestEnv.createSession(VTTestEnv.java:73)
	at ghidra.feature.vt.gui.provider.functionassociation.VTFunctionAssociationTest.setUp(VTFunctionAssociationTest.java:97)
	at generic.test.TestThread.run(TestThread.java:106)
</pre>
</span>
</div>
<div class="test">
<a name="testCreateManualMatchAndAcceptAction"></a>
<h3 class="failures">testCreateManualMatchAndAcceptAction</h3>
<span class="code">
<pre>java.lang.NullPointerException
	at ghidra.feature.vt.api.db.VTSessionDB.initializePrograms(VTSessionDB.java:138)
	at ghidra.feature.vt.api.db.VTSessionDB.createVTSession(VTSessionDB.java:87)
	at ghidra.feature.vt.gui.VTTestEnv.createSession(VTTestEnv.java:73)
	at ghidra.feature.vt.gui.provider.functionassociation.VTFunctionAssociationTest.setUp(VTFunctionAssociationTest.java:97)
	at generic.test.TestThread.run(TestThread.java:106)
</pre>
</span>
</div>
<div class="test">
<a name="testCreateManualMatchAndApplyAction"></a>
<h3 class="failures">testCreateManualMatchAndApplyAction</h3>
<span class="code">
<pre>java.lang.NullPointerException
	at ghidra.feature.vt.api.db.VTSessionDB.initializePrograms(VTSessionDB.java:138)
	at ghidra.feature.vt.api.db.VTSessionDB.createVTSession(VTSessionDB.java:87)
	at ghidra.feature.vt.gui.VTTestEnv.createSession(VTTestEnv.java:73)
	at ghidra.feature.vt.gui.provider.functionassociation.VTFunctionAssociationTest.setUp(VTFunctionAssociationTest.java:97)
	at generic.test.TestThread.run(TestThread.java:106)
</pre>
</span>
</div>
<div class="test">
<a name="testCreateManualMatchFailure"></a>
<h3 class="failures">testCreateManualMatchFailure</h3>
<span class="code">
<pre>java.lang.NullPointerException
	at ghidra.feature.vt.api.db.VTSessionDB.initializePrograms(VTSessionDB.java:138)
	at ghidra.feature.vt.api.db.VTSessionDB.createVTSession(VTSessionDB.java:87)
	at ghidra.feature.vt.gui.VTTestEnv.createSession(VTTestEnv.java:73)
	at ghidra.feature.vt.gui.provider.functionassociation.VTFunctionAssociationTest.setUp(VTFunctionAssociationTest.java:97)
	at generic.test.TestThread.run(TestThread.java:106)
</pre>
</span>
</div>
<div class="test">
<a name="testCreateManualMatchSuccess"></a>
<h3 class="failures">testCreateManualMatchSuccess</h3>
<span class="code">
<pre>java.lang.NullPointerException
	at ghidra.feature.vt.api.db.VTSessionDB.initializePrograms(VTSessionDB.java:138)
	at ghidra.feature.vt.api.db.VTSessionDB.createVTSession(VTSessionDB.java:87)
	at ghidra.feature.vt.gui.VTTestEnv.createSession(VTTestEnv.java:73)
	at ghidra.feature.vt.gui.provider.functionassociation.VTFunctionAssociationTest.setUp(VTFunctionAssociationTest.java:97)
	at generic.test.TestThread.run(TestThread.java:106)
</pre>
</span>
</div>
<div class="test">
<a name="testFilters"></a>
<h3 class="failures">testFilters</h3>
<span class="code">
<pre>java.lang.NullPointerException
	at ghidra.feature.vt.api.db.VTSessionDB.initializePrograms(VTSessionDB.java:138)
	at ghidra.feature.vt.api.db.VTSessionDB.createVTSession(VTSessionDB.java:87)
	at ghidra.feature.vt.gui.VTTestEnv.createSession(VTTestEnv.java:73)
	at ghidra.feature.vt.gui.provider.functionassociation.VTFunctionAssociationTest.setUp(VTFunctionAssociationTest.java:97)
	at generic.test.TestThread.run(TestThread.java:106)
</pre>
</span>
</div>
<div class="test">
<a name="testSelectFunctions"></a>
<h3 class="failures">testSelectFunctions</h3>
<span class="code">
<pre>java.lang.NullPointerException
	at ghidra.feature.vt.api.db.VTSessionDB.initializePrograms(VTSessionDB.java:138)
	at ghidra.feature.vt.api.db.VTSessionDB.createVTSession(VTSessionDB.java:87)
	at ghidra.feature.vt.gui.VTTestEnv.createSession(VTTestEnv.java:73)
	at ghidra.feature.vt.gui.provider.functionassociation.VTFunctionAssociationTest.setUp(VTFunctionAssociationTest.java:97)
	at generic.test.TestThread.run(TestThread.java:106)
</pre>
</span>
</div>
</div>
<div id="tab1" class="tab">
<h2>Tests</h2>
<table>
<thead>
<tr>
<th>Test</th>
<th>Duration</th>
<th>Result</th>
</tr>
</thead>
<tr>
<td class="failures">testCountWithNonAcceptedFunctionsOn</td>
<td class="failures">0.513s</td>
<td class="failures">failed</td>
</tr>
<tr>
<td class="failures">testCountWithNonMatchedFunctionsOn</td>
<td class="failures">0.515s</td>
<td class="failures">failed</td>
</tr>
<tr>
<td class="failures">testCreateManualMatchAndAcceptAction</td>
<td class="failures">0.515s</td>
<td class="failures">failed</td>
</tr>
<tr>
<td class="failures">testCreateManualMatchAndApplyAction</td>
<td class="failures">0.613s</td>
<td class="failures">failed</td>
</tr>
<tr>
<td class="failures">testCreateManualMatchFailure</td>
<td class="failures">0.414s</td>
<td class="failures">failed</td>
</tr>
<tr>
<td class="failures">testCreateManualMatchSuccess</td>
<td class="failures">0.611s</td>
<td class="failures">failed</td>
</tr>
<tr>
<td class="failures">testFilters</td>
<td class="failures">1.998s</td>
<td class="failures">failed</td>
</tr>
<tr>
<td class="failures">testSelectFunctions</td>
<td class="failures">0.616s</td>
<td class="failures">failed</td>
</tr>
</table>
</div>
<div id="tab2" class="tab">
<h2>Standard output</h2>
<span class="code">
<pre>Created test directory: /home/lcf/repo/ghidra/Ghidra/Features/VersionTracking/build/Ghidra_test_3ec5910c-03c5-45d7-aff1-bbe6426599db/temp.data
10:57:47 INFO  Using log config file: file:/home/lcf/repo/ghidra/Ghidra/Framework/Generic/src/main/resources/generic.log4jtest.xml   (LoggingInitialization.java:59) 
10:57:47 INFO  Using log file: /home/lcf/repo/ghidra/Ghidra/Features/VersionTracking/build/Ghidra_test_3ec5910c-03c5-45d7-aff1-bbe6426599db/temp.data/application.log   (LoggingInitialization.java:60) 
10:57:47 INFO  Loading user preferences: /home/lcf/repo/ghidra/Ghidra/Features/VersionTracking/build/Ghidra_test_3ec5910c-03c5-45d7-aff1-bbe6426599db/temp.data/preferences   (Preferences.java:122) 
10:57:48 INFO  Class search complete (493 ms)   (ClassSearcher.java:250) 
10:57:48 DEBUG Thu Sep 05 10:57:48 CST 2019
***** STARTING Test: VTFunctionAssociationTest - testFilters *****   (AbstractGenericTest.java:114) 
10:57:50 WARN  Test data file not found: VersionTracking/WallaceSrc.gzf   (AbstractGenericTest.java:381) 
10:57:50 WARN  Test data file not found: VersionTracking/WallaceSrc.xml   (AbstractGenericTest.java:381) 
10:57:50 INFO  Test program not found: VersionTracking/WallaceSrc   (TestProgramManager.java:351) 
10:57:50 WARN  Test data file not found: VersionTracking/WallaceVersion2.gzf   (AbstractGenericTest.java:381) 
10:57:50 WARN  Test data file not found: VersionTracking/WallaceVersion2.xml   (AbstractGenericTest.java:381) 
10:57:50 INFO  Test program not found: VersionTracking/WallaceVersion2   (TestProgramManager.java:351) 
10:57:50 DEBUG 	✖ FAILED Test: VTFunctionAssociationTest - testFilters ✖	   (AbstractGenericTest.java:114) 
10:57:50 DEBUG Thu Sep 05 10:57:50 CST 2019
***** STARTING Test: VTFunctionAssociationTest - testSelectFunctions *****   (AbstractGenericTest.java:114) 
10:57:51 WARN  Test data file not found: VersionTracking/WallaceSrc.gzf   (AbstractGenericTest.java:381) 
10:57:51 WARN  Test data file not found: VersionTracking/WallaceSrc.xml   (AbstractGenericTest.java:381) 
10:57:51 INFO  Test program not found: VersionTracking/WallaceSrc   (TestProgramManager.java:351) 
10:57:51 WARN  Test data file not found: VersionTracking/WallaceVersion2.gzf   (AbstractGenericTest.java:381) 
10:57:51 WARN  Test data file not found: VersionTracking/WallaceVersion2.xml   (AbstractGenericTest.java:381) 
10:57:51 INFO  Test program not found: VersionTracking/WallaceVersion2   (TestProgramManager.java:351) 
10:57:51 DEBUG 	✖ FAILED Test: VTFunctionAssociationTest - testSelectFunctions ✖	   (AbstractGenericTest.java:114) 
10:57:51 DEBUG Thu Sep 05 10:57:51 CST 2019
***** STARTING Test: VTFunctionAssociationTest - testCreateManualMatchSuccess *****   (AbstractGenericTest.java:114) 
10:57:51 WARN  Test data file not found: VersionTracking/WallaceSrc.gzf   (AbstractGenericTest.java:381) 
10:57:51 WARN  Test data file not found: VersionTracking/WallaceSrc.xml   (AbstractGenericTest.java:381) 
10:57:51 INFO  Test program not found: VersionTracking/WallaceSrc   (TestProgramManager.java:351) 
10:57:51 WARN  Test data file not found: VersionTracking/WallaceVersion2.gzf   (AbstractGenericTest.java:381) 
10:57:51 WARN  Test data file not found: VersionTracking/WallaceVersion2.xml   (AbstractGenericTest.java:381) 
10:57:51 INFO  Test program not found: VersionTracking/WallaceVersion2   (TestProgramManager.java:351) 
10:57:52 DEBUG 	✖ FAILED Test: VTFunctionAssociationTest - testCreateManualMatchSuccess ✖	   (AbstractGenericTest.java:114) 
10:57:52 DEBUG Thu Sep 05 10:57:52 CST 2019
***** STARTING Test: VTFunctionAssociationTest - testCountWithNonMatchedFunctionsOn *****   (AbstractGenericTest.java:114) 
10:57:52 WARN  Test data file not found: VersionTracking/WallaceSrc.gzf   (AbstractGenericTest.java:381) 
10:57:52 WARN  Test data file not found: VersionTracking/WallaceSrc.xml   (AbstractGenericTest.java:381) 
10:57:52 INFO  Test program not found: VersionTracking/WallaceSrc   (TestProgramManager.java:351) 
10:57:52 WARN  Test data file not found: VersionTracking/WallaceVersion2.gzf   (AbstractGenericTest.java:381) 
10:57:52 WARN  Test data file not found: VersionTracking/WallaceVersion2.xml   (AbstractGenericTest.java:381) 
10:57:52 INFO  Test program not found: VersionTracking/WallaceVersion2   (TestProgramManager.java:351) 
10:57:52 DEBUG 	✖ FAILED Test: VTFunctionAssociationTest - testCountWithNonMatchedFunctionsOn ✖	   (AbstractGenericTest.java:114) 
10:57:52 DEBUG Thu Sep 05 10:57:52 CST 2019
***** STARTING Test: VTFunctionAssociationTest - testCountWithNonAcceptedFunctionsOn *****   (AbstractGenericTest.java:114) 
10:57:52 WARN  Test data file not found: VersionTracking/WallaceSrc.gzf   (AbstractGenericTest.java:381) 
10:57:52 WARN  Test data file not found: VersionTracking/WallaceSrc.xml   (AbstractGenericTest.java:381) 
10:57:52 INFO  Test program not found: VersionTracking/WallaceSrc   (TestProgramManager.java:351) 
10:57:52 WARN  Test data file not found: VersionTracking/WallaceVersion2.gzf   (AbstractGenericTest.java:381) 
10:57:52 WARN  Test data file not found: VersionTracking/WallaceVersion2.xml   (AbstractGenericTest.java:381) 
10:57:52 INFO  Test program not found: VersionTracking/WallaceVersion2   (TestProgramManager.java:351) 
10:57:53 DEBUG 	✖ FAILED Test: VTFunctionAssociationTest - testCountWithNonAcceptedFunctionsOn ✖	   (AbstractGenericTest.java:114) 
10:57:53 DEBUG Thu Sep 05 10:57:53 CST 2019
***** STARTING Test: VTFunctionAssociationTest - testCreateManualMatchAndAcceptAction *****   (AbstractGenericTest.java:114) 
10:57:53 WARN  Test data file not found: VersionTracking/WallaceSrc.gzf   (AbstractGenericTest.java:381) 
10:57:53 WARN  Test data file not found: VersionTracking/WallaceSrc.xml   (AbstractGenericTest.java:381) 
10:57:53 INFO  Test program not found: VersionTracking/WallaceSrc   (TestProgramManager.java:351) 
10:57:53 WARN  Test data file not found: VersionTracking/WallaceVersion2.gzf   (AbstractGenericTest.java:381) 
10:57:53 WARN  Test data file not found: VersionTracking/WallaceVersion2.xml   (AbstractGenericTest.java:381) 
10:57:53 INFO  Test program not found: VersionTracking/WallaceVersion2   (TestProgramManager.java:351) 
10:57:53 DEBUG 	✖ FAILED Test: VTFunctionAssociationTest - testCreateManualMatchAndAcceptAction ✖	   (AbstractGenericTest.java:114) 
10:57:53 DEBUG Thu Sep 05 10:57:53 CST 2019
***** STARTING Test: VTFunctionAssociationTest - testCreateManualMatchAndApplyAction *****   (AbstractGenericTest.java:114) 
10:57:54 WARN  Test data file not found: VersionTracking/WallaceSrc.gzf   (AbstractGenericTest.java:381) 
10:57:54 WARN  Test data file not found: VersionTracking/WallaceSrc.xml   (AbstractGenericTest.java:381) 
10:57:54 INFO  Test program not found: VersionTracking/WallaceSrc   (TestProgramManager.java:351) 
10:57:54 WARN  Test data file not found: VersionTracking/WallaceVersion2.gzf   (AbstractGenericTest.java:381) 
10:57:54 WARN  Test data file not found: VersionTracking/WallaceVersion2.xml   (AbstractGenericTest.java:381) 
10:57:54 INFO  Test program not found: VersionTracking/WallaceVersion2   (TestProgramManager.java:351) 
10:57:54 DEBUG 	✖ FAILED Test: VTFunctionAssociationTest - testCreateManualMatchAndApplyAction ✖	   (AbstractGenericTest.java:114) 
10:57:54 DEBUG Thu Sep 05 10:57:54 CST 2019
***** STARTING Test: VTFunctionAssociationTest - testCreateManualMatchFailure *****   (AbstractGenericTest.java:114) 
10:57:54 WARN  Test data file not found: VersionTracking/WallaceSrc.gzf   (AbstractGenericTest.java:381) 
10:57:54 WARN  Test data file not found: VersionTracking/WallaceSrc.xml   (AbstractGenericTest.java:381) 
10:57:54 INFO  Test program not found: VersionTracking/WallaceSrc   (TestProgramManager.java:351) 
10:57:54 WARN  Test data file not found: VersionTracking/WallaceVersion2.gzf   (AbstractGenericTest.java:381) 
10:57:54 WARN  Test data file not found: VersionTracking/WallaceVersion2.xml   (AbstractGenericTest.java:381) 
10:57:54 INFO  Test program not found: VersionTracking/WallaceVersion2   (TestProgramManager.java:351) 
10:57:54 DEBUG 	✖ FAILED Test: VTFunctionAssociationTest - testCreateManualMatchFailure ✖	   (AbstractGenericTest.java:114) 
</pre>
</span>
</div>
</div>
<div id="footer">
<p>
<div>
<label class="hidden" id="label-for-line-wrapping-toggle" for="line-wrapping-toggle">Wrap lines
<input id="line-wrapping-toggle" type="checkbox" autocomplete="off"/>
</label>
</div>Generated by 
<a href="http://www.gradle.org">Gradle 5.6.1</a> at Sep 5, 2019, 11:01:28 AM</p>
</div>
</div>
</body>
</html>
