<!DOCTYPE html>
<html>
<head>
<meta http-equiv="Content-Type" content="text/html; charset=utf-8"/>
<meta http-equiv="x-ua-compatible" content="IE=edge"/>
<title>Test results - Class ghidra.feature.vt.api.markupitem.FunctionSignatureMarkupOptionsTest</title>
<link href="../css/base-style.css" rel="stylesheet" type="text/css"/>
<link href="../css/style.css" rel="stylesheet" type="text/css"/>
<script src="../js/report.js" type="text/javascript"></script>
</head>
<body>
<div id="content">
<h1>Class ghidra.feature.vt.api.markupitem.FunctionSignatureMarkupOptionsTest</h1>
<div class="breadcrumbs">
<a href="../index.html">all</a> &gt; 
<a href="../packages/ghidra.feature.vt.api.markupitem.html">ghidra.feature.vt.api.markupitem</a> &gt; FunctionSignatureMarkupOptionsTest</div>
<div id="summary">
<table>
<tr>
<td>
<div class="summaryGroup">
<table>
<tr>
<td>
<div class="infoBox" id="tests">
<div class="counter">16</div>
<p>tests</p>
</div>
</td>
<td>
<div class="infoBox" id="failures">
<div class="counter">16</div>
<p>failures</p>
</div>
</td>
<td>
<div class="infoBox" id="ignored">
<div class="counter">0</div>
<p>ignored</p>
</div>
</td>
<td>
<div class="infoBox" id="duration">
<div class="counter">5.389s</div>
<p>duration</p>
</div>
</td>
</tr>
</table>
</div>
</td>
<td>
<div class="infoBox failures" id="successRate">
<div class="percent">0%</div>
<p>successful</p>
</div>
</td>
</tr>
</table>
</div>
<div id="tabs">
<ul class="tabLinks">
<li>
<a href="#tab0">Failed tests</a>
</li>
<li>
<a href="#tab1">Tests</a>
</li>
<li>
<a href="#tab2">Standard output</a>
</li>
</ul>
<div id="tab0" class="tab">
<h2>Failed tests</h2>
<div class="test">
<a name="testDontReplaceDefinedReturnTypeWithDefinedForUndefinedOnly"></a>
<h3 class="failures">testDontReplaceDefinedReturnTypeWithDefinedForUndefinedOnly</h3>
<span class="code">
<pre>java.lang.NullPointerException
	at ghidra.feature.vt.api.db.VTSessionDB.initializePrograms(VTSessionDB.java:138)
	at ghidra.feature.vt.api.db.VTSessionDB.createVTSession(VTSessionDB.java:87)
	at ghidra.feature.vt.gui.VTTestEnv.createAndOpenVTSession(VTTestEnv.java:115)
	at ghidra.feature.vt.gui.VTTestEnv.createSession(VTTestEnv.java:105)
	at ghidra.feature.vt.api.markupitem.AbstractFunctionSignatureMarkupTest.setUp(AbstractFunctionSignatureMarkupTest.java:110)
	at generic.test.TestThread.run(TestThread.java:106)
</pre>
</span>
</div>
<div class="test">
<a name="testDontReplaceDefinedReturnTypeWithUndefined"></a>
<h3 class="failures">testDontReplaceDefinedReturnTypeWithUndefined</h3>
<span class="code">
<pre>java.lang.NullPointerException
	at ghidra.feature.vt.api.db.VTSessionDB.initializePrograms(VTSessionDB.java:138)
	at ghidra.feature.vt.api.db.VTSessionDB.createVTSession(VTSessionDB.java:87)
	at ghidra.feature.vt.gui.VTTestEnv.createAndOpenVTSession(VTTestEnv.java:115)
	at ghidra.feature.vt.gui.VTTestEnv.createSession(VTTestEnv.java:105)
	at ghidra.feature.vt.api.markupitem.AbstractFunctionSignatureMarkupTest.setUp(AbstractFunctionSignatureMarkupTest.java:110)
	at generic.test.TestThread.run(TestThread.java:106)
</pre>
</span>
</div>
<div class="test">
<a name="testExcludeCallingConvention"></a>
<h3 class="failures">testExcludeCallingConvention</h3>
<span class="code">
<pre>java.lang.NullPointerException
	at ghidra.feature.vt.api.db.VTSessionDB.initializePrograms(VTSessionDB.java:138)
	at ghidra.feature.vt.api.db.VTSessionDB.createVTSession(VTSessionDB.java:87)
	at ghidra.feature.vt.gui.VTTestEnv.createAndOpenVTSession(VTTestEnv.java:115)
	at ghidra.feature.vt.gui.VTTestEnv.createSession(VTTestEnv.java:105)
	at ghidra.feature.vt.api.markupitem.AbstractFunctionSignatureMarkupTest.setUp(AbstractFunctionSignatureMarkupTest.java:110)
	at generic.test.TestThread.run(TestThread.java:106)
</pre>
</span>
</div>
<div class="test">
<a name="testExcludeReturnType"></a>
<h3 class="failures">testExcludeReturnType</h3>
<span class="code">
<pre>java.lang.NullPointerException
	at ghidra.feature.vt.api.db.VTSessionDB.initializePrograms(VTSessionDB.java:138)
	at ghidra.feature.vt.api.db.VTSessionDB.createVTSession(VTSessionDB.java:87)
	at ghidra.feature.vt.gui.VTTestEnv.createAndOpenVTSession(VTTestEnv.java:115)
	at ghidra.feature.vt.gui.VTTestEnv.createSession(VTTestEnv.java:105)
	at ghidra.feature.vt.api.markupitem.AbstractFunctionSignatureMarkupTest.setUp(AbstractFunctionSignatureMarkupTest.java:110)
	at generic.test.TestThread.run(TestThread.java:106)
</pre>
</span>
</div>
<div class="test">
<a name="testExcludeSrcCallFixupDifferentDestCallFixup"></a>
<h3 class="failures">testExcludeSrcCallFixupDifferentDestCallFixup</h3>
<span class="code">
<pre>java.lang.NullPointerException
	at ghidra.feature.vt.api.db.VTSessionDB.initializePrograms(VTSessionDB.java:138)
	at ghidra.feature.vt.api.db.VTSessionDB.createVTSession(VTSessionDB.java:87)
	at ghidra.feature.vt.gui.VTTestEnv.createAndOpenVTSession(VTTestEnv.java:115)
	at ghidra.feature.vt.gui.VTTestEnv.createSession(VTTestEnv.java:105)
	at ghidra.feature.vt.api.markupitem.AbstractFunctionSignatureMarkupTest.setUp(AbstractFunctionSignatureMarkupTest.java:110)
	at generic.test.TestThread.run(TestThread.java:106)
</pre>
</span>
</div>
<div class="test">
<a name="testNameMatchNotFoundCallingConventionBothSpecified"></a>
<h3 class="failures">testNameMatchNotFoundCallingConventionBothSpecified</h3>
<span class="code">
<pre>java.lang.NullPointerException
	at ghidra.feature.vt.api.db.VTSessionDB.initializePrograms(VTSessionDB.java:138)
	at ghidra.feature.vt.api.db.VTSessionDB.createVTSession(VTSessionDB.java:87)
	at ghidra.feature.vt.gui.VTTestEnv.createAndOpenVTSession(VTTestEnv.java:115)
	at ghidra.feature.vt.gui.VTTestEnv.createSession(VTTestEnv.java:105)
	at ghidra.feature.vt.api.markupitem.AbstractFunctionSignatureMarkupTest.setUp(AbstractFunctionSignatureMarkupTest.java:110)
	at generic.test.TestThread.run(TestThread.java:106)
</pre>
</span>
</div>
<div class="test">
<a name="testNameMatchReplaceCallingConventionBothSpecified"></a>
<h3 class="failures">testNameMatchReplaceCallingConventionBothSpecified</h3>
<span class="code">
<pre>java.lang.NullPointerException
	at ghidra.feature.vt.api.db.VTSessionDB.initializePrograms(VTSessionDB.java:138)
	at ghidra.feature.vt.api.db.VTSessionDB.createVTSession(VTSessionDB.java:87)
	at ghidra.feature.vt.gui.VTTestEnv.createAndOpenVTSession(VTTestEnv.java:115)
	at ghidra.feature.vt.gui.VTTestEnv.createSession(VTTestEnv.java:105)
	at ghidra.feature.vt.api.markupitem.AbstractFunctionSignatureMarkupTest.setUp(AbstractFunctionSignatureMarkupTest.java:110)
	at generic.test.TestThread.run(TestThread.java:106)
</pre>
</span>
</div>
<div class="test">
<a name="testReplaceDefaultReturnTypeWithUndefined"></a>
<h3 class="failures">testReplaceDefaultReturnTypeWithUndefined</h3>
<span class="code">
<pre>java.lang.NullPointerException
	at ghidra.feature.vt.api.db.VTSessionDB.initializePrograms(VTSessionDB.java:138)
	at ghidra.feature.vt.api.db.VTSessionDB.createVTSession(VTSessionDB.java:87)
	at ghidra.feature.vt.gui.VTTestEnv.createAndOpenVTSession(VTTestEnv.java:115)
	at ghidra.feature.vt.gui.VTTestEnv.createSession(VTTestEnv.java:105)
	at ghidra.feature.vt.api.markupitem.AbstractFunctionSignatureMarkupTest.setUp(AbstractFunctionSignatureMarkupTest.java:110)
	at generic.test.TestThread.run(TestThread.java:106)
</pre>
</span>
</div>
<div class="test">
<a name="testReplaceDefinedReturnTypeWithDefined"></a>
<h3 class="failures">testReplaceDefinedReturnTypeWithDefined</h3>
<span class="code">
<pre>java.lang.NullPointerException
	at ghidra.feature.vt.api.db.VTSessionDB.initializePrograms(VTSessionDB.java:138)
	at ghidra.feature.vt.api.db.VTSessionDB.createVTSession(VTSessionDB.java:87)
	at ghidra.feature.vt.gui.VTTestEnv.createAndOpenVTSession(VTTestEnv.java:115)
	at ghidra.feature.vt.gui.VTTestEnv.createSession(VTTestEnv.java:105)
	at ghidra.feature.vt.api.markupitem.AbstractFunctionSignatureMarkupTest.setUp(AbstractFunctionSignatureMarkupTest.java:110)
	at generic.test.TestThread.run(TestThread.java:106)
</pre>
</span>
</div>
<div class="test">
<a name="testReplaceNoSrcCallFixupDestCallFixup"></a>
<h3 class="failures">testReplaceNoSrcCallFixupDestCallFixup</h3>
<span class="code">
<pre>java.lang.NullPointerException
	at ghidra.feature.vt.api.db.VTSessionDB.initializePrograms(VTSessionDB.java:138)
	at ghidra.feature.vt.api.db.VTSessionDB.createVTSession(VTSessionDB.java:87)
	at ghidra.feature.vt.gui.VTTestEnv.createAndOpenVTSession(VTTestEnv.java:115)
	at ghidra.feature.vt.gui.VTTestEnv.createSession(VTTestEnv.java:105)
	at ghidra.feature.vt.api.markupitem.AbstractFunctionSignatureMarkupTest.setUp(AbstractFunctionSignatureMarkupTest.java:110)
	at generic.test.TestThread.run(TestThread.java:106)
</pre>
</span>
</div>
<div class="test">
<a name="testReplaceNoSrcCallFixupNoDestCallFixup"></a>
<h3 class="failures">testReplaceNoSrcCallFixupNoDestCallFixup</h3>
<span class="code">
<pre>java.lang.NullPointerException
	at ghidra.feature.vt.api.db.VTSessionDB.initializePrograms(VTSessionDB.java:138)
	at ghidra.feature.vt.api.db.VTSessionDB.createVTSession(VTSessionDB.java:87)
	at ghidra.feature.vt.gui.VTTestEnv.createAndOpenVTSession(VTTestEnv.java:115)
	at ghidra.feature.vt.gui.VTTestEnv.createSession(VTTestEnv.java:105)
	at ghidra.feature.vt.api.markupitem.AbstractFunctionSignatureMarkupTest.setUp(AbstractFunctionSignatureMarkupTest.java:110)
	at generic.test.TestThread.run(TestThread.java:106)
</pre>
</span>
</div>
<div class="test">
<a name="testReplaceSrcCallFixupDifferentDestCallFixup"></a>
<h3 class="failures">testReplaceSrcCallFixupDifferentDestCallFixup</h3>
<span class="code">
<pre>java.lang.NullPointerException
	at ghidra.feature.vt.api.db.VTSessionDB.initializePrograms(VTSessionDB.java:138)
	at ghidra.feature.vt.api.db.VTSessionDB.createVTSession(VTSessionDB.java:87)
	at ghidra.feature.vt.gui.VTTestEnv.createAndOpenVTSession(VTTestEnv.java:115)
	at ghidra.feature.vt.gui.VTTestEnv.createSession(VTTestEnv.java:105)
	at ghidra.feature.vt.api.markupitem.AbstractFunctionSignatureMarkupTest.setUp(AbstractFunctionSignatureMarkupTest.java:110)
	at generic.test.TestThread.run(TestThread.java:106)
</pre>
</span>
</div>
<div class="test">
<a name="testReplaceSrcCallFixupNoDestCallFixup"></a>
<h3 class="failures">testReplaceSrcCallFixupNoDestCallFixup</h3>
<span class="code">
<pre>java.lang.NullPointerException
	at ghidra.feature.vt.api.db.VTSessionDB.initializePrograms(VTSessionDB.java:138)
	at ghidra.feature.vt.api.db.VTSessionDB.createVTSession(VTSessionDB.java:87)
	at ghidra.feature.vt.gui.VTTestEnv.createAndOpenVTSession(VTTestEnv.java:115)
	at ghidra.feature.vt.gui.VTTestEnv.createSession(VTTestEnv.java:105)
	at ghidra.feature.vt.api.markupitem.AbstractFunctionSignatureMarkupTest.setUp(AbstractFunctionSignatureMarkupTest.java:110)
	at generic.test.TestThread.run(TestThread.java:106)
</pre>
</span>
</div>
<div class="test">
<a name="testReplaceSrcCallFixupSameDestCallFixup"></a>
<h3 class="failures">testReplaceSrcCallFixupSameDestCallFixup</h3>
<span class="code">
<pre>java.lang.NullPointerException
	at ghidra.feature.vt.api.db.VTSessionDB.initializePrograms(VTSessionDB.java:138)
	at ghidra.feature.vt.api.db.VTSessionDB.createVTSession(VTSessionDB.java:87)
	at ghidra.feature.vt.gui.VTTestEnv.createAndOpenVTSession(VTTestEnv.java:115)
	at ghidra.feature.vt.gui.VTTestEnv.createSession(VTTestEnv.java:105)
	at ghidra.feature.vt.api.markupitem.AbstractFunctionSignatureMarkupTest.setUp(AbstractFunctionSignatureMarkupTest.java:110)
	at generic.test.TestThread.run(TestThread.java:106)
</pre>
</span>
</div>
<div class="test">
<a name="testReplaceUndefinedReturnTypeWithDefinedForReplace"></a>
<h3 class="failures">testReplaceUndefinedReturnTypeWithDefinedForReplace</h3>
<span class="code">
<pre>java.lang.NullPointerException
	at ghidra.feature.vt.api.db.VTSessionDB.initializePrograms(VTSessionDB.java:138)
	at ghidra.feature.vt.api.db.VTSessionDB.createVTSession(VTSessionDB.java:87)
	at ghidra.feature.vt.gui.VTTestEnv.createAndOpenVTSession(VTTestEnv.java:115)
	at ghidra.feature.vt.gui.VTTestEnv.createSession(VTTestEnv.java:105)
	at ghidra.feature.vt.api.markupitem.AbstractFunctionSignatureMarkupTest.setUp(AbstractFunctionSignatureMarkupTest.java:110)
	at generic.test.TestThread.run(TestThread.java:106)
</pre>
</span>
</div>
<div class="test">
<a name="testReplaceUndefinedReturnTypeWithDefinedForUndefinedOnly"></a>
<h3 class="failures">testReplaceUndefinedReturnTypeWithDefinedForUndefinedOnly</h3>
<span class="code">
<pre>java.lang.NullPointerException
	at ghidra.feature.vt.api.db.VTSessionDB.initializePrograms(VTSessionDB.java:138)
	at ghidra.feature.vt.api.db.VTSessionDB.createVTSession(VTSessionDB.java:87)
	at ghidra.feature.vt.gui.VTTestEnv.createAndOpenVTSession(VTTestEnv.java:115)
	at ghidra.feature.vt.gui.VTTestEnv.createSession(VTTestEnv.java:105)
	at ghidra.feature.vt.api.markupitem.AbstractFunctionSignatureMarkupTest.setUp(AbstractFunctionSignatureMarkupTest.java:110)
	at generic.test.TestThread.run(TestThread.java:106)
</pre>
</span>
</div>
</div>
<div id="tab1" class="tab">
<h2>Tests</h2>
<table>
<thead>
<tr>
<th>Test</th>
<th>Duration</th>
<th>Result</th>
</tr>
</thead>
<tr>
<td class="failures">testDontReplaceDefinedReturnTypeWithDefinedForUndefinedOnly</td>
<td class="failures">0.204s</td>
<td class="failures">failed</td>
</tr>
<tr>
<td class="failures">testDontReplaceDefinedReturnTypeWithUndefined</td>
<td class="failures">0.211s</td>
<td class="failures">failed</td>
</tr>
<tr>
<td class="failures">testExcludeCallingConvention</td>
<td class="failures">0.205s</td>
<td class="failures">failed</td>
</tr>
<tr>
<td class="failures">testExcludeReturnType</td>
<td class="failures">0.404s</td>
<td class="failures">failed</td>
</tr>
<tr>
<td class="failures">testExcludeSrcCallFixupDifferentDestCallFixup</td>
<td class="failures">0.313s</td>
<td class="failures">failed</td>
</tr>
<tr>
<td class="failures">testNameMatchNotFoundCallingConventionBothSpecified</td>
<td class="failures">0.203s</td>
<td class="failures">failed</td>
</tr>
<tr>
<td class="failures">testNameMatchReplaceCallingConventionBothSpecified</td>
<td class="failures">0.306s</td>
<td class="failures">failed</td>
</tr>
<tr>
<td class="failures">testReplaceDefaultReturnTypeWithUndefined</td>
<td class="failures">0.208s</td>
<td class="failures">failed</td>
</tr>
<tr>
<td class="failures">testReplaceDefinedReturnTypeWithDefined</td>
<td class="failures">1.399s</td>
<td class="failures">failed</td>
</tr>
<tr>
<td class="failures">testReplaceNoSrcCallFixupDestCallFixup</td>
<td class="failures">0.306s</td>
<td class="failures">failed</td>
</tr>
<tr>
<td class="failures">testReplaceNoSrcCallFixupNoDestCallFixup</td>
<td class="failures">0.412s</td>
<td class="failures">failed</td>
</tr>
<tr>
<td class="failures">testReplaceSrcCallFixupDifferentDestCallFixup</td>
<td class="failures">0.304s</td>
<td class="failures">failed</td>
</tr>
<tr>
<td class="failures">testReplaceSrcCallFixupNoDestCallFixup</td>
<td class="failures">0.202s</td>
<td class="failures">failed</td>
</tr>
<tr>
<td class="failures">testReplaceSrcCallFixupSameDestCallFixup</td>
<td class="failures">0.304s</td>
<td class="failures">failed</td>
</tr>
<tr>
<td class="failures">testReplaceUndefinedReturnTypeWithDefinedForReplace</td>
<td class="failures">0.203s</td>
<td class="failures">failed</td>
</tr>
<tr>
<td class="failures">testReplaceUndefinedReturnTypeWithDefinedForUndefinedOnly</td>
<td class="failures">0.205s</td>
<td class="failures">failed</td>
</tr>
</table>
</div>
<div id="tab2" class="tab">
<h2>Standard output</h2>
<span class="code">
<pre>Created test directory: /home/lcf/repo/190904/ghidra/Ghidra/Features/VersionTracking/build/Ghidra_test_2209c37f-022f-442c-af73-8f36ce8b41f1/temp.data
14:37:18 INFO  Using log config file: file:/home/lcf/repo/190904/ghidra/Ghidra/Framework/Generic/src/main/resources/generic.log4jtest.xml   (LoggingInitialization.java:59) 
14:37:18 INFO  Using log file: /home/lcf/repo/190904/ghidra/Ghidra/Features/VersionTracking/build/Ghidra_test_2209c37f-022f-442c-af73-8f36ce8b41f1/temp.data/application.log   (LoggingInitialization.java:60) 
14:37:18 INFO  Loading user preferences: /home/lcf/repo/190904/ghidra/Ghidra/Features/VersionTracking/build/Ghidra_test_2209c37f-022f-442c-af73-8f36ce8b41f1/temp.data/preferences   (Preferences.java:122) 
14:37:19 INFO  Class search complete (498 ms)   (ClassSearcher.java:250) 
14:37:19 DEBUG Wed Sep 04 14:37:19 CST 2019
***** STARTING Test: FunctionSignatureMarkupOptionsTest - testReplaceDefinedReturnTypeWithDefined *****   (AbstractGenericTest.java:114) 
14:37:20 WARN  Test data file not found: VersionTracking/WallaceSrc.gzf   (AbstractGenericTest.java:381) 
14:37:20 WARN  Test data file not found: VersionTracking/WallaceSrc.xml   (AbstractGenericTest.java:381) 
14:37:20 INFO  Test program not found: VersionTracking/WallaceSrc   (TestProgramManager.java:351) 
14:37:20 WARN  Test data file not found: VersionTracking/WallaceVersion2.gzf   (AbstractGenericTest.java:381) 
14:37:20 WARN  Test data file not found: VersionTracking/WallaceVersion2.xml   (AbstractGenericTest.java:381) 
14:37:20 INFO  Test program not found: VersionTracking/WallaceVersion2   (TestProgramManager.java:351) 
14:37:20 DEBUG 	✖ FAILED Test: FunctionSignatureMarkupOptionsTest - testReplaceDefinedReturnTypeWithDefined ✖	   (AbstractGenericTest.java:114) 
14:37:20 DEBUG Wed Sep 04 14:37:20 CST 2019
***** STARTING Test: FunctionSignatureMarkupOptionsTest - testReplaceNoSrcCallFixupNoDestCallFixup *****   (AbstractGenericTest.java:114) 
14:37:21 WARN  Test data file not found: VersionTracking/WallaceSrc.gzf   (AbstractGenericTest.java:381) 
14:37:21 WARN  Test data file not found: VersionTracking/WallaceSrc.xml   (AbstractGenericTest.java:381) 
14:37:21 INFO  Test program not found: VersionTracking/WallaceSrc   (TestProgramManager.java:351) 
14:37:21 WARN  Test data file not found: VersionTracking/WallaceVersion2.gzf   (AbstractGenericTest.java:381) 
14:37:21 WARN  Test data file not found: VersionTracking/WallaceVersion2.xml   (AbstractGenericTest.java:381) 
14:37:21 INFO  Test program not found: VersionTracking/WallaceVersion2   (TestProgramManager.java:351) 
14:37:21 DEBUG 	✖ FAILED Test: FunctionSignatureMarkupOptionsTest - testReplaceNoSrcCallFixupNoDestCallFixup ✖	   (AbstractGenericTest.java:114) 
14:37:21 DEBUG Wed Sep 04 14:37:21 CST 2019
***** STARTING Test: FunctionSignatureMarkupOptionsTest - testExcludeReturnType *****   (AbstractGenericTest.java:114) 
14:37:21 WARN  Test data file not found: VersionTracking/WallaceSrc.gzf   (AbstractGenericTest.java:381) 
14:37:21 WARN  Test data file not found: VersionTracking/WallaceSrc.xml   (AbstractGenericTest.java:381) 
14:37:21 INFO  Test program not found: VersionTracking/WallaceSrc   (TestProgramManager.java:351) 
14:37:21 WARN  Test data file not found: VersionTracking/WallaceVersion2.gzf   (AbstractGenericTest.java:381) 
14:37:21 WARN  Test data file not found: VersionTracking/WallaceVersion2.xml   (AbstractGenericTest.java:381) 
14:37:21 INFO  Test program not found: VersionTracking/WallaceVersion2   (TestProgramManager.java:351) 
14:37:21 DEBUG 	✖ FAILED Test: FunctionSignatureMarkupOptionsTest - testExcludeReturnType ✖	   (AbstractGenericTest.java:114) 
14:37:21 DEBUG Wed Sep 04 14:37:21 CST 2019
***** STARTING Test: FunctionSignatureMarkupOptionsTest - testNameMatchReplaceCallingConventionBothSpecified *****   (AbstractGenericTest.java:114) 
14:37:21 WARN  Test data file not found: VersionTracking/WallaceSrc.gzf   (AbstractGenericTest.java:381) 
14:37:21 WARN  Test data file not found: VersionTracking/WallaceSrc.xml   (AbstractGenericTest.java:381) 
14:37:21 INFO  Test program not found: VersionTracking/WallaceSrc   (TestProgramManager.java:351) 
14:37:21 WARN  Test data file not found: VersionTracking/WallaceVersion2.gzf   (AbstractGenericTest.java:381) 
14:37:21 WARN  Test data file not found: VersionTracking/WallaceVersion2.xml   (AbstractGenericTest.java:381) 
14:37:21 INFO  Test program not found: VersionTracking/WallaceVersion2   (TestProgramManager.java:351) 
14:37:21 DEBUG 	✖ FAILED Test: FunctionSignatureMarkupOptionsTest - testNameMatchReplaceCallingConventionBothSpecified ✖	   (AbstractGenericTest.java:114) 
14:37:21 DEBUG Wed Sep 04 14:37:21 CST 2019
***** STARTING Test: FunctionSignatureMarkupOptionsTest - testReplaceSrcCallFixupSameDestCallFixup *****   (AbstractGenericTest.java:114) 
14:37:22 WARN  Test data file not found: VersionTracking/WallaceSrc.gzf   (AbstractGenericTest.java:381) 
14:37:22 WARN  Test data file not found: VersionTracking/WallaceSrc.xml   (AbstractGenericTest.java:381) 
14:37:22 INFO  Test program not found: VersionTracking/WallaceSrc   (TestProgramManager.java:351) 
14:37:22 WARN  Test data file not found: VersionTracking/WallaceVersion2.gzf   (AbstractGenericTest.java:381) 
14:37:22 WARN  Test data file not found: VersionTracking/WallaceVersion2.xml   (AbstractGenericTest.java:381) 
14:37:22 INFO  Test program not found: VersionTracking/WallaceVersion2   (TestProgramManager.java:351) 
14:37:22 DEBUG 	✖ FAILED Test: FunctionSignatureMarkupOptionsTest - testReplaceSrcCallFixupSameDestCallFixup ✖	   (AbstractGenericTest.java:114) 
14:37:22 DEBUG Wed Sep 04 14:37:22 CST 2019
***** STARTING Test: FunctionSignatureMarkupOptionsTest - testReplaceNoSrcCallFixupDestCallFixup *****   (AbstractGenericTest.java:114) 
14:37:22 WARN  Test data file not found: VersionTracking/WallaceSrc.gzf   (AbstractGenericTest.java:381) 
14:37:22 WARN  Test data file not found: VersionTracking/WallaceSrc.xml   (AbstractGenericTest.java:381) 
14:37:22 INFO  Test program not found: VersionTracking/WallaceSrc   (TestProgramManager.java:351) 
14:37:22 WARN  Test data file not found: VersionTracking/WallaceVersion2.gzf   (AbstractGenericTest.java:381) 
14:37:22 WARN  Test data file not found: VersionTracking/WallaceVersion2.xml   (AbstractGenericTest.java:381) 
14:37:22 INFO  Test program not found: VersionTracking/WallaceVersion2   (TestProgramManager.java:351) 
14:37:22 DEBUG 	✖ FAILED Test: FunctionSignatureMarkupOptionsTest - testReplaceNoSrcCallFixupDestCallFixup ✖	   (AbstractGenericTest.java:114) 
14:37:22 DEBUG Wed Sep 04 14:37:22 CST 2019
***** STARTING Test: FunctionSignatureMarkupOptionsTest - testReplaceSrcCallFixupDifferentDestCallFixup *****   (AbstractGenericTest.java:114) 
14:37:22 WARN  Test data file not found: VersionTracking/WallaceSrc.gzf   (AbstractGenericTest.java:381) 
14:37:22 WARN  Test data file not found: VersionTracking/WallaceSrc.xml   (AbstractGenericTest.java:381) 
14:37:22 INFO  Test program not found: VersionTracking/WallaceSrc   (TestProgramManager.java:351) 
14:37:22 WARN  Test data file not found: VersionTracking/WallaceVersion2.gzf   (AbstractGenericTest.java:381) 
14:37:22 WARN  Test data file not found: VersionTracking/WallaceVersion2.xml   (AbstractGenericTest.java:381) 
14:37:22 INFO  Test program not found: VersionTracking/WallaceVersion2   (TestProgramManager.java:351) 
14:37:22 DEBUG 	✖ FAILED Test: FunctionSignatureMarkupOptionsTest - testReplaceSrcCallFixupDifferentDestCallFixup ✖	   (AbstractGenericTest.java:114) 
14:37:22 DEBUG Wed Sep 04 14:37:22 CST 2019
***** STARTING Test: FunctionSignatureMarkupOptionsTest - testExcludeSrcCallFixupDifferentDestCallFixup *****   (AbstractGenericTest.java:114) 
14:37:23 WARN  Test data file not found: VersionTracking/WallaceSrc.gzf   (AbstractGenericTest.java:381) 
14:37:23 WARN  Test data file not found: VersionTracking/WallaceSrc.xml   (AbstractGenericTest.java:381) 
14:37:23 INFO  Test program not found: VersionTracking/WallaceSrc   (TestProgramManager.java:351) 
14:37:23 WARN  Test data file not found: VersionTracking/WallaceVersion2.gzf   (AbstractGenericTest.java:381) 
14:37:23 WARN  Test data file not found: VersionTracking/WallaceVersion2.xml   (AbstractGenericTest.java:381) 
14:37:23 INFO  Test program not found: VersionTracking/WallaceVersion2   (TestProgramManager.java:351) 
14:37:23 DEBUG 	✖ FAILED Test: FunctionSignatureMarkupOptionsTest - testExcludeSrcCallFixupDifferentDestCallFixup ✖	   (AbstractGenericTest.java:114) 
14:37:23 DEBUG Wed Sep 04 14:37:23 CST 2019
***** STARTING Test: FunctionSignatureMarkupOptionsTest - testDontReplaceDefinedReturnTypeWithUndefined *****   (AbstractGenericTest.java:114) 
14:37:23 WARN  Test data file not found: VersionTracking/WallaceSrc.gzf   (AbstractGenericTest.java:381) 
14:37:23 WARN  Test data file not found: VersionTracking/WallaceSrc.xml   (AbstractGenericTest.java:381) 
14:37:23 INFO  Test program not found: VersionTracking/WallaceSrc   (TestProgramManager.java:351) 
14:37:23 WARN  Test data file not found: VersionTracking/WallaceVersion2.gzf   (AbstractGenericTest.java:381) 
14:37:23 WARN  Test data file not found: VersionTracking/WallaceVersion2.xml   (AbstractGenericTest.java:381) 
14:37:23 INFO  Test program not found: VersionTracking/WallaceVersion2   (TestProgramManager.java:351) 
14:37:23 DEBUG 	✖ FAILED Test: FunctionSignatureMarkupOptionsTest - testDontReplaceDefinedReturnTypeWithUndefined ✖	   (AbstractGenericTest.java:114) 
14:37:23 DEBUG Wed Sep 04 14:37:23 CST 2019
***** STARTING Test: FunctionSignatureMarkupOptionsTest - testReplaceUndefinedReturnTypeWithDefinedForUndefinedOnly *****   (AbstractGenericTest.java:114) 
14:37:23 WARN  Test data file not found: VersionTracking/WallaceSrc.gzf   (AbstractGenericTest.java:381) 
14:37:23 WARN  Test data file not found: VersionTracking/WallaceSrc.xml   (AbstractGenericTest.java:381) 
14:37:23 INFO  Test program not found: VersionTracking/WallaceSrc   (TestProgramManager.java:351) 
14:37:23 WARN  Test data file not found: VersionTracking/WallaceVersion2.gzf   (AbstractGenericTest.java:381) 
14:37:23 WARN  Test data file not found: VersionTracking/WallaceVersion2.xml   (AbstractGenericTest.java:381) 
14:37:23 INFO  Test program not found: VersionTracking/WallaceVersion2   (TestProgramManager.java:351) 
14:37:23 DEBUG 	✖ FAILED Test: FunctionSignatureMarkupOptionsTest - testReplaceUndefinedReturnTypeWithDefinedForUndefinedOnly ✖	   (AbstractGenericTest.java:114) 
14:37:23 DEBUG Wed Sep 04 14:37:23 CST 2019
***** STARTING Test: FunctionSignatureMarkupOptionsTest - testDontReplaceDefinedReturnTypeWithDefinedForUndefinedOnly *****   (AbstractGenericTest.java:114) 
14:37:23 WARN  Test data file not found: VersionTracking/WallaceSrc.gzf   (AbstractGenericTest.java:381) 
14:37:23 WARN  Test data file not found: VersionTracking/WallaceSrc.xml   (AbstractGenericTest.java:381) 
14:37:23 INFO  Test program not found: VersionTracking/WallaceSrc   (TestProgramManager.java:351) 
14:37:23 WARN  Test data file not found: VersionTracking/WallaceVersion2.gzf   (AbstractGenericTest.java:381) 
14:37:23 WARN  Test data file not found: VersionTracking/WallaceVersion2.xml   (AbstractGenericTest.java:381) 
14:37:23 INFO  Test program not found: VersionTracking/WallaceVersion2   (TestProgramManager.java:351) 
14:37:23 DEBUG 	✖ FAILED Test: FunctionSignatureMarkupOptionsTest - testDontReplaceDefinedReturnTypeWithDefinedForUndefinedOnly ✖	   (AbstractGenericTest.java:114) 
14:37:23 DEBUG Wed Sep 04 14:37:23 CST 2019
***** STARTING Test: FunctionSignatureMarkupOptionsTest - testExcludeCallingConvention *****   (AbstractGenericTest.java:114) 
14:37:23 WARN  Test data file not found: VersionTracking/WallaceSrc.gzf   (AbstractGenericTest.java:381) 
14:37:23 WARN  Test data file not found: VersionTracking/WallaceSrc.xml   (AbstractGenericTest.java:381) 
14:37:23 INFO  Test program not found: VersionTracking/WallaceSrc   (TestProgramManager.java:351) 
14:37:23 WARN  Test data file not found: VersionTracking/WallaceVersion2.gzf   (AbstractGenericTest.java:381) 
14:37:23 WARN  Test data file not found: VersionTracking/WallaceVersion2.xml   (AbstractGenericTest.java:381) 
14:37:23 INFO  Test program not found: VersionTracking/WallaceVersion2   (TestProgramManager.java:351) 
14:37:23 DEBUG 	✖ FAILED Test: FunctionSignatureMarkupOptionsTest - testExcludeCallingConvention ✖	   (AbstractGenericTest.java:114) 
14:37:23 DEBUG Wed Sep 04 14:37:23 CST 2019
***** STARTING Test: FunctionSignatureMarkupOptionsTest - testNameMatchNotFoundCallingConventionBothSpecified *****   (AbstractGenericTest.java:114) 
14:37:24 WARN  Test data file not found: VersionTracking/WallaceSrc.gzf   (AbstractGenericTest.java:381) 
14:37:24 WARN  Test data file not found: VersionTracking/WallaceSrc.xml   (AbstractGenericTest.java:381) 
14:37:24 INFO  Test program not found: VersionTracking/WallaceSrc   (TestProgramManager.java:351) 
14:37:24 WARN  Test data file not found: VersionTracking/WallaceVersion2.gzf   (AbstractGenericTest.java:381) 
14:37:24 WARN  Test data file not found: VersionTracking/WallaceVersion2.xml   (AbstractGenericTest.java:381) 
14:37:24 INFO  Test program not found: VersionTracking/WallaceVersion2   (TestProgramManager.java:351) 
14:37:24 DEBUG 	✖ FAILED Test: FunctionSignatureMarkupOptionsTest - testNameMatchNotFoundCallingConventionBothSpecified ✖	   (AbstractGenericTest.java:114) 
14:37:24 DEBUG Wed Sep 04 14:37:24 CST 2019
***** STARTING Test: FunctionSignatureMarkupOptionsTest - testReplaceDefaultReturnTypeWithUndefined *****   (AbstractGenericTest.java:114) 
14:37:24 WARN  Test data file not found: VersionTracking/WallaceSrc.gzf   (AbstractGenericTest.java:381) 
14:37:24 WARN  Test data file not found: VersionTracking/WallaceSrc.xml   (AbstractGenericTest.java:381) 
14:37:24 INFO  Test program not found: VersionTracking/WallaceSrc   (TestProgramManager.java:351) 
14:37:24 WARN  Test data file not found: VersionTracking/WallaceVersion2.gzf   (AbstractGenericTest.java:381) 
14:37:24 WARN  Test data file not found: VersionTracking/WallaceVersion2.xml   (AbstractGenericTest.java:381) 
14:37:24 INFO  Test program not found: VersionTracking/WallaceVersion2   (TestProgramManager.java:351) 
14:37:24 DEBUG 	✖ FAILED Test: FunctionSignatureMarkupOptionsTest - testReplaceDefaultReturnTypeWithUndefined ✖	   (AbstractGenericTest.java:114) 
14:37:24 DEBUG Wed Sep 04 14:37:24 CST 2019
***** STARTING Test: FunctionSignatureMarkupOptionsTest - testReplaceSrcCallFixupNoDestCallFixup *****   (AbstractGenericTest.java:114) 
14:37:24 WARN  Test data file not found: VersionTracking/WallaceSrc.gzf   (AbstractGenericTest.java:381) 
14:37:24 WARN  Test data file not found: VersionTracking/WallaceSrc.xml   (AbstractGenericTest.java:381) 
14:37:24 INFO  Test program not found: VersionTracking/WallaceSrc   (TestProgramManager.java:351) 
14:37:24 WARN  Test data file not found: VersionTracking/WallaceVersion2.gzf   (AbstractGenericTest.java:381) 
14:37:24 WARN  Test data file not found: VersionTracking/WallaceVersion2.xml   (AbstractGenericTest.java:381) 
14:37:24 INFO  Test program not found: VersionTracking/WallaceVersion2   (TestProgramManager.java:351) 
14:37:24 DEBUG 	✖ FAILED Test: FunctionSignatureMarkupOptionsTest - testReplaceSrcCallFixupNoDestCallFixup ✖	   (AbstractGenericTest.java:114) 
14:37:24 DEBUG Wed Sep 04 14:37:24 CST 2019
***** STARTING Test: FunctionSignatureMarkupOptionsTest - testReplaceUndefinedReturnTypeWithDefinedForReplace *****   (AbstractGenericTest.java:114) 
14:37:24 WARN  Test data file not found: VersionTracking/WallaceSrc.gzf   (AbstractGenericTest.java:381) 
14:37:24 WARN  Test data file not found: VersionTracking/WallaceSrc.xml   (AbstractGenericTest.java:381) 
14:37:24 INFO  Test program not found: VersionTracking/WallaceSrc   (TestProgramManager.java:351) 
14:37:24 WARN  Test data file not found: VersionTracking/WallaceVersion2.gzf   (AbstractGenericTest.java:381) 
14:37:24 WARN  Test data file not found: VersionTracking/WallaceVersion2.xml   (AbstractGenericTest.java:381) 
14:37:24 INFO  Test program not found: VersionTracking/WallaceVersion2   (TestProgramManager.java:351) 
14:37:24 DEBUG 	✖ FAILED Test: FunctionSignatureMarkupOptionsTest - testReplaceUndefinedReturnTypeWithDefinedForReplace ✖	   (AbstractGenericTest.java:114) 
</pre>
</span>
</div>
</div>
<div id="footer">
<p>
<div>
<label class="hidden" id="label-for-line-wrapping-toggle" for="line-wrapping-toggle">Wrap lines
<input id="line-wrapping-toggle" type="checkbox" autocomplete="off"/>
</label>
</div>Generated by 
<a href="http://www.gradle.org">Gradle 5.6.1</a> at Sep 4, 2019, 2:39:47 PM</p>
</div>
</div>
</body>
</html>
