<!DOCTYPE html>
<html>
<head>
<meta http-equiv="Content-Type" content="text/html; charset=utf-8"/>
<meta http-equiv="x-ua-compatible" content="IE=edge"/>
<title>Test results - Class ghidra.app.plugin.core.codebrowser.CodeBrowserTest</title>
<link href="../css/base-style.css" rel="stylesheet" type="text/css"/>
<link href="../css/style.css" rel="stylesheet" type="text/css"/>
<script src="../js/report.js" type="text/javascript"></script>
</head>
<body>
<div id="content">
<h1>Class ghidra.app.plugin.core.codebrowser.CodeBrowserTest</h1>
<div class="breadcrumbs">
<a href="../index.html">all</a> &gt; 
<a href="../packages/ghidra.app.plugin.core.codebrowser.html">ghidra.app.plugin.core.codebrowser</a> &gt; CodeBrowserTest</div>
<div id="summary">
<table>
<tr>
<td>
<div class="summaryGroup">
<table>
<tr>
<td>
<div class="infoBox" id="tests">
<div class="counter">18</div>
<p>tests</p>
</div>
</td>
<td>
<div class="infoBox" id="failures">
<div class="counter">2</div>
<p>failures</p>
</div>
</td>
<td>
<div class="infoBox" id="ignored">
<div class="counter">0</div>
<p>ignored</p>
</div>
</td>
<td>
<div class="infoBox" id="duration">
<div class="counter">10.054s</div>
<p>duration</p>
</div>
</td>
</tr>
</table>
</div>
</td>
<td>
<div class="infoBox failures" id="successRate">
<div class="percent">88%</div>
<p>successful</p>
</div>
</td>
</tr>
</table>
</div>
<div id="tabs">
<ul class="tabLinks">
<li>
<a href="#tab0">Failed tests</a>
</li>
<li>
<a href="#tab1">Tests</a>
</li>
<li>
<a href="#tab2">Standard output</a>
</li>
</ul>
<div id="tab0" class="tab">
<h2>Failed tests</h2>
<div class="test">
<a name="testSimpleDragToCreateSelection"></a>
<h3 class="failures">testSimpleDragToCreateSelection</h3>
<span class="code">
<pre>java.lang.AssertionError: expected:&lt;01003a50&gt; but was:&lt;01003a41&gt;
	at ghidra.app.plugin.core.codebrowser.CodeBrowserTest.dragToMakeSelection(CodeBrowserTest.java:632)
	at ghidra.app.plugin.core.codebrowser.CodeBrowserTest.testSimpleDragToCreateSelection(CodeBrowserTest.java:186)
	at generic.test.TestThread.run(TestThread.java:106)
</pre>
</span>
</div>
<div class="test">
<a name="testTableFromSelection"></a>
<h3 class="failures">testTableFromSelection</h3>
<span class="code">
<pre>java.lang.AssertionError: expected:&lt;01003a50&gt; but was:&lt;01003a41&gt;
	at ghidra.app.plugin.core.codebrowser.CodeBrowserTest.dragToMakeSelection(CodeBrowserTest.java:632)
	at ghidra.app.plugin.core.codebrowser.CodeBrowserTest.testTableFromSelection(CodeBrowserTest.java:158)
	at generic.test.TestThread.run(TestThread.java:106)
</pre>
</span>
</div>
</div>
<div id="tab1" class="tab">
<h2>Tests</h2>
<table>
<thead>
<tr>
<th>Test</th>
<th>Duration</th>
<th>Result</th>
</tr>
</thead>
<tr>
<td class="success">testArrayDisplayIsFourPerLine</td>
<td class="success">0.708s</td>
<td class="success">passed</td>
</tr>
<tr>
<td class="success">testCtrlClickToSelect</td>
<td class="success">0.406s</td>
<td class="success">passed</td>
</tr>
<tr>
<td class="success">testSaveRestoreState</td>
<td class="success">0.607s</td>
<td class="success">passed</td>
</tr>
<tr>
<td class="success">testSelectAll</td>
<td class="success">0.304s</td>
<td class="success">passed</td>
</tr>
<tr>
<td class="success">testSelectComplementOnAllProgram</td>
<td class="success">0.203s</td>
<td class="success">passed</td>
</tr>
<tr>
<td class="success">testSelectComplementOnAllView</td>
<td class="success">0.406s</td>
<td class="success">passed</td>
</tr>
<tr>
<td class="success">testSelectComplementOnSomeOfProgram</td>
<td class="success">0.309s</td>
<td class="success">passed</td>
</tr>
<tr>
<td class="success">testSelectComplementOnSomeOfView</td>
<td class="success">0.303s</td>
<td class="success">passed</td>
</tr>
<tr>
<td class="success">testSelectionConnectedBrowsers</td>
<td class="success">1.318s</td>
<td class="success">passed</td>
</tr>
<tr>
<td class="success">testSelectionInArray</td>
<td class="success">0.404s</td>
<td class="success">passed</td>
</tr>
<tr>
<td class="success">testSelectionInMultiLevelStructure</td>
<td class="success">0.509s</td>
<td class="success">passed</td>
</tr>
<tr>
<td class="success">testSelectionInStructure</td>
<td class="success">0.407s</td>
<td class="success">passed</td>
</tr>
<tr>
<td class="success">testSelectionIntoStructure</td>
<td class="success">2.443s</td>
<td class="success">passed</td>
</tr>
<tr>
<td class="success">testSelectionOnStructureInOffcutView_SCR_8089</td>
<td class="success">0.302s</td>
<td class="success">passed</td>
</tr>
<tr>
<td class="success">testShiftClickToSelect</td>
<td class="success">0.303s</td>
<td class="success">passed</td>
</tr>
<tr>
<td class="success">testShiftDragToSelect</td>
<td class="success">0.503s</td>
<td class="success">passed</td>
</tr>
<tr>
<td class="failures">testSimpleDragToCreateSelection</td>
<td class="failures">0.307s</td>
<td class="failures">failed</td>
</tr>
<tr>
<td class="failures">testTableFromSelection</td>
<td class="failures">0.312s</td>
<td class="failures">failed</td>
</tr>
</table>
</div>
<div id="tab2" class="tab">
<h2>Standard output</h2>
<span class="code">
<pre>Created test directory: /home/lcf/repo/ghidra/Ghidra/Features/Base/build/Ghidra_test_cc489876-6a5e-476a-b730-8383c0276e37/temp.data
08:59:13 INFO  Using log config file: file:/home/lcf/repo/ghidra/Ghidra/Framework/Generic/src/main/resources/generic.log4jtest.xml   (LoggingInitialization.java:59) 
08:59:13 INFO  Using log file: /home/lcf/repo/ghidra/Ghidra/Features/Base/build/Ghidra_test_cc489876-6a5e-476a-b730-8383c0276e37/temp.data/application.log   (LoggingInitialization.java:60) 
08:59:13 INFO  Loading user preferences: /home/lcf/repo/ghidra/Ghidra/Features/Base/build/Ghidra_test_cc489876-6a5e-476a-b730-8383c0276e37/temp.data/preferences   (Preferences.java:122) 
08:59:14 INFO  Class search complete (516 ms)   (ClassSearcher.java:250) 
08:59:14 DEBUG Thu Sep 05 08:59:14 CST 2019
***** STARTING Test: CodeBrowserTest - testSelectionIntoStructure *****   (AbstractGenericTest.java:114) 
08:59:17 DEBUG 	✓ PASSED Test: CodeBrowserTest - testSelectionIntoStructure ✓	   (AbstractGenericTest.java:114) 
08:59:17 DEBUG Thu Sep 05 08:59:17 CST 2019
***** STARTING Test: CodeBrowserTest - testSelectionInMultiLevelStructure *****   (AbstractGenericTest.java:114) 
08:59:17 DEBUG 	✓ PASSED Test: CodeBrowserTest - testSelectionInMultiLevelStructure ✓	   (AbstractGenericTest.java:114) 
08:59:17 DEBUG Thu Sep 05 08:59:17 CST 2019
***** STARTING Test: CodeBrowserTest - testSelectComplementOnAllView *****   (AbstractGenericTest.java:114) 
08:59:18 DEBUG 	✓ PASSED Test: CodeBrowserTest - testSelectComplementOnAllView ✓	   (AbstractGenericTest.java:114) 
08:59:18 DEBUG Thu Sep 05 08:59:18 CST 2019
***** STARTING Test: CodeBrowserTest - testSelectAll *****   (AbstractGenericTest.java:114) 
08:59:18 DEBUG 	✓ PASSED Test: CodeBrowserTest - testSelectAll ✓	   (AbstractGenericTest.java:114) 
08:59:18 DEBUG Thu Sep 05 08:59:18 CST 2019
***** STARTING Test: CodeBrowserTest - testSaveRestoreState *****   (AbstractGenericTest.java:114) 
08:59:19 DEBUG 	✓ PASSED Test: CodeBrowserTest - testSaveRestoreState ✓	   (AbstractGenericTest.java:114) 
08:59:19 DEBUG Thu Sep 05 08:59:19 CST 2019
***** STARTING Test: CodeBrowserTest - testSelectComplementOnSomeOfView *****   (AbstractGenericTest.java:114) 
08:59:19 DEBUG 	✓ PASSED Test: CodeBrowserTest - testSelectComplementOnSomeOfView ✓	   (AbstractGenericTest.java:114) 
08:59:19 DEBUG Thu Sep 05 08:59:19 CST 2019
***** STARTING Test: CodeBrowserTest - testSelectionInStructure *****   (AbstractGenericTest.java:114) 
08:59:19 DEBUG 	✓ PASSED Test: CodeBrowserTest - testSelectionInStructure ✓	   (AbstractGenericTest.java:114) 
08:59:19 DEBUG Thu Sep 05 08:59:19 CST 2019
***** STARTING Test: CodeBrowserTest - testArrayDisplayIsFourPerLine *****   (AbstractGenericTest.java:114) 
08:59:20 DEBUG 	✓ PASSED Test: CodeBrowserTest - testArrayDisplayIsFourPerLine ✓	   (AbstractGenericTest.java:114) 
08:59:20 DEBUG Thu Sep 05 08:59:20 CST 2019
***** STARTING Test: CodeBrowserTest - testTableFromSelection *****   (AbstractGenericTest.java:114) 
08:59:20 DEBUG 	✖ FAILED Test: CodeBrowserTest - testTableFromSelection ✖	   (AbstractGenericTest.java:114) 
08:59:20 DEBUG Thu Sep 05 08:59:20 CST 2019
***** STARTING Test: CodeBrowserTest - testCtrlClickToSelect *****   (AbstractGenericTest.java:114) 
08:59:21 DEBUG 	✓ PASSED Test: CodeBrowserTest - testCtrlClickToSelect ✓	   (AbstractGenericTest.java:114) 
08:59:21 DEBUG Thu Sep 05 08:59:21 CST 2019
***** STARTING Test: CodeBrowserTest - testSelectionConnectedBrowsers *****   (AbstractGenericTest.java:114) 
08:59:22 DEBUG 	✓ PASSED Test: CodeBrowserTest - testSelectionConnectedBrowsers ✓	   (AbstractGenericTest.java:114) 
08:59:22 DEBUG Thu Sep 05 08:59:22 CST 2019
***** STARTING Test: CodeBrowserTest - testShiftClickToSelect *****   (AbstractGenericTest.java:114) 
08:59:22 DEBUG 	✓ PASSED Test: CodeBrowserTest - testShiftClickToSelect ✓	   (AbstractGenericTest.java:114) 
08:59:22 DEBUG Thu Sep 05 08:59:22 CST 2019
***** STARTING Test: CodeBrowserTest - testSelectComplementOnSomeOfProgram *****   (AbstractGenericTest.java:114) 
08:59:23 DEBUG 	✓ PASSED Test: CodeBrowserTest - testSelectComplementOnSomeOfProgram ✓	   (AbstractGenericTest.java:114) 
08:59:23 DEBUG Thu Sep 05 08:59:23 CST 2019
***** STARTING Test: CodeBrowserTest - testSelectionOnStructureInOffcutView_SCR_8089 *****   (AbstractGenericTest.java:114) 
08:59:23 DEBUG 	✓ PASSED Test: CodeBrowserTest - testSelectionOnStructureInOffcutView_SCR_8089 ✓	   (AbstractGenericTest.java:114) 
08:59:23 DEBUG Thu Sep 05 08:59:23 CST 2019
***** STARTING Test: CodeBrowserTest - testSelectionInArray *****   (AbstractGenericTest.java:114) 
08:59:23 DEBUG 	✓ PASSED Test: CodeBrowserTest - testSelectionInArray ✓	   (AbstractGenericTest.java:114) 
08:59:23 DEBUG Thu Sep 05 08:59:23 CST 2019
***** STARTING Test: CodeBrowserTest - testSelectComplementOnAllProgram *****   (AbstractGenericTest.java:114) 
08:59:24 DEBUG 	✓ PASSED Test: CodeBrowserTest - testSelectComplementOnAllProgram ✓	   (AbstractGenericTest.java:114) 
08:59:24 DEBUG Thu Sep 05 08:59:24 CST 2019
***** STARTING Test: CodeBrowserTest - testShiftDragToSelect *****   (AbstractGenericTest.java:114) 
08:59:24 DEBUG 	✓ PASSED Test: CodeBrowserTest - testShiftDragToSelect ✓	   (AbstractGenericTest.java:114) 
08:59:24 DEBUG Thu Sep 05 08:59:24 CST 2019
***** STARTING Test: CodeBrowserTest - testSimpleDragToCreateSelection *****   (AbstractGenericTest.java:114) 
08:59:24 DEBUG 	✖ FAILED Test: CodeBrowserTest - testSimpleDragToCreateSelection ✖	   (AbstractGenericTest.java:114) 
</pre>
</span>
</div>
</div>
<div id="footer">
<p>
<div>
<label class="hidden" id="label-for-line-wrapping-toggle" for="line-wrapping-toggle">Wrap lines
<input id="line-wrapping-toggle" type="checkbox" autocomplete="off"/>
</label>
</div>Generated by 
<a href="http://www.gradle.org">Gradle 5.6.1</a> at Sep 5, 2019, 11:01:28 AM</p>
</div>
</div>
</body>
</html>
