<!DOCTYPE html>
<html>
<head>
<meta http-equiv="Content-Type" content="text/html; charset=utf-8"/>
<meta http-equiv="x-ua-compatible" content="IE=edge"/>
<title>Test results - Class ghidra.app.plugin.core.memory.MemoryMapProvider1Test</title>
<link href="../css/base-style.css" rel="stylesheet" type="text/css"/>
<link href="../css/style.css" rel="stylesheet" type="text/css"/>
<script src="../js/report.js" type="text/javascript"></script>
</head>
<body>
<div id="content">
<h1>Class ghidra.app.plugin.core.memory.MemoryMapProvider1Test</h1>
<div class="breadcrumbs">
<a href="../index.html">all</a> &gt; 
<a href="../packages/ghidra.app.plugin.core.memory.html">ghidra.app.plugin.core.memory</a> &gt; MemoryMapProvider1Test</div>
<div id="summary">
<table>
<tr>
<td>
<div class="summaryGroup">
<table>
<tr>
<td>
<div class="infoBox" id="tests">
<div class="counter">23</div>
<p>tests</p>
</div>
</td>
<td>
<div class="infoBox" id="failures">
<div class="counter">2</div>
<p>failures</p>
</div>
</td>
<td>
<div class="infoBox" id="ignored">
<div class="counter">0</div>
<p>ignored</p>
</div>
</td>
<td>
<div class="infoBox" id="duration">
<div class="counter">12.614s</div>
<p>duration</p>
</div>
</td>
</tr>
</table>
</div>
</td>
<td>
<div class="infoBox failures" id="successRate">
<div class="percent">91%</div>
<p>successful</p>
</div>
</td>
</tr>
</table>
</div>
<div id="tabs">
<ul class="tabLinks">
<li>
<a href="#tab0">Failed tests</a>
</li>
<li>
<a href="#tab1">Tests</a>
</li>
<li>
<a href="#tab2">Standard output</a>
</li>
</ul>
<div id="tab0" class="tab">
<h2>Failed tests</h2>
<div class="test">
<a name="testDuplicateName"></a>
<h3 class="failures">testDuplicateName</h3>
<span class="code">
<pre>junit.framework.AssertionFailedError: Timed-out waiting for window of class: class docking.widgets.OptionDialog
	at docking.test.AbstractDockingTest.waitForDialogComponent(AbstractDockingTest.java:679)
	at ghidra.app.plugin.core.memory.MemoryMapProvider1Test.testDuplicateName(MemoryMapProvider1Test.java:292)
	at generic.test.TestThread.run(TestThread.java:106)
</pre>
</span>
</div>
<div class="test">
<a name="testSortEndDescending"></a>
<h3 class="failures">testSortEndDescending</h3>
<span class="code">
<pre>org.junit.ComparisonFailure: expected:&lt;[f000131b]&gt; but was:&lt;[010075ff]&gt;
	at ghidra.app.plugin.core.memory.MemoryMapProvider1Test.testSortEndDescending(MemoryMapProvider1Test.java:434)
	at generic.test.TestThread.run(TestThread.java:106)
</pre>
</span>
</div>
</div>
<div id="tab1" class="tab">
<h2>Tests</h2>
<table>
<thead>
<tr>
<th>Test</th>
<th>Duration</th>
<th>Result</th>
</tr>
</thead>
<tr>
<td class="success">testActionsEnabled</td>
<td class="success">0.202s</td>
<td class="success">passed</td>
</tr>
<tr>
<td class="success">testChangeBlockAccess</td>
<td class="success">0.407s</td>
<td class="success">passed</td>
</tr>
<tr>
<td class="success">testChangeInitState</td>
<td class="success">0.505s</td>
<td class="success">passed</td>
</tr>
<tr>
<td class="success">testChangeInitState2</td>
<td class="success">0.405s</td>
<td class="success">passed</td>
</tr>
<tr>
<td class="failures">testDuplicateName</td>
<td class="failures">2.216s</td>
<td class="failures">failed</td>
</tr>
<tr>
<td class="success">testEditComment</td>
<td class="success">1.629s</td>
<td class="success">passed</td>
</tr>
<tr>
<td class="success">testEditName</td>
<td class="success">0.509s</td>
<td class="success">passed</td>
</tr>
<tr>
<td class="success">testGoToAddress</td>
<td class="success">0.305s</td>
<td class="success">passed</td>
</tr>
<tr>
<td class="success">testMoveColumns</td>
<td class="success">0.304s</td>
<td class="success">passed</td>
</tr>
<tr>
<td class="success">testMultiSelection</td>
<td class="success">0.204s</td>
<td class="success">passed</td>
</tr>
<tr>
<td class="success">testSortBlockType</td>
<td class="success">0.405s</td>
<td class="success">passed</td>
</tr>
<tr>
<td class="success">testSortBlockTypeDescending</td>
<td class="success">0.309s</td>
<td class="success">passed</td>
</tr>
<tr>
<td class="success">testSortComment</td>
<td class="success">2.214s</td>
<td class="success">passed</td>
</tr>
<tr>
<td class="success">testSortCommentDescending</td>
<td class="success">0.202s</td>
<td class="success">passed</td>
</tr>
<tr>
<td class="success">testSortEnd</td>
<td class="success">0.202s</td>
<td class="success">passed</td>
</tr>
<tr>
<td class="failures">testSortEndDescending</td>
<td class="failures">0.308s</td>
<td class="failures">failed</td>
</tr>
<tr>
<td class="success">testSortLength</td>
<td class="success">0.303s</td>
<td class="success">passed</td>
</tr>
<tr>
<td class="success">testSortLengthDescending</td>
<td class="success">0.549s</td>
<td class="success">passed</td>
</tr>
<tr>
<td class="success">testSortNames</td>
<td class="success">0.317s</td>
<td class="success">passed</td>
</tr>
<tr>
<td class="success">testSortNamesDescending</td>
<td class="success">0.308s</td>
<td class="success">passed</td>
</tr>
<tr>
<td class="success">testSortSource</td>
<td class="success">0.302s</td>
<td class="success">passed</td>
</tr>
<tr>
<td class="success">testSortSourceDescending</td>
<td class="success">0.306s</td>
<td class="success">passed</td>
</tr>
<tr>
<td class="success">testSortStart</td>
<td class="success">0.203s</td>
<td class="success">passed</td>
</tr>
</table>
</div>
<div id="tab2" class="tab">
<h2>Standard output</h2>
<span class="code">
<pre>Created test directory: /home/lcf/repo/ghidra/Ghidra/Features/Base/build/Ghidra_test_beb0e7c6-25ce-471f-a22a-ebeae41e4368/temp.data
08:59:42 INFO  Using log config file: file:/home/lcf/repo/ghidra/Ghidra/Framework/Generic/src/main/resources/generic.log4jtest.xml   (LoggingInitialization.java:59) 
08:59:42 INFO  Using log file: /home/lcf/repo/ghidra/Ghidra/Features/Base/build/Ghidra_test_beb0e7c6-25ce-471f-a22a-ebeae41e4368/temp.data/application.log   (LoggingInitialization.java:60) 
08:59:42 INFO  Loading user preferences: /home/lcf/repo/ghidra/Ghidra/Features/Base/build/Ghidra_test_beb0e7c6-25ce-471f-a22a-ebeae41e4368/temp.data/preferences   (Preferences.java:122) 
08:59:42 INFO  Class search complete (501 ms)   (ClassSearcher.java:250) 
08:59:43 DEBUG Thu Sep 05 08:59:43 CST 2019
***** STARTING Test: MemoryMapProvider1Test - testEditComment *****   (AbstractGenericTest.java:114) 
08:59:44 DEBUG 	✓ PASSED Test: MemoryMapProvider1Test - testEditComment ✓	   (AbstractGenericTest.java:114) 
08:59:44 DEBUG Thu Sep 05 08:59:44 CST 2019
***** STARTING Test: MemoryMapProvider1Test - testEditName *****   (AbstractGenericTest.java:114) 
08:59:45 DEBUG 	✓ PASSED Test: MemoryMapProvider1Test - testEditName ✓	   (AbstractGenericTest.java:114) 
08:59:45 DEBUG Thu Sep 05 08:59:45 CST 2019
***** STARTING Test: MemoryMapProvider1Test - testSortLengthDescending *****   (AbstractGenericTest.java:114) 
08:59:45 DEBUG 	✓ PASSED Test: MemoryMapProvider1Test - testSortLengthDescending ✓	   (AbstractGenericTest.java:114) 
08:59:45 DEBUG Thu Sep 05 08:59:45 CST 2019
***** STARTING Test: MemoryMapProvider1Test - testSortBlockType *****   (AbstractGenericTest.java:114) 
08:59:46 DEBUG 	✓ PASSED Test: MemoryMapProvider1Test - testSortBlockType ✓	   (AbstractGenericTest.java:114) 
08:59:46 DEBUG Thu Sep 05 08:59:46 CST 2019
***** STARTING Test: MemoryMapProvider1Test - testSortLength *****   (AbstractGenericTest.java:114) 
08:59:46 DEBUG 	✓ PASSED Test: MemoryMapProvider1Test - testSortLength ✓	   (AbstractGenericTest.java:114) 
08:59:46 DEBUG Thu Sep 05 08:59:46 CST 2019
***** STARTING Test: MemoryMapProvider1Test - testSortSource *****   (AbstractGenericTest.java:114) 
08:59:46 DEBUG 	✓ PASSED Test: MemoryMapProvider1Test - testSortSource ✓	   (AbstractGenericTest.java:114) 
08:59:46 DEBUG Thu Sep 05 08:59:46 CST 2019
***** STARTING Test: MemoryMapProvider1Test - testSortEndDescending *****   (AbstractGenericTest.java:114) 
08:59:47 DEBUG 	✖ FAILED Test: MemoryMapProvider1Test - testSortEndDescending ✖	   (AbstractGenericTest.java:114) 
08:59:47 DEBUG Thu Sep 05 08:59:47 CST 2019
***** STARTING Test: MemoryMapProvider1Test - testChangeInitState *****   (AbstractGenericTest.java:114) 
08:59:47 DEBUG 	✓ PASSED Test: MemoryMapProvider1Test - testChangeInitState ✓	   (AbstractGenericTest.java:114) 
08:59:47 DEBUG Thu Sep 05 08:59:47 CST 2019
***** STARTING Test: MemoryMapProvider1Test - testMultiSelection *****   (AbstractGenericTest.java:114) 
08:59:47 DEBUG 	✓ PASSED Test: MemoryMapProvider1Test - testMultiSelection ✓	   (AbstractGenericTest.java:114) 
08:59:47 DEBUG Thu Sep 05 08:59:47 CST 2019
***** STARTING Test: MemoryMapProvider1Test - testChangeBlockAccess *****   (AbstractGenericTest.java:114) 
08:59:48 DEBUG 	✓ PASSED Test: MemoryMapProvider1Test - testChangeBlockAccess ✓	   (AbstractGenericTest.java:114) 
08:59:48 DEBUG Thu Sep 05 08:59:48 CST 2019
***** STARTING Test: MemoryMapProvider1Test - testChangeInitState2 *****   (AbstractGenericTest.java:114) 
08:59:48 DEBUG Exec Task Unitialize Memory Block   (ToolTaskManager.java:302) 
08:59:48 DEBUG   task finish (0.046 secs)   (ToolTaskManager.java:357) 
08:59:48 DEBUG   task Complete (0.056 secs)   (ToolTaskManager.java:407) 
08:59:48 DEBUG 	✓ PASSED Test: MemoryMapProvider1Test - testChangeInitState2 ✓	   (AbstractGenericTest.java:114) 
08:59:48 DEBUG Thu Sep 05 08:59:48 CST 2019
***** STARTING Test: MemoryMapProvider1Test - testSortNamesDescending *****   (AbstractGenericTest.java:114) 
08:59:48 DEBUG 	✓ PASSED Test: MemoryMapProvider1Test - testSortNamesDescending ✓	   (AbstractGenericTest.java:114) 
08:59:48 DEBUG Thu Sep 05 08:59:48 CST 2019
***** STARTING Test: MemoryMapProvider1Test - testMoveColumns *****   (AbstractGenericTest.java:114) 
08:59:49 DEBUG 	✓ PASSED Test: MemoryMapProvider1Test - testMoveColumns ✓	   (AbstractGenericTest.java:114) 
08:59:49 DEBUG Thu Sep 05 08:59:49 CST 2019
***** STARTING Test: MemoryMapProvider1Test - testSortBlockTypeDescending *****   (AbstractGenericTest.java:114) 
08:59:49 DEBUG 	✓ PASSED Test: MemoryMapProvider1Test - testSortBlockTypeDescending ✓	   (AbstractGenericTest.java:114) 
08:59:49 DEBUG Thu Sep 05 08:59:49 CST 2019
***** STARTING Test: MemoryMapProvider1Test - testSortNames *****   (AbstractGenericTest.java:114) 
08:59:49 DEBUG 	✓ PASSED Test: MemoryMapProvider1Test - testSortNames ✓	   (AbstractGenericTest.java:114) 
08:59:49 DEBUG Thu Sep 05 08:59:49 CST 2019
***** STARTING Test: MemoryMapProvider1Test - testSortStart *****   (AbstractGenericTest.java:114) 
08:59:50 DEBUG 	✓ PASSED Test: MemoryMapProvider1Test - testSortStart ✓	   (AbstractGenericTest.java:114) 
08:59:50 DEBUG Thu Sep 05 08:59:50 CST 2019
***** STARTING Test: MemoryMapProvider1Test - testDuplicateName *****   (AbstractGenericTest.java:114) 
08:59:52 DEBUG 	✖ FAILED Test: MemoryMapProvider1Test - testDuplicateName ✖	   (AbstractGenericTest.java:114) 
08:59:52 DEBUG Thu Sep 05 08:59:52 CST 2019
***** STARTING Test: MemoryMapProvider1Test - testSortCommentDescending *****   (AbstractGenericTest.java:114) 
08:59:52 DEBUG 	✓ PASSED Test: MemoryMapProvider1Test - testSortCommentDescending ✓	   (AbstractGenericTest.java:114) 
08:59:52 DEBUG Thu Sep 05 08:59:52 CST 2019
***** STARTING Test: MemoryMapProvider1Test - testSortComment *****   (AbstractGenericTest.java:114) 
08:59:54 DEBUG 	✓ PASSED Test: MemoryMapProvider1Test - testSortComment ✓	   (AbstractGenericTest.java:114) 
08:59:54 DEBUG Thu Sep 05 08:59:54 CST 2019
***** STARTING Test: MemoryMapProvider1Test - testActionsEnabled *****   (AbstractGenericTest.java:114) 
08:59:54 DEBUG 	✓ PASSED Test: MemoryMapProvider1Test - testActionsEnabled ✓	   (AbstractGenericTest.java:114) 
08:59:54 DEBUG Thu Sep 05 08:59:54 CST 2019
***** STARTING Test: MemoryMapProvider1Test - testSortSourceDescending *****   (AbstractGenericTest.java:114) 
08:59:55 DEBUG 	✓ PASSED Test: MemoryMapProvider1Test - testSortSourceDescending ✓	   (AbstractGenericTest.java:114) 
08:59:55 DEBUG Thu Sep 05 08:59:55 CST 2019
***** STARTING Test: MemoryMapProvider1Test - testSortEnd *****   (AbstractGenericTest.java:114) 
08:59:55 DEBUG 	✓ PASSED Test: MemoryMapProvider1Test - testSortEnd ✓	   (AbstractGenericTest.java:114) 
08:59:55 DEBUG Thu Sep 05 08:59:55 CST 2019
***** STARTING Test: MemoryMapProvider1Test - testGoToAddress *****   (AbstractGenericTest.java:114) 
08:59:55 DEBUG 	✓ PASSED Test: MemoryMapProvider1Test - testGoToAddress ✓	   (AbstractGenericTest.java:114) 
</pre>
</span>
</div>
</div>
<div id="footer">
<p>
<div>
<label class="hidden" id="label-for-line-wrapping-toggle" for="line-wrapping-toggle">Wrap lines
<input id="line-wrapping-toggle" type="checkbox" autocomplete="off"/>
</label>
</div>Generated by 
<a href="http://www.gradle.org">Gradle 5.6.1</a> at Sep 5, 2019, 11:01:28 AM</p>
</div>
</div>
</body>
</html>
