<!DOCTYPE html>
<html>
<head>
<meta http-equiv="Content-Type" content="text/html; charset=utf-8"/>
<meta http-equiv="x-ua-compatible" content="IE=edge"/>
<title>Test results - Class ghidra.app.plugin.core.function.editor.FunctionEditorModelTest</title>
<link href="../css/base-style.css" rel="stylesheet" type="text/css"/>
<link href="../css/style.css" rel="stylesheet" type="text/css"/>
<script src="../js/report.js" type="text/javascript"></script>
</head>
<body>
<div id="content">
<h1>Class ghidra.app.plugin.core.function.editor.FunctionEditorModelTest</h1>
<div class="breadcrumbs">
<a href="../index.html">all</a> &gt; 
<a href="../packages/ghidra.app.plugin.core.function.editor.html">ghidra.app.plugin.core.function.editor</a> &gt; FunctionEditorModelTest</div>
<div id="summary">
<table>
<tr>
<td>
<div class="summaryGroup">
<table>
<tr>
<td>
<div class="infoBox" id="tests">
<div class="counter">67</div>
<p>tests</p>
</div>
</td>
<td>
<div class="infoBox" id="failures">
<div class="counter">23</div>
<p>failures</p>
</div>
</td>
<td>
<div class="infoBox" id="ignored">
<div class="counter">0</div>
<p>ignored</p>
</div>
</td>
<td>
<div class="infoBox" id="duration">
<div class="counter">8.558s</div>
<p>duration</p>
</div>
</td>
</tr>
</table>
</div>
</td>
<td>
<div class="infoBox failures" id="successRate">
<div class="percent">65%</div>
<p>successful</p>
</div>
</td>
</tr>
</table>
</div>
<div id="tabs">
<ul class="tabLinks">
<li>
<a href="#tab0">Failed tests</a>
</li>
<li>
<a href="#tab1">Tests</a>
</li>
<li>
<a href="#tab2">Standard output</a>
</li>
</ul>
<div id="tab0" class="tab">
<h2>Failed tests</h2>
<div class="test">
<a name="testApplyFunctionChanges"></a>
<h3 class="failures">testApplyFunctionChanges</h3>
<span class="code">
<pre>java.lang.IllegalArgumentException: Destination DataTypeManager or DataTypeManagerService provider required
	at ghidra.app.util.parser.FunctionSignatureParser.&lt;init&gt;(FunctionSignatureParser.java:78)
	at ghidra.app.plugin.core.function.editor.FunctionEditorModel.parseSignatureFieldText(FunctionEditorModel.java:1178)
	at ghidra.app.plugin.core.function.editor.FunctionEditorModelTest.testApplyFunctionChanges(FunctionEditorModelTest.java:806)
	at generic.test.TestThread.run(TestThread.java:106)
</pre>
</span>
</div>
<div class="test">
<a name="testApplyFunctionNameChange"></a>
<h3 class="failures">testApplyFunctionNameChange</h3>
<span class="code">
<pre>java.lang.IllegalArgumentException: Destination DataTypeManager or DataTypeManagerService provider required
	at ghidra.app.util.parser.FunctionSignatureParser.&lt;init&gt;(FunctionSignatureParser.java:78)
	at ghidra.app.plugin.core.function.editor.FunctionEditorModel.parseSignatureFieldText(FunctionEditorModel.java:1178)
	at ghidra.app.plugin.core.function.editor.FunctionEditorModelTest.testApplyFunctionNameChange(FunctionEditorModelTest.java:797)
	at generic.test.TestThread.run(TestThread.java:106)
</pre>
</span>
</div>
<div class="test">
<a name="testApplyUseCustomStorage"></a>
<h3 class="failures">testApplyUseCustomStorage</h3>
<span class="code">
<pre>java.lang.IllegalArgumentException: Destination DataTypeManager or DataTypeManagerService provider required
	at ghidra.app.util.parser.FunctionSignatureParser.&lt;init&gt;(FunctionSignatureParser.java:78)
	at ghidra.app.plugin.core.function.editor.FunctionEditorModel.parseSignatureFieldText(FunctionEditorModel.java:1178)
	at ghidra.app.plugin.core.function.editor.FunctionEditorModelTest.testApplyUseCustomStorage(FunctionEditorModelTest.java:1855)
	at generic.test.TestThread.run(TestThread.java:106)
</pre>
</span>
</div>
<div class="test">
<a name="testAutoAddingRemovingThisParameterFixesSelection"></a>
<h3 class="failures">testAutoAddingRemovingThisParameterFixesSelection</h3>
<span class="code">
<pre>java.lang.IllegalArgumentException: Destination DataTypeManager or DataTypeManagerService provider required
	at ghidra.app.util.parser.FunctionSignatureParser.&lt;init&gt;(FunctionSignatureParser.java:78)
	at ghidra.app.plugin.core.function.editor.FunctionEditorModel.parseSignatureFieldText(FunctionEditorModel.java:1178)
	at ghidra.app.plugin.core.function.editor.FunctionEditorModelTest.testAutoAddingRemovingThisParameterFixesSelection(FunctionEditorModelTest.java:1675)
	at generic.test.TestThread.run(TestThread.java:106)
</pre>
</span>
</div>
<div class="test">
<a name="testCopyStorageByNameAndOrdinal"></a>
<h3 class="failures">testCopyStorageByNameAndOrdinal</h3>
<span class="code">
<pre>java.lang.IllegalArgumentException: Destination DataTypeManager or DataTypeManagerService provider required
	at ghidra.app.util.parser.FunctionSignatureParser.&lt;init&gt;(FunctionSignatureParser.java:78)
	at ghidra.app.plugin.core.function.editor.FunctionEditorModel.parseSignatureFieldText(FunctionEditorModel.java:1178)
	at ghidra.app.plugin.core.function.editor.FunctionEditorModelTest.testCopyStorageByNameAndOrdinal(FunctionEditorModelTest.java:1791)
	at generic.test.TestThread.run(TestThread.java:106)
</pre>
</span>
</div>
<div class="test">
<a name="testCopyStorageByNameAndOrdinal2"></a>
<h3 class="failures">testCopyStorageByNameAndOrdinal2</h3>
<span class="code">
<pre>java.lang.IllegalArgumentException: Destination DataTypeManager or DataTypeManagerService provider required
	at ghidra.app.util.parser.FunctionSignatureParser.&lt;init&gt;(FunctionSignatureParser.java:78)
	at ghidra.app.plugin.core.function.editor.FunctionEditorModel.parseSignatureFieldText(FunctionEditorModel.java:1178)
	at ghidra.app.plugin.core.function.editor.FunctionEditorModelTest.testCopyStorageByNameAndOrdinal2(FunctionEditorModelTest.java:1813)
	at generic.test.TestThread.run(TestThread.java:106)
</pre>
</span>
</div>
<div class="test">
<a name="testCopyStorageByNameWhenParsing"></a>
<h3 class="failures">testCopyStorageByNameWhenParsing</h3>
<span class="code">
<pre>java.lang.IllegalArgumentException: Destination DataTypeManager or DataTypeManagerService provider required
	at ghidra.app.util.parser.FunctionSignatureParser.&lt;init&gt;(FunctionSignatureParser.java:78)
	at ghidra.app.plugin.core.function.editor.FunctionEditorModel.parseSignatureFieldText(FunctionEditorModel.java:1178)
	at ghidra.app.plugin.core.function.editor.FunctionEditorModelTest.testCopyStorageByNameWhenParsing(FunctionEditorModelTest.java:1749)
	at generic.test.TestThread.run(TestThread.java:106)
</pre>
</span>
</div>
<div class="test">
<a name="testCopyStorageByOrdinal"></a>
<h3 class="failures">testCopyStorageByOrdinal</h3>
<span class="code">
<pre>java.lang.IllegalArgumentException: Destination DataTypeManager or DataTypeManagerService provider required
	at ghidra.app.util.parser.FunctionSignatureParser.&lt;init&gt;(FunctionSignatureParser.java:78)
	at ghidra.app.plugin.core.function.editor.FunctionEditorModel.parseSignatureFieldText(FunctionEditorModel.java:1178)
	at ghidra.app.plugin.core.function.editor.FunctionEditorModelTest.testCopyStorageByOrdinal(FunctionEditorModelTest.java:1770)
	at generic.test.TestThread.run(TestThread.java:106)
</pre>
</span>
</div>
<div class="test">
<a name="testCopyStorageQuitsWhenSizesDontMatch"></a>
<h3 class="failures">testCopyStorageQuitsWhenSizesDontMatch</h3>
<span class="code">
<pre>java.lang.IllegalArgumentException: Destination DataTypeManager or DataTypeManagerService provider required
	at ghidra.app.util.parser.FunctionSignatureParser.&lt;init&gt;(FunctionSignatureParser.java:78)
	at ghidra.app.plugin.core.function.editor.FunctionEditorModel.parseSignatureFieldText(FunctionEditorModel.java:1178)
	at ghidra.app.plugin.core.function.editor.FunctionEditorModelTest.testCopyStorageQuitsWhenSizesDontMatch(FunctionEditorModelTest.java:1836)
	at generic.test.TestThread.run(TestThread.java:106)
</pre>
</span>
</div>
<div class="test">
<a name="testForcedIndirectWithBigTypes"></a>
<h3 class="failures">testForcedIndirectWithBigTypes</h3>
<span class="code">
<pre>java.lang.IllegalArgumentException: Destination DataTypeManager or DataTypeManagerService provider required
	at ghidra.app.util.parser.FunctionSignatureParser.&lt;init&gt;(FunctionSignatureParser.java:78)
	at ghidra.app.plugin.core.function.editor.FunctionEditorModel.parseSignatureFieldText(FunctionEditorModel.java:1178)
	at ghidra.app.plugin.core.function.editor.FunctionEditorModelTest.testForcedIndirectWithBigTypes(FunctionEditorModelTest.java:1350)
	at generic.test.TestThread.run(TestThread.java:106)
</pre>
</span>
</div>
<div class="test">
<a name="testPar"></a>
<h3 class="failures">testPar</h3>
<span class="code">
<pre>java.lang.IllegalArgumentException: Destination DataTypeManager or DataTypeManagerService provider required
	at ghidra.app.util.parser.FunctionSignatureParser.&lt;init&gt;(FunctionSignatureParser.java:78)
	at ghidra.app.plugin.core.function.editor.FunctionEditorModel.parseSignatureFieldText(FunctionEditorModel.java:1178)
	at ghidra.app.plugin.core.function.editor.FunctionEditorModelTest.testPar(FunctionEditorModelTest.java:1904)
	at generic.test.TestThread.run(TestThread.java:106)
</pre>
</span>
</div>
<div class="test">
<a name="testParsingAnotherGoodSimpleSignature"></a>
<h3 class="failures">testParsingAnotherGoodSimpleSignature</h3>
<span class="code">
<pre>java.lang.IllegalArgumentException: Destination DataTypeManager or DataTypeManagerService provider required
	at ghidra.app.util.parser.FunctionSignatureParser.&lt;init&gt;(FunctionSignatureParser.java:78)
	at ghidra.app.plugin.core.function.editor.FunctionEditorModel.parseSignatureFieldText(FunctionEditorModel.java:1178)
	at ghidra.app.plugin.core.function.editor.FunctionEditorModelTest.testParsingAnotherGoodSimpleSignature(FunctionEditorModelTest.java:641)
	at generic.test.TestThread.run(TestThread.java:106)
</pre>
</span>
</div>
<div class="test">
<a name="testParsingBadSignature"></a>
<h3 class="failures">testParsingBadSignature</h3>
<span class="code">
<pre>java.lang.IllegalArgumentException: Destination DataTypeManager or DataTypeManagerService provider required
	at ghidra.app.util.parser.FunctionSignatureParser.&lt;init&gt;(FunctionSignatureParser.java:78)
	at ghidra.app.plugin.core.function.editor.FunctionEditorModel.parseSignatureFieldText(FunctionEditorModel.java:1178)
	at ghidra.app.plugin.core.function.editor.FunctionEditorModelTest.testParsingBadSignature(FunctionEditorModelTest.java:776)
	at generic.test.TestThread.run(TestThread.java:106)
</pre>
</span>
</div>
<div class="test">
<a name="testParsingGoodSimpleSignature"></a>
<h3 class="failures">testParsingGoodSimpleSignature</h3>
<span class="code">
<pre>java.lang.IllegalArgumentException: Destination DataTypeManager or DataTypeManagerService provider required
	at ghidra.app.util.parser.FunctionSignatureParser.&lt;init&gt;(FunctionSignatureParser.java:78)
	at ghidra.app.plugin.core.function.editor.FunctionEditorModel.parseSignatureFieldText(FunctionEditorModel.java:1178)
	at ghidra.app.plugin.core.function.editor.FunctionEditorModelTest.testParsingGoodSimpleSignature(FunctionEditorModelTest.java:629)
	at generic.test.TestThread.run(TestThread.java:106)
</pre>
</span>
</div>
<div class="test">
<a name="testParsingSignatureWithForcedIndirect"></a>
<h3 class="failures">testParsingSignatureWithForcedIndirect</h3>
<span class="code">
<pre>java.lang.IllegalArgumentException: Destination DataTypeManager or DataTypeManagerService provider required
	at ghidra.app.util.parser.FunctionSignatureParser.&lt;init&gt;(FunctionSignatureParser.java:78)
	at ghidra.app.plugin.core.function.editor.FunctionEditorModel.parseSignatureFieldText(FunctionEditorModel.java:1178)
	at ghidra.app.plugin.core.function.editor.FunctionEditorModelTest.testParsingSignatureWithForcedIndirect(FunctionEditorModelTest.java:672)
	at generic.test.TestThread.run(TestThread.java:106)
</pre>
</span>
</div>
<div class="test">
<a name="testParsingSignatureWithForcedIndirectAndAuto"></a>
<h3 class="failures">testParsingSignatureWithForcedIndirectAndAuto</h3>
<span class="code">
<pre>java.lang.IllegalArgumentException: Destination DataTypeManager or DataTypeManagerService provider required
	at ghidra.app.util.parser.FunctionSignatureParser.&lt;init&gt;(FunctionSignatureParser.java:78)
	at ghidra.app.plugin.core.function.editor.FunctionEditorModel.parseSignatureFieldText(FunctionEditorModel.java:1178)
	at ghidra.app.plugin.core.function.editor.FunctionEditorModelTest.testParsingSignatureWithForcedIndirectAndAuto(FunctionEditorModelTest.java:728)
	at generic.test.TestThread.run(TestThread.java:106)
</pre>
</span>
</div>
<div class="test">
<a name="testParsingSignatureWithInvalid_C_Chars"></a>
<h3 class="failures">testParsingSignatureWithInvalid_C_Chars</h3>
<span class="code">
<pre>java.lang.IllegalArgumentException: Destination DataTypeManager or DataTypeManagerService provider required
	at ghidra.app.util.parser.FunctionSignatureParser.&lt;init&gt;(FunctionSignatureParser.java:78)
	at ghidra.app.plugin.core.function.editor.FunctionEditorModel.parseSignatureFieldText(FunctionEditorModel.java:1178)
	at ghidra.app.plugin.core.function.editor.FunctionEditorModelTest.testParsingSignatureWithInvalid_C_Chars(FunctionEditorModelTest.java:789)
	at generic.test.TestThread.run(TestThread.java:106)
</pre>
</span>
</div>
<div class="test">
<a name="testParsingSignatureWithVarArgs"></a>
<h3 class="failures">testParsingSignatureWithVarArgs</h3>
<span class="code">
<pre>java.lang.IllegalArgumentException: Destination DataTypeManager or DataTypeManagerService provider required
	at ghidra.app.util.parser.FunctionSignatureParser.&lt;init&gt;(FunctionSignatureParser.java:78)
	at ghidra.app.plugin.core.function.editor.FunctionEditorModel.parseSignatureFieldText(FunctionEditorModel.java:1178)
	at ghidra.app.plugin.core.function.editor.FunctionEditorModelTest.testParsingSignatureWithVarArgs(FunctionEditorModelTest.java:653)
	at generic.test.TestThread.run(TestThread.java:106)
</pre>
</span>
</div>
<div class="test">
<a name="testParsingWorksEvenWithBadFunctionNameIfFunctionNameNotChanged"></a>
<h3 class="failures">testParsingWorksEvenWithBadFunctionNameIfFunctionNameNotChanged</h3>
<span class="code">
<pre>java.lang.IllegalArgumentException: Destination DataTypeManager or DataTypeManagerService provider required
	at ghidra.app.util.parser.FunctionSignatureParser.&lt;init&gt;(FunctionSignatureParser.java:78)
	at ghidra.app.plugin.core.function.editor.FunctionEditorModel.parseSignatureFieldText(FunctionEditorModel.java:1178)
	at ghidra.app.plugin.core.function.editor.FunctionEditorModelTest.testParsingWorksEvenWithBadFunctionNameIfFunctionNameNotChanged(FunctionEditorModelTest.java:1710)
	at generic.test.TestThread.run(TestThread.java:106)
</pre>
</span>
</div>
<div class="test">
<a name="testParsingWorksWithNamePatternDuplication"></a>
<h3 class="failures">testParsingWorksWithNamePatternDuplication</h3>
<span class="code">
<pre>java.lang.IllegalArgumentException: Destination DataTypeManager or DataTypeManagerService provider required
	at ghidra.app.util.parser.FunctionSignatureParser.&lt;init&gt;(FunctionSignatureParser.java:78)
	at ghidra.app.plugin.core.function.editor.FunctionEditorModel.parseSignatureFieldText(FunctionEditorModel.java:1178)
	at ghidra.app.plugin.core.function.editor.FunctionEditorModelTest.testParsingWorksWithNamePatternDuplication(FunctionEditorModelTest.java:1731)
	at generic.test.TestThread.run(TestThread.java:106)
</pre>
</span>
</div>
<div class="test">
<a name="testSettingParamStorageTooBig"></a>
<h3 class="failures">testSettingParamStorageTooBig</h3>
<span class="code">
<pre>java.lang.IllegalArgumentException: Destination DataTypeManager or DataTypeManagerService provider required
	at ghidra.app.util.parser.FunctionSignatureParser.&lt;init&gt;(FunctionSignatureParser.java:78)
	at ghidra.app.plugin.core.function.editor.FunctionEditorModel.parseSignatureFieldText(FunctionEditorModel.java:1178)
	at ghidra.app.plugin.core.function.editor.FunctionEditorModelTest.testSettingParamStorageTooBig(FunctionEditorModelTest.java:887)
	at generic.test.TestThread.run(TestThread.java:106)
</pre>
</span>
</div>
<div class="test">
<a name="testSettingParamTypeToVariableLengthDT"></a>
<h3 class="failures">testSettingParamTypeToVariableLengthDT</h3>
<span class="code">
<pre>java.lang.IllegalArgumentException: Destination DataTypeManager or DataTypeManagerService provider required
	at ghidra.app.util.parser.FunctionSignatureParser.&lt;init&gt;(FunctionSignatureParser.java:78)
	at ghidra.app.plugin.core.function.editor.FunctionEditorModel.parseSignatureFieldText(FunctionEditorModel.java:1178)
	at ghidra.app.plugin.core.function.editor.FunctionEditorModelTest.testSettingParamTypeToVariableLengthDT(FunctionEditorModelTest.java:923)
	at generic.test.TestThread.run(TestThread.java:106)
</pre>
</span>
</div>
<div class="test">
<a name="testSettingParamTypeToVoid"></a>
<h3 class="failures">testSettingParamTypeToVoid</h3>
<span class="code">
<pre>java.lang.IllegalArgumentException: Destination DataTypeManager or DataTypeManagerService provider required
	at ghidra.app.util.parser.FunctionSignatureParser.&lt;init&gt;(FunctionSignatureParser.java:78)
	at ghidra.app.plugin.core.function.editor.FunctionEditorModel.parseSignatureFieldText(FunctionEditorModel.java:1178)
	at ghidra.app.plugin.core.function.editor.FunctionEditorModelTest.testSettingParamTypeToVoid(FunctionEditorModelTest.java:938)
	at generic.test.TestThread.run(TestThread.java:106)
</pre>
</span>
</div>
</div>
<div id="tab1" class="tab">
<h2>Tests</h2>
<table>
<thead>
<tr>
<th>Test</th>
<th>Duration</th>
<th>Result</th>
</tr>
</thead>
<tr>
<td class="success">testAddParams</td>
<td class="success">0.102s</td>
<td class="success">passed</td>
</tr>
<tr>
<td class="failures">testApplyFunctionChanges</td>
<td class="failures">0.102s</td>
<td class="failures">failed</td>
</tr>
<tr>
<td class="failures">testApplyFunctionNameChange</td>
<td class="failures">0.102s</td>
<td class="failures">failed</td>
</tr>
<tr>
<td class="failures">testApplyUseCustomStorage</td>
<td class="failures">0.103s</td>
<td class="failures">failed</td>
</tr>
<tr>
<td class="success">testAutoAddingRemovingThisParameter</td>
<td class="success">1.379s</td>
<td class="success">passed</td>
</tr>
<tr>
<td class="failures">testAutoAddingRemovingThisParameterFixesSelection</td>
<td class="failures">0.103s</td>
<td class="failures">failed</td>
</tr>
<tr>
<td class="success">testAutoStorageFix</td>
<td class="success">0.102s</td>
<td class="success">passed</td>
</tr>
<tr>
<td class="success">testAutoStorageFixReg</td>
<td class="success">0.102s</td>
<td class="success">passed</td>
</tr>
<tr>
<td class="success">testCantDeleteReturnValueInTable</td>
<td class="success">0.105s</td>
<td class="success">passed</td>
</tr>
<tr>
<td class="success">testCantMoveThisParameterUpOrDown</td>
<td class="success">0.102s</td>
<td class="success">passed</td>
</tr>
<tr>
<td class="success">testChangeParameter</td>
<td class="success">0.102s</td>
<td class="success">passed</td>
</tr>
<tr>
<td class="success">testChangingCallingConvention</td>
<td class="success">0.102s</td>
<td class="success">passed</td>
</tr>
<tr>
<td class="success">testChangingSignatureFieldTextSetsParsingMode</td>
<td class="success">0.103s</td>
<td class="success">passed</td>
</tr>
<tr>
<td class="failures">testCopyStorageByNameAndOrdinal</td>
<td class="failures">0.102s</td>
<td class="failures">failed</td>
</tr>
<tr>
<td class="failures">testCopyStorageByNameAndOrdinal2</td>
<td class="failures">0.102s</td>
<td class="failures">failed</td>
</tr>
<tr>
<td class="failures">testCopyStorageByNameWhenParsing</td>
<td class="failures">0.104s</td>
<td class="failures">failed</td>
</tr>
<tr>
<td class="failures">testCopyStorageByOrdinal</td>
<td class="failures">0.103s</td>
<td class="failures">failed</td>
</tr>
<tr>
<td class="failures">testCopyStorageQuitsWhenSizesDontMatch</td>
<td class="failures">0.104s</td>
<td class="failures">failed</td>
</tr>
<tr>
<td class="success">testCustomStorage</td>
<td class="success">0.102s</td>
<td class="success">passed</td>
</tr>
<tr>
<td class="success">testDisposingModelPreventsEvents</td>
<td class="success">0.102s</td>
<td class="success">passed</td>
</tr>
<tr>
<td class="success">testDualAutoStorage1</td>
<td class="success">0.103s</td>
<td class="success">passed</td>
</tr>
<tr>
<td class="success">testDualAutoStorage2</td>
<td class="success">0.521s</td>
<td class="success">passed</td>
</tr>
<tr>
<td class="success">testDuplicateParamNames</td>
<td class="success">0.102s</td>
<td class="success">passed</td>
</tr>
<tr>
<td class="failures">testForcedIndirectWithBigTypes</td>
<td class="failures">0.102s</td>
<td class="failures">failed</td>
</tr>
<tr>
<td class="success">testGetFunctionNameStartPosition</td>
<td class="success">0.103s</td>
<td class="success">passed</td>
</tr>
<tr>
<td class="success">testInLineAndCallFixup</td>
<td class="success">0.101s</td>
<td class="success">passed</td>
</tr>
<tr>
<td class="success">testInsufficientStorageSize</td>
<td class="success">0.103s</td>
<td class="success">passed</td>
</tr>
<tr>
<td class="success">testInsufficientStorageSize2</td>
<td class="success">0.102s</td>
<td class="success">passed</td>
</tr>
<tr>
<td class="success">testInvalidWhenStorageNotSpecified</td>
<td class="success">0.102s</td>
<td class="success">passed</td>
</tr>
<tr>
<td class="success">testMoveDown</td>
<td class="success">0.102s</td>
<td class="success">passed</td>
</tr>
<tr>
<td class="success">testMoveUp</td>
<td class="success">0.101s</td>
<td class="success">passed</td>
</tr>
<tr>
<td class="success">testMoveUpDownEnablement</td>
<td class="success">0.101s</td>
<td class="success">passed</td>
</tr>
<tr>
<td class="success">testNameParameter</td>
<td class="success">0.103s</td>
<td class="success">passed</td>
</tr>
<tr>
<td class="success">testNoReturn</td>
<td class="success">0.101s</td>
<td class="success">passed</td>
</tr>
<tr>
<td class="failures">testPar</td>
<td class="failures">0.103s</td>
<td class="failures">failed</td>
</tr>
<tr>
<td class="success">testParamNameHasInvalidChars</td>
<td class="success">0.102s</td>
<td class="success">passed</td>
</tr>
<tr>
<td class="failures">testParsingAnotherGoodSimpleSignature</td>
<td class="failures">0.102s</td>
<td class="failures">failed</td>
</tr>
<tr>
<td class="failures">testParsingBadSignature</td>
<td class="failures">0.104s</td>
<td class="failures">failed</td>
</tr>
<tr>
<td class="failures">testParsingGoodSimpleSignature</td>
<td class="failures">0.108s</td>
<td class="failures">failed</td>
</tr>
<tr>
<td class="failures">testParsingSignatureWithForcedIndirect</td>
<td class="failures">0.102s</td>
<td class="failures">failed</td>
</tr>
<tr>
<td class="failures">testParsingSignatureWithForcedIndirectAndAuto</td>
<td class="failures">0.103s</td>
<td class="failures">failed</td>
</tr>
<tr>
<td class="failures">testParsingSignatureWithInvalid_C_Chars</td>
<td class="failures">0.102s</td>
<td class="failures">failed</td>
</tr>
<tr>
<td class="failures">testParsingSignatureWithVarArgs</td>
<td class="failures">0.104s</td>
<td class="failures">failed</td>
</tr>
<tr>
<td class="failures">testParsingWorksEvenWithBadFunctionNameIfFunctionNameNotChanged</td>
<td class="failures">0.102s</td>
<td class="failures">failed</td>
</tr>
<tr>
<td class="failures">testParsingWorksWithNamePatternDuplication</td>
<td class="failures">0.104s</td>
<td class="failures">failed</td>
</tr>
<tr>
<td class="success">testRemoveAllParams</td>
<td class="success">0.102s</td>
<td class="success">passed</td>
</tr>
<tr>
<td class="success">testRemoveFirstParam</td>
<td class="success">0.102s</td>
<td class="success">passed</td>
</tr>
<tr>
<td class="success">testRemoveLastParam</td>
<td class="success">0.104s</td>
<td class="success">passed</td>
</tr>
<tr>
<td class="success">testRemoveMultipleParams</td>
<td class="success">0.101s</td>
<td class="success">passed</td>
</tr>
<tr>
<td class="success">testRemoveParameters</td>
<td class="success">0.102s</td>
<td class="success">passed</td>
</tr>
<tr>
<td class="success">testResetSignatureFieldText</td>
<td class="success">0.103s</td>
<td class="success">passed</td>
</tr>
<tr>
<td class="success">testReturnStorageSizeNotMatchReturnTypeSize</td>
<td class="success">0.103s</td>
<td class="success">passed</td>
</tr>
<tr>
<td class="success">testSetEmptyName</td>
<td class="success">0.102s</td>
<td class="success">passed</td>
</tr>
<tr>
<td class="success">testSetInLine</td>
<td class="success">0.101s</td>
<td class="success">passed</td>
</tr>
<tr>
<td class="success">testSetName</td>
<td class="success">0.101s</td>
<td class="success">passed</td>
</tr>
<tr>
<td class="success">testSettingInvalidFunctionName</td>
<td class="success">0.103s</td>
<td class="success">passed</td>
</tr>
<tr>
<td class="success">testSettingNameWithSameNameDoesNotSendDataChangeEvent</td>
<td class="success">0.103s</td>
<td class="success">passed</td>
</tr>
<tr>
<td class="failures">testSettingParamStorageTooBig</td>
<td class="failures">0.102s</td>
<td class="failures">failed</td>
</tr>
<tr>
<td class="failures">testSettingParamTypeToVariableLengthDT</td>
<td class="failures">0.102s</td>
<td class="failures">failed</td>
</tr>
<tr>
<td class="failures">testSettingParamTypeToVoid</td>
<td class="failures">0.102s</td>
<td class="failures">failed</td>
</tr>
<tr>
<td class="success">testSettingReturnStorageTooBig</td>
<td class="success">0.102s</td>
<td class="success">passed</td>
</tr>
<tr>
<td class="success">testSettingReturnTypeToTypeDef</td>
<td class="success">0.102s</td>
<td class="success">passed</td>
</tr>
<tr>
<td class="success">testSettingReturnTypeToVariableLengthDT</td>
<td class="success">0.102s</td>
<td class="success">passed</td>
</tr>
<tr>
<td class="success">testSettingSameReturnTypeDoesNothing</td>
<td class="success">0.103s</td>
<td class="success">passed</td>
</tr>
<tr>
<td class="success">testTurningOffCustomStorageFixesReturnStorage</td>
<td class="success">0.102s</td>
<td class="success">passed</td>
</tr>
<tr>
<td class="success">testVarArgs</td>
<td class="success">0.102s</td>
<td class="success">passed</td>
</tr>
<tr>
<td class="success">testsetRawReturnType</td>
<td class="success">0.101s</td>
<td class="success">passed</td>
</tr>
</table>
</div>
<div id="tab2" class="tab">
<h2>Standard output</h2>
<span class="code">
<pre>Created test directory: /home/lcf/repo/190904/ghidra/Ghidra/Features/Base/build/Ghidra_test_32af185e-22fc-40a4-bf35-1b0b7974fb92/temp.data
13:55:09 INFO  Using log config file: file:/home/lcf/repo/190904/ghidra/Ghidra/Framework/Generic/src/main/resources/generic.log4jtest.xml   (LoggingInitialization.java:59) 
13:55:09 INFO  Using log file: /home/lcf/repo/190904/ghidra/Ghidra/Features/Base/build/Ghidra_test_32af185e-22fc-40a4-bf35-1b0b7974fb92/temp.data/application.log   (LoggingInitialization.java:60) 
13:55:09 DEBUG Wed Sep 04 13:55:09 CST 2019
***** STARTING Test: FunctionEditorModelTest - testAutoAddingRemovingThisParameter *****   (AbstractGenericTest.java:114) 
13:55:11 DEBUG 	✓ PASSED Test: FunctionEditorModelTest - testAutoAddingRemovingThisParameter ✓	   (AbstractGenericTest.java:114) 
13:55:11 DEBUG Wed Sep 04 13:55:11 CST 2019
***** STARTING Test: FunctionEditorModelTest - testParsingWorksWithNamePatternDuplication *****   (AbstractGenericTest.java:114) 
13:55:11 DEBUG 	✖ FAILED Test: FunctionEditorModelTest - testParsingWorksWithNamePatternDuplication ✖	   (AbstractGenericTest.java:114) 
13:55:11 DEBUG Wed Sep 04 13:55:11 CST 2019
***** STARTING Test: FunctionEditorModelTest - testApplyUseCustomStorage *****   (AbstractGenericTest.java:114) 
13:55:11 DEBUG 	✖ FAILED Test: FunctionEditorModelTest - testApplyUseCustomStorage ✖	   (AbstractGenericTest.java:114) 
13:55:11 DEBUG Wed Sep 04 13:55:11 CST 2019
***** STARTING Test: FunctionEditorModelTest - testSettingReturnTypeToTypeDef *****   (AbstractGenericTest.java:114) 
13:55:11 DEBUG 	✓ PASSED Test: FunctionEditorModelTest - testSettingReturnTypeToTypeDef ✓	   (AbstractGenericTest.java:114) 
13:55:11 DEBUG Wed Sep 04 13:55:11 CST 2019
***** STARTING Test: FunctionEditorModelTest - testNameParameter *****   (AbstractGenericTest.java:114) 
13:55:11 DEBUG 	✓ PASSED Test: FunctionEditorModelTest - testNameParameter ✓	   (AbstractGenericTest.java:114) 
13:55:11 DEBUG Wed Sep 04 13:55:11 CST 2019
***** STARTING Test: FunctionEditorModelTest - testDualAutoStorage1 *****   (AbstractGenericTest.java:114) 
13:55:11 DEBUG 	✓ PASSED Test: FunctionEditorModelTest - testDualAutoStorage1 ✓	   (AbstractGenericTest.java:114) 
13:55:11 DEBUG Wed Sep 04 13:55:11 CST 2019
***** STARTING Test: FunctionEditorModelTest - testDualAutoStorage2 *****   (AbstractGenericTest.java:114) 
13:55:12 DEBUG 	✓ PASSED Test: FunctionEditorModelTest - testDualAutoStorage2 ✓	   (AbstractGenericTest.java:114) 
13:55:12 DEBUG Wed Sep 04 13:55:12 CST 2019
***** STARTING Test: FunctionEditorModelTest - testInsufficientStorageSize *****   (AbstractGenericTest.java:114) 
13:55:12 DEBUG 	✓ PASSED Test: FunctionEditorModelTest - testInsufficientStorageSize ✓	   (AbstractGenericTest.java:114) 
13:55:12 DEBUG Wed Sep 04 13:55:12 CST 2019
***** STARTING Test: FunctionEditorModelTest - testSettingInvalidFunctionName *****   (AbstractGenericTest.java:114) 
13:55:12 DEBUG 	✓ PASSED Test: FunctionEditorModelTest - testSettingInvalidFunctionName ✓	   (AbstractGenericTest.java:114) 
13:55:12 DEBUG Wed Sep 04 13:55:12 CST 2019
***** STARTING Test: FunctionEditorModelTest - testParsingAnotherGoodSimpleSignature *****   (AbstractGenericTest.java:114) 
13:55:12 DEBUG 	✖ FAILED Test: FunctionEditorModelTest - testParsingAnotherGoodSimpleSignature ✖	   (AbstractGenericTest.java:114) 
13:55:12 DEBUG Wed Sep 04 13:55:12 CST 2019
***** STARTING Test: FunctionEditorModelTest - testDuplicateParamNames *****   (AbstractGenericTest.java:114) 
13:55:12 DEBUG 	✓ PASSED Test: FunctionEditorModelTest - testDuplicateParamNames ✓	   (AbstractGenericTest.java:114) 
13:55:12 DEBUG Wed Sep 04 13:55:12 CST 2019
***** STARTING Test: FunctionEditorModelTest - testGetFunctionNameStartPosition *****   (AbstractGenericTest.java:114) 
13:55:12 DEBUG 	✓ PASSED Test: FunctionEditorModelTest - testGetFunctionNameStartPosition ✓	   (AbstractGenericTest.java:114) 
13:55:12 DEBUG Wed Sep 04 13:55:12 CST 2019
***** STARTING Test: FunctionEditorModelTest - testCopyStorageByNameWhenParsing *****   (AbstractGenericTest.java:114) 
13:55:12 DEBUG 	✖ FAILED Test: FunctionEditorModelTest - testCopyStorageByNameWhenParsing ✖	   (AbstractGenericTest.java:114) 
13:55:12 DEBUG Wed Sep 04 13:55:12 CST 2019
***** STARTING Test: FunctionEditorModelTest - testParsingSignatureWithForcedIndirectAndAuto *****   (AbstractGenericTest.java:114) 
13:55:12 DEBUG 	✖ FAILED Test: FunctionEditorModelTest - testParsingSignatureWithForcedIndirectAndAuto ✖	   (AbstractGenericTest.java:114) 
13:55:12 DEBUG Wed Sep 04 13:55:12 CST 2019
***** STARTING Test: FunctionEditorModelTest - testPar *****   (AbstractGenericTest.java:114) 
13:55:12 DEBUG 	✖ FAILED Test: FunctionEditorModelTest - testPar ✖	   (AbstractGenericTest.java:114) 
13:55:12 DEBUG Wed Sep 04 13:55:12 CST 2019
***** STARTING Test: FunctionEditorModelTest - testCopyStorageQuitsWhenSizesDontMatch *****   (AbstractGenericTest.java:114) 
13:55:13 DEBUG 	✖ FAILED Test: FunctionEditorModelTest - testCopyStorageQuitsWhenSizesDontMatch ✖	   (AbstractGenericTest.java:114) 
13:55:13 DEBUG Wed Sep 04 13:55:13 CST 2019
***** STARTING Test: FunctionEditorModelTest - testParsingGoodSimpleSignature *****   (AbstractGenericTest.java:114) 
13:55:13 DEBUG 	✖ FAILED Test: FunctionEditorModelTest - testParsingGoodSimpleSignature ✖	   (AbstractGenericTest.java:114) 
13:55:13 DEBUG Wed Sep 04 13:55:13 CST 2019
***** STARTING Test: FunctionEditorModelTest - testParsingBadSignature *****   (AbstractGenericTest.java:114) 
13:55:13 DEBUG 	✖ FAILED Test: FunctionEditorModelTest - testParsingBadSignature ✖	   (AbstractGenericTest.java:114) 
13:55:13 DEBUG Wed Sep 04 13:55:13 CST 2019
***** STARTING Test: FunctionEditorModelTest - testSettingSameReturnTypeDoesNothing *****   (AbstractGenericTest.java:114) 
13:55:13 DEBUG 	✓ PASSED Test: FunctionEditorModelTest - testSettingSameReturnTypeDoesNothing ✓	   (AbstractGenericTest.java:114) 
13:55:13 DEBUG Wed Sep 04 13:55:13 CST 2019
***** STARTING Test: FunctionEditorModelTest - testInsufficientStorageSize2 *****   (AbstractGenericTest.java:114) 
13:55:13 DEBUG 	✓ PASSED Test: FunctionEditorModelTest - testInsufficientStorageSize2 ✓	   (AbstractGenericTest.java:114) 
13:55:13 DEBUG Wed Sep 04 13:55:13 CST 2019
***** STARTING Test: FunctionEditorModelTest - testSettingReturnStorageTooBig *****   (AbstractGenericTest.java:114) 
13:55:13 DEBUG 	✓ PASSED Test: FunctionEditorModelTest - testSettingReturnStorageTooBig ✓	   (AbstractGenericTest.java:114) 
13:55:13 DEBUG Wed Sep 04 13:55:13 CST 2019
***** STARTING Test: FunctionEditorModelTest - testSettingParamStorageTooBig *****   (AbstractGenericTest.java:114) 
13:55:13 DEBUG 	✖ FAILED Test: FunctionEditorModelTest - testSettingParamStorageTooBig ✖	   (AbstractGenericTest.java:114) 
13:55:13 DEBUG Wed Sep 04 13:55:13 CST 2019
***** STARTING Test: FunctionEditorModelTest - testDisposingModelPreventsEvents *****   (AbstractGenericTest.java:114) 
13:55:13 DEBUG 	✓ PASSED Test: FunctionEditorModelTest - testDisposingModelPreventsEvents ✓	   (AbstractGenericTest.java:114) 
13:55:13 DEBUG Wed Sep 04 13:55:13 CST 2019
***** STARTING Test: FunctionEditorModelTest - testCopyStorageByNameAndOrdinal *****   (AbstractGenericTest.java:114) 
13:55:13 DEBUG 	✖ FAILED Test: FunctionEditorModelTest - testCopyStorageByNameAndOrdinal ✖	   (AbstractGenericTest.java:114) 
13:55:13 DEBUG Wed Sep 04 13:55:13 CST 2019
***** STARTING Test: FunctionEditorModelTest - testParsingSignatureWithVarArgs *****   (AbstractGenericTest.java:114) 
13:55:14 DEBUG 	✖ FAILED Test: FunctionEditorModelTest - testParsingSignatureWithVarArgs ✖	   (AbstractGenericTest.java:114) 
13:55:14 DEBUG Wed Sep 04 13:55:14 CST 2019
***** STARTING Test: FunctionEditorModelTest - testForcedIndirectWithBigTypes *****   (AbstractGenericTest.java:114) 
13:55:14 DEBUG 	✖ FAILED Test: FunctionEditorModelTest - testForcedIndirectWithBigTypes ✖	   (AbstractGenericTest.java:114) 
13:55:14 DEBUG Wed Sep 04 13:55:14 CST 2019
***** STARTING Test: FunctionEditorModelTest - testParsingSignatureWithInvalid_C_Chars *****   (AbstractGenericTest.java:114) 
13:55:14 DEBUG 	✖ FAILED Test: FunctionEditorModelTest - testParsingSignatureWithInvalid_C_Chars ✖	   (AbstractGenericTest.java:114) 
13:55:14 DEBUG Wed Sep 04 13:55:14 CST 2019
***** STARTING Test: FunctionEditorModelTest - testSettingParamTypeToVoid *****   (AbstractGenericTest.java:114) 
13:55:14 DEBUG 	✖ FAILED Test: FunctionEditorModelTest - testSettingParamTypeToVoid ✖	   (AbstractGenericTest.java:114) 
13:55:14 DEBUG Wed Sep 04 13:55:14 CST 2019
***** STARTING Test: FunctionEditorModelTest - testReturnStorageSizeNotMatchReturnTypeSize *****   (AbstractGenericTest.java:114) 
13:55:14 DEBUG 	✓ PASSED Test: FunctionEditorModelTest - testReturnStorageSizeNotMatchReturnTypeSize ✓	   (AbstractGenericTest.java:114) 
13:55:14 DEBUG Wed Sep 04 13:55:14 CST 2019
***** STARTING Test: FunctionEditorModelTest - testRemoveLastParam *****   (AbstractGenericTest.java:114) 
13:55:14 DEBUG 	✓ PASSED Test: FunctionEditorModelTest - testRemoveLastParam ✓	   (AbstractGenericTest.java:114) 
13:55:14 DEBUG Wed Sep 04 13:55:14 CST 2019
***** STARTING Test: FunctionEditorModelTest - testSettingNameWithSameNameDoesNotSendDataChangeEvent *****   (AbstractGenericTest.java:114) 
13:55:14 DEBUG 	✓ PASSED Test: FunctionEditorModelTest - testSettingNameWithSameNameDoesNotSendDataChangeEvent ✓	   (AbstractGenericTest.java:114) 
13:55:14 DEBUG Wed Sep 04 13:55:14 CST 2019
***** STARTING Test: FunctionEditorModelTest - testRemoveFirstParam *****   (AbstractGenericTest.java:114) 
13:55:14 DEBUG 	✓ PASSED Test: FunctionEditorModelTest - testRemoveFirstParam ✓	   (AbstractGenericTest.java:114) 
13:55:14 DEBUG Wed Sep 04 13:55:14 CST 2019
***** STARTING Test: FunctionEditorModelTest - testMoveUpDownEnablement *****   (AbstractGenericTest.java:114) 
13:55:14 DEBUG 	✓ PASSED Test: FunctionEditorModelTest - testMoveUpDownEnablement ✓	   (AbstractGenericTest.java:114) 
13:55:14 DEBUG Wed Sep 04 13:55:14 CST 2019
***** STARTING Test: FunctionEditorModelTest - testVarArgs *****   (AbstractGenericTest.java:114) 
13:55:15 DEBUG 	✓ PASSED Test: FunctionEditorModelTest - testVarArgs ✓	   (AbstractGenericTest.java:114) 
13:55:15 DEBUG Wed Sep 04 13:55:15 CST 2019
***** STARTING Test: FunctionEditorModelTest - testSettingReturnTypeToVariableLengthDT *****   (AbstractGenericTest.java:114) 
13:55:15 ERROR Dynamic or Factory data-type not allowed: string   (FunctionEditorModel.java:795) 
13:55:15 DEBUG 	✓ PASSED Test: FunctionEditorModelTest - testSettingReturnTypeToVariableLengthDT ✓	   (AbstractGenericTest.java:114) 
13:55:15 DEBUG Wed Sep 04 13:55:15 CST 2019
***** STARTING Test: FunctionEditorModelTest - testAutoStorageFix *****   (AbstractGenericTest.java:114) 
13:55:15 DEBUG 	✓ PASSED Test: FunctionEditorModelTest - testAutoStorageFix ✓	   (AbstractGenericTest.java:114) 
13:55:15 DEBUG Wed Sep 04 13:55:15 CST 2019
***** STARTING Test: FunctionEditorModelTest - testRemoveMultipleParams *****   (AbstractGenericTest.java:114) 
13:55:15 DEBUG 	✓ PASSED Test: FunctionEditorModelTest - testRemoveMultipleParams ✓	   (AbstractGenericTest.java:114) 
13:55:15 DEBUG Wed Sep 04 13:55:15 CST 2019
***** STARTING Test: FunctionEditorModelTest - testSettingParamTypeToVariableLengthDT *****   (AbstractGenericTest.java:114) 
13:55:15 DEBUG 	✖ FAILED Test: FunctionEditorModelTest - testSettingParamTypeToVariableLengthDT ✖	   (AbstractGenericTest.java:114) 
13:55:15 DEBUG Wed Sep 04 13:55:15 CST 2019
***** STARTING Test: FunctionEditorModelTest - testParsingWorksEvenWithBadFunctionNameIfFunctionNameNotChanged *****   (AbstractGenericTest.java:114) 
13:55:15 DEBUG 	✖ FAILED Test: FunctionEditorModelTest - testParsingWorksEvenWithBadFunctionNameIfFunctionNameNotChanged ✖	   (AbstractGenericTest.java:114) 
13:55:15 DEBUG Wed Sep 04 13:55:15 CST 2019
***** STARTING Test: FunctionEditorModelTest - testCantMoveThisParameterUpOrDown *****   (AbstractGenericTest.java:114) 
13:55:15 DEBUG 	✓ PASSED Test: FunctionEditorModelTest - testCantMoveThisParameterUpOrDown ✓	   (AbstractGenericTest.java:114) 
13:55:15 DEBUG Wed Sep 04 13:55:15 CST 2019
***** STARTING Test: FunctionEditorModelTest - testRemoveParameters *****   (AbstractGenericTest.java:114) 
13:55:15 DEBUG 	✓ PASSED Test: FunctionEditorModelTest - testRemoveParameters ✓	   (AbstractGenericTest.java:114) 
13:55:15 DEBUG Wed Sep 04 13:55:15 CST 2019
***** STARTING Test: FunctionEditorModelTest - testAddParams *****   (AbstractGenericTest.java:114) 
13:55:15 DEBUG 	✓ PASSED Test: FunctionEditorModelTest - testAddParams ✓	   (AbstractGenericTest.java:114) 
13:55:15 DEBUG Wed Sep 04 13:55:15 CST 2019
***** STARTING Test: FunctionEditorModelTest - testMoveDown *****   (AbstractGenericTest.java:114) 
13:55:15 DEBUG 	✓ PASSED Test: FunctionEditorModelTest - testMoveDown ✓	   (AbstractGenericTest.java:114) 
13:55:15 DEBUG Wed Sep 04 13:55:15 CST 2019
***** STARTING Test: FunctionEditorModelTest - testResetSignatureFieldText *****   (AbstractGenericTest.java:114) 
13:55:16 DEBUG 	✓ PASSED Test: FunctionEditorModelTest - testResetSignatureFieldText ✓	   (AbstractGenericTest.java:114) 
13:55:16 DEBUG Wed Sep 04 13:55:16 CST 2019
***** STARTING Test: FunctionEditorModelTest - testCopyStorageByOrdinal *****   (AbstractGenericTest.java:114) 
13:55:16 DEBUG 	✖ FAILED Test: FunctionEditorModelTest - testCopyStorageByOrdinal ✖	   (AbstractGenericTest.java:114) 
13:55:16 DEBUG Wed Sep 04 13:55:16 CST 2019
***** STARTING Test: FunctionEditorModelTest - testTurningOffCustomStorageFixesReturnStorage *****   (AbstractGenericTest.java:114) 
13:55:16 DEBUG 	✓ PASSED Test: FunctionEditorModelTest - testTurningOffCustomStorageFixesReturnStorage ✓	   (AbstractGenericTest.java:114) 
13:55:16 DEBUG Wed Sep 04 13:55:16 CST 2019
***** STARTING Test: FunctionEditorModelTest - testSetInLine *****   (AbstractGenericTest.java:114) 
13:55:16 DEBUG 	✓ PASSED Test: FunctionEditorModelTest - testSetInLine ✓	   (AbstractGenericTest.java:114) 
13:55:16 DEBUG Wed Sep 04 13:55:16 CST 2019
***** STARTING Test: FunctionEditorModelTest - testCantDeleteReturnValueInTable *****   (AbstractGenericTest.java:114) 
13:55:16 DEBUG 	✓ PASSED Test: FunctionEditorModelTest - testCantDeleteReturnValueInTable ✓	   (AbstractGenericTest.java:114) 
13:55:16 DEBUG Wed Sep 04 13:55:16 CST 2019
***** STARTING Test: FunctionEditorModelTest - testCustomStorage *****   (AbstractGenericTest.java:114) 
13:55:16 DEBUG 	✓ PASSED Test: FunctionEditorModelTest - testCustomStorage ✓	   (AbstractGenericTest.java:114) 
13:55:16 DEBUG Wed Sep 04 13:55:16 CST 2019
***** STARTING Test: FunctionEditorModelTest - testParamNameHasInvalidChars *****   (AbstractGenericTest.java:114) 
13:55:16 DEBUG 	✓ PASSED Test: FunctionEditorModelTest - testParamNameHasInvalidChars ✓	   (AbstractGenericTest.java:114) 
13:55:16 DEBUG Wed Sep 04 13:55:16 CST 2019
***** STARTING Test: FunctionEditorModelTest - testSetEmptyName *****   (AbstractGenericTest.java:114) 
13:55:16 DEBUG 	✓ PASSED Test: FunctionEditorModelTest - testSetEmptyName ✓	   (AbstractGenericTest.java:114) 
13:55:16 DEBUG Wed Sep 04 13:55:16 CST 2019
***** STARTING Test: FunctionEditorModelTest - testAutoStorageFixReg *****   (AbstractGenericTest.java:114) 
13:55:16 DEBUG 	✓ PASSED Test: FunctionEditorModelTest - testAutoStorageFixReg ✓	   (AbstractGenericTest.java:114) 
13:55:16 DEBUG Wed Sep 04 13:55:16 CST 2019
***** STARTING Test: FunctionEditorModelTest - testNoReturn *****   (AbstractGenericTest.java:114) 
13:55:17 DEBUG 	✓ PASSED Test: FunctionEditorModelTest - testNoReturn ✓	   (AbstractGenericTest.java:114) 
13:55:17 DEBUG Wed Sep 04 13:55:17 CST 2019
***** STARTING Test: FunctionEditorModelTest - testRemoveAllParams *****   (AbstractGenericTest.java:114) 
13:55:17 DEBUG 	✓ PASSED Test: FunctionEditorModelTest - testRemoveAllParams ✓	   (AbstractGenericTest.java:114) 
13:55:17 DEBUG Wed Sep 04 13:55:17 CST 2019
***** STARTING Test: FunctionEditorModelTest - testInvalidWhenStorageNotSpecified *****   (AbstractGenericTest.java:114) 
13:55:17 DEBUG 	✓ PASSED Test: FunctionEditorModelTest - testInvalidWhenStorageNotSpecified ✓	   (AbstractGenericTest.java:114) 
13:55:17 DEBUG Wed Sep 04 13:55:17 CST 2019
***** STARTING Test: FunctionEditorModelTest - testChangeParameter *****   (AbstractGenericTest.java:114) 
13:55:17 DEBUG 	✓ PASSED Test: FunctionEditorModelTest - testChangeParameter ✓	   (AbstractGenericTest.java:114) 
13:55:17 DEBUG Wed Sep 04 13:55:17 CST 2019
***** STARTING Test: FunctionEditorModelTest - testMoveUp *****   (AbstractGenericTest.java:114) 
13:55:17 DEBUG 	✓ PASSED Test: FunctionEditorModelTest - testMoveUp ✓	   (AbstractGenericTest.java:114) 
13:55:17 DEBUG Wed Sep 04 13:55:17 CST 2019
***** STARTING Test: FunctionEditorModelTest - testApplyFunctionNameChange *****   (AbstractGenericTest.java:114) 
13:55:17 DEBUG 	✖ FAILED Test: FunctionEditorModelTest - testApplyFunctionNameChange ✖	   (AbstractGenericTest.java:114) 
13:55:17 DEBUG Wed Sep 04 13:55:17 CST 2019
***** STARTING Test: FunctionEditorModelTest - testSetName *****   (AbstractGenericTest.java:114) 
13:55:17 DEBUG 	✓ PASSED Test: FunctionEditorModelTest - testSetName ✓	   (AbstractGenericTest.java:114) 
13:55:17 DEBUG Wed Sep 04 13:55:17 CST 2019
***** STARTING Test: FunctionEditorModelTest - testsetRawReturnType *****   (AbstractGenericTest.java:114) 
13:55:17 DEBUG 	✓ PASSED Test: FunctionEditorModelTest - testsetRawReturnType ✓	   (AbstractGenericTest.java:114) 
13:55:17 DEBUG Wed Sep 04 13:55:17 CST 2019
***** STARTING Test: FunctionEditorModelTest - testAutoAddingRemovingThisParameterFixesSelection *****   (AbstractGenericTest.java:114) 
13:55:17 DEBUG 	✖ FAILED Test: FunctionEditorModelTest - testAutoAddingRemovingThisParameterFixesSelection ✖	   (AbstractGenericTest.java:114) 
13:55:17 DEBUG Wed Sep 04 13:55:17 CST 2019
***** STARTING Test: FunctionEditorModelTest - testInLineAndCallFixup *****   (AbstractGenericTest.java:114) 
13:55:17 DEBUG 	✓ PASSED Test: FunctionEditorModelTest - testInLineAndCallFixup ✓	   (AbstractGenericTest.java:114) 
13:55:17 DEBUG Wed Sep 04 13:55:17 CST 2019
***** STARTING Test: FunctionEditorModelTest - testCopyStorageByNameAndOrdinal2 *****   (AbstractGenericTest.java:114) 
13:55:18 DEBUG 	✖ FAILED Test: FunctionEditorModelTest - testCopyStorageByNameAndOrdinal2 ✖	   (AbstractGenericTest.java:114) 
13:55:18 DEBUG Wed Sep 04 13:55:18 CST 2019
***** STARTING Test: FunctionEditorModelTest - testChangingSignatureFieldTextSetsParsingMode *****   (AbstractGenericTest.java:114) 
13:55:18 DEBUG 	✓ PASSED Test: FunctionEditorModelTest - testChangingSignatureFieldTextSetsParsingMode ✓	   (AbstractGenericTest.java:114) 
13:55:18 DEBUG Wed Sep 04 13:55:18 CST 2019
***** STARTING Test: FunctionEditorModelTest - testApplyFunctionChanges *****   (AbstractGenericTest.java:114) 
13:55:18 DEBUG 	✖ FAILED Test: FunctionEditorModelTest - testApplyFunctionChanges ✖	   (AbstractGenericTest.java:114) 
13:55:18 DEBUG Wed Sep 04 13:55:18 CST 2019
***** STARTING Test: FunctionEditorModelTest - testParsingSignatureWithForcedIndirect *****   (AbstractGenericTest.java:114) 
13:55:18 DEBUG 	✖ FAILED Test: FunctionEditorModelTest - testParsingSignatureWithForcedIndirect ✖	   (AbstractGenericTest.java:114) 
13:55:18 DEBUG Wed Sep 04 13:55:18 CST 2019
***** STARTING Test: FunctionEditorModelTest - testChangingCallingConvention *****   (AbstractGenericTest.java:114) 
13:55:18 DEBUG 	✓ PASSED Test: FunctionEditorModelTest - testChangingCallingConvention ✓	   (AbstractGenericTest.java:114) 
</pre>
</span>
</div>
</div>
<div id="footer">
<p>
<div>
<label class="hidden" id="label-for-line-wrapping-toggle" for="line-wrapping-toggle">Wrap lines
<input id="line-wrapping-toggle" type="checkbox" autocomplete="off"/>
</label>
</div>Generated by 
<a href="http://www.gradle.org">Gradle 5.6.1</a> at Sep 4, 2019, 2:39:47 PM</p>
</div>
</div>
</body>
</html>
