<!DOCTYPE html>
<html>
<head>
<meta http-equiv="Content-Type" content="text/html; charset=utf-8"/>
<meta http-equiv="x-ua-compatible" content="IE=edge"/>
<title>Test results - Class ghidra.app.plugin.core.datamgr.editor.EnumEditor1Test</title>
<link href="../css/base-style.css" rel="stylesheet" type="text/css"/>
<link href="../css/style.css" rel="stylesheet" type="text/css"/>
<script src="../js/report.js" type="text/javascript"></script>
</head>
<body>
<div id="content">
<h1>Class ghidra.app.plugin.core.datamgr.editor.EnumEditor1Test</h1>
<div class="breadcrumbs">
<a href="../index.html">all</a> &gt; 
<a href="../packages/ghidra.app.plugin.core.datamgr.editor.html">ghidra.app.plugin.core.datamgr.editor</a> &gt; EnumEditor1Test</div>
<div id="summary">
<table>
<tr>
<td>
<div class="summaryGroup">
<table>
<tr>
<td>
<div class="infoBox" id="tests">
<div class="counter">27</div>
<p>tests</p>
</div>
</td>
<td>
<div class="infoBox" id="failures">
<div class="counter">5</div>
<p>failures</p>
</div>
</td>
<td>
<div class="infoBox" id="ignored">
<div class="counter">0</div>
<p>ignored</p>
</div>
</td>
<td>
<div class="infoBox" id="duration">
<div class="counter">14.220s</div>
<p>duration</p>
</div>
</td>
</tr>
</table>
</div>
</td>
<td>
<div class="infoBox failures" id="successRate">
<div class="percent">81%</div>
<p>successful</p>
</div>
</td>
</tr>
</table>
</div>
<div id="tabs">
<ul class="tabLinks">
<li>
<a href="#tab0">Failed tests</a>
</li>
<li>
<a href="#tab1">Tests</a>
</li>
<li>
<a href="#tab2">Standard output</a>
</li>
</ul>
<div id="tab0" class="tab">
<h2>Failed tests</h2>
<div class="test">
<a name="testEditNavigateNextPrevious"></a>
<h3 class="failures">testEditNavigateNextPrevious</h3>
<span class="code">
<pre>java.lang.AssertionError: expected:&lt;1&gt; but was:&lt;-1&gt;
	at ghidra.app.plugin.core.datamgr.editor.EnumEditor1Test.assertEditingCell(EnumEditor1Test.java:1125)
	at ghidra.app.plugin.core.datamgr.editor.EnumEditor1Test.testEditNavigateNextPrevious(EnumEditor1Test.java:669)
	at generic.test.TestThread.run(TestThread.java:106)
</pre>
</span>
</div>
<div class="test">
<a name="testEditNavigationUpDown"></a>
<h3 class="failures">testEditNavigationUpDown</h3>
<span class="code">
<pre>java.lang.AssertionError: expected:&lt;0&gt; but was:&lt;-1&gt;
	at ghidra.app.plugin.core.datamgr.editor.EnumEditor1Test.assertEditingCell(EnumEditor1Test.java:1125)
	at ghidra.app.plugin.core.datamgr.editor.EnumEditor1Test.testEditNavigationUpDown(EnumEditor1Test.java:731)
	at generic.test.TestThread.run(TestThread.java:106)
</pre>
</span>
</div>
<div class="test">
<a name="testEnumSize1BadInput"></a>
<h3 class="failures">testEnumSize1BadInput</h3>
<span class="code">
<pre>org.junit.ComparisonFailure: expected:&lt;0x[77]&gt; but was:&lt;0x[1]&gt;
	at ghidra.app.plugin.core.datamgr.editor.EnumEditor1Test.testEnumSize1BadInput(EnumEditor1Test.java:223)
	at generic.test.TestThread.run(TestThread.java:106)
</pre>
</span>
</div>
<div class="test">
<a name="testEquateFieldChanged_Warning_Save"></a>
<h3 class="failures">testEquateFieldChanged_Warning_Save</h3>
<span class="code">
<pre>java.lang.AssertionError: expected:&lt;0&gt; but was:&lt;-1&gt;
	at ghidra.app.plugin.core.datamgr.editor.EnumEditor1Test.assertEditingCell(EnumEditor1Test.java:1125)
	at ghidra.app.plugin.core.datamgr.editor.EnumEditor1Test.startEditTableCell(EnumEditor1Test.java:1119)
	at ghidra.app.plugin.core.datamgr.editor.EnumEditor1Test.editCellInTable(EnumEditor1Test.java:1303)
	at ghidra.app.plugin.core.datamgr.editor.EnumEditor1Test.editValueInTable(EnumEditor1Test.java:1292)
	at ghidra.app.plugin.core.datamgr.editor.EnumEditor1Test.doTestFieldChangedWithWarning(EnumEditor1Test.java:1274)
	at ghidra.app.plugin.core.datamgr.editor.EnumEditor1Test.testEquateFieldChanged_Warning_Save(EnumEditor1Test.java:947)
	at generic.test.TestThread.run(TestThread.java:106)
</pre>
</span>
</div>
<div class="test">
<a name="testEquateFieldChanged_Warning_SaveAndRemove"></a>
<h3 class="failures">testEquateFieldChanged_Warning_SaveAndRemove</h3>
<span class="code">
<pre>java.lang.AssertionError: expected:&lt;0&gt; but was:&lt;-1&gt;
	at ghidra.app.plugin.core.datamgr.editor.EnumEditor1Test.assertEditingCell(EnumEditor1Test.java:1125)
	at ghidra.app.plugin.core.datamgr.editor.EnumEditor1Test.startEditTableCell(EnumEditor1Test.java:1119)
	at ghidra.app.plugin.core.datamgr.editor.EnumEditor1Test.editCellInTable(EnumEditor1Test.java:1303)
	at ghidra.app.plugin.core.datamgr.editor.EnumEditor1Test.editValueInTable(EnumEditor1Test.java:1292)
	at ghidra.app.plugin.core.datamgr.editor.EnumEditor1Test.doTestFieldChangedWithWarning(EnumEditor1Test.java:1274)
	at ghidra.app.plugin.core.datamgr.editor.EnumEditor1Test.testEquateFieldChanged_Warning_SaveAndRemove(EnumEditor1Test.java:942)
	at generic.test.TestThread.run(TestThread.java:106)
</pre>
</span>
</div>
</div>
<div id="tab1" class="tab">
<h2>Tests</h2>
<table>
<thead>
<tr>
<th>Test</th>
<th>Duration</th>
<th>Result</th>
</tr>
</thead>
<tr>
<td class="success">testBadInputForValue</td>
<td class="success">0.308s</td>
<td class="success">passed</td>
</tr>
<tr>
<td class="success">testCategoryMoved</td>
<td class="success">1.644s</td>
<td class="success">passed</td>
</tr>
<tr>
<td class="success">testCategoryRemoved</td>
<td class="success">0.310s</td>
<td class="success">passed</td>
</tr>
<tr>
<td class="success">testCategoryRenamed</td>
<td class="success">0.303s</td>
<td class="success">passed</td>
</tr>
<tr>
<td class="success">testChangeEnumDescriptionEtcAndInStructure</td>
<td class="success">0.203s</td>
<td class="success">passed</td>
</tr>
<tr>
<td class="success">testChangeEnumSizeAndInStructure</td>
<td class="success">0.202s</td>
<td class="success">passed</td>
</tr>
<tr>
<td class="success">testDataTypeMoved</td>
<td class="success">0.203s</td>
<td class="success">passed</td>
</tr>
<tr>
<td class="success">testDataTypeReplaced</td>
<td class="success">0.310s</td>
<td class="success">passed</td>
</tr>
<tr>
<td class="success">testEditClonedEnum</td>
<td class="success">0.406s</td>
<td class="success">passed</td>
</tr>
<tr>
<td class="success">testEditExistingEnum1</td>
<td class="success">0.707s</td>
<td class="success">passed</td>
</tr>
<tr>
<td class="success">testEditExistingEnum2</td>
<td class="success">0.605s</td>
<td class="success">passed</td>
</tr>
<tr>
<td class="failures">testEditNavigateNextPrevious</td>
<td class="failures">2.213s</td>
<td class="failures">failed</td>
</tr>
<tr>
<td class="failures">testEditNavigationUpDown</td>
<td class="failures">0.313s</td>
<td class="failures">failed</td>
</tr>
<tr>
<td class="success">testEnumFields</td>
<td class="success">0.204s</td>
<td class="success">passed</td>
</tr>
<tr>
<td class="success">testEnumSize1</td>
<td class="success">0.403s</td>
<td class="success">passed</td>
</tr>
<tr>
<td class="failures">testEnumSize1BadInput</td>
<td class="failures">0.406s</td>
<td class="failures">failed</td>
</tr>
<tr>
<td class="success">testEnumSize4BadInput</td>
<td class="success">0.706s</td>
<td class="success">passed</td>
</tr>
<tr>
<td class="failures">testEquateFieldChanged_Warning_Save</td>
<td class="failures">0.303s</td>
<td class="failures">failed</td>
</tr>
<tr>
<td class="failures">testEquateFieldChanged_Warning_SaveAndRemove</td>
<td class="failures">0.203s</td>
<td class="failures">failed</td>
</tr>
<tr>
<td class="success">testExternalDescriptionUpdate</td>
<td class="success">0.203s</td>
<td class="success">passed</td>
</tr>
<tr>
<td class="success">testExternalNameUpdate</td>
<td class="success">0.203s</td>
<td class="success">passed</td>
</tr>
<tr>
<td class="success">testExternalNameUpdateWithEditorChange</td>
<td class="success">0.303s</td>
<td class="success">passed</td>
</tr>
<tr>
<td class="success">testExternalRemove</td>
<td class="success">0.521s</td>
<td class="success">passed</td>
</tr>
<tr>
<td class="success">testExternalValueAndNameUpdate</td>
<td class="success">0.306s</td>
<td class="success">passed</td>
</tr>
<tr>
<td class="success">testExternalValueUpdate</td>
<td class="success">0.201s</td>
<td class="success">passed</td>
</tr>
<tr>
<td class="success">testNewEnumFromAction</td>
<td class="success">2.326s</td>
<td class="success">passed</td>
</tr>
<tr>
<td class="success">testValueForNewEntry</td>
<td class="success">0.205s</td>
<td class="success">passed</td>
</tr>
</table>
</div>
<div id="tab2" class="tab">
<h2>Standard output</h2>
<span class="code">
<pre>Created test directory: /home/lcf/repo/190904/ghidra/Ghidra/Features/Base/build/Ghidra_test_26ede438-3e5d-44ca-970f-f1eb74ea0a06/temp.data
13:15:32 INFO  Using log config file: file:/home/lcf/repo/190904/ghidra/Ghidra/Framework/Generic/src/main/resources/generic.log4jtest.xml   (LoggingInitialization.java:59) 
13:15:32 INFO  Using log file: /home/lcf/repo/190904/ghidra/Ghidra/Features/Base/build/Ghidra_test_26ede438-3e5d-44ca-970f-f1eb74ea0a06/temp.data/application.log   (LoggingInitialization.java:60) 
13:15:32 INFO  Loading user preferences: /home/lcf/repo/190904/ghidra/Ghidra/Features/Base/build/Ghidra_test_26ede438-3e5d-44ca-970f-f1eb74ea0a06/temp.data/preferences   (Preferences.java:122) 
13:15:32 INFO  Class search complete (515 ms)   (ClassSearcher.java:250) 
13:15:33 DEBUG Wed Sep 04 13:15:33 CST 2019
***** STARTING Test: EnumEditor1Test - testCategoryMoved *****   (AbstractGenericTest.java:114) 
13:15:34 DEBUG 	✓ PASSED Test: EnumEditor1Test - testCategoryMoved ✓	   (AbstractGenericTest.java:114) 
13:15:34 DEBUG Wed Sep 04 13:15:34 CST 2019
***** STARTING Test: EnumEditor1Test - testEditExistingEnum1 *****   (AbstractGenericTest.java:114) 
13:15:35 DEBUG 	✓ PASSED Test: EnumEditor1Test - testEditExistingEnum1 ✓	   (AbstractGenericTest.java:114) 
13:15:35 DEBUG Wed Sep 04 13:15:35 CST 2019
***** STARTING Test: EnumEditor1Test - testEditExistingEnum2 *****   (AbstractGenericTest.java:114) 
13:15:36 DEBUG 	✓ PASSED Test: EnumEditor1Test - testEditExistingEnum2 ✓	   (AbstractGenericTest.java:114) 
13:15:36 DEBUG Wed Sep 04 13:15:36 CST 2019
***** STARTING Test: EnumEditor1Test - testEditClonedEnum *****   (AbstractGenericTest.java:114) 
13:15:36 DEBUG 	✓ PASSED Test: EnumEditor1Test - testEditClonedEnum ✓	   (AbstractGenericTest.java:114) 
13:15:36 DEBUG Wed Sep 04 13:15:36 CST 2019
***** STARTING Test: EnumEditor1Test - testExternalRemove *****   (AbstractGenericTest.java:114) 
13:15:36 WARN  Enum Data Type Removed: /Category1/Colors was removed from data type manager notepad.
Edit session will be terminated.   (EnumEditorProvider.java:625) 
13:15:37 DEBUG 	✓ PASSED Test: EnumEditor1Test - testExternalRemove ✓	   (AbstractGenericTest.java:114) 
13:15:37 DEBUG Wed Sep 04 13:15:37 CST 2019
***** STARTING Test: EnumEditor1Test - testEditNavigationUpDown *****   (AbstractGenericTest.java:114) 
13:15:37 DEBUG 	✖ FAILED Test: EnumEditor1Test - testEditNavigationUpDown ✖	   (AbstractGenericTest.java:114) 
13:15:37 DEBUG Wed Sep 04 13:15:37 CST 2019
***** STARTING Test: EnumEditor1Test - testExternalNameUpdateWithEditorChange *****   (AbstractGenericTest.java:114) 
13:15:37 DEBUG 	✓ PASSED Test: EnumEditor1Test - testExternalNameUpdateWithEditorChange ✓	   (AbstractGenericTest.java:114) 
13:15:37 DEBUG Wed Sep 04 13:15:37 CST 2019
***** STARTING Test: EnumEditor1Test - testExternalNameUpdate *****   (AbstractGenericTest.java:114) 
13:15:37 DEBUG 	✓ PASSED Test: EnumEditor1Test - testExternalNameUpdate ✓	   (AbstractGenericTest.java:114) 
13:15:37 DEBUG Wed Sep 04 13:15:37 CST 2019
***** STARTING Test: EnumEditor1Test - testBadInputForValue *****   (AbstractGenericTest.java:114) 
13:15:38 DEBUG 	✓ PASSED Test: EnumEditor1Test - testBadInputForValue ✓	   (AbstractGenericTest.java:114) 
13:15:38 DEBUG Wed Sep 04 13:15:38 CST 2019
***** STARTING Test: EnumEditor1Test - testExternalValueAndNameUpdate *****   (AbstractGenericTest.java:114) 
13:15:38 DEBUG 	✓ PASSED Test: EnumEditor1Test - testExternalValueAndNameUpdate ✓	   (AbstractGenericTest.java:114) 
13:15:38 DEBUG Wed Sep 04 13:15:38 CST 2019
***** STARTING Test: EnumEditor1Test - testDataTypeReplaced *****   (AbstractGenericTest.java:114) 
13:15:38 WARN  Enum Data Type Replaced: /Category1/Colors was replaced in data type manager notepad.
Edit session will be terminated.   (EnumEditorProvider.java:645) 
13:15:38 DEBUG 	✓ PASSED Test: EnumEditor1Test - testDataTypeReplaced ✓	   (AbstractGenericTest.java:114) 
13:15:38 DEBUG Wed Sep 04 13:15:38 CST 2019
***** STARTING Test: EnumEditor1Test - testEquateFieldChanged_Warning_SaveAndRemove *****   (AbstractGenericTest.java:114) 
13:15:38 DEBUG 	✖ FAILED Test: EnumEditor1Test - testEquateFieldChanged_Warning_SaveAndRemove ✖	   (AbstractGenericTest.java:114) 
13:15:38 DEBUG Wed Sep 04 13:15:38 CST 2019
***** STARTING Test: EnumEditor1Test - testEnumSize4BadInput *****   (AbstractGenericTest.java:114) 
13:15:39 DEBUG 	✓ PASSED Test: EnumEditor1Test - testEnumSize4BadInput ✓	   (AbstractGenericTest.java:114) 
13:15:39 DEBUG Wed Sep 04 13:15:39 CST 2019
***** STARTING Test: EnumEditor1Test - testCategoryRemoved *****   (AbstractGenericTest.java:114) 
13:15:39 WARN  Enum Data Type Removed: /Category1/Colors was removed from data type manager notepad.
Edit session will be terminated.   (EnumEditorProvider.java:625) 
13:15:40 DEBUG 	✓ PASSED Test: EnumEditor1Test - testCategoryRemoved ✓	   (AbstractGenericTest.java:114) 
13:15:40 DEBUG Wed Sep 04 13:15:40 CST 2019
***** STARTING Test: EnumEditor1Test - testCategoryRenamed *****   (AbstractGenericTest.java:114) 
13:15:40 DEBUG 	✓ PASSED Test: EnumEditor1Test - testCategoryRenamed ✓	   (AbstractGenericTest.java:114) 
13:15:40 DEBUG Wed Sep 04 13:15:40 CST 2019
***** STARTING Test: EnumEditor1Test - testEquateFieldChanged_Warning_Save *****   (AbstractGenericTest.java:114) 
13:15:40 DEBUG 	✖ FAILED Test: EnumEditor1Test - testEquateFieldChanged_Warning_Save ✖	   (AbstractGenericTest.java:114) 
13:15:40 DEBUG Wed Sep 04 13:15:40 CST 2019
***** STARTING Test: EnumEditor1Test - testNewEnumFromAction *****   (AbstractGenericTest.java:114) 
13:15:42 DEBUG 	✓ PASSED Test: EnumEditor1Test - testNewEnumFromAction ✓	   (AbstractGenericTest.java:114) 
13:15:42 DEBUG Wed Sep 04 13:15:42 CST 2019
***** STARTING Test: EnumEditor1Test - testChangeEnumSizeAndInStructure *****   (AbstractGenericTest.java:114) 
13:15:43 DEBUG 	✓ PASSED Test: EnumEditor1Test - testChangeEnumSizeAndInStructure ✓	   (AbstractGenericTest.java:114) 
13:15:43 DEBUG Wed Sep 04 13:15:43 CST 2019
***** STARTING Test: EnumEditor1Test - testValueForNewEntry *****   (AbstractGenericTest.java:114) 
13:15:43 DEBUG 	✓ PASSED Test: EnumEditor1Test - testValueForNewEntry ✓	   (AbstractGenericTest.java:114) 
13:15:43 DEBUG Wed Sep 04 13:15:43 CST 2019
***** STARTING Test: EnumEditor1Test - testDataTypeMoved *****   (AbstractGenericTest.java:114) 
13:15:43 DEBUG 	✓ PASSED Test: EnumEditor1Test - testDataTypeMoved ✓	   (AbstractGenericTest.java:114) 
13:15:43 DEBUG Wed Sep 04 13:15:43 CST 2019
***** STARTING Test: EnumEditor1Test - testEnumSize1BadInput *****   (AbstractGenericTest.java:114) 
13:15:43 DEBUG 	✖ FAILED Test: EnumEditor1Test - testEnumSize1BadInput ✖	   (AbstractGenericTest.java:114) 
13:15:43 DEBUG Wed Sep 04 13:15:43 CST 2019
***** STARTING Test: EnumEditor1Test - testExternalValueUpdate *****   (AbstractGenericTest.java:114) 
13:15:44 DEBUG 	✓ PASSED Test: EnumEditor1Test - testExternalValueUpdate ✓	   (AbstractGenericTest.java:114) 
13:15:44 DEBUG Wed Sep 04 13:15:44 CST 2019
***** STARTING Test: EnumEditor1Test - testEditNavigateNextPrevious *****   (AbstractGenericTest.java:114) 
13:15:46 DEBUG 	✖ FAILED Test: EnumEditor1Test - testEditNavigateNextPrevious ✖	   (AbstractGenericTest.java:114) 
13:15:46 DEBUG Wed Sep 04 13:15:46 CST 2019
***** STARTING Test: EnumEditor1Test - testEnumSize1 *****   (AbstractGenericTest.java:114) 
13:15:46 DEBUG 	✓ PASSED Test: EnumEditor1Test - testEnumSize1 ✓	   (AbstractGenericTest.java:114) 
13:15:46 DEBUG Wed Sep 04 13:15:46 CST 2019
***** STARTING Test: EnumEditor1Test - testExternalDescriptionUpdate *****   (AbstractGenericTest.java:114) 
13:15:47 DEBUG 	✓ PASSED Test: EnumEditor1Test - testExternalDescriptionUpdate ✓	   (AbstractGenericTest.java:114) 
13:15:47 DEBUG Wed Sep 04 13:15:47 CST 2019
***** STARTING Test: EnumEditor1Test - testEnumFields *****   (AbstractGenericTest.java:114) 
13:15:47 DEBUG 	✓ PASSED Test: EnumEditor1Test - testEnumFields ✓	   (AbstractGenericTest.java:114) 
13:15:47 DEBUG Wed Sep 04 13:15:47 CST 2019
***** STARTING Test: EnumEditor1Test - testChangeEnumDescriptionEtcAndInStructure *****   (AbstractGenericTest.java:114) 
13:15:47 DEBUG 	✓ PASSED Test: EnumEditor1Test - testChangeEnumDescriptionEtcAndInStructure ✓	   (AbstractGenericTest.java:114) 
</pre>
</span>
</div>
</div>
<div id="footer">
<p>
<div>
<label class="hidden" id="label-for-line-wrapping-toggle" for="line-wrapping-toggle">Wrap lines
<input id="line-wrapping-toggle" type="checkbox" autocomplete="off"/>
</label>
</div>Generated by 
<a href="http://www.gradle.org">Gradle 5.6.1</a> at Sep 4, 2019, 2:39:47 PM</p>
</div>
</div>
</body>
</html>
