<!DOCTYPE html>
<html>
<head>
<meta http-equiv="Content-Type" content="text/html; charset=utf-8"/>
<meta http-equiv="x-ua-compatible" content="IE=edge"/>
<title>Test results - Class ghidra.feature.vt.api.VTAddToSessionTest</title>
<link href="../css/base-style.css" rel="stylesheet" type="text/css"/>
<link href="../css/style.css" rel="stylesheet" type="text/css"/>
<script src="../js/report.js" type="text/javascript"></script>
</head>
<body>
<div id="content">
<h1>Class ghidra.feature.vt.api.VTAddToSessionTest</h1>
<div class="breadcrumbs">
<a href="../index.html">all</a> &gt; 
<a href="../packages/ghidra.feature.vt.api.html">ghidra.feature.vt.api</a> &gt; VTAddToSessionTest</div>
<div id="summary">
<table>
<tr>
<td>
<div class="summaryGroup">
<table>
<tr>
<td>
<div class="infoBox" id="tests">
<div class="counter">9</div>
<p>tests</p>
</div>
</td>
<td>
<div class="infoBox" id="failures">
<div class="counter">9</div>
<p>failures</p>
</div>
</td>
<td>
<div class="infoBox" id="ignored">
<div class="counter">0</div>
<p>ignored</p>
</div>
</td>
<td>
<div class="infoBox" id="duration">
<div class="counter">1.970s</div>
<p>duration</p>
</div>
</td>
</tr>
</table>
</div>
</td>
<td>
<div class="infoBox failures" id="successRate">
<div class="percent">0%</div>
<p>successful</p>
</div>
</td>
</tr>
</table>
</div>
<div id="tabs">
<ul class="tabLinks">
<li>
<a href="#tab0">Failed tests</a>
</li>
<li>
<a href="#tab1">Tests</a>
</li>
<li>
<a href="#tab2">Standard output</a>
</li>
</ul>
<div id="tab0" class="tab">
<h2>Failed tests</h2>
<div class="test">
<a name="testAddToSessionNoSelectionLimitAddressesToEntireProgram"></a>
<h3 class="failures">testAddToSessionNoSelectionLimitAddressesToEntireProgram</h3>
<span class="code">
<pre>java.lang.NullPointerException
	at ghidra.feature.vt.api.VTAddToSessionTest.sourceAddress(VTAddToSessionTest.java:1253)
	at ghidra.feature.vt.api.VTAddToSessionTest.setUp(VTAddToSessionTest.java:83)
	at generic.test.TestThread.run(TestThread.java:106)
</pre>
</span>
</div>
<div class="test">
<a name="testAddToSessionNoSelectionLimitAddressesToMyOwn"></a>
<h3 class="failures">testAddToSessionNoSelectionLimitAddressesToMyOwn</h3>
<span class="code">
<pre>java.lang.NullPointerException
	at ghidra.feature.vt.api.VTAddToSessionTest.sourceAddress(VTAddToSessionTest.java:1253)
	at ghidra.feature.vt.api.VTAddToSessionTest.setUp(VTAddToSessionTest.java:83)
	at generic.test.TestThread.run(TestThread.java:106)
</pre>
</span>
</div>
<div class="test">
<a name="testAddToSessionNoSelectionLimitAddressesToMyOwnChanged"></a>
<h3 class="failures">testAddToSessionNoSelectionLimitAddressesToMyOwnChanged</h3>
<span class="code">
<pre>java.lang.NullPointerException
	at ghidra.feature.vt.api.VTAddToSessionTest.sourceAddress(VTAddToSessionTest.java:1253)
	at ghidra.feature.vt.api.VTAddToSessionTest.setUp(VTAddToSessionTest.java:83)
	at generic.test.TestThread.run(TestThread.java:106)
</pre>
</span>
</div>
<div class="test">
<a name="testAddToSessionNoSelectionUnlimitedAddresses"></a>
<h3 class="failures">testAddToSessionNoSelectionUnlimitedAddresses</h3>
<span class="code">
<pre>java.lang.NullPointerException
	at ghidra.feature.vt.api.VTAddToSessionTest.sourceAddress(VTAddToSessionTest.java:1253)
	at ghidra.feature.vt.api.VTAddToSessionTest.setUp(VTAddToSessionTest.java:83)
	at generic.test.TestThread.run(TestThread.java:106)
</pre>
</span>
</div>
<div class="test">
<a name="testAddToSessionResultingInNoMatchesFound"></a>
<h3 class="failures">testAddToSessionResultingInNoMatchesFound</h3>
<span class="code">
<pre>java.lang.NullPointerException
	at ghidra.feature.vt.api.VTAddToSessionTest.sourceAddress(VTAddToSessionTest.java:1253)
	at ghidra.feature.vt.api.VTAddToSessionTest.setUp(VTAddToSessionTest.java:83)
	at generic.test.TestThread.run(TestThread.java:106)
</pre>
</span>
</div>
<div class="test">
<a name="testAddToSessionWithSelectionLimitAddressesToEntireProgram"></a>
<h3 class="failures">testAddToSessionWithSelectionLimitAddressesToEntireProgram</h3>
<span class="code">
<pre>java.lang.NullPointerException
	at ghidra.feature.vt.api.VTAddToSessionTest.sourceAddress(VTAddToSessionTest.java:1253)
	at ghidra.feature.vt.api.VTAddToSessionTest.setUp(VTAddToSessionTest.java:83)
	at generic.test.TestThread.run(TestThread.java:106)
</pre>
</span>
</div>
<div class="test">
<a name="testAddToSessionWithSelectionLimitAddressesToMyOwn"></a>
<h3 class="failures">testAddToSessionWithSelectionLimitAddressesToMyOwn</h3>
<span class="code">
<pre>java.lang.NullPointerException
	at ghidra.feature.vt.api.VTAddToSessionTest.sourceAddress(VTAddToSessionTest.java:1253)
	at ghidra.feature.vt.api.VTAddToSessionTest.setUp(VTAddToSessionTest.java:83)
	at generic.test.TestThread.run(TestThread.java:106)
</pre>
</span>
</div>
<div class="test">
<a name="testAddToSessionWithSelectionLimitAddressesToMyOwnThenBackNext"></a>
<h3 class="failures">testAddToSessionWithSelectionLimitAddressesToMyOwnThenBackNext</h3>
<span class="code">
<pre>java.lang.NullPointerException
	at ghidra.feature.vt.api.VTAddToSessionTest.sourceAddress(VTAddToSessionTest.java:1253)
	at ghidra.feature.vt.api.VTAddToSessionTest.setUp(VTAddToSessionTest.java:83)
	at generic.test.TestThread.run(TestThread.java:106)
</pre>
</span>
</div>
<div class="test">
<a name="testAddToSessionWithSelectionLimitAddressesToSelection"></a>
<h3 class="failures">testAddToSessionWithSelectionLimitAddressesToSelection</h3>
<span class="code">
<pre>java.lang.NullPointerException
	at ghidra.feature.vt.api.VTAddToSessionTest.sourceAddress(VTAddToSessionTest.java:1253)
	at ghidra.feature.vt.api.VTAddToSessionTest.setUp(VTAddToSessionTest.java:83)
	at generic.test.TestThread.run(TestThread.java:106)
</pre>
</span>
</div>
</div>
<div id="tab1" class="tab">
<h2>Tests</h2>
<table>
<thead>
<tr>
<th>Test</th>
<th>Duration</th>
<th>Result</th>
</tr>
</thead>
<tr>
<td class="failures">testAddToSessionNoSelectionLimitAddressesToEntireProgram</td>
<td class="failures">0.102s</td>
<td class="failures">failed</td>
</tr>
<tr>
<td class="failures">testAddToSessionNoSelectionLimitAddressesToMyOwn</td>
<td class="failures">0.938s</td>
<td class="failures">failed</td>
</tr>
<tr>
<td class="failures">testAddToSessionNoSelectionLimitAddressesToMyOwnChanged</td>
<td class="failures">0.102s</td>
<td class="failures">failed</td>
</tr>
<tr>
<td class="failures">testAddToSessionNoSelectionUnlimitedAddresses</td>
<td class="failures">0.207s</td>
<td class="failures">failed</td>
</tr>
<tr>
<td class="failures">testAddToSessionResultingInNoMatchesFound</td>
<td class="failures">0.106s</td>
<td class="failures">failed</td>
</tr>
<tr>
<td class="failures">testAddToSessionWithSelectionLimitAddressesToEntireProgram</td>
<td class="failures">0.104s</td>
<td class="failures">failed</td>
</tr>
<tr>
<td class="failures">testAddToSessionWithSelectionLimitAddressesToMyOwn</td>
<td class="failures">0.106s</td>
<td class="failures">failed</td>
</tr>
<tr>
<td class="failures">testAddToSessionWithSelectionLimitAddressesToMyOwnThenBackNext</td>
<td class="failures">0.203s</td>
<td class="failures">failed</td>
</tr>
<tr>
<td class="failures">testAddToSessionWithSelectionLimitAddressesToSelection</td>
<td class="failures">0.102s</td>
<td class="failures">failed</td>
</tr>
</table>
</div>
<div id="tab2" class="tab">
<h2>Standard output</h2>
<span class="code">
<pre>Created test directory: /home/lcf/repo/ghidra/Ghidra/Features/VersionTracking/build/Ghidra_test_7bb25e6d-7f2d-4a0f-8535-689f9105212c/temp.data
10:57:58 INFO  Using log config file: file:/home/lcf/repo/ghidra/Ghidra/Framework/Generic/src/main/resources/generic.log4jtest.xml   (LoggingInitialization.java:59) 
10:57:58 INFO  Using log file: /home/lcf/repo/ghidra/Ghidra/Features/VersionTracking/build/Ghidra_test_7bb25e6d-7f2d-4a0f-8535-689f9105212c/temp.data/application.log   (LoggingInitialization.java:60) 
10:57:58 INFO  Loading user preferences: /home/lcf/repo/ghidra/Ghidra/Features/VersionTracking/build/Ghidra_test_7bb25e6d-7f2d-4a0f-8535-689f9105212c/temp.data/preferences   (Preferences.java:122) 
10:57:59 INFO  Class search complete (481 ms)   (ClassSearcher.java:250) 
10:57:59 DEBUG Thu Sep 05 10:57:59 CST 2019
***** STARTING Test: VTAddToSessionTest - testAddToSessionNoSelectionLimitAddressesToMyOwn *****   (AbstractGenericTest.java:114) 
10:57:59 WARN  Test data file not found: VersionTracking/WallaceSrc.gzf   (AbstractGenericTest.java:381) 
10:57:59 WARN  Test data file not found: VersionTracking/WallaceSrc.xml   (AbstractGenericTest.java:381) 
10:57:59 INFO  Test program not found: VersionTracking/WallaceSrc   (TestProgramManager.java:351) 
10:57:59 WARN  Test data file not found: VersionTracking/WallaceVersion2.gzf   (AbstractGenericTest.java:381) 
10:57:59 WARN  Test data file not found: VersionTracking/WallaceVersion2.xml   (AbstractGenericTest.java:381) 
10:57:59 INFO  Test program not found: VersionTracking/WallaceVersion2   (TestProgramManager.java:351) 
10:58:00 DEBUG 	✖ FAILED Test: VTAddToSessionTest - testAddToSessionNoSelectionLimitAddressesToMyOwn ✖	   (AbstractGenericTest.java:114) 
10:58:00 DEBUG Thu Sep 05 10:58:00 CST 2019
***** STARTING Test: VTAddToSessionTest - testAddToSessionWithSelectionLimitAddressesToMyOwn *****   (AbstractGenericTest.java:114) 
10:58:00 WARN  Test data file not found: VersionTracking/WallaceSrc.gzf   (AbstractGenericTest.java:381) 
10:58:00 WARN  Test data file not found: VersionTracking/WallaceSrc.xml   (AbstractGenericTest.java:381) 
10:58:00 INFO  Test program not found: VersionTracking/WallaceSrc   (TestProgramManager.java:351) 
10:58:00 WARN  Test data file not found: VersionTracking/WallaceVersion2.gzf   (AbstractGenericTest.java:381) 
10:58:00 WARN  Test data file not found: VersionTracking/WallaceVersion2.xml   (AbstractGenericTest.java:381) 
10:58:00 INFO  Test program not found: VersionTracking/WallaceVersion2   (TestProgramManager.java:351) 
10:58:00 DEBUG 	✖ FAILED Test: VTAddToSessionTest - testAddToSessionWithSelectionLimitAddressesToMyOwn ✖	   (AbstractGenericTest.java:114) 
10:58:00 DEBUG Thu Sep 05 10:58:00 CST 2019
***** STARTING Test: VTAddToSessionTest - testAddToSessionWithSelectionLimitAddressesToMyOwnThenBackNext *****   (AbstractGenericTest.java:114) 
10:58:00 WARN  Test data file not found: VersionTracking/WallaceSrc.gzf   (AbstractGenericTest.java:381) 
10:58:00 WARN  Test data file not found: VersionTracking/WallaceSrc.xml   (AbstractGenericTest.java:381) 
10:58:00 INFO  Test program not found: VersionTracking/WallaceSrc   (TestProgramManager.java:351) 
10:58:00 WARN  Test data file not found: VersionTracking/WallaceVersion2.gzf   (AbstractGenericTest.java:381) 
10:58:00 WARN  Test data file not found: VersionTracking/WallaceVersion2.xml   (AbstractGenericTest.java:381) 
10:58:00 INFO  Test program not found: VersionTracking/WallaceVersion2   (TestProgramManager.java:351) 
10:58:00 DEBUG 	✖ FAILED Test: VTAddToSessionTest - testAddToSessionWithSelectionLimitAddressesToMyOwnThenBackNext ✖	   (AbstractGenericTest.java:114) 
10:58:00 DEBUG Thu Sep 05 10:58:00 CST 2019
***** STARTING Test: VTAddToSessionTest - testAddToSessionNoSelectionLimitAddressesToEntireProgram *****   (AbstractGenericTest.java:114) 
10:58:00 WARN  Test data file not found: VersionTracking/WallaceSrc.gzf   (AbstractGenericTest.java:381) 
10:58:00 WARN  Test data file not found: VersionTracking/WallaceSrc.xml   (AbstractGenericTest.java:381) 
10:58:00 INFO  Test program not found: VersionTracking/WallaceSrc   (TestProgramManager.java:351) 
10:58:00 WARN  Test data file not found: VersionTracking/WallaceVersion2.gzf   (AbstractGenericTest.java:381) 
10:58:00 WARN  Test data file not found: VersionTracking/WallaceVersion2.xml   (AbstractGenericTest.java:381) 
10:58:00 INFO  Test program not found: VersionTracking/WallaceVersion2   (TestProgramManager.java:351) 
10:58:00 DEBUG 	✖ FAILED Test: VTAddToSessionTest - testAddToSessionNoSelectionLimitAddressesToEntireProgram ✖	   (AbstractGenericTest.java:114) 
10:58:00 DEBUG Thu Sep 05 10:58:00 CST 2019
***** STARTING Test: VTAddToSessionTest - testAddToSessionNoSelectionUnlimitedAddresses *****   (AbstractGenericTest.java:114) 
10:58:00 WARN  Test data file not found: VersionTracking/WallaceSrc.gzf   (AbstractGenericTest.java:381) 
10:58:00 WARN  Test data file not found: VersionTracking/WallaceSrc.xml   (AbstractGenericTest.java:381) 
10:58:00 INFO  Test program not found: VersionTracking/WallaceSrc   (TestProgramManager.java:351) 
10:58:00 WARN  Test data file not found: VersionTracking/WallaceVersion2.gzf   (AbstractGenericTest.java:381) 
10:58:00 WARN  Test data file not found: VersionTracking/WallaceVersion2.xml   (AbstractGenericTest.java:381) 
10:58:00 INFO  Test program not found: VersionTracking/WallaceVersion2   (TestProgramManager.java:351) 
10:58:00 DEBUG 	✖ FAILED Test: VTAddToSessionTest - testAddToSessionNoSelectionUnlimitedAddresses ✖	   (AbstractGenericTest.java:114) 
10:58:00 DEBUG Thu Sep 05 10:58:00 CST 2019
***** STARTING Test: VTAddToSessionTest - testAddToSessionWithSelectionLimitAddressesToSelection *****   (AbstractGenericTest.java:114) 
10:58:00 WARN  Test data file not found: VersionTracking/WallaceSrc.gzf   (AbstractGenericTest.java:381) 
10:58:00 WARN  Test data file not found: VersionTracking/WallaceSrc.xml   (AbstractGenericTest.java:381) 
10:58:00 INFO  Test program not found: VersionTracking/WallaceSrc   (TestProgramManager.java:351) 
10:58:00 WARN  Test data file not found: VersionTracking/WallaceVersion2.gzf   (AbstractGenericTest.java:381) 
10:58:00 WARN  Test data file not found: VersionTracking/WallaceVersion2.xml   (AbstractGenericTest.java:381) 
10:58:00 INFO  Test program not found: VersionTracking/WallaceVersion2   (TestProgramManager.java:351) 
10:58:00 DEBUG 	✖ FAILED Test: VTAddToSessionTest - testAddToSessionWithSelectionLimitAddressesToSelection ✖	   (AbstractGenericTest.java:114) 
10:58:01 DEBUG Thu Sep 05 10:58:01 CST 2019
***** STARTING Test: VTAddToSessionTest - testAddToSessionNoSelectionLimitAddressesToMyOwnChanged *****   (AbstractGenericTest.java:114) 
10:58:01 WARN  Test data file not found: VersionTracking/WallaceSrc.gzf   (AbstractGenericTest.java:381) 
10:58:01 WARN  Test data file not found: VersionTracking/WallaceSrc.xml   (AbstractGenericTest.java:381) 
10:58:01 INFO  Test program not found: VersionTracking/WallaceSrc   (TestProgramManager.java:351) 
10:58:01 WARN  Test data file not found: VersionTracking/WallaceVersion2.gzf   (AbstractGenericTest.java:381) 
10:58:01 WARN  Test data file not found: VersionTracking/WallaceVersion2.xml   (AbstractGenericTest.java:381) 
10:58:01 INFO  Test program not found: VersionTracking/WallaceVersion2   (TestProgramManager.java:351) 
10:58:01 DEBUG 	✖ FAILED Test: VTAddToSessionTest - testAddToSessionNoSelectionLimitAddressesToMyOwnChanged ✖	   (AbstractGenericTest.java:114) 
10:58:01 DEBUG Thu Sep 05 10:58:01 CST 2019
***** STARTING Test: VTAddToSessionTest - testAddToSessionResultingInNoMatchesFound *****   (AbstractGenericTest.java:114) 
10:58:01 WARN  Test data file not found: VersionTracking/WallaceSrc.gzf   (AbstractGenericTest.java:381) 
10:58:01 WARN  Test data file not found: VersionTracking/WallaceSrc.xml   (AbstractGenericTest.java:381) 
10:58:01 INFO  Test program not found: VersionTracking/WallaceSrc   (TestProgramManager.java:351) 
10:58:01 WARN  Test data file not found: VersionTracking/WallaceVersion2.gzf   (AbstractGenericTest.java:381) 
10:58:01 WARN  Test data file not found: VersionTracking/WallaceVersion2.xml   (AbstractGenericTest.java:381) 
10:58:01 INFO  Test program not found: VersionTracking/WallaceVersion2   (TestProgramManager.java:351) 
10:58:01 DEBUG 	✖ FAILED Test: VTAddToSessionTest - testAddToSessionResultingInNoMatchesFound ✖	   (AbstractGenericTest.java:114) 
10:58:01 DEBUG Thu Sep 05 10:58:01 CST 2019
***** STARTING Test: VTAddToSessionTest - testAddToSessionWithSelectionLimitAddressesToEntireProgram *****   (AbstractGenericTest.java:114) 
10:58:01 WARN  Test data file not found: VersionTracking/WallaceSrc.gzf   (AbstractGenericTest.java:381) 
10:58:01 WARN  Test data file not found: VersionTracking/WallaceSrc.xml   (AbstractGenericTest.java:381) 
10:58:01 INFO  Test program not found: VersionTracking/WallaceSrc   (TestProgramManager.java:351) 
10:58:01 WARN  Test data file not found: VersionTracking/WallaceVersion2.gzf   (AbstractGenericTest.java:381) 
10:58:01 WARN  Test data file not found: VersionTracking/WallaceVersion2.xml   (AbstractGenericTest.java:381) 
10:58:01 INFO  Test program not found: VersionTracking/WallaceVersion2   (TestProgramManager.java:351) 
10:58:01 DEBUG 	✖ FAILED Test: VTAddToSessionTest - testAddToSessionWithSelectionLimitAddressesToEntireProgram ✖	   (AbstractGenericTest.java:114) 
</pre>
</span>
</div>
</div>
<div id="footer">
<p>
<div>
<label class="hidden" id="label-for-line-wrapping-toggle" for="line-wrapping-toggle">Wrap lines
<input id="line-wrapping-toggle" type="checkbox" autocomplete="off"/>
</label>
</div>Generated by 
<a href="http://www.gradle.org">Gradle 5.6.1</a> at Sep 5, 2019, 11:01:28 AM</p>
</div>
</div>
</body>
</html>
