<!DOCTYPE html>
<html>
<head>
<meta http-equiv="Content-Type" content="text/html; charset=utf-8"/>
<meta http-equiv="x-ua-compatible" content="IE=edge"/>
<title>Test results - Class ghidra.feature.vt.api.markupitem.FunctionSignatureMarkupParameterName2Test</title>
<link href="../css/base-style.css" rel="stylesheet" type="text/css"/>
<link href="../css/style.css" rel="stylesheet" type="text/css"/>
<script src="../js/report.js" type="text/javascript"></script>
</head>
<body>
<div id="content">
<h1>Class ghidra.feature.vt.api.markupitem.FunctionSignatureMarkupParameterName2Test</h1>
<div class="breadcrumbs">
<a href="../index.html">all</a> &gt; 
<a href="../packages/ghidra.feature.vt.api.markupitem.html">ghidra.feature.vt.api.markupitem</a> &gt; FunctionSignatureMarkupParameterName2Test</div>
<div id="summary">
<table>
<tr>
<td>
<div class="summaryGroup">
<table>
<tr>
<td>
<div class="infoBox" id="tests">
<div class="counter">20</div>
<p>tests</p>
</div>
</td>
<td>
<div class="infoBox" id="failures">
<div class="counter">20</div>
<p>failures</p>
</div>
</td>
<td>
<div class="infoBox" id="ignored">
<div class="counter">0</div>
<p>ignored</p>
</div>
</td>
<td>
<div class="infoBox" id="duration">
<div class="counter">6.119s</div>
<p>duration</p>
</div>
</td>
</tr>
</table>
</div>
</td>
<td>
<div class="infoBox failures" id="successRate">
<div class="percent">0%</div>
<p>successful</p>
</div>
</td>
</tr>
</table>
</div>
<div id="tabs">
<ul class="tabLinks">
<li>
<a href="#tab0">Failed tests</a>
</li>
<li>
<a href="#tab1">Tests</a>
</li>
<li>
<a href="#tab2">Standard output</a>
</li>
</ul>
<div id="tab0" class="tab">
<h2>Failed tests</h2>
<div class="test">
<a name="testReplaceDefaultsOnlyNameReplace"></a>
<h3 class="failures">testReplaceDefaultsOnlyNameReplace</h3>
<span class="code">
<pre>java.lang.NullPointerException
	at ghidra.feature.vt.api.db.VTSessionDB.initializePrograms(VTSessionDB.java:138)
	at ghidra.feature.vt.api.db.VTSessionDB.createVTSession(VTSessionDB.java:87)
	at ghidra.feature.vt.gui.VTTestEnv.createAndOpenVTSession(VTTestEnv.java:115)
	at ghidra.feature.vt.gui.VTTestEnv.createSession(VTTestEnv.java:105)
	at ghidra.feature.vt.api.markupitem.AbstractFunctionSignatureMarkupTest.setUp(AbstractFunctionSignatureMarkupTest.java:110)
	at generic.test.TestThread.run(TestThread.java:106)
</pre>
</span>
</div>
<div class="test">
<a name="testUserPriorityNameReplace_AnalysisSrc_AnalysisDest_DoNotReplaceSamePriority"></a>
<h3 class="failures">testUserPriorityNameReplace_AnalysisSrc_AnalysisDest_DoNotReplaceSamePriority</h3>
<span class="code">
<pre>java.lang.NullPointerException
	at ghidra.feature.vt.api.db.VTSessionDB.initializePrograms(VTSessionDB.java:138)
	at ghidra.feature.vt.api.db.VTSessionDB.createVTSession(VTSessionDB.java:87)
	at ghidra.feature.vt.gui.VTTestEnv.createAndOpenVTSession(VTTestEnv.java:115)
	at ghidra.feature.vt.gui.VTTestEnv.createSession(VTTestEnv.java:105)
	at ghidra.feature.vt.api.markupitem.AbstractFunctionSignatureMarkupTest.setUp(AbstractFunctionSignatureMarkupTest.java:110)
	at generic.test.TestThread.run(TestThread.java:106)
</pre>
</span>
</div>
<div class="test">
<a name="testUserPriorityNameReplace_AnalysisSrc_AnalysisDest_ReplaceSamePriority"></a>
<h3 class="failures">testUserPriorityNameReplace_AnalysisSrc_AnalysisDest_ReplaceSamePriority</h3>
<span class="code">
<pre>java.lang.NullPointerException
	at ghidra.feature.vt.api.db.VTSessionDB.initializePrograms(VTSessionDB.java:138)
	at ghidra.feature.vt.api.db.VTSessionDB.createVTSession(VTSessionDB.java:87)
	at ghidra.feature.vt.gui.VTTestEnv.createAndOpenVTSession(VTTestEnv.java:115)
	at ghidra.feature.vt.gui.VTTestEnv.createSession(VTTestEnv.java:105)
	at ghidra.feature.vt.api.markupitem.AbstractFunctionSignatureMarkupTest.setUp(AbstractFunctionSignatureMarkupTest.java:110)
	at generic.test.TestThread.run(TestThread.java:106)
</pre>
</span>
</div>
<div class="test">
<a name="testUserPriorityNameReplace_AnalysisSrc_DefaultDest"></a>
<h3 class="failures">testUserPriorityNameReplace_AnalysisSrc_DefaultDest</h3>
<span class="code">
<pre>java.lang.NullPointerException
	at ghidra.feature.vt.api.db.VTSessionDB.initializePrograms(VTSessionDB.java:138)
	at ghidra.feature.vt.api.db.VTSessionDB.createVTSession(VTSessionDB.java:87)
	at ghidra.feature.vt.gui.VTTestEnv.createAndOpenVTSession(VTTestEnv.java:115)
	at ghidra.feature.vt.gui.VTTestEnv.createSession(VTTestEnv.java:105)
	at ghidra.feature.vt.api.markupitem.AbstractFunctionSignatureMarkupTest.setUp(AbstractFunctionSignatureMarkupTest.java:110)
	at generic.test.TestThread.run(TestThread.java:106)
</pre>
</span>
</div>
<div class="test">
<a name="testUserPriorityNameReplace_AnalysisSrc_ImportDest"></a>
<h3 class="failures">testUserPriorityNameReplace_AnalysisSrc_ImportDest</h3>
<span class="code">
<pre>java.lang.NullPointerException
	at ghidra.feature.vt.api.db.VTSessionDB.initializePrograms(VTSessionDB.java:138)
	at ghidra.feature.vt.api.db.VTSessionDB.createVTSession(VTSessionDB.java:87)
	at ghidra.feature.vt.gui.VTTestEnv.createAndOpenVTSession(VTTestEnv.java:115)
	at ghidra.feature.vt.gui.VTTestEnv.createSession(VTTestEnv.java:105)
	at ghidra.feature.vt.api.markupitem.AbstractFunctionSignatureMarkupTest.setUp(AbstractFunctionSignatureMarkupTest.java:110)
	at generic.test.TestThread.run(TestThread.java:106)
</pre>
</span>
</div>
<div class="test">
<a name="testUserPriorityNameReplace_AnalysisSrc_UserDest"></a>
<h3 class="failures">testUserPriorityNameReplace_AnalysisSrc_UserDest</h3>
<span class="code">
<pre>java.lang.NullPointerException
	at ghidra.feature.vt.api.db.VTSessionDB.initializePrograms(VTSessionDB.java:138)
	at ghidra.feature.vt.api.db.VTSessionDB.createVTSession(VTSessionDB.java:87)
	at ghidra.feature.vt.gui.VTTestEnv.createAndOpenVTSession(VTTestEnv.java:115)
	at ghidra.feature.vt.gui.VTTestEnv.createSession(VTTestEnv.java:105)
	at ghidra.feature.vt.api.markupitem.AbstractFunctionSignatureMarkupTest.setUp(AbstractFunctionSignatureMarkupTest.java:110)
	at generic.test.TestThread.run(TestThread.java:106)
</pre>
</span>
</div>
<div class="test">
<a name="testUserPriorityNameReplace_DefaultSrc_AnalysisDest"></a>
<h3 class="failures">testUserPriorityNameReplace_DefaultSrc_AnalysisDest</h3>
<span class="code">
<pre>java.lang.NullPointerException
	at ghidra.feature.vt.api.db.VTSessionDB.initializePrograms(VTSessionDB.java:138)
	at ghidra.feature.vt.api.db.VTSessionDB.createVTSession(VTSessionDB.java:87)
	at ghidra.feature.vt.gui.VTTestEnv.createAndOpenVTSession(VTTestEnv.java:115)
	at ghidra.feature.vt.gui.VTTestEnv.createSession(VTTestEnv.java:105)
	at ghidra.feature.vt.api.markupitem.AbstractFunctionSignatureMarkupTest.setUp(AbstractFunctionSignatureMarkupTest.java:110)
	at generic.test.TestThread.run(TestThread.java:106)
</pre>
</span>
</div>
<div class="test">
<a name="testUserPriorityNameReplace_DefaultSrc_DefaultDest"></a>
<h3 class="failures">testUserPriorityNameReplace_DefaultSrc_DefaultDest</h3>
<span class="code">
<pre>java.lang.NullPointerException
	at ghidra.feature.vt.api.db.VTSessionDB.initializePrograms(VTSessionDB.java:138)
	at ghidra.feature.vt.api.db.VTSessionDB.createVTSession(VTSessionDB.java:87)
	at ghidra.feature.vt.gui.VTTestEnv.createAndOpenVTSession(VTTestEnv.java:115)
	at ghidra.feature.vt.gui.VTTestEnv.createSession(VTTestEnv.java:105)
	at ghidra.feature.vt.api.markupitem.AbstractFunctionSignatureMarkupTest.setUp(AbstractFunctionSignatureMarkupTest.java:110)
	at generic.test.TestThread.run(TestThread.java:106)
</pre>
</span>
</div>
<div class="test">
<a name="testUserPriorityNameReplace_DefaultSrc_ImportDest"></a>
<h3 class="failures">testUserPriorityNameReplace_DefaultSrc_ImportDest</h3>
<span class="code">
<pre>java.lang.NullPointerException
	at ghidra.feature.vt.api.db.VTSessionDB.initializePrograms(VTSessionDB.java:138)
	at ghidra.feature.vt.api.db.VTSessionDB.createVTSession(VTSessionDB.java:87)
	at ghidra.feature.vt.gui.VTTestEnv.createAndOpenVTSession(VTTestEnv.java:115)
	at ghidra.feature.vt.gui.VTTestEnv.createSession(VTTestEnv.java:105)
	at ghidra.feature.vt.api.markupitem.AbstractFunctionSignatureMarkupTest.setUp(AbstractFunctionSignatureMarkupTest.java:110)
	at generic.test.TestThread.run(TestThread.java:106)
</pre>
</span>
</div>
<div class="test">
<a name="testUserPriorityNameReplace_DefaultSrc_UserDest"></a>
<h3 class="failures">testUserPriorityNameReplace_DefaultSrc_UserDest</h3>
<span class="code">
<pre>java.lang.NullPointerException
	at ghidra.feature.vt.api.db.VTSessionDB.initializePrograms(VTSessionDB.java:138)
	at ghidra.feature.vt.api.db.VTSessionDB.createVTSession(VTSessionDB.java:87)
	at ghidra.feature.vt.gui.VTTestEnv.createAndOpenVTSession(VTTestEnv.java:115)
	at ghidra.feature.vt.gui.VTTestEnv.createSession(VTTestEnv.java:105)
	at ghidra.feature.vt.api.markupitem.AbstractFunctionSignatureMarkupTest.setUp(AbstractFunctionSignatureMarkupTest.java:110)
	at generic.test.TestThread.run(TestThread.java:106)
</pre>
</span>
</div>
<div class="test">
<a name="testUserPriorityNameReplace_ImportSrc_AnalysisDest"></a>
<h3 class="failures">testUserPriorityNameReplace_ImportSrc_AnalysisDest</h3>
<span class="code">
<pre>java.lang.NullPointerException
	at ghidra.feature.vt.api.db.VTSessionDB.initializePrograms(VTSessionDB.java:138)
	at ghidra.feature.vt.api.db.VTSessionDB.createVTSession(VTSessionDB.java:87)
	at ghidra.feature.vt.gui.VTTestEnv.createAndOpenVTSession(VTTestEnv.java:115)
	at ghidra.feature.vt.gui.VTTestEnv.createSession(VTTestEnv.java:105)
	at ghidra.feature.vt.api.markupitem.AbstractFunctionSignatureMarkupTest.setUp(AbstractFunctionSignatureMarkupTest.java:110)
	at generic.test.TestThread.run(TestThread.java:106)
</pre>
</span>
</div>
<div class="test">
<a name="testUserPriorityNameReplace_ImportSrc_DefaultDest"></a>
<h3 class="failures">testUserPriorityNameReplace_ImportSrc_DefaultDest</h3>
<span class="code">
<pre>java.lang.NullPointerException
	at ghidra.feature.vt.api.db.VTSessionDB.initializePrograms(VTSessionDB.java:138)
	at ghidra.feature.vt.api.db.VTSessionDB.createVTSession(VTSessionDB.java:87)
	at ghidra.feature.vt.gui.VTTestEnv.createAndOpenVTSession(VTTestEnv.java:115)
	at ghidra.feature.vt.gui.VTTestEnv.createSession(VTTestEnv.java:105)
	at ghidra.feature.vt.api.markupitem.AbstractFunctionSignatureMarkupTest.setUp(AbstractFunctionSignatureMarkupTest.java:110)
	at generic.test.TestThread.run(TestThread.java:106)
</pre>
</span>
</div>
<div class="test">
<a name="testUserPriorityNameReplace_ImportSrc_ImportDest_DoNotReplaceSamePriority"></a>
<h3 class="failures">testUserPriorityNameReplace_ImportSrc_ImportDest_DoNotReplaceSamePriority</h3>
<span class="code">
<pre>java.lang.NullPointerException
	at ghidra.feature.vt.api.db.VTSessionDB.initializePrograms(VTSessionDB.java:138)
	at ghidra.feature.vt.api.db.VTSessionDB.createVTSession(VTSessionDB.java:87)
	at ghidra.feature.vt.gui.VTTestEnv.createAndOpenVTSession(VTTestEnv.java:115)
	at ghidra.feature.vt.gui.VTTestEnv.createSession(VTTestEnv.java:105)
	at ghidra.feature.vt.api.markupitem.AbstractFunctionSignatureMarkupTest.setUp(AbstractFunctionSignatureMarkupTest.java:110)
	at generic.test.TestThread.run(TestThread.java:106)
</pre>
</span>
</div>
<div class="test">
<a name="testUserPriorityNameReplace_ImportSrc_ImportDest_ReplaceSamePriority"></a>
<h3 class="failures">testUserPriorityNameReplace_ImportSrc_ImportDest_ReplaceSamePriority</h3>
<span class="code">
<pre>java.lang.NullPointerException
	at ghidra.feature.vt.api.db.VTSessionDB.initializePrograms(VTSessionDB.java:138)
	at ghidra.feature.vt.api.db.VTSessionDB.createVTSession(VTSessionDB.java:87)
	at ghidra.feature.vt.gui.VTTestEnv.createAndOpenVTSession(VTTestEnv.java:115)
	at ghidra.feature.vt.gui.VTTestEnv.createSession(VTTestEnv.java:105)
	at ghidra.feature.vt.api.markupitem.AbstractFunctionSignatureMarkupTest.setUp(AbstractFunctionSignatureMarkupTest.java:110)
	at generic.test.TestThread.run(TestThread.java:106)
</pre>
</span>
</div>
<div class="test">
<a name="testUserPriorityNameReplace_ImportSrc_UserDest"></a>
<h3 class="failures">testUserPriorityNameReplace_ImportSrc_UserDest</h3>
<span class="code">
<pre>java.lang.NullPointerException
	at ghidra.feature.vt.api.db.VTSessionDB.initializePrograms(VTSessionDB.java:138)
	at ghidra.feature.vt.api.db.VTSessionDB.createVTSession(VTSessionDB.java:87)
	at ghidra.feature.vt.gui.VTTestEnv.createAndOpenVTSession(VTTestEnv.java:115)
	at ghidra.feature.vt.gui.VTTestEnv.createSession(VTTestEnv.java:105)
	at ghidra.feature.vt.api.markupitem.AbstractFunctionSignatureMarkupTest.setUp(AbstractFunctionSignatureMarkupTest.java:110)
	at generic.test.TestThread.run(TestThread.java:106)
</pre>
</span>
</div>
<div class="test">
<a name="testUserPriorityNameReplace_UserSrc_AnalysisDest"></a>
<h3 class="failures">testUserPriorityNameReplace_UserSrc_AnalysisDest</h3>
<span class="code">
<pre>java.lang.NullPointerException
	at ghidra.feature.vt.api.db.VTSessionDB.initializePrograms(VTSessionDB.java:138)
	at ghidra.feature.vt.api.db.VTSessionDB.createVTSession(VTSessionDB.java:87)
	at ghidra.feature.vt.gui.VTTestEnv.createAndOpenVTSession(VTTestEnv.java:115)
	at ghidra.feature.vt.gui.VTTestEnv.createSession(VTTestEnv.java:105)
	at ghidra.feature.vt.api.markupitem.AbstractFunctionSignatureMarkupTest.setUp(AbstractFunctionSignatureMarkupTest.java:110)
	at generic.test.TestThread.run(TestThread.java:106)
</pre>
</span>
</div>
<div class="test">
<a name="testUserPriorityNameReplace_UserSrc_DefaultDest"></a>
<h3 class="failures">testUserPriorityNameReplace_UserSrc_DefaultDest</h3>
<span class="code">
<pre>java.lang.NullPointerException
	at ghidra.feature.vt.api.db.VTSessionDB.initializePrograms(VTSessionDB.java:138)
	at ghidra.feature.vt.api.db.VTSessionDB.createVTSession(VTSessionDB.java:87)
	at ghidra.feature.vt.gui.VTTestEnv.createAndOpenVTSession(VTTestEnv.java:115)
	at ghidra.feature.vt.gui.VTTestEnv.createSession(VTTestEnv.java:105)
	at ghidra.feature.vt.api.markupitem.AbstractFunctionSignatureMarkupTest.setUp(AbstractFunctionSignatureMarkupTest.java:110)
	at generic.test.TestThread.run(TestThread.java:106)
</pre>
</span>
</div>
<div class="test">
<a name="testUserPriorityNameReplace_UserSrc_ImportDest"></a>
<h3 class="failures">testUserPriorityNameReplace_UserSrc_ImportDest</h3>
<span class="code">
<pre>java.lang.NullPointerException
	at ghidra.feature.vt.api.db.VTSessionDB.initializePrograms(VTSessionDB.java:138)
	at ghidra.feature.vt.api.db.VTSessionDB.createVTSession(VTSessionDB.java:87)
	at ghidra.feature.vt.gui.VTTestEnv.createAndOpenVTSession(VTTestEnv.java:115)
	at ghidra.feature.vt.gui.VTTestEnv.createSession(VTTestEnv.java:105)
	at ghidra.feature.vt.api.markupitem.AbstractFunctionSignatureMarkupTest.setUp(AbstractFunctionSignatureMarkupTest.java:110)
	at generic.test.TestThread.run(TestThread.java:106)
</pre>
</span>
</div>
<div class="test">
<a name="testUserPriorityNameReplace_UserSrc_UserDest_DoNotReplaceSamePriority"></a>
<h3 class="failures">testUserPriorityNameReplace_UserSrc_UserDest_DoNotReplaceSamePriority</h3>
<span class="code">
<pre>java.lang.NullPointerException
	at ghidra.feature.vt.api.db.VTSessionDB.initializePrograms(VTSessionDB.java:138)
	at ghidra.feature.vt.api.db.VTSessionDB.createVTSession(VTSessionDB.java:87)
	at ghidra.feature.vt.gui.VTTestEnv.createAndOpenVTSession(VTTestEnv.java:115)
	at ghidra.feature.vt.gui.VTTestEnv.createSession(VTTestEnv.java:105)
	at ghidra.feature.vt.api.markupitem.AbstractFunctionSignatureMarkupTest.setUp(AbstractFunctionSignatureMarkupTest.java:110)
	at generic.test.TestThread.run(TestThread.java:106)
</pre>
</span>
</div>
<div class="test">
<a name="testUserPriorityNameReplace_UserSrc_UserDest_ReplaceSamePriority"></a>
<h3 class="failures">testUserPriorityNameReplace_UserSrc_UserDest_ReplaceSamePriority</h3>
<span class="code">
<pre>java.lang.NullPointerException
	at ghidra.feature.vt.api.db.VTSessionDB.initializePrograms(VTSessionDB.java:138)
	at ghidra.feature.vt.api.db.VTSessionDB.createVTSession(VTSessionDB.java:87)
	at ghidra.feature.vt.gui.VTTestEnv.createAndOpenVTSession(VTTestEnv.java:115)
	at ghidra.feature.vt.gui.VTTestEnv.createSession(VTTestEnv.java:105)
	at ghidra.feature.vt.api.markupitem.AbstractFunctionSignatureMarkupTest.setUp(AbstractFunctionSignatureMarkupTest.java:110)
	at generic.test.TestThread.run(TestThread.java:106)
</pre>
</span>
</div>
</div>
<div id="tab1" class="tab">
<h2>Tests</h2>
<table>
<thead>
<tr>
<th>Test</th>
<th>Duration</th>
<th>Result</th>
</tr>
</thead>
<tr>
<td class="failures">testReplaceDefaultsOnlyNameReplace</td>
<td class="failures">0.202s</td>
<td class="failures">failed</td>
</tr>
<tr>
<td class="failures">testUserPriorityNameReplace_AnalysisSrc_AnalysisDest_DoNotReplaceSamePriority</td>
<td class="failures">0.206s</td>
<td class="failures">failed</td>
</tr>
<tr>
<td class="failures">testUserPriorityNameReplace_AnalysisSrc_AnalysisDest_ReplaceSamePriority</td>
<td class="failures">0.205s</td>
<td class="failures">failed</td>
</tr>
<tr>
<td class="failures">testUserPriorityNameReplace_AnalysisSrc_DefaultDest</td>
<td class="failures">0.203s</td>
<td class="failures">failed</td>
</tr>
<tr>
<td class="failures">testUserPriorityNameReplace_AnalysisSrc_ImportDest</td>
<td class="failures">0.208s</td>
<td class="failures">failed</td>
</tr>
<tr>
<td class="failures">testUserPriorityNameReplace_AnalysisSrc_UserDest</td>
<td class="failures">0.202s</td>
<td class="failures">failed</td>
</tr>
<tr>
<td class="failures">testUserPriorityNameReplace_DefaultSrc_AnalysisDest</td>
<td class="failures">0.204s</td>
<td class="failures">failed</td>
</tr>
<tr>
<td class="failures">testUserPriorityNameReplace_DefaultSrc_DefaultDest</td>
<td class="failures">1.412s</td>
<td class="failures">failed</td>
</tr>
<tr>
<td class="failures">testUserPriorityNameReplace_DefaultSrc_ImportDest</td>
<td class="failures">0.309s</td>
<td class="failures">failed</td>
</tr>
<tr>
<td class="failures">testUserPriorityNameReplace_DefaultSrc_UserDest</td>
<td class="failures">0.309s</td>
<td class="failures">failed</td>
</tr>
<tr>
<td class="failures">testUserPriorityNameReplace_ImportSrc_AnalysisDest</td>
<td class="failures">0.202s</td>
<td class="failures">failed</td>
</tr>
<tr>
<td class="failures">testUserPriorityNameReplace_ImportSrc_DefaultDest</td>
<td class="failures">0.203s</td>
<td class="failures">failed</td>
</tr>
<tr>
<td class="failures">testUserPriorityNameReplace_ImportSrc_ImportDest_DoNotReplaceSamePriority</td>
<td class="failures">0.308s</td>
<td class="failures">failed</td>
</tr>
<tr>
<td class="failures">testUserPriorityNameReplace_ImportSrc_ImportDest_ReplaceSamePriority</td>
<td class="failures">0.304s</td>
<td class="failures">failed</td>
</tr>
<tr>
<td class="failures">testUserPriorityNameReplace_ImportSrc_UserDest</td>
<td class="failures">0.305s</td>
<td class="failures">failed</td>
</tr>
<tr>
<td class="failures">testUserPriorityNameReplace_UserSrc_AnalysisDest</td>
<td class="failures">0.206s</td>
<td class="failures">failed</td>
</tr>
<tr>
<td class="failures">testUserPriorityNameReplace_UserSrc_DefaultDest</td>
<td class="failures">0.207s</td>
<td class="failures">failed</td>
</tr>
<tr>
<td class="failures">testUserPriorityNameReplace_UserSrc_ImportDest</td>
<td class="failures">0.307s</td>
<td class="failures">failed</td>
</tr>
<tr>
<td class="failures">testUserPriorityNameReplace_UserSrc_UserDest_DoNotReplaceSamePriority</td>
<td class="failures">0.203s</td>
<td class="failures">failed</td>
</tr>
<tr>
<td class="failures">testUserPriorityNameReplace_UserSrc_UserDest_ReplaceSamePriority</td>
<td class="failures">0.414s</td>
<td class="failures">failed</td>
</tr>
</table>
</div>
<div id="tab2" class="tab">
<h2>Standard output</h2>
<span class="code">
<pre>Created test directory: /home/lcf/repo/190904/ghidra/Ghidra/Features/VersionTracking/build/Ghidra_test_7589fe8a-2cab-41c9-9362-c2183ee93602/temp.data
14:37:34 INFO  Using log config file: file:/home/lcf/repo/190904/ghidra/Ghidra/Framework/Generic/src/main/resources/generic.log4jtest.xml   (LoggingInitialization.java:59) 
14:37:34 INFO  Using log file: /home/lcf/repo/190904/ghidra/Ghidra/Features/VersionTracking/build/Ghidra_test_7589fe8a-2cab-41c9-9362-c2183ee93602/temp.data/application.log   (LoggingInitialization.java:60) 
14:37:34 INFO  Loading user preferences: /home/lcf/repo/190904/ghidra/Ghidra/Features/VersionTracking/build/Ghidra_test_7589fe8a-2cab-41c9-9362-c2183ee93602/temp.data/preferences   (Preferences.java:122) 
14:37:34 INFO  Class search complete (492 ms)   (ClassSearcher.java:250) 
14:37:35 DEBUG Wed Sep 04 14:37:34 CST 2019
***** STARTING Test: FunctionSignatureMarkupParameterName2Test - testUserPriorityNameReplace_DefaultSrc_DefaultDest *****   (AbstractGenericTest.java:114) 
14:37:36 WARN  Test data file not found: VersionTracking/WallaceSrc.gzf   (AbstractGenericTest.java:381) 
14:37:36 WARN  Test data file not found: VersionTracking/WallaceSrc.xml   (AbstractGenericTest.java:381) 
14:37:36 INFO  Test program not found: VersionTracking/WallaceSrc   (TestProgramManager.java:351) 
14:37:36 WARN  Test data file not found: VersionTracking/WallaceVersion2.gzf   (AbstractGenericTest.java:381) 
14:37:36 WARN  Test data file not found: VersionTracking/WallaceVersion2.xml   (AbstractGenericTest.java:381) 
14:37:36 INFO  Test program not found: VersionTracking/WallaceVersion2   (TestProgramManager.java:351) 
14:37:36 DEBUG 	✖ FAILED Test: FunctionSignatureMarkupParameterName2Test - testUserPriorityNameReplace_DefaultSrc_DefaultDest ✖	   (AbstractGenericTest.java:114) 
14:37:36 DEBUG Wed Sep 04 14:37:36 CST 2019
***** STARTING Test: FunctionSignatureMarkupParameterName2Test - testUserPriorityNameReplace_UserSrc_UserDest_ReplaceSamePriority *****   (AbstractGenericTest.java:114) 
14:37:36 WARN  Test data file not found: VersionTracking/WallaceSrc.gzf   (AbstractGenericTest.java:381) 
14:37:36 WARN  Test data file not found: VersionTracking/WallaceSrc.xml   (AbstractGenericTest.java:381) 
14:37:36 INFO  Test program not found: VersionTracking/WallaceSrc   (TestProgramManager.java:351) 
14:37:36 WARN  Test data file not found: VersionTracking/WallaceVersion2.gzf   (AbstractGenericTest.java:381) 
14:37:36 WARN  Test data file not found: VersionTracking/WallaceVersion2.xml   (AbstractGenericTest.java:381) 
14:37:36 INFO  Test program not found: VersionTracking/WallaceVersion2   (TestProgramManager.java:351) 
14:37:36 DEBUG 	✖ FAILED Test: FunctionSignatureMarkupParameterName2Test - testUserPriorityNameReplace_UserSrc_UserDest_ReplaceSamePriority ✖	   (AbstractGenericTest.java:114) 
14:37:36 DEBUG Wed Sep 04 14:37:36 CST 2019
***** STARTING Test: FunctionSignatureMarkupParameterName2Test - testUserPriorityNameReplace_ImportSrc_UserDest *****   (AbstractGenericTest.java:114) 
14:37:37 WARN  Test data file not found: VersionTracking/WallaceSrc.gzf   (AbstractGenericTest.java:381) 
14:37:37 WARN  Test data file not found: VersionTracking/WallaceSrc.xml   (AbstractGenericTest.java:381) 
14:37:37 INFO  Test program not found: VersionTracking/WallaceSrc   (TestProgramManager.java:351) 
14:37:37 WARN  Test data file not found: VersionTracking/WallaceVersion2.gzf   (AbstractGenericTest.java:381) 
14:37:37 WARN  Test data file not found: VersionTracking/WallaceVersion2.xml   (AbstractGenericTest.java:381) 
14:37:37 INFO  Test program not found: VersionTracking/WallaceVersion2   (TestProgramManager.java:351) 
14:37:37 DEBUG 	✖ FAILED Test: FunctionSignatureMarkupParameterName2Test - testUserPriorityNameReplace_ImportSrc_UserDest ✖	   (AbstractGenericTest.java:114) 
14:37:37 DEBUG Wed Sep 04 14:37:37 CST 2019
***** STARTING Test: FunctionSignatureMarkupParameterName2Test - testUserPriorityNameReplace_ImportSrc_ImportDest_ReplaceSamePriority *****   (AbstractGenericTest.java:114) 
14:37:37 WARN  Test data file not found: VersionTracking/WallaceSrc.gzf   (AbstractGenericTest.java:381) 
14:37:37 WARN  Test data file not found: VersionTracking/WallaceSrc.xml   (AbstractGenericTest.java:381) 
14:37:37 INFO  Test program not found: VersionTracking/WallaceSrc   (TestProgramManager.java:351) 
14:37:37 WARN  Test data file not found: VersionTracking/WallaceVersion2.gzf   (AbstractGenericTest.java:381) 
14:37:37 WARN  Test data file not found: VersionTracking/WallaceVersion2.xml   (AbstractGenericTest.java:381) 
14:37:37 INFO  Test program not found: VersionTracking/WallaceVersion2   (TestProgramManager.java:351) 
14:37:37 DEBUG 	✖ FAILED Test: FunctionSignatureMarkupParameterName2Test - testUserPriorityNameReplace_ImportSrc_ImportDest_ReplaceSamePriority ✖	   (AbstractGenericTest.java:114) 
14:37:37 DEBUG Wed Sep 04 14:37:37 CST 2019
***** STARTING Test: FunctionSignatureMarkupParameterName2Test - testUserPriorityNameReplace_DefaultSrc_UserDest *****   (AbstractGenericTest.java:114) 
14:37:37 WARN  Test data file not found: VersionTracking/WallaceSrc.gzf   (AbstractGenericTest.java:381) 
14:37:37 WARN  Test data file not found: VersionTracking/WallaceSrc.xml   (AbstractGenericTest.java:381) 
14:37:37 INFO  Test program not found: VersionTracking/WallaceSrc   (TestProgramManager.java:351) 
14:37:37 WARN  Test data file not found: VersionTracking/WallaceVersion2.gzf   (AbstractGenericTest.java:381) 
14:37:37 WARN  Test data file not found: VersionTracking/WallaceVersion2.xml   (AbstractGenericTest.java:381) 
14:37:37 INFO  Test program not found: VersionTracking/WallaceVersion2   (TestProgramManager.java:351) 
14:37:37 DEBUG 	✖ FAILED Test: FunctionSignatureMarkupParameterName2Test - testUserPriorityNameReplace_DefaultSrc_UserDest ✖	   (AbstractGenericTest.java:114) 
14:37:37 DEBUG Wed Sep 04 14:37:37 CST 2019
***** STARTING Test: FunctionSignatureMarkupParameterName2Test - testUserPriorityNameReplace_DefaultSrc_ImportDest *****   (AbstractGenericTest.java:114) 
14:37:37 WARN  Test data file not found: VersionTracking/WallaceSrc.gzf   (AbstractGenericTest.java:381) 
14:37:37 WARN  Test data file not found: VersionTracking/WallaceSrc.xml   (AbstractGenericTest.java:381) 
14:37:37 INFO  Test program not found: VersionTracking/WallaceSrc   (TestProgramManager.java:351) 
14:37:37 WARN  Test data file not found: VersionTracking/WallaceVersion2.gzf   (AbstractGenericTest.java:381) 
14:37:37 WARN  Test data file not found: VersionTracking/WallaceVersion2.xml   (AbstractGenericTest.java:381) 
14:37:37 INFO  Test program not found: VersionTracking/WallaceVersion2   (TestProgramManager.java:351) 
14:37:38 DEBUG 	✖ FAILED Test: FunctionSignatureMarkupParameterName2Test - testUserPriorityNameReplace_DefaultSrc_ImportDest ✖	   (AbstractGenericTest.java:114) 
14:37:38 DEBUG Wed Sep 04 14:37:38 CST 2019
***** STARTING Test: FunctionSignatureMarkupParameterName2Test - testUserPriorityNameReplace_UserSrc_ImportDest *****   (AbstractGenericTest.java:114) 
14:37:38 WARN  Test data file not found: VersionTracking/WallaceSrc.gzf   (AbstractGenericTest.java:381) 
14:37:38 WARN  Test data file not found: VersionTracking/WallaceSrc.xml   (AbstractGenericTest.java:381) 
14:37:38 INFO  Test program not found: VersionTracking/WallaceSrc   (TestProgramManager.java:351) 
14:37:38 WARN  Test data file not found: VersionTracking/WallaceVersion2.gzf   (AbstractGenericTest.java:381) 
14:37:38 WARN  Test data file not found: VersionTracking/WallaceVersion2.xml   (AbstractGenericTest.java:381) 
14:37:38 INFO  Test program not found: VersionTracking/WallaceVersion2   (TestProgramManager.java:351) 
14:37:38 DEBUG 	✖ FAILED Test: FunctionSignatureMarkupParameterName2Test - testUserPriorityNameReplace_UserSrc_ImportDest ✖	   (AbstractGenericTest.java:114) 
14:37:38 DEBUG Wed Sep 04 14:37:38 CST 2019
***** STARTING Test: FunctionSignatureMarkupParameterName2Test - testUserPriorityNameReplace_ImportSrc_ImportDest_DoNotReplaceSamePriority *****   (AbstractGenericTest.java:114) 
14:37:38 WARN  Test data file not found: VersionTracking/WallaceSrc.gzf   (AbstractGenericTest.java:381) 
14:37:38 WARN  Test data file not found: VersionTracking/WallaceSrc.xml   (AbstractGenericTest.java:381) 
14:37:38 INFO  Test program not found: VersionTracking/WallaceSrc   (TestProgramManager.java:351) 
14:37:38 WARN  Test data file not found: VersionTracking/WallaceVersion2.gzf   (AbstractGenericTest.java:381) 
14:37:38 WARN  Test data file not found: VersionTracking/WallaceVersion2.xml   (AbstractGenericTest.java:381) 
14:37:38 INFO  Test program not found: VersionTracking/WallaceVersion2   (TestProgramManager.java:351) 
14:37:38 DEBUG 	✖ FAILED Test: FunctionSignatureMarkupParameterName2Test - testUserPriorityNameReplace_ImportSrc_ImportDest_DoNotReplaceSamePriority ✖	   (AbstractGenericTest.java:114) 
14:37:38 DEBUG Wed Sep 04 14:37:38 CST 2019
***** STARTING Test: FunctionSignatureMarkupParameterName2Test - testUserPriorityNameReplace_DefaultSrc_AnalysisDest *****   (AbstractGenericTest.java:114) 
14:37:38 WARN  Test data file not found: VersionTracking/WallaceSrc.gzf   (AbstractGenericTest.java:381) 
14:37:38 WARN  Test data file not found: VersionTracking/WallaceSrc.xml   (AbstractGenericTest.java:381) 
14:37:38 INFO  Test program not found: VersionTracking/WallaceSrc   (TestProgramManager.java:351) 
14:37:38 WARN  Test data file not found: VersionTracking/WallaceVersion2.gzf   (AbstractGenericTest.java:381) 
14:37:38 WARN  Test data file not found: VersionTracking/WallaceVersion2.xml   (AbstractGenericTest.java:381) 
14:37:38 INFO  Test program not found: VersionTracking/WallaceVersion2   (TestProgramManager.java:351) 
14:37:38 DEBUG 	✖ FAILED Test: FunctionSignatureMarkupParameterName2Test - testUserPriorityNameReplace_DefaultSrc_AnalysisDest ✖	   (AbstractGenericTest.java:114) 
14:37:38 DEBUG Wed Sep 04 14:37:38 CST 2019
***** STARTING Test: FunctionSignatureMarkupParameterName2Test - testUserPriorityNameReplace_ImportSrc_DefaultDest *****   (AbstractGenericTest.java:114) 
14:37:39 WARN  Test data file not found: VersionTracking/WallaceSrc.gzf   (AbstractGenericTest.java:381) 
14:37:39 WARN  Test data file not found: VersionTracking/WallaceSrc.xml   (AbstractGenericTest.java:381) 
14:37:39 INFO  Test program not found: VersionTracking/WallaceSrc   (TestProgramManager.java:351) 
14:37:39 WARN  Test data file not found: VersionTracking/WallaceVersion2.gzf   (AbstractGenericTest.java:381) 
14:37:39 WARN  Test data file not found: VersionTracking/WallaceVersion2.xml   (AbstractGenericTest.java:381) 
14:37:39 INFO  Test program not found: VersionTracking/WallaceVersion2   (TestProgramManager.java:351) 
14:37:39 DEBUG 	✖ FAILED Test: FunctionSignatureMarkupParameterName2Test - testUserPriorityNameReplace_ImportSrc_DefaultDest ✖	   (AbstractGenericTest.java:114) 
14:37:39 DEBUG Wed Sep 04 14:37:39 CST 2019
***** STARTING Test: FunctionSignatureMarkupParameterName2Test - testUserPriorityNameReplace_AnalysisSrc_AnalysisDest_DoNotReplaceSamePriority *****   (AbstractGenericTest.java:114) 
14:37:39 WARN  Test data file not found: VersionTracking/WallaceSrc.gzf   (AbstractGenericTest.java:381) 
14:37:39 WARN  Test data file not found: VersionTracking/WallaceSrc.xml   (AbstractGenericTest.java:381) 
14:37:39 INFO  Test program not found: VersionTracking/WallaceSrc   (TestProgramManager.java:351) 
14:37:39 WARN  Test data file not found: VersionTracking/WallaceVersion2.gzf   (AbstractGenericTest.java:381) 
14:37:39 WARN  Test data file not found: VersionTracking/WallaceVersion2.xml   (AbstractGenericTest.java:381) 
14:37:39 INFO  Test program not found: VersionTracking/WallaceVersion2   (TestProgramManager.java:351) 
14:37:39 DEBUG 	✖ FAILED Test: FunctionSignatureMarkupParameterName2Test - testUserPriorityNameReplace_AnalysisSrc_AnalysisDest_DoNotReplaceSamePriority ✖	   (AbstractGenericTest.java:114) 
14:37:39 DEBUG Wed Sep 04 14:37:39 CST 2019
***** STARTING Test: FunctionSignatureMarkupParameterName2Test - testUserPriorityNameReplace_UserSrc_UserDest_DoNotReplaceSamePriority *****   (AbstractGenericTest.java:114) 
14:37:39 WARN  Test data file not found: VersionTracking/WallaceSrc.gzf   (AbstractGenericTest.java:381) 
14:37:39 WARN  Test data file not found: VersionTracking/WallaceSrc.xml   (AbstractGenericTest.java:381) 
14:37:39 INFO  Test program not found: VersionTracking/WallaceSrc   (TestProgramManager.java:351) 
14:37:39 WARN  Test data file not found: VersionTracking/WallaceVersion2.gzf   (AbstractGenericTest.java:381) 
14:37:39 WARN  Test data file not found: VersionTracking/WallaceVersion2.xml   (AbstractGenericTest.java:381) 
14:37:39 INFO  Test program not found: VersionTracking/WallaceVersion2   (TestProgramManager.java:351) 
14:37:39 DEBUG 	✖ FAILED Test: FunctionSignatureMarkupParameterName2Test - testUserPriorityNameReplace_UserSrc_UserDest_DoNotReplaceSamePriority ✖	   (AbstractGenericTest.java:114) 
14:37:39 DEBUG Wed Sep 04 14:37:39 CST 2019
***** STARTING Test: FunctionSignatureMarkupParameterName2Test - testUserPriorityNameReplace_AnalysisSrc_AnalysisDest_ReplaceSamePriority *****   (AbstractGenericTest.java:114) 
14:37:39 WARN  Test data file not found: VersionTracking/WallaceSrc.gzf   (AbstractGenericTest.java:381) 
14:37:39 WARN  Test data file not found: VersionTracking/WallaceSrc.xml   (AbstractGenericTest.java:381) 
14:37:39 INFO  Test program not found: VersionTracking/WallaceSrc   (TestProgramManager.java:351) 
14:37:39 WARN  Test data file not found: VersionTracking/WallaceVersion2.gzf   (AbstractGenericTest.java:381) 
14:37:39 WARN  Test data file not found: VersionTracking/WallaceVersion2.xml   (AbstractGenericTest.java:381) 
14:37:39 INFO  Test program not found: VersionTracking/WallaceVersion2   (TestProgramManager.java:351) 
14:37:39 DEBUG 	✖ FAILED Test: FunctionSignatureMarkupParameterName2Test - testUserPriorityNameReplace_AnalysisSrc_AnalysisDest_ReplaceSamePriority ✖	   (AbstractGenericTest.java:114) 
14:37:39 DEBUG Wed Sep 04 14:37:39 CST 2019
***** STARTING Test: FunctionSignatureMarkupParameterName2Test - testUserPriorityNameReplace_UserSrc_AnalysisDest *****   (AbstractGenericTest.java:114) 
14:37:39 WARN  Test data file not found: VersionTracking/WallaceSrc.gzf   (AbstractGenericTest.java:381) 
14:37:39 WARN  Test data file not found: VersionTracking/WallaceSrc.xml   (AbstractGenericTest.java:381) 
14:37:39 INFO  Test program not found: VersionTracking/WallaceSrc   (TestProgramManager.java:351) 
14:37:39 WARN  Test data file not found: VersionTracking/WallaceVersion2.gzf   (AbstractGenericTest.java:381) 
14:37:39 WARN  Test data file not found: VersionTracking/WallaceVersion2.xml   (AbstractGenericTest.java:381) 
14:37:39 INFO  Test program not found: VersionTracking/WallaceVersion2   (TestProgramManager.java:351) 
14:37:39 DEBUG 	✖ FAILED Test: FunctionSignatureMarkupParameterName2Test - testUserPriorityNameReplace_UserSrc_AnalysisDest ✖	   (AbstractGenericTest.java:114) 
14:37:39 DEBUG Wed Sep 04 14:37:39 CST 2019
***** STARTING Test: FunctionSignatureMarkupParameterName2Test - testUserPriorityNameReplace_AnalysisSrc_ImportDest *****   (AbstractGenericTest.java:114) 
14:37:40 WARN  Test data file not found: VersionTracking/WallaceSrc.gzf   (AbstractGenericTest.java:381) 
14:37:40 WARN  Test data file not found: VersionTracking/WallaceSrc.xml   (AbstractGenericTest.java:381) 
14:37:40 INFO  Test program not found: VersionTracking/WallaceSrc   (TestProgramManager.java:351) 
14:37:40 WARN  Test data file not found: VersionTracking/WallaceVersion2.gzf   (AbstractGenericTest.java:381) 
14:37:40 WARN  Test data file not found: VersionTracking/WallaceVersion2.xml   (AbstractGenericTest.java:381) 
14:37:40 INFO  Test program not found: VersionTracking/WallaceVersion2   (TestProgramManager.java:351) 
14:37:40 DEBUG 	✖ FAILED Test: FunctionSignatureMarkupParameterName2Test - testUserPriorityNameReplace_AnalysisSrc_ImportDest ✖	   (AbstractGenericTest.java:114) 
14:37:40 DEBUG Wed Sep 04 14:37:40 CST 2019
***** STARTING Test: FunctionSignatureMarkupParameterName2Test - testUserPriorityNameReplace_UserSrc_DefaultDest *****   (AbstractGenericTest.java:114) 
14:37:40 WARN  Test data file not found: VersionTracking/WallaceSrc.gzf   (AbstractGenericTest.java:381) 
14:37:40 WARN  Test data file not found: VersionTracking/WallaceSrc.xml   (AbstractGenericTest.java:381) 
14:37:40 INFO  Test program not found: VersionTracking/WallaceSrc   (TestProgramManager.java:351) 
14:37:40 WARN  Test data file not found: VersionTracking/WallaceVersion2.gzf   (AbstractGenericTest.java:381) 
14:37:40 WARN  Test data file not found: VersionTracking/WallaceVersion2.xml   (AbstractGenericTest.java:381) 
14:37:40 INFO  Test program not found: VersionTracking/WallaceVersion2   (TestProgramManager.java:351) 
14:37:40 DEBUG 	✖ FAILED Test: FunctionSignatureMarkupParameterName2Test - testUserPriorityNameReplace_UserSrc_DefaultDest ✖	   (AbstractGenericTest.java:114) 
14:37:40 DEBUG Wed Sep 04 14:37:40 CST 2019
***** STARTING Test: FunctionSignatureMarkupParameterName2Test - testUserPriorityNameReplace_ImportSrc_AnalysisDest *****   (AbstractGenericTest.java:114) 
14:37:40 WARN  Test data file not found: VersionTracking/WallaceSrc.gzf   (AbstractGenericTest.java:381) 
14:37:40 WARN  Test data file not found: VersionTracking/WallaceSrc.xml   (AbstractGenericTest.java:381) 
14:37:40 INFO  Test program not found: VersionTracking/WallaceSrc   (TestProgramManager.java:351) 
14:37:40 WARN  Test data file not found: VersionTracking/WallaceVersion2.gzf   (AbstractGenericTest.java:381) 
14:37:40 WARN  Test data file not found: VersionTracking/WallaceVersion2.xml   (AbstractGenericTest.java:381) 
14:37:40 INFO  Test program not found: VersionTracking/WallaceVersion2   (TestProgramManager.java:351) 
14:37:40 DEBUG 	✖ FAILED Test: FunctionSignatureMarkupParameterName2Test - testUserPriorityNameReplace_ImportSrc_AnalysisDest ✖	   (AbstractGenericTest.java:114) 
14:37:40 DEBUG Wed Sep 04 14:37:40 CST 2019
***** STARTING Test: FunctionSignatureMarkupParameterName2Test - testReplaceDefaultsOnlyNameReplace *****   (AbstractGenericTest.java:114) 
14:37:40 WARN  Test data file not found: VersionTracking/WallaceSrc.gzf   (AbstractGenericTest.java:381) 
14:37:40 WARN  Test data file not found: VersionTracking/WallaceSrc.xml   (AbstractGenericTest.java:381) 
14:37:40 INFO  Test program not found: VersionTracking/WallaceSrc   (TestProgramManager.java:351) 
14:37:40 WARN  Test data file not found: VersionTracking/WallaceVersion2.gzf   (AbstractGenericTest.java:381) 
14:37:40 WARN  Test data file not found: VersionTracking/WallaceVersion2.xml   (AbstractGenericTest.java:381) 
14:37:40 INFO  Test program not found: VersionTracking/WallaceVersion2   (TestProgramManager.java:351) 
14:37:40 DEBUG 	✖ FAILED Test: FunctionSignatureMarkupParameterName2Test - testReplaceDefaultsOnlyNameReplace ✖	   (AbstractGenericTest.java:114) 
14:37:40 DEBUG Wed Sep 04 14:37:40 CST 2019
***** STARTING Test: FunctionSignatureMarkupParameterName2Test - testUserPriorityNameReplace_AnalysisSrc_DefaultDest *****   (AbstractGenericTest.java:114) 
14:37:40 WARN  Test data file not found: VersionTracking/WallaceSrc.gzf   (AbstractGenericTest.java:381) 
14:37:40 WARN  Test data file not found: VersionTracking/WallaceSrc.xml   (AbstractGenericTest.java:381) 
14:37:40 INFO  Test program not found: VersionTracking/WallaceSrc   (TestProgramManager.java:351) 
14:37:40 WARN  Test data file not found: VersionTracking/WallaceVersion2.gzf   (AbstractGenericTest.java:381) 
14:37:40 WARN  Test data file not found: VersionTracking/WallaceVersion2.xml   (AbstractGenericTest.java:381) 
14:37:40 INFO  Test program not found: VersionTracking/WallaceVersion2   (TestProgramManager.java:351) 
14:37:40 DEBUG 	✖ FAILED Test: FunctionSignatureMarkupParameterName2Test - testUserPriorityNameReplace_AnalysisSrc_DefaultDest ✖	   (AbstractGenericTest.java:114) 
14:37:40 DEBUG Wed Sep 04 14:37:40 CST 2019
***** STARTING Test: FunctionSignatureMarkupParameterName2Test - testUserPriorityNameReplace_AnalysisSrc_UserDest *****   (AbstractGenericTest.java:114) 
14:37:41 WARN  Test data file not found: VersionTracking/WallaceSrc.gzf   (AbstractGenericTest.java:381) 
14:37:41 WARN  Test data file not found: VersionTracking/WallaceSrc.xml   (AbstractGenericTest.java:381) 
14:37:41 INFO  Test program not found: VersionTracking/WallaceSrc   (TestProgramManager.java:351) 
14:37:41 WARN  Test data file not found: VersionTracking/WallaceVersion2.gzf   (AbstractGenericTest.java:381) 
14:37:41 WARN  Test data file not found: VersionTracking/WallaceVersion2.xml   (AbstractGenericTest.java:381) 
14:37:41 INFO  Test program not found: VersionTracking/WallaceVersion2   (TestProgramManager.java:351) 
14:37:41 DEBUG 	✖ FAILED Test: FunctionSignatureMarkupParameterName2Test - testUserPriorityNameReplace_AnalysisSrc_UserDest ✖	   (AbstractGenericTest.java:114) 
</pre>
</span>
</div>
</div>
<div id="footer">
<p>
<div>
<label class="hidden" id="label-for-line-wrapping-toggle" for="line-wrapping-toggle">Wrap lines
<input id="line-wrapping-toggle" type="checkbox" autocomplete="off"/>
</label>
</div>Generated by 
<a href="http://www.gradle.org">Gradle 5.6.1</a> at Sep 4, 2019, 2:39:47 PM</p>
</div>
</div>
</body>
</html>
