<!DOCTYPE html>
<html>
<head>
<meta http-equiv="Content-Type" content="text/html; charset=utf-8"/>
<meta http-equiv="x-ua-compatible" content="IE=edge"/>
<title>Test results - Class ghidra.app.plugin.core.decompile.DecompilerFindReferencesToActionTest</title>
<link href="../css/base-style.css" rel="stylesheet" type="text/css"/>
<link href="../css/style.css" rel="stylesheet" type="text/css"/>
<script src="../js/report.js" type="text/javascript"></script>
</head>
<body>
<div id="content">
<h1>Class ghidra.app.plugin.core.decompile.DecompilerFindReferencesToActionTest</h1>
<div class="breadcrumbs">
<a href="../index.html">all</a> &gt; 
<a href="../packages/ghidra.app.plugin.core.decompile.html">ghidra.app.plugin.core.decompile</a> &gt; DecompilerFindReferencesToActionTest</div>
<div id="summary">
<table>
<tr>
<td>
<div class="summaryGroup">
<table>
<tr>
<td>
<div class="infoBox" id="tests">
<div class="counter">7</div>
<p>tests</p>
</div>
</td>
<td>
<div class="infoBox" id="failures">
<div class="counter">7</div>
<p>failures</p>
</div>
</td>
<td>
<div class="infoBox" id="ignored">
<div class="counter">0</div>
<p>ignored</p>
</div>
</td>
<td>
<div class="infoBox" id="duration">
<div class="counter">4.706s</div>
<p>duration</p>
</div>
</td>
</tr>
</table>
</div>
</td>
<td>
<div class="infoBox failures" id="successRate">
<div class="percent">0%</div>
<p>successful</p>
</div>
</td>
</tr>
</table>
</div>
<div id="tabs">
<ul class="tabLinks">
<li>
<a href="#tab0">Failed tests</a>
</li>
<li>
<a href="#tab1">Tests</a>
</li>
<li>
<a href="#tab2">Standard output</a>
</li>
</ul>
<div id="tab0" class="tab">
<h2>Failed tests</h2>
<div class="test">
<a name="testActionEnablement"></a>
<h3 class="failures">testActionEnablement</h3>
<span class="code">
<pre>java.lang.AssertionError: Exception in Swing thread via runSwingAndWait():
NullPointerException
	at ghidra.test.TestEnv.lambda$launchDefaultTool$16(TestEnv.java:834)
	at generic.test.AbstractGenericTest$ExceptionHandlingRunner.lambda$run$0(AbstractGenericTest.java:1185)

Test Thread stack at that time:
	at generic.test.AbstractGenericTest.runSwingAndWait(AbstractGenericTest.java:1251)
	at generic.test.AbstractGenericTest.runSwing(AbstractGenericTest.java:1123)
	at generic.test.AbstractGenericTest.runSwing(AbstractGenericTest.java:1093)
	at ghidra.test.TestEnv.launchDefaultTool(TestEnv.java:831)
	at ghidra.test.AbstractProgramBasedTest.initialize(AbstractProgramBasedTest.java:65)
	at ghidra.app.plugin.core.decompile.AbstractDecompilerTest.setUp(AbstractDecompilerTest.java:41)
	at ghidra.app.plugin.core.decompile.AbstractDecompilerFindReferencesActionTest.setUp(AbstractDecompilerFindReferencesActionTest.java:56)
	at generic.test.TestThread.run(TestThread.java:106)
</pre>
</span>
<span class="code">
<pre>java.lang.NullPointerException
	at ghidra.app.plugin.core.decompile.AbstractDecompilerTest.lambda$waitForDecompiler$0(AbstractDecompilerTest.java:72)
	at generic.test.AbstractGTest.waitForCondition(AbstractGTest.java:435)
	at generic.test.AbstractGTest.waitForCondition(AbstractGTest.java:426)
	at generic.test.AbstractGTest.waitForCondition(AbstractGTest.java:393)
	at generic.test.AbstractGTest.waitForCondition(AbstractGTest.java:380)
	at ghidra.app.plugin.core.decompile.AbstractDecompilerTest.waitForDecompiler(AbstractDecompilerTest.java:72)
	at ghidra.app.plugin.core.decompile.AbstractDecompilerTest.tearDown(AbstractDecompilerTest.java:51)
	at generic.test.TestThread.run(TestThread.java:106)
</pre>
</span>
</div>
<div class="test">
<a name="testFindDataTypeReferences_ToCastSymbol"></a>
<h3 class="failures">testFindDataTypeReferences_ToCastSymbol</h3>
<span class="code">
<pre>java.lang.AssertionError: Exception in Swing thread via runSwingAndWait():
NullPointerException
	at ghidra.test.TestEnv.lambda$launchDefaultTool$16(TestEnv.java:834)
	at generic.test.AbstractGenericTest$ExceptionHandlingRunner.lambda$run$0(AbstractGenericTest.java:1185)

Test Thread stack at that time:
	at generic.test.AbstractGenericTest.runSwingAndWait(AbstractGenericTest.java:1251)
	at generic.test.AbstractGenericTest.runSwing(AbstractGenericTest.java:1123)
	at generic.test.AbstractGenericTest.runSwing(AbstractGenericTest.java:1093)
	at ghidra.test.TestEnv.launchDefaultTool(TestEnv.java:831)
	at ghidra.test.AbstractProgramBasedTest.initialize(AbstractProgramBasedTest.java:65)
	at ghidra.app.plugin.core.decompile.AbstractDecompilerTest.setUp(AbstractDecompilerTest.java:41)
	at ghidra.app.plugin.core.decompile.AbstractDecompilerFindReferencesActionTest.setUp(AbstractDecompilerFindReferencesActionTest.java:56)
	at generic.test.TestThread.run(TestThread.java:106)
</pre>
</span>
<span class="code">
<pre>java.lang.NullPointerException
	at ghidra.app.plugin.core.decompile.AbstractDecompilerTest.lambda$waitForDecompiler$0(AbstractDecompilerTest.java:72)
	at generic.test.AbstractGTest.waitForCondition(AbstractGTest.java:435)
	at generic.test.AbstractGTest.waitForCondition(AbstractGTest.java:426)
	at generic.test.AbstractGTest.waitForCondition(AbstractGTest.java:393)
	at generic.test.AbstractGTest.waitForCondition(AbstractGTest.java:380)
	at ghidra.app.plugin.core.decompile.AbstractDecompilerTest.waitForDecompiler(AbstractDecompilerTest.java:72)
	at ghidra.app.plugin.core.decompile.AbstractDecompilerTest.tearDown(AbstractDecompilerTest.java:51)
	at generic.test.TestThread.run(TestThread.java:106)
</pre>
</span>
</div>
<div class="test">
<a name="testFindDataTypeReferences_ToCurrentAddress"></a>
<h3 class="failures">testFindDataTypeReferences_ToCurrentAddress</h3>
<span class="code">
<pre>java.lang.AssertionError: Exception in Swing thread via runSwingAndWait():
NullPointerException
	at ghidra.test.TestEnv.lambda$launchDefaultTool$16(TestEnv.java:834)
	at generic.test.AbstractGenericTest$ExceptionHandlingRunner.lambda$run$0(AbstractGenericTest.java:1185)

Test Thread stack at that time:
	at generic.test.AbstractGenericTest.runSwingAndWait(AbstractGenericTest.java:1251)
	at generic.test.AbstractGenericTest.runSwing(AbstractGenericTest.java:1123)
	at generic.test.AbstractGenericTest.runSwing(AbstractGenericTest.java:1093)
	at ghidra.test.TestEnv.launchDefaultTool(TestEnv.java:831)
	at ghidra.test.AbstractProgramBasedTest.initialize(AbstractProgramBasedTest.java:65)
	at ghidra.app.plugin.core.decompile.AbstractDecompilerTest.setUp(AbstractDecompilerTest.java:41)
	at ghidra.app.plugin.core.decompile.AbstractDecompilerFindReferencesActionTest.setUp(AbstractDecompilerFindReferencesActionTest.java:56)
	at generic.test.TestThread.run(TestThread.java:106)
</pre>
</span>
<span class="code">
<pre>java.lang.NullPointerException
	at ghidra.app.plugin.core.decompile.AbstractDecompilerTest.lambda$waitForDecompiler$0(AbstractDecompilerTest.java:72)
	at generic.test.AbstractGTest.waitForCondition(AbstractGTest.java:435)
	at generic.test.AbstractGTest.waitForCondition(AbstractGTest.java:426)
	at generic.test.AbstractGTest.waitForCondition(AbstractGTest.java:393)
	at generic.test.AbstractGTest.waitForCondition(AbstractGTest.java:380)
	at ghidra.app.plugin.core.decompile.AbstractDecompilerTest.waitForDecompiler(AbstractDecompilerTest.java:72)
	at ghidra.app.plugin.core.decompile.AbstractDecompilerTest.tearDown(AbstractDecompilerTest.java:51)
	at generic.test.TestThread.run(TestThread.java:106)
</pre>
</span>
</div>
<div class="test">
<a name="testFindDataTypeReferences_ToCurrentFunction"></a>
<h3 class="failures">testFindDataTypeReferences_ToCurrentFunction</h3>
<span class="code">
<pre>java.lang.AssertionError: Exception in Swing thread via runSwingAndWait():
NullPointerException
	at ghidra.test.TestEnv.lambda$launchDefaultTool$16(TestEnv.java:834)
	at generic.test.AbstractGenericTest$ExceptionHandlingRunner.lambda$run$0(AbstractGenericTest.java:1185)

Test Thread stack at that time:
	at generic.test.AbstractGenericTest.runSwingAndWait(AbstractGenericTest.java:1251)
	at generic.test.AbstractGenericTest.runSwing(AbstractGenericTest.java:1123)
	at generic.test.AbstractGenericTest.runSwing(AbstractGenericTest.java:1093)
	at ghidra.test.TestEnv.launchDefaultTool(TestEnv.java:831)
	at ghidra.test.AbstractProgramBasedTest.initialize(AbstractProgramBasedTest.java:65)
	at ghidra.app.plugin.core.decompile.AbstractDecompilerTest.setUp(AbstractDecompilerTest.java:41)
	at ghidra.app.plugin.core.decompile.AbstractDecompilerFindReferencesActionTest.setUp(AbstractDecompilerFindReferencesActionTest.java:56)
	at generic.test.TestThread.run(TestThread.java:106)
</pre>
</span>
<span class="code">
<pre>java.lang.NullPointerException
	at ghidra.app.plugin.core.decompile.AbstractDecompilerTest.lambda$waitForDecompiler$0(AbstractDecompilerTest.java:72)
	at generic.test.AbstractGTest.waitForCondition(AbstractGTest.java:435)
	at generic.test.AbstractGTest.waitForCondition(AbstractGTest.java:426)
	at generic.test.AbstractGTest.waitForCondition(AbstractGTest.java:393)
	at generic.test.AbstractGTest.waitForCondition(AbstractGTest.java:380)
	at ghidra.app.plugin.core.decompile.AbstractDecompilerTest.waitForDecompiler(AbstractDecompilerTest.java:72)
	at ghidra.app.plugin.core.decompile.AbstractDecompilerTest.tearDown(AbstractDecompilerTest.java:51)
	at generic.test.TestThread.run(TestThread.java:106)
</pre>
</span>
</div>
<div class="test">
<a name="testFindDataTypeReferences_ToEntireDataType_FromParameter"></a>
<h3 class="failures">testFindDataTypeReferences_ToEntireDataType_FromParameter</h3>
<span class="code">
<pre>java.lang.AssertionError: Exception in Swing thread via runSwingAndWait():
NullPointerException
	at ghidra.test.TestEnv.lambda$launchDefaultTool$16(TestEnv.java:834)
	at generic.test.AbstractGenericTest$ExceptionHandlingRunner.lambda$run$0(AbstractGenericTest.java:1185)

Test Thread stack at that time:
	at generic.test.AbstractGenericTest.runSwingAndWait(AbstractGenericTest.java:1251)
	at generic.test.AbstractGenericTest.runSwing(AbstractGenericTest.java:1123)
	at generic.test.AbstractGenericTest.runSwing(AbstractGenericTest.java:1093)
	at ghidra.test.TestEnv.launchDefaultTool(TestEnv.java:831)
	at ghidra.test.AbstractProgramBasedTest.initialize(AbstractProgramBasedTest.java:65)
	at ghidra.app.plugin.core.decompile.AbstractDecompilerTest.setUp(AbstractDecompilerTest.java:41)
	at ghidra.app.plugin.core.decompile.AbstractDecompilerFindReferencesActionTest.setUp(AbstractDecompilerFindReferencesActionTest.java:56)
	at generic.test.TestThread.run(TestThread.java:106)
</pre>
</span>
<span class="code">
<pre>java.lang.NullPointerException
	at ghidra.app.plugin.core.decompile.AbstractDecompilerTest.lambda$waitForDecompiler$0(AbstractDecompilerTest.java:72)
	at generic.test.AbstractGTest.waitForCondition(AbstractGTest.java:435)
	at generic.test.AbstractGTest.waitForCondition(AbstractGTest.java:426)
	at generic.test.AbstractGTest.waitForCondition(AbstractGTest.java:393)
	at generic.test.AbstractGTest.waitForCondition(AbstractGTest.java:380)
	at ghidra.app.plugin.core.decompile.AbstractDecompilerTest.waitForDecompiler(AbstractDecompilerTest.java:72)
	at ghidra.app.plugin.core.decompile.AbstractDecompilerTest.tearDown(AbstractDecompilerTest.java:51)
	at generic.test.TestThread.run(TestThread.java:106)
</pre>
</span>
</div>
<div class="test">
<a name="testFindDataTypeReferences_ToEntireDataType_FromVariable"></a>
<h3 class="failures">testFindDataTypeReferences_ToEntireDataType_FromVariable</h3>
<span class="code">
<pre>java.lang.AssertionError: Exception in Swing thread via runSwingAndWait():
NullPointerException
	at ghidra.test.TestEnv.lambda$launchDefaultTool$16(TestEnv.java:834)
	at generic.test.AbstractGenericTest$ExceptionHandlingRunner.lambda$run$0(AbstractGenericTest.java:1185)

Test Thread stack at that time:
	at generic.test.AbstractGenericTest.runSwingAndWait(AbstractGenericTest.java:1251)
	at generic.test.AbstractGenericTest.runSwing(AbstractGenericTest.java:1123)
	at generic.test.AbstractGenericTest.runSwing(AbstractGenericTest.java:1093)
	at ghidra.test.TestEnv.launchDefaultTool(TestEnv.java:831)
	at ghidra.test.AbstractProgramBasedTest.initialize(AbstractProgramBasedTest.java:65)
	at ghidra.app.plugin.core.decompile.AbstractDecompilerTest.setUp(AbstractDecompilerTest.java:41)
	at ghidra.app.plugin.core.decompile.AbstractDecompilerFindReferencesActionTest.setUp(AbstractDecompilerFindReferencesActionTest.java:56)
	at generic.test.TestThread.run(TestThread.java:106)
</pre>
</span>
<span class="code">
<pre>java.lang.NullPointerException
	at ghidra.app.plugin.core.decompile.AbstractDecompilerTest.lambda$waitForDecompiler$0(AbstractDecompilerTest.java:72)
	at generic.test.AbstractGTest.waitForCondition(AbstractGTest.java:435)
	at generic.test.AbstractGTest.waitForCondition(AbstractGTest.java:426)
	at generic.test.AbstractGTest.waitForCondition(AbstractGTest.java:393)
	at generic.test.AbstractGTest.waitForCondition(AbstractGTest.java:380)
	at ghidra.app.plugin.core.decompile.AbstractDecompilerTest.waitForDecompiler(AbstractDecompilerTest.java:72)
	at ghidra.app.plugin.core.decompile.AbstractDecompilerTest.tearDown(AbstractDecompilerTest.java:51)
	at generic.test.TestThread.run(TestThread.java:106)
</pre>
</span>
</div>
<div class="test">
<a name="testFindDataTypeReferences_ToFieldOfDataType"></a>
<h3 class="failures">testFindDataTypeReferences_ToFieldOfDataType</h3>
<span class="code">
<pre>java.lang.AssertionError: Exception in Swing thread via runSwingAndWait():
NullPointerException
	at ghidra.test.TestEnv.lambda$launchDefaultTool$16(TestEnv.java:834)
	at generic.test.AbstractGenericTest$ExceptionHandlingRunner.lambda$run$0(AbstractGenericTest.java:1185)

Test Thread stack at that time:
	at generic.test.AbstractGenericTest.runSwingAndWait(AbstractGenericTest.java:1251)
	at generic.test.AbstractGenericTest.runSwing(AbstractGenericTest.java:1123)
	at generic.test.AbstractGenericTest.runSwing(AbstractGenericTest.java:1093)
	at ghidra.test.TestEnv.launchDefaultTool(TestEnv.java:831)
	at ghidra.test.AbstractProgramBasedTest.initialize(AbstractProgramBasedTest.java:65)
	at ghidra.app.plugin.core.decompile.AbstractDecompilerTest.setUp(AbstractDecompilerTest.java:41)
	at ghidra.app.plugin.core.decompile.AbstractDecompilerFindReferencesActionTest.setUp(AbstractDecompilerFindReferencesActionTest.java:56)
	at generic.test.TestThread.run(TestThread.java:106)
</pre>
</span>
<span class="code">
<pre>java.lang.NullPointerException
	at ghidra.app.plugin.core.decompile.AbstractDecompilerTest.lambda$waitForDecompiler$0(AbstractDecompilerTest.java:72)
	at generic.test.AbstractGTest.waitForCondition(AbstractGTest.java:435)
	at generic.test.AbstractGTest.waitForCondition(AbstractGTest.java:426)
	at generic.test.AbstractGTest.waitForCondition(AbstractGTest.java:393)
	at generic.test.AbstractGTest.waitForCondition(AbstractGTest.java:380)
	at ghidra.app.plugin.core.decompile.AbstractDecompilerTest.waitForDecompiler(AbstractDecompilerTest.java:72)
	at ghidra.app.plugin.core.decompile.AbstractDecompilerTest.tearDown(AbstractDecompilerTest.java:51)
	at generic.test.TestThread.run(TestThread.java:106)
</pre>
</span>
</div>
</div>
<div id="tab1" class="tab">
<h2>Tests</h2>
<table>
<thead>
<tr>
<th>Test</th>
<th>Duration</th>
<th>Result</th>
</tr>
</thead>
<tr>
<td class="failures">testActionEnablement</td>
<td class="failures">0.413s</td>
<td class="failures">failed</td>
</tr>
<tr>
<td class="failures">testFindDataTypeReferences_ToCastSymbol</td>
<td class="failures">0.856s</td>
<td class="failures">failed</td>
</tr>
<tr>
<td class="failures">testFindDataTypeReferences_ToCurrentAddress</td>
<td class="failures">0.519s</td>
<td class="failures">failed</td>
</tr>
<tr>
<td class="failures">testFindDataTypeReferences_ToCurrentFunction</td>
<td class="failures">0.430s</td>
<td class="failures">failed</td>
</tr>
<tr>
<td class="failures">testFindDataTypeReferences_ToEntireDataType_FromParameter</td>
<td class="failures">0.423s</td>
<td class="failures">failed</td>
</tr>
<tr>
<td class="failures">testFindDataTypeReferences_ToEntireDataType_FromVariable</td>
<td class="failures">1.648s</td>
<td class="failures">failed</td>
</tr>
<tr>
<td class="failures">testFindDataTypeReferences_ToFieldOfDataType</td>
<td class="failures">0.417s</td>
<td class="failures">failed</td>
</tr>
</table>
</div>
<div id="tab2" class="tab">
<h2>Standard output</h2>
<span class="code">
<pre>Created test directory: /home/lcf/repo/ghidra/Ghidra/Features/Decompiler/build/Ghidra_test_2c6c3b56-5703-42af-91e4-1544138bb259/temp.data
10:22:02 INFO  Using log config file: file:/home/lcf/repo/ghidra/Ghidra/Framework/Generic/src/main/resources/generic.log4jtest.xml   (LoggingInitialization.java:59) 
10:22:02 INFO  Using log file: /home/lcf/repo/ghidra/Ghidra/Features/Decompiler/build/Ghidra_test_2c6c3b56-5703-42af-91e4-1544138bb259/temp.data/application.log   (LoggingInitialization.java:60) 
10:22:02 INFO  Loading user preferences: /home/lcf/repo/ghidra/Ghidra/Features/Decompiler/build/Ghidra_test_2c6c3b56-5703-42af-91e4-1544138bb259/temp.data/preferences   (Preferences.java:122) 
10:22:03 INFO  Class search complete (460 ms)   (ClassSearcher.java:250) 
10:22:03 DEBUG Thu Sep 05 10:22:03 CST 2019
***** STARTING Test: DecompilerFindReferencesToActionTest - testFindDataTypeReferences_ToEntireDataType_FromVariable *****   (AbstractGenericTest.java:114) 
10:22:03 WARN  Test data file not found: elf/CentOS/32bit/decomp.gzf   (AbstractGenericTest.java:381) 
10:22:03 WARN  Test data file not found: elf/CentOS/32bit/decomp.xml   (AbstractGenericTest.java:381) 
10:22:03 INFO  Test program not found: elf/CentOS/32bit/decomp   (TestProgramManager.java:351) 
10:22:04 DEBUG 	✖ FAILED Test: DecompilerFindReferencesToActionTest - testFindDataTypeReferences_ToEntireDataType_FromVariable ✖	   (AbstractGenericTest.java:114) 
10:22:04 DEBUG Thu Sep 05 10:22:04 CST 2019
***** STARTING Test: DecompilerFindReferencesToActionTest - testFindDataTypeReferences_ToCastSymbol *****   (AbstractGenericTest.java:114) 
10:22:04 ERROR 
	Found non-disposed() TestEnv instances.  Please examine this test!

   (TestEnv.java:162) 
10:22:05 WARN  Test data file not found: elf/CentOS/32bit/decomp.gzf   (AbstractGenericTest.java:381) 
10:22:05 WARN  Test data file not found: elf/CentOS/32bit/decomp.xml   (AbstractGenericTest.java:381) 
10:22:05 INFO  Test program not found: elf/CentOS/32bit/decomp   (TestProgramManager.java:351) 
10:22:05 DEBUG 	✖ FAILED Test: DecompilerFindReferencesToActionTest - testFindDataTypeReferences_ToCastSymbol ✖	   (AbstractGenericTest.java:114) 
10:22:05 DEBUG Thu Sep 05 10:22:05 CST 2019
***** STARTING Test: DecompilerFindReferencesToActionTest - testFindDataTypeReferences_ToCurrentAddress *****   (AbstractGenericTest.java:114) 
10:22:05 ERROR 
	Found non-disposed() TestEnv instances.  Please examine this test!

   (TestEnv.java:162) 
10:22:05 WARN  Test data file not found: elf/CentOS/32bit/decomp.gzf   (AbstractGenericTest.java:381) 
10:22:05 WARN  Test data file not found: elf/CentOS/32bit/decomp.xml   (AbstractGenericTest.java:381) 
10:22:05 INFO  Test program not found: elf/CentOS/32bit/decomp   (TestProgramManager.java:351) 
10:22:06 DEBUG 	✖ FAILED Test: DecompilerFindReferencesToActionTest - testFindDataTypeReferences_ToCurrentAddress ✖	   (AbstractGenericTest.java:114) 
10:22:06 DEBUG Thu Sep 05 10:22:06 CST 2019
***** STARTING Test: DecompilerFindReferencesToActionTest - testActionEnablement *****   (AbstractGenericTest.java:114) 
10:22:06 ERROR 
	Found non-disposed() TestEnv instances.  Please examine this test!

   (TestEnv.java:162) 
10:22:06 WARN  Test data file not found: elf/CentOS/32bit/decomp.gzf   (AbstractGenericTest.java:381) 
10:22:06 WARN  Test data file not found: elf/CentOS/32bit/decomp.xml   (AbstractGenericTest.java:381) 
10:22:06 INFO  Test program not found: elf/CentOS/32bit/decomp   (TestProgramManager.java:351) 
10:22:06 DEBUG 	✖ FAILED Test: DecompilerFindReferencesToActionTest - testActionEnablement ✖	   (AbstractGenericTest.java:114) 
10:22:06 DEBUG Thu Sep 05 10:22:06 CST 2019
***** STARTING Test: DecompilerFindReferencesToActionTest - testFindDataTypeReferences_ToEntireDataType_FromParameter *****   (AbstractGenericTest.java:114) 
10:22:06 ERROR 
	Found non-disposed() TestEnv instances.  Please examine this test!

   (TestEnv.java:162) 
10:22:06 WARN  Test data file not found: elf/CentOS/32bit/decomp.gzf   (AbstractGenericTest.java:381) 
10:22:06 WARN  Test data file not found: elf/CentOS/32bit/decomp.xml   (AbstractGenericTest.java:381) 
10:22:06 INFO  Test program not found: elf/CentOS/32bit/decomp   (TestProgramManager.java:351) 
10:22:07 DEBUG 	✖ FAILED Test: DecompilerFindReferencesToActionTest - testFindDataTypeReferences_ToEntireDataType_FromParameter ✖	   (AbstractGenericTest.java:114) 
10:22:07 DEBUG Thu Sep 05 10:22:07 CST 2019
***** STARTING Test: DecompilerFindReferencesToActionTest - testFindDataTypeReferences_ToFieldOfDataType *****   (AbstractGenericTest.java:114) 
10:22:07 ERROR 
	Found non-disposed() TestEnv instances.  Please examine this test!

   (TestEnv.java:162) 
10:22:07 WARN  Test data file not found: elf/CentOS/32bit/decomp.gzf   (AbstractGenericTest.java:381) 
10:22:07 WARN  Test data file not found: elf/CentOS/32bit/decomp.xml   (AbstractGenericTest.java:381) 
10:22:07 INFO  Test program not found: elf/CentOS/32bit/decomp   (TestProgramManager.java:351) 
10:22:07 DEBUG 	✖ FAILED Test: DecompilerFindReferencesToActionTest - testFindDataTypeReferences_ToFieldOfDataType ✖	   (AbstractGenericTest.java:114) 
10:22:07 DEBUG Thu Sep 05 10:22:07 CST 2019
***** STARTING Test: DecompilerFindReferencesToActionTest - testFindDataTypeReferences_ToCurrentFunction *****   (AbstractGenericTest.java:114) 
10:22:07 ERROR 
	Found non-disposed() TestEnv instances.  Please examine this test!

   (TestEnv.java:162) 
10:22:07 WARN  Test data file not found: elf/CentOS/32bit/decomp.gzf   (AbstractGenericTest.java:381) 
10:22:07 WARN  Test data file not found: elf/CentOS/32bit/decomp.xml   (AbstractGenericTest.java:381) 
10:22:07 INFO  Test program not found: elf/CentOS/32bit/decomp   (TestProgramManager.java:351) 
10:22:08 DEBUG 	✖ FAILED Test: DecompilerFindReferencesToActionTest - testFindDataTypeReferences_ToCurrentFunction ✖	   (AbstractGenericTest.java:114) 
</pre>
</span>
</div>
</div>
<div id="footer">
<p>
<div>
<label class="hidden" id="label-for-line-wrapping-toggle" for="line-wrapping-toggle">Wrap lines
<input id="line-wrapping-toggle" type="checkbox" autocomplete="off"/>
</label>
</div>Generated by 
<a href="http://www.gradle.org">Gradle 5.6.1</a> at Sep 5, 2019, 11:01:28 AM</p>
</div>
</div>
</body>
</html>
