<!DOCTYPE html>
<html>
<head>
<meta http-equiv="Content-Type" content="text/html; charset=utf-8"/>
<meta http-equiv="x-ua-compatible" content="IE=edge"/>
<title>Test results - Class ghidra.feature.vt.api.markupitem.FunctionSignatureSameParameterCountMarkupOptions1Test</title>
<link href="../css/base-style.css" rel="stylesheet" type="text/css"/>
<link href="../css/style.css" rel="stylesheet" type="text/css"/>
<script src="../js/report.js" type="text/javascript"></script>
</head>
<body>
<div id="content">
<h1>Class ghidra.feature.vt.api.markupitem.FunctionSignatureSameParameterCountMarkupOptions1Test</h1>
<div class="breadcrumbs">
<a href="../index.html">all</a> &gt; 
<a href="../packages/ghidra.feature.vt.api.markupitem.html">ghidra.feature.vt.api.markupitem</a> &gt; FunctionSignatureSameParameterCountMarkupOptions1Test</div>
<div id="summary">
<table>
<tr>
<td>
<div class="summaryGroup">
<table>
<tr>
<td>
<div class="infoBox" id="tests">
<div class="counter">15</div>
<p>tests</p>
</div>
</td>
<td>
<div class="infoBox" id="failures">
<div class="counter">15</div>
<p>failures</p>
</div>
</td>
<td>
<div class="infoBox" id="ignored">
<div class="counter">0</div>
<p>ignored</p>
</div>
</td>
<td>
<div class="infoBox" id="duration">
<div class="counter">4.996s</div>
<p>duration</p>
</div>
</td>
</tr>
</table>
</div>
</td>
<td>
<div class="infoBox failures" id="successRate">
<div class="percent">0%</div>
<p>successful</p>
</div>
</td>
</tr>
</table>
</div>
<div id="tabs">
<ul class="tabLinks">
<li>
<a href="#tab0">Failed tests</a>
</li>
<li>
<a href="#tab1">Tests</a>
</li>
<li>
<a href="#tab2">Standard output</a>
</li>
</ul>
<div id="tab0" class="tab">
<h2>Failed tests</h2>
<div class="test">
<a name="testSameParamCount_ReplaceSignature"></a>
<h3 class="failures">testSameParamCount_ReplaceSignature</h3>
<span class="code">
<pre>java.lang.NullPointerException
	at ghidra.feature.vt.api.db.VTSessionDB.initializePrograms(VTSessionDB.java:138)
	at ghidra.feature.vt.api.db.VTSessionDB.createVTSession(VTSessionDB.java:87)
	at ghidra.feature.vt.gui.VTTestEnv.createAndOpenVTSession(VTTestEnv.java:115)
	at ghidra.feature.vt.gui.VTTestEnv.createSession(VTTestEnv.java:105)
	at ghidra.feature.vt.api.markupitem.AbstractFunctionSignatureMarkupTest.setUp(AbstractFunctionSignatureMarkupTest.java:110)
	at generic.test.TestThread.run(TestThread.java:106)
</pre>
</span>
</div>
<div class="test">
<a name="testSameParamCount_ReplaceSignature_AppendToParameterComments"></a>
<h3 class="failures">testSameParamCount_ReplaceSignature_AppendToParameterComments</h3>
<span class="code">
<pre>java.lang.NullPointerException
	at ghidra.feature.vt.api.db.VTSessionDB.initializePrograms(VTSessionDB.java:138)
	at ghidra.feature.vt.api.db.VTSessionDB.createVTSession(VTSessionDB.java:87)
	at ghidra.feature.vt.gui.VTTestEnv.createAndOpenVTSession(VTTestEnv.java:115)
	at ghidra.feature.vt.gui.VTTestEnv.createSession(VTTestEnv.java:105)
	at ghidra.feature.vt.api.markupitem.AbstractFunctionSignatureMarkupTest.setUp(AbstractFunctionSignatureMarkupTest.java:110)
	at generic.test.TestThread.run(TestThread.java:106)
</pre>
</span>
</div>
<div class="test">
<a name="testSameParamCount_ReplaceSignature_BothNoVarArgs"></a>
<h3 class="failures">testSameParamCount_ReplaceSignature_BothNoVarArgs</h3>
<span class="code">
<pre>java.lang.NullPointerException
	at ghidra.feature.vt.api.db.VTSessionDB.initializePrograms(VTSessionDB.java:138)
	at ghidra.feature.vt.api.db.VTSessionDB.createVTSession(VTSessionDB.java:87)
	at ghidra.feature.vt.gui.VTTestEnv.createAndOpenVTSession(VTTestEnv.java:115)
	at ghidra.feature.vt.gui.VTTestEnv.createSession(VTTestEnv.java:105)
	at ghidra.feature.vt.api.markupitem.AbstractFunctionSignatureMarkupTest.setUp(AbstractFunctionSignatureMarkupTest.java:110)
	at generic.test.TestThread.run(TestThread.java:106)
</pre>
</span>
</div>
<div class="test">
<a name="testSameParamCount_ReplaceSignature_BothWithVarArgs"></a>
<h3 class="failures">testSameParamCount_ReplaceSignature_BothWithVarArgs</h3>
<span class="code">
<pre>java.lang.NullPointerException
	at ghidra.feature.vt.api.db.VTSessionDB.initializePrograms(VTSessionDB.java:138)
	at ghidra.feature.vt.api.db.VTSessionDB.createVTSession(VTSessionDB.java:87)
	at ghidra.feature.vt.gui.VTTestEnv.createAndOpenVTSession(VTTestEnv.java:115)
	at ghidra.feature.vt.gui.VTTestEnv.createSession(VTTestEnv.java:105)
	at ghidra.feature.vt.api.markupitem.AbstractFunctionSignatureMarkupTest.setUp(AbstractFunctionSignatureMarkupTest.java:110)
	at generic.test.TestThread.run(TestThread.java:106)
</pre>
</span>
</div>
<div class="test">
<a name="testSameParamCount_ReplaceSignature_ExcludeNames"></a>
<h3 class="failures">testSameParamCount_ReplaceSignature_ExcludeNames</h3>
<span class="code">
<pre>java.lang.NullPointerException
	at ghidra.feature.vt.api.db.VTSessionDB.initializePrograms(VTSessionDB.java:138)
	at ghidra.feature.vt.api.db.VTSessionDB.createVTSession(VTSessionDB.java:87)
	at ghidra.feature.vt.gui.VTTestEnv.createAndOpenVTSession(VTTestEnv.java:115)
	at ghidra.feature.vt.gui.VTTestEnv.createSession(VTTestEnv.java:105)
	at ghidra.feature.vt.api.markupitem.AbstractFunctionSignatureMarkupTest.setUp(AbstractFunctionSignatureMarkupTest.java:110)
	at generic.test.TestThread.run(TestThread.java:106)
</pre>
</span>
</div>
<div class="test">
<a name="testSameParamCount_ReplaceSignature_ExcludeParameterComments"></a>
<h3 class="failures">testSameParamCount_ReplaceSignature_ExcludeParameterComments</h3>
<span class="code">
<pre>java.lang.NullPointerException
	at ghidra.feature.vt.api.db.VTSessionDB.initializePrograms(VTSessionDB.java:138)
	at ghidra.feature.vt.api.db.VTSessionDB.createVTSession(VTSessionDB.java:87)
	at ghidra.feature.vt.gui.VTTestEnv.createAndOpenVTSession(VTTestEnv.java:115)
	at ghidra.feature.vt.gui.VTTestEnv.createSession(VTTestEnv.java:105)
	at ghidra.feature.vt.api.markupitem.AbstractFunctionSignatureMarkupTest.setUp(AbstractFunctionSignatureMarkupTest.java:110)
	at generic.test.TestThread.run(TestThread.java:106)
</pre>
</span>
</div>
<div class="test">
<a name="testSameParamCount_ReplaceSignature_ExcludeParameterDataTypes"></a>
<h3 class="failures">testSameParamCount_ReplaceSignature_ExcludeParameterDataTypes</h3>
<span class="code">
<pre>java.lang.NullPointerException
	at ghidra.feature.vt.api.db.VTSessionDB.initializePrograms(VTSessionDB.java:138)
	at ghidra.feature.vt.api.db.VTSessionDB.createVTSession(VTSessionDB.java:87)
	at ghidra.feature.vt.gui.VTTestEnv.createAndOpenVTSession(VTTestEnv.java:115)
	at ghidra.feature.vt.gui.VTTestEnv.createSession(VTTestEnv.java:105)
	at ghidra.feature.vt.api.markupitem.AbstractFunctionSignatureMarkupTest.setUp(AbstractFunctionSignatureMarkupTest.java:110)
	at generic.test.TestThread.run(TestThread.java:106)
</pre>
</span>
</div>
<div class="test">
<a name="testSameParamCount_ReplaceSignature_ExcludeVarArgs"></a>
<h3 class="failures">testSameParamCount_ReplaceSignature_ExcludeVarArgs</h3>
<span class="code">
<pre>java.lang.NullPointerException
	at ghidra.feature.vt.api.db.VTSessionDB.initializePrograms(VTSessionDB.java:138)
	at ghidra.feature.vt.api.db.VTSessionDB.createVTSession(VTSessionDB.java:87)
	at ghidra.feature.vt.gui.VTTestEnv.createAndOpenVTSession(VTTestEnv.java:115)
	at ghidra.feature.vt.gui.VTTestEnv.createSession(VTTestEnv.java:105)
	at ghidra.feature.vt.api.markupitem.AbstractFunctionSignatureMarkupTest.setUp(AbstractFunctionSignatureMarkupTest.java:110)
	at generic.test.TestThread.run(TestThread.java:106)
</pre>
</span>
</div>
<div class="test">
<a name="testSameParamCount_ReplaceSignature_NoVarArgsVarArgs"></a>
<h3 class="failures">testSameParamCount_ReplaceSignature_NoVarArgsVarArgs</h3>
<span class="code">
<pre>java.lang.NullPointerException
	at ghidra.feature.vt.api.db.VTSessionDB.initializePrograms(VTSessionDB.java:138)
	at ghidra.feature.vt.api.db.VTSessionDB.createVTSession(VTSessionDB.java:87)
	at ghidra.feature.vt.gui.VTTestEnv.createAndOpenVTSession(VTTestEnv.java:115)
	at ghidra.feature.vt.gui.VTTestEnv.createSession(VTTestEnv.java:105)
	at ghidra.feature.vt.api.markupitem.AbstractFunctionSignatureMarkupTest.setUp(AbstractFunctionSignatureMarkupTest.java:110)
	at generic.test.TestThread.run(TestThread.java:106)
</pre>
</span>
</div>
<div class="test">
<a name="testSameParamCount_ReplaceSignature_OverwriteParameterComments"></a>
<h3 class="failures">testSameParamCount_ReplaceSignature_OverwriteParameterComments</h3>
<span class="code">
<pre>java.lang.NullPointerException
	at ghidra.feature.vt.api.db.VTSessionDB.initializePrograms(VTSessionDB.java:138)
	at ghidra.feature.vt.api.db.VTSessionDB.createVTSession(VTSessionDB.java:87)
	at ghidra.feature.vt.gui.VTTestEnv.createAndOpenVTSession(VTTestEnv.java:115)
	at ghidra.feature.vt.gui.VTTestEnv.createSession(VTTestEnv.java:105)
	at ghidra.feature.vt.api.markupitem.AbstractFunctionSignatureMarkupTest.setUp(AbstractFunctionSignatureMarkupTest.java:110)
	at generic.test.TestThread.run(TestThread.java:106)
</pre>
</span>
</div>
<div class="test">
<a name="testSameParamCount_ReplaceSignature_ReplaceDefaultNamesOnly"></a>
<h3 class="failures">testSameParamCount_ReplaceSignature_ReplaceDefaultNamesOnly</h3>
<span class="code">
<pre>java.lang.NullPointerException
	at ghidra.feature.vt.api.db.VTSessionDB.initializePrograms(VTSessionDB.java:138)
	at ghidra.feature.vt.api.db.VTSessionDB.createVTSession(VTSessionDB.java:87)
	at ghidra.feature.vt.gui.VTTestEnv.createAndOpenVTSession(VTTestEnv.java:115)
	at ghidra.feature.vt.gui.VTTestEnv.createSession(VTTestEnv.java:105)
	at ghidra.feature.vt.api.markupitem.AbstractFunctionSignatureMarkupTest.setUp(AbstractFunctionSignatureMarkupTest.java:110)
	at generic.test.TestThread.run(TestThread.java:106)
</pre>
</span>
</div>
<div class="test">
<a name="testSameParamCount_ReplaceSignature_ReplaceNames"></a>
<h3 class="failures">testSameParamCount_ReplaceSignature_ReplaceNames</h3>
<span class="code">
<pre>java.lang.NullPointerException
	at ghidra.feature.vt.api.db.VTSessionDB.initializePrograms(VTSessionDB.java:138)
	at ghidra.feature.vt.api.db.VTSessionDB.createVTSession(VTSessionDB.java:87)
	at ghidra.feature.vt.gui.VTTestEnv.createAndOpenVTSession(VTTestEnv.java:115)
	at ghidra.feature.vt.gui.VTTestEnv.createSession(VTTestEnv.java:105)
	at ghidra.feature.vt.api.markupitem.AbstractFunctionSignatureMarkupTest.setUp(AbstractFunctionSignatureMarkupTest.java:110)
	at generic.test.TestThread.run(TestThread.java:106)
</pre>
</span>
</div>
<div class="test">
<a name="testSameParamCount_ReplaceSignature_ReplaceNamesMatchingBoth_Inline"></a>
<h3 class="failures">testSameParamCount_ReplaceSignature_ReplaceNamesMatchingBoth_Inline</h3>
<span class="code">
<pre>java.lang.NullPointerException
	at ghidra.feature.vt.api.db.VTSessionDB.initializePrograms(VTSessionDB.java:138)
	at ghidra.feature.vt.api.db.VTSessionDB.createVTSession(VTSessionDB.java:87)
	at ghidra.feature.vt.gui.VTTestEnv.createAndOpenVTSession(VTTestEnv.java:115)
	at ghidra.feature.vt.gui.VTTestEnv.createSession(VTTestEnv.java:105)
	at ghidra.feature.vt.api.markupitem.AbstractFunctionSignatureMarkupTest.setUp(AbstractFunctionSignatureMarkupTest.java:110)
	at generic.test.TestThread.run(TestThread.java:106)
</pre>
</span>
</div>
<div class="test">
<a name="testSameParamCount_ReplaceSignature_ReplaceNamesMatching_NeitherInline"></a>
<h3 class="failures">testSameParamCount_ReplaceSignature_ReplaceNamesMatching_NeitherInline</h3>
<span class="code">
<pre>java.lang.NullPointerException
	at ghidra.feature.vt.api.db.VTSessionDB.initializePrograms(VTSessionDB.java:138)
	at ghidra.feature.vt.api.db.VTSessionDB.createVTSession(VTSessionDB.java:87)
	at ghidra.feature.vt.gui.VTTestEnv.createAndOpenVTSession(VTTestEnv.java:115)
	at ghidra.feature.vt.gui.VTTestEnv.createSession(VTTestEnv.java:105)
	at ghidra.feature.vt.api.markupitem.AbstractFunctionSignatureMarkupTest.setUp(AbstractFunctionSignatureMarkupTest.java:110)
	at generic.test.TestThread.run(TestThread.java:106)
</pre>
</span>
</div>
<div class="test">
<a name="testSameParamCount_ReplaceSignature_VarArgsNoVarArgs"></a>
<h3 class="failures">testSameParamCount_ReplaceSignature_VarArgsNoVarArgs</h3>
<span class="code">
<pre>java.lang.NullPointerException
	at ghidra.feature.vt.api.db.VTSessionDB.initializePrograms(VTSessionDB.java:138)
	at ghidra.feature.vt.api.db.VTSessionDB.createVTSession(VTSessionDB.java:87)
	at ghidra.feature.vt.gui.VTTestEnv.createAndOpenVTSession(VTTestEnv.java:115)
	at ghidra.feature.vt.gui.VTTestEnv.createSession(VTTestEnv.java:105)
	at ghidra.feature.vt.api.markupitem.AbstractFunctionSignatureMarkupTest.setUp(AbstractFunctionSignatureMarkupTest.java:110)
	at generic.test.TestThread.run(TestThread.java:106)
</pre>
</span>
</div>
</div>
<div id="tab1" class="tab">
<h2>Tests</h2>
<table>
<thead>
<tr>
<th>Test</th>
<th>Duration</th>
<th>Result</th>
</tr>
</thead>
<tr>
<td class="failures">testSameParamCount_ReplaceSignature</td>
<td class="failures">0.303s</td>
<td class="failures">failed</td>
</tr>
<tr>
<td class="failures">testSameParamCount_ReplaceSignature_AppendToParameterComments</td>
<td class="failures">0.202s</td>
<td class="failures">failed</td>
</tr>
<tr>
<td class="failures">testSameParamCount_ReplaceSignature_BothNoVarArgs</td>
<td class="failures">0.204s</td>
<td class="failures">failed</td>
</tr>
<tr>
<td class="failures">testSameParamCount_ReplaceSignature_BothWithVarArgs</td>
<td class="failures">0.313s</td>
<td class="failures">failed</td>
</tr>
<tr>
<td class="failures">testSameParamCount_ReplaceSignature_ExcludeNames</td>
<td class="failures">0.206s</td>
<td class="failures">failed</td>
</tr>
<tr>
<td class="failures">testSameParamCount_ReplaceSignature_ExcludeParameterComments</td>
<td class="failures">0.205s</td>
<td class="failures">failed</td>
</tr>
<tr>
<td class="failures">testSameParamCount_ReplaceSignature_ExcludeParameterDataTypes</td>
<td class="failures">0.204s</td>
<td class="failures">failed</td>
</tr>
<tr>
<td class="failures">testSameParamCount_ReplaceSignature_ExcludeVarArgs</td>
<td class="failures">0.204s</td>
<td class="failures">failed</td>
</tr>
<tr>
<td class="failures">testSameParamCount_ReplaceSignature_NoVarArgsVarArgs</td>
<td class="failures">0.307s</td>
<td class="failures">failed</td>
</tr>
<tr>
<td class="failures">testSameParamCount_ReplaceSignature_OverwriteParameterComments</td>
<td class="failures">0.316s</td>
<td class="failures">failed</td>
</tr>
<tr>
<td class="failures">testSameParamCount_ReplaceSignature_ReplaceDefaultNamesOnly</td>
<td class="failures">0.205s</td>
<td class="failures">failed</td>
</tr>
<tr>
<td class="failures">testSameParamCount_ReplaceSignature_ReplaceNames</td>
<td class="failures">1.304s</td>
<td class="failures">failed</td>
</tr>
<tr>
<td class="failures">testSameParamCount_ReplaceSignature_ReplaceNamesMatchingBoth_Inline</td>
<td class="failures">0.410s</td>
<td class="failures">failed</td>
</tr>
<tr>
<td class="failures">testSameParamCount_ReplaceSignature_ReplaceNamesMatching_NeitherInline</td>
<td class="failures">0.303s</td>
<td class="failures">failed</td>
</tr>
<tr>
<td class="failures">testSameParamCount_ReplaceSignature_VarArgsNoVarArgs</td>
<td class="failures">0.310s</td>
<td class="failures">failed</td>
</tr>
</table>
</div>
<div id="tab2" class="tab">
<h2>Standard output</h2>
<span class="code">
<pre>Created test directory: /home/lcf/repo/190904/ghidra/Ghidra/Features/VersionTracking/build/Ghidra_test_a5f3d785-72bc-4634-9ba6-f4d12f629ef5/temp.data
14:37:48 INFO  Using log config file: file:/home/lcf/repo/190904/ghidra/Ghidra/Framework/Generic/src/main/resources/generic.log4jtest.xml   (LoggingInitialization.java:59) 
14:37:48 INFO  Using log file: /home/lcf/repo/190904/ghidra/Ghidra/Features/VersionTracking/build/Ghidra_test_a5f3d785-72bc-4634-9ba6-f4d12f629ef5/temp.data/application.log   (LoggingInitialization.java:60) 
14:37:48 INFO  Loading user preferences: /home/lcf/repo/190904/ghidra/Ghidra/Features/VersionTracking/build/Ghidra_test_a5f3d785-72bc-4634-9ba6-f4d12f629ef5/temp.data/preferences   (Preferences.java:122) 
14:37:48 INFO  Class search complete (480 ms)   (ClassSearcher.java:250) 
14:37:49 DEBUG Wed Sep 04 14:37:49 CST 2019
***** STARTING Test: FunctionSignatureSameParameterCountMarkupOptions1Test - testSameParamCount_ReplaceSignature_ReplaceNames *****   (AbstractGenericTest.java:114) 
14:37:50 WARN  Test data file not found: VersionTracking/WallaceSrc.gzf   (AbstractGenericTest.java:381) 
14:37:50 WARN  Test data file not found: VersionTracking/WallaceSrc.xml   (AbstractGenericTest.java:381) 
14:37:50 INFO  Test program not found: VersionTracking/WallaceSrc   (TestProgramManager.java:351) 
14:37:50 WARN  Test data file not found: VersionTracking/WallaceVersion2.gzf   (AbstractGenericTest.java:381) 
14:37:50 WARN  Test data file not found: VersionTracking/WallaceVersion2.xml   (AbstractGenericTest.java:381) 
14:37:50 INFO  Test program not found: VersionTracking/WallaceVersion2   (TestProgramManager.java:351) 
14:37:50 DEBUG 	✖ FAILED Test: FunctionSignatureSameParameterCountMarkupOptions1Test - testSameParamCount_ReplaceSignature_ReplaceNames ✖	   (AbstractGenericTest.java:114) 
14:37:50 DEBUG Wed Sep 04 14:37:50 CST 2019
***** STARTING Test: FunctionSignatureSameParameterCountMarkupOptions1Test - testSameParamCount_ReplaceSignature_ReplaceNamesMatchingBoth_Inline *****   (AbstractGenericTest.java:114) 
14:37:50 WARN  Test data file not found: VersionTracking/WallaceSrc.gzf   (AbstractGenericTest.java:381) 
14:37:50 WARN  Test data file not found: VersionTracking/WallaceSrc.xml   (AbstractGenericTest.java:381) 
14:37:50 INFO  Test program not found: VersionTracking/WallaceSrc   (TestProgramManager.java:351) 
14:37:50 WARN  Test data file not found: VersionTracking/WallaceVersion2.gzf   (AbstractGenericTest.java:381) 
14:37:50 WARN  Test data file not found: VersionTracking/WallaceVersion2.xml   (AbstractGenericTest.java:381) 
14:37:50 INFO  Test program not found: VersionTracking/WallaceVersion2   (TestProgramManager.java:351) 
14:37:50 DEBUG 	✖ FAILED Test: FunctionSignatureSameParameterCountMarkupOptions1Test - testSameParamCount_ReplaceSignature_ReplaceNamesMatchingBoth_Inline ✖	   (AbstractGenericTest.java:114) 
14:37:50 DEBUG Wed Sep 04 14:37:50 CST 2019
***** STARTING Test: FunctionSignatureSameParameterCountMarkupOptions1Test - testSameParamCount_ReplaceSignature_BothWithVarArgs *****   (AbstractGenericTest.java:114) 
14:37:51 WARN  Test data file not found: VersionTracking/WallaceSrc.gzf   (AbstractGenericTest.java:381) 
14:37:51 WARN  Test data file not found: VersionTracking/WallaceSrc.xml   (AbstractGenericTest.java:381) 
14:37:51 INFO  Test program not found: VersionTracking/WallaceSrc   (TestProgramManager.java:351) 
14:37:51 WARN  Test data file not found: VersionTracking/WallaceVersion2.gzf   (AbstractGenericTest.java:381) 
14:37:51 WARN  Test data file not found: VersionTracking/WallaceVersion2.xml   (AbstractGenericTest.java:381) 
14:37:51 INFO  Test program not found: VersionTracking/WallaceVersion2   (TestProgramManager.java:351) 
14:37:51 DEBUG 	✖ FAILED Test: FunctionSignatureSameParameterCountMarkupOptions1Test - testSameParamCount_ReplaceSignature_BothWithVarArgs ✖	   (AbstractGenericTest.java:114) 
14:37:51 DEBUG Wed Sep 04 14:37:51 CST 2019
***** STARTING Test: FunctionSignatureSameParameterCountMarkupOptions1Test - testSameParamCount_ReplaceSignature_VarArgsNoVarArgs *****   (AbstractGenericTest.java:114) 
14:37:51 WARN  Test data file not found: VersionTracking/WallaceSrc.gzf   (AbstractGenericTest.java:381) 
14:37:51 WARN  Test data file not found: VersionTracking/WallaceSrc.xml   (AbstractGenericTest.java:381) 
14:37:51 INFO  Test program not found: VersionTracking/WallaceSrc   (TestProgramManager.java:351) 
14:37:51 WARN  Test data file not found: VersionTracking/WallaceVersion2.gzf   (AbstractGenericTest.java:381) 
14:37:51 WARN  Test data file not found: VersionTracking/WallaceVersion2.xml   (AbstractGenericTest.java:381) 
14:37:51 INFO  Test program not found: VersionTracking/WallaceVersion2   (TestProgramManager.java:351) 
14:37:51 DEBUG 	✖ FAILED Test: FunctionSignatureSameParameterCountMarkupOptions1Test - testSameParamCount_ReplaceSignature_VarArgsNoVarArgs ✖	   (AbstractGenericTest.java:114) 
14:37:51 DEBUG Wed Sep 04 14:37:51 CST 2019
***** STARTING Test: FunctionSignatureSameParameterCountMarkupOptions1Test - testSameParamCount_ReplaceSignature_NoVarArgsVarArgs *****   (AbstractGenericTest.java:114) 
14:37:51 WARN  Test data file not found: VersionTracking/WallaceSrc.gzf   (AbstractGenericTest.java:381) 
14:37:51 WARN  Test data file not found: VersionTracking/WallaceSrc.xml   (AbstractGenericTest.java:381) 
14:37:51 INFO  Test program not found: VersionTracking/WallaceSrc   (TestProgramManager.java:351) 
14:37:51 WARN  Test data file not found: VersionTracking/WallaceVersion2.gzf   (AbstractGenericTest.java:381) 
14:37:51 WARN  Test data file not found: VersionTracking/WallaceVersion2.xml   (AbstractGenericTest.java:381) 
14:37:51 INFO  Test program not found: VersionTracking/WallaceVersion2   (TestProgramManager.java:351) 
14:37:51 DEBUG 	✖ FAILED Test: FunctionSignatureSameParameterCountMarkupOptions1Test - testSameParamCount_ReplaceSignature_NoVarArgsVarArgs ✖	   (AbstractGenericTest.java:114) 
14:37:51 DEBUG Wed Sep 04 14:37:51 CST 2019
***** STARTING Test: FunctionSignatureSameParameterCountMarkupOptions1Test - testSameParamCount_ReplaceSignature *****   (AbstractGenericTest.java:114) 
14:37:51 WARN  Test data file not found: VersionTracking/WallaceSrc.gzf   (AbstractGenericTest.java:381) 
14:37:51 WARN  Test data file not found: VersionTracking/WallaceSrc.xml   (AbstractGenericTest.java:381) 
14:37:51 INFO  Test program not found: VersionTracking/WallaceSrc   (TestProgramManager.java:351) 
14:37:51 WARN  Test data file not found: VersionTracking/WallaceVersion2.gzf   (AbstractGenericTest.java:381) 
14:37:51 WARN  Test data file not found: VersionTracking/WallaceVersion2.xml   (AbstractGenericTest.java:381) 
14:37:51 INFO  Test program not found: VersionTracking/WallaceVersion2   (TestProgramManager.java:351) 
14:37:52 DEBUG 	✖ FAILED Test: FunctionSignatureSameParameterCountMarkupOptions1Test - testSameParamCount_ReplaceSignature ✖	   (AbstractGenericTest.java:114) 
14:37:52 DEBUG Wed Sep 04 14:37:52 CST 2019
***** STARTING Test: FunctionSignatureSameParameterCountMarkupOptions1Test - testSameParamCount_ReplaceSignature_ReplaceNamesMatching_NeitherInline *****   (AbstractGenericTest.java:114) 
14:37:52 WARN  Test data file not found: VersionTracking/WallaceSrc.gzf   (AbstractGenericTest.java:381) 
14:37:52 WARN  Test data file not found: VersionTracking/WallaceSrc.xml   (AbstractGenericTest.java:381) 
14:37:52 INFO  Test program not found: VersionTracking/WallaceSrc   (TestProgramManager.java:351) 
14:37:52 WARN  Test data file not found: VersionTracking/WallaceVersion2.gzf   (AbstractGenericTest.java:381) 
14:37:52 WARN  Test data file not found: VersionTracking/WallaceVersion2.xml   (AbstractGenericTest.java:381) 
14:37:52 INFO  Test program not found: VersionTracking/WallaceVersion2   (TestProgramManager.java:351) 
14:37:52 DEBUG 	✖ FAILED Test: FunctionSignatureSameParameterCountMarkupOptions1Test - testSameParamCount_ReplaceSignature_ReplaceNamesMatching_NeitherInline ✖	   (AbstractGenericTest.java:114) 
14:37:52 DEBUG Wed Sep 04 14:37:52 CST 2019
***** STARTING Test: FunctionSignatureSameParameterCountMarkupOptions1Test - testSameParamCount_ReplaceSignature_BothNoVarArgs *****   (AbstractGenericTest.java:114) 
14:37:52 WARN  Test data file not found: VersionTracking/WallaceSrc.gzf   (AbstractGenericTest.java:381) 
14:37:52 WARN  Test data file not found: VersionTracking/WallaceSrc.xml   (AbstractGenericTest.java:381) 
14:37:52 INFO  Test program not found: VersionTracking/WallaceSrc   (TestProgramManager.java:351) 
14:37:52 WARN  Test data file not found: VersionTracking/WallaceVersion2.gzf   (AbstractGenericTest.java:381) 
14:37:52 WARN  Test data file not found: VersionTracking/WallaceVersion2.xml   (AbstractGenericTest.java:381) 
14:37:52 INFO  Test program not found: VersionTracking/WallaceVersion2   (TestProgramManager.java:351) 
14:37:52 DEBUG 	✖ FAILED Test: FunctionSignatureSameParameterCountMarkupOptions1Test - testSameParamCount_ReplaceSignature_BothNoVarArgs ✖	   (AbstractGenericTest.java:114) 
14:37:52 DEBUG Wed Sep 04 14:37:52 CST 2019
***** STARTING Test: FunctionSignatureSameParameterCountMarkupOptions1Test - testSameParamCount_ReplaceSignature_ExcludeParameterComments *****   (AbstractGenericTest.java:114) 
14:37:52 WARN  Test data file not found: VersionTracking/WallaceSrc.gzf   (AbstractGenericTest.java:381) 
14:37:52 WARN  Test data file not found: VersionTracking/WallaceSrc.xml   (AbstractGenericTest.java:381) 
14:37:52 INFO  Test program not found: VersionTracking/WallaceSrc   (TestProgramManager.java:351) 
14:37:52 WARN  Test data file not found: VersionTracking/WallaceVersion2.gzf   (AbstractGenericTest.java:381) 
14:37:52 WARN  Test data file not found: VersionTracking/WallaceVersion2.xml   (AbstractGenericTest.java:381) 
14:37:52 INFO  Test program not found: VersionTracking/WallaceVersion2   (TestProgramManager.java:351) 
14:37:52 DEBUG 	✖ FAILED Test: FunctionSignatureSameParameterCountMarkupOptions1Test - testSameParamCount_ReplaceSignature_ExcludeParameterComments ✖	   (AbstractGenericTest.java:114) 
14:37:52 DEBUG Wed Sep 04 14:37:52 CST 2019
***** STARTING Test: FunctionSignatureSameParameterCountMarkupOptions1Test - testSameParamCount_ReplaceSignature_ExcludeNames *****   (AbstractGenericTest.java:114) 
14:37:52 WARN  Test data file not found: VersionTracking/WallaceSrc.gzf   (AbstractGenericTest.java:381) 
14:37:52 WARN  Test data file not found: VersionTracking/WallaceSrc.xml   (AbstractGenericTest.java:381) 
14:37:52 INFO  Test program not found: VersionTracking/WallaceSrc   (TestProgramManager.java:351) 
14:37:52 WARN  Test data file not found: VersionTracking/WallaceVersion2.gzf   (AbstractGenericTest.java:381) 
14:37:52 WARN  Test data file not found: VersionTracking/WallaceVersion2.xml   (AbstractGenericTest.java:381) 
14:37:52 INFO  Test program not found: VersionTracking/WallaceVersion2   (TestProgramManager.java:351) 
14:37:52 DEBUG 	✖ FAILED Test: FunctionSignatureSameParameterCountMarkupOptions1Test - testSameParamCount_ReplaceSignature_ExcludeNames ✖	   (AbstractGenericTest.java:114) 
14:37:52 DEBUG Wed Sep 04 14:37:52 CST 2019
***** STARTING Test: FunctionSignatureSameParameterCountMarkupOptions1Test - testSameParamCount_ReplaceSignature_AppendToParameterComments *****   (AbstractGenericTest.java:114) 
14:37:53 WARN  Test data file not found: VersionTracking/WallaceSrc.gzf   (AbstractGenericTest.java:381) 
14:37:53 WARN  Test data file not found: VersionTracking/WallaceSrc.xml   (AbstractGenericTest.java:381) 
14:37:53 INFO  Test program not found: VersionTracking/WallaceSrc   (TestProgramManager.java:351) 
14:37:53 WARN  Test data file not found: VersionTracking/WallaceVersion2.gzf   (AbstractGenericTest.java:381) 
14:37:53 WARN  Test data file not found: VersionTracking/WallaceVersion2.xml   (AbstractGenericTest.java:381) 
14:37:53 INFO  Test program not found: VersionTracking/WallaceVersion2   (TestProgramManager.java:351) 
14:37:53 DEBUG 	✖ FAILED Test: FunctionSignatureSameParameterCountMarkupOptions1Test - testSameParamCount_ReplaceSignature_AppendToParameterComments ✖	   (AbstractGenericTest.java:114) 
14:37:53 DEBUG Wed Sep 04 14:37:53 CST 2019
***** STARTING Test: FunctionSignatureSameParameterCountMarkupOptions1Test - testSameParamCount_ReplaceSignature_OverwriteParameterComments *****   (AbstractGenericTest.java:114) 
14:37:53 WARN  Test data file not found: VersionTracking/WallaceSrc.gzf   (AbstractGenericTest.java:381) 
14:37:53 WARN  Test data file not found: VersionTracking/WallaceSrc.xml   (AbstractGenericTest.java:381) 
14:37:53 INFO  Test program not found: VersionTracking/WallaceSrc   (TestProgramManager.java:351) 
14:37:53 WARN  Test data file not found: VersionTracking/WallaceVersion2.gzf   (AbstractGenericTest.java:381) 
14:37:53 WARN  Test data file not found: VersionTracking/WallaceVersion2.xml   (AbstractGenericTest.java:381) 
14:37:53 INFO  Test program not found: VersionTracking/WallaceVersion2   (TestProgramManager.java:351) 
14:37:53 DEBUG 	✖ FAILED Test: FunctionSignatureSameParameterCountMarkupOptions1Test - testSameParamCount_ReplaceSignature_OverwriteParameterComments ✖	   (AbstractGenericTest.java:114) 
14:37:53 DEBUG Wed Sep 04 14:37:53 CST 2019
***** STARTING Test: FunctionSignatureSameParameterCountMarkupOptions1Test - testSameParamCount_ReplaceSignature_ReplaceDefaultNamesOnly *****   (AbstractGenericTest.java:114) 
14:37:53 WARN  Test data file not found: VersionTracking/WallaceSrc.gzf   (AbstractGenericTest.java:381) 
14:37:53 WARN  Test data file not found: VersionTracking/WallaceSrc.xml   (AbstractGenericTest.java:381) 
14:37:53 INFO  Test program not found: VersionTracking/WallaceSrc   (TestProgramManager.java:351) 
14:37:53 WARN  Test data file not found: VersionTracking/WallaceVersion2.gzf   (AbstractGenericTest.java:381) 
14:37:53 WARN  Test data file not found: VersionTracking/WallaceVersion2.xml   (AbstractGenericTest.java:381) 
14:37:53 INFO  Test program not found: VersionTracking/WallaceVersion2   (TestProgramManager.java:351) 
14:37:53 DEBUG 	✖ FAILED Test: FunctionSignatureSameParameterCountMarkupOptions1Test - testSameParamCount_ReplaceSignature_ReplaceDefaultNamesOnly ✖	   (AbstractGenericTest.java:114) 
14:37:53 DEBUG Wed Sep 04 14:37:53 CST 2019
***** STARTING Test: FunctionSignatureSameParameterCountMarkupOptions1Test - testSameParamCount_ReplaceSignature_ExcludeParameterDataTypes *****   (AbstractGenericTest.java:114) 
14:37:53 WARN  Test data file not found: VersionTracking/WallaceSrc.gzf   (AbstractGenericTest.java:381) 
14:37:53 WARN  Test data file not found: VersionTracking/WallaceSrc.xml   (AbstractGenericTest.java:381) 
14:37:53 INFO  Test program not found: VersionTracking/WallaceSrc   (TestProgramManager.java:351) 
14:37:53 WARN  Test data file not found: VersionTracking/WallaceVersion2.gzf   (AbstractGenericTest.java:381) 
14:37:53 WARN  Test data file not found: VersionTracking/WallaceVersion2.xml   (AbstractGenericTest.java:381) 
14:37:53 INFO  Test program not found: VersionTracking/WallaceVersion2   (TestProgramManager.java:351) 
14:37:53 DEBUG 	✖ FAILED Test: FunctionSignatureSameParameterCountMarkupOptions1Test - testSameParamCount_ReplaceSignature_ExcludeParameterDataTypes ✖	   (AbstractGenericTest.java:114) 
14:37:53 DEBUG Wed Sep 04 14:37:53 CST 2019
***** STARTING Test: FunctionSignatureSameParameterCountMarkupOptions1Test - testSameParamCount_ReplaceSignature_ExcludeVarArgs *****   (AbstractGenericTest.java:114) 
14:37:54 WARN  Test data file not found: VersionTracking/WallaceSrc.gzf   (AbstractGenericTest.java:381) 
14:37:54 WARN  Test data file not found: VersionTracking/WallaceSrc.xml   (AbstractGenericTest.java:381) 
14:37:54 INFO  Test program not found: VersionTracking/WallaceSrc   (TestProgramManager.java:351) 
14:37:54 WARN  Test data file not found: VersionTracking/WallaceVersion2.gzf   (AbstractGenericTest.java:381) 
14:37:54 WARN  Test data file not found: VersionTracking/WallaceVersion2.xml   (AbstractGenericTest.java:381) 
14:37:54 INFO  Test program not found: VersionTracking/WallaceVersion2   (TestProgramManager.java:351) 
14:37:54 DEBUG 	✖ FAILED Test: FunctionSignatureSameParameterCountMarkupOptions1Test - testSameParamCount_ReplaceSignature_ExcludeVarArgs ✖	   (AbstractGenericTest.java:114) 
</pre>
</span>
</div>
</div>
<div id="footer">
<p>
<div>
<label class="hidden" id="label-for-line-wrapping-toggle" for="line-wrapping-toggle">Wrap lines
<input id="line-wrapping-toggle" type="checkbox" autocomplete="off"/>
</label>
</div>Generated by 
<a href="http://www.gradle.org">Gradle 5.6.1</a> at Sep 4, 2019, 2:39:47 PM</p>
</div>
</div>
</body>
</html>
