<!DOCTYPE html>
<html>
<head>
<meta http-equiv="Content-Type" content="text/html; charset=utf-8"/>
<meta http-equiv="x-ua-compatible" content="IE=edge"/>
<title>Test results - Class ghidra.feature.vt.gui.provider.VTExactSymbolMatch2Test</title>
<link href="../css/base-style.css" rel="stylesheet" type="text/css"/>
<link href="../css/style.css" rel="stylesheet" type="text/css"/>
<script src="../js/report.js" type="text/javascript"></script>
</head>
<body>
<div id="content">
<h1>Class ghidra.feature.vt.gui.provider.VTExactSymbolMatch2Test</h1>
<div class="breadcrumbs">
<a href="../index.html">all</a> &gt; 
<a href="../packages/ghidra.feature.vt.gui.provider.html">ghidra.feature.vt.gui.provider</a> &gt; VTExactSymbolMatch2Test</div>
<div id="summary">
<table>
<tr>
<td>
<div class="summaryGroup">
<table>
<tr>
<td>
<div class="infoBox" id="tests">
<div class="counter">18</div>
<p>tests</p>
</div>
</td>
<td>
<div class="infoBox" id="failures">
<div class="counter">18</div>
<p>failures</p>
</div>
</td>
<td>
<div class="infoBox" id="ignored">
<div class="counter">0</div>
<p>ignored</p>
</div>
</td>
<td>
<div class="infoBox" id="duration">
<div class="counter">5.799s</div>
<p>duration</p>
</div>
</td>
</tr>
</table>
</div>
</td>
<td>
<div class="infoBox failures" id="successRate">
<div class="percent">0%</div>
<p>successful</p>
</div>
</td>
</tr>
</table>
</div>
<div id="tabs">
<ul class="tabLinks">
<li>
<a href="#tab0">Failed tests</a>
</li>
<li>
<a href="#tab1">Tests</a>
</li>
<li>
<a href="#tab2">Standard output</a>
</li>
</ul>
<div id="tab0" class="tab">
<h2>Failed tests</h2>
<div class="test">
<a name="testData_Match_DefaultLabelMatch"></a>
<h3 class="failures">testData_Match_DefaultLabelMatch</h3>
<span class="code">
<pre>java.lang.NullPointerException
	at ghidra.feature.vt.api.db.VTSessionDB.initializePrograms(VTSessionDB.java:138)
	at ghidra.feature.vt.api.db.VTSessionDB.createVTSession(VTSessionDB.java:87)
	at ghidra.feature.vt.gui.VTTestEnv.createAndOpenVTSession(VTTestEnv.java:115)
	at ghidra.feature.vt.gui.VTTestEnv.createSession(VTTestEnv.java:105)
	at ghidra.feature.vt.gui.provider.VTExactSymbolMatch2Test.createSession(VTExactSymbolMatch2Test.java:446)
	at ghidra.feature.vt.gui.provider.VTExactSymbolMatch2Test.testData_Match_DefaultLabelMatch(VTExactSymbolMatch2Test.java:336)
	at generic.test.TestThread.run(TestThread.java:106)
</pre>
</span>
</div>
<div class="test">
<a name="testData_Match_NonPrimaryMatch"></a>
<h3 class="failures">testData_Match_NonPrimaryMatch</h3>
<span class="code">
<pre>java.lang.NullPointerException
	at ghidra.feature.vt.api.db.VTSessionDB.initializePrograms(VTSessionDB.java:138)
	at ghidra.feature.vt.api.db.VTSessionDB.createVTSession(VTSessionDB.java:87)
	at ghidra.feature.vt.gui.VTTestEnv.createAndOpenVTSession(VTTestEnv.java:115)
	at ghidra.feature.vt.gui.VTTestEnv.createSession(VTTestEnv.java:105)
	at ghidra.feature.vt.gui.provider.VTExactSymbolMatch2Test.createSession(VTExactSymbolMatch2Test.java:446)
	at ghidra.feature.vt.gui.provider.VTExactSymbolMatch2Test.testData_Match_NonPrimaryMatch(VTExactSymbolMatch2Test.java:370)
	at generic.test.TestThread.run(TestThread.java:106)
</pre>
</span>
</div>
<div class="test">
<a name="testData_Match_OtherTwoMatch"></a>
<h3 class="failures">testData_Match_OtherTwoMatch</h3>
<span class="code">
<pre>java.lang.NullPointerException
	at ghidra.feature.vt.api.db.VTSessionDB.initializePrograms(VTSessionDB.java:138)
	at ghidra.feature.vt.api.db.VTSessionDB.createVTSession(VTSessionDB.java:87)
	at ghidra.feature.vt.gui.VTTestEnv.createAndOpenVTSession(VTTestEnv.java:115)
	at ghidra.feature.vt.gui.VTTestEnv.createSession(VTTestEnv.java:105)
	at ghidra.feature.vt.gui.provider.VTExactSymbolMatch2Test.createSession(VTExactSymbolMatch2Test.java:446)
	at ghidra.feature.vt.gui.provider.VTExactSymbolMatch2Test.testData_Match_OtherTwoMatch(VTExactSymbolMatch2Test.java:409)
	at generic.test.TestThread.run(TestThread.java:106)
</pre>
</span>
</div>
<div class="test">
<a name="testData_Match_PrimaryMatch"></a>
<h3 class="failures">testData_Match_PrimaryMatch</h3>
<span class="code">
<pre>java.lang.NullPointerException
	at ghidra.feature.vt.api.db.VTSessionDB.initializePrograms(VTSessionDB.java:138)
	at ghidra.feature.vt.api.db.VTSessionDB.createVTSession(VTSessionDB.java:87)
	at ghidra.feature.vt.gui.VTTestEnv.createAndOpenVTSession(VTTestEnv.java:115)
	at ghidra.feature.vt.gui.VTTestEnv.createSession(VTTestEnv.java:105)
	at ghidra.feature.vt.gui.provider.VTExactSymbolMatch2Test.createSession(VTExactSymbolMatch2Test.java:446)
	at ghidra.feature.vt.gui.provider.VTExactSymbolMatch2Test.testData_Match_PrimaryMatch(VTExactSymbolMatch2Test.java:352)
	at generic.test.TestThread.run(TestThread.java:106)
</pre>
</span>
</div>
<div class="test">
<a name="testData_Match_TwoMatch"></a>
<h3 class="failures">testData_Match_TwoMatch</h3>
<span class="code">
<pre>java.lang.NullPointerException
	at ghidra.feature.vt.api.db.VTSessionDB.initializePrograms(VTSessionDB.java:138)
	at ghidra.feature.vt.api.db.VTSessionDB.createVTSession(VTSessionDB.java:87)
	at ghidra.feature.vt.gui.VTTestEnv.createAndOpenVTSession(VTTestEnv.java:115)
	at ghidra.feature.vt.gui.VTTestEnv.createSession(VTTestEnv.java:105)
	at ghidra.feature.vt.gui.provider.VTExactSymbolMatch2Test.createSession(VTExactSymbolMatch2Test.java:446)
	at ghidra.feature.vt.gui.provider.VTExactSymbolMatch2Test.testData_Match_TwoMatch(VTExactSymbolMatch2Test.java:389)
	at generic.test.TestThread.run(TestThread.java:106)
</pre>
</span>
</div>
<div class="test">
<a name="testData_NoMatch"></a>
<h3 class="failures">testData_NoMatch</h3>
<span class="code">
<pre>java.lang.NullPointerException
	at ghidra.feature.vt.api.db.VTSessionDB.initializePrograms(VTSessionDB.java:138)
	at ghidra.feature.vt.api.db.VTSessionDB.createVTSession(VTSessionDB.java:87)
	at ghidra.feature.vt.gui.VTTestEnv.createAndOpenVTSession(VTTestEnv.java:115)
	at ghidra.feature.vt.gui.VTTestEnv.createSession(VTTestEnv.java:105)
	at ghidra.feature.vt.gui.provider.VTExactSymbolMatch2Test.createSession(VTExactSymbolMatch2Test.java:446)
	at ghidra.feature.vt.gui.provider.VTExactSymbolMatch2Test.testData_NoMatch(VTExactSymbolMatch2Test.java:318)
	at generic.test.TestThread.run(TestThread.java:106)
</pre>
</span>
</div>
<div class="test">
<a name="testExternalFunction_Match"></a>
<h3 class="failures">testExternalFunction_Match</h3>
<span class="code">
<pre>java.lang.NullPointerException
	at ghidra.feature.vt.api.db.VTSessionDB.initializePrograms(VTSessionDB.java:138)
	at ghidra.feature.vt.api.db.VTSessionDB.createVTSession(VTSessionDB.java:87)
	at ghidra.feature.vt.gui.VTTestEnv.createAndOpenVTSession(VTTestEnv.java:115)
	at ghidra.feature.vt.gui.VTTestEnv.createSession(VTTestEnv.java:105)
	at ghidra.feature.vt.gui.provider.VTExactSymbolMatch2Test.createSession(VTExactSymbolMatch2Test.java:446)
	at ghidra.feature.vt.gui.provider.VTExactSymbolMatch2Test.testExternalFunction_Match(VTExactSymbolMatch2Test.java:289)
	at generic.test.TestThread.run(TestThread.java:106)
</pre>
</span>
</div>
<div class="test">
<a name="testFunction_Match_BothPrimary"></a>
<h3 class="failures">testFunction_Match_BothPrimary</h3>
<span class="code">
<pre>java.lang.NullPointerException
	at ghidra.feature.vt.api.db.VTSessionDB.initializePrograms(VTSessionDB.java:138)
	at ghidra.feature.vt.api.db.VTSessionDB.createVTSession(VTSessionDB.java:87)
	at ghidra.feature.vt.gui.VTTestEnv.createAndOpenVTSession(VTTestEnv.java:115)
	at ghidra.feature.vt.gui.VTTestEnv.createSession(VTTestEnv.java:105)
	at ghidra.feature.vt.gui.provider.VTExactSymbolMatch2Test.createSession(VTExactSymbolMatch2Test.java:446)
	at ghidra.feature.vt.gui.provider.VTExactSymbolMatch2Test.testFunction_Match_BothPrimary(VTExactSymbolMatch2Test.java:134)
	at generic.test.TestThread.run(TestThread.java:106)
</pre>
</span>
</div>
<div class="test">
<a name="testFunction_Match_BothPrimary_endWith_at_addr"></a>
<h3 class="failures">testFunction_Match_BothPrimary_endWith_at_addr</h3>
<span class="code">
<pre>java.lang.NullPointerException
	at ghidra.feature.vt.api.db.VTSessionDB.initializePrograms(VTSessionDB.java:138)
	at ghidra.feature.vt.api.db.VTSessionDB.createVTSession(VTSessionDB.java:87)
	at ghidra.feature.vt.gui.VTTestEnv.createAndOpenVTSession(VTTestEnv.java:115)
	at ghidra.feature.vt.gui.VTTestEnv.createSession(VTTestEnv.java:105)
	at ghidra.feature.vt.gui.provider.VTExactSymbolMatch2Test.createSession(VTExactSymbolMatch2Test.java:446)
	at ghidra.feature.vt.gui.provider.VTExactSymbolMatch2Test.testFunction_Match_BothPrimary_endWith_at_addr(VTExactSymbolMatch2Test.java:170)
	at generic.test.TestThread.run(TestThread.java:106)
</pre>
</span>
</div>
<div class="test">
<a name="testFunction_Match_BothPrimary_endWith_one_of_each_addr"></a>
<h3 class="failures">testFunction_Match_BothPrimary_endWith_one_of_each_addr</h3>
<span class="code">
<pre>java.lang.NullPointerException
	at ghidra.feature.vt.api.db.VTSessionDB.initializePrograms(VTSessionDB.java:138)
	at ghidra.feature.vt.api.db.VTSessionDB.createVTSession(VTSessionDB.java:87)
	at ghidra.feature.vt.gui.VTTestEnv.createAndOpenVTSession(VTTestEnv.java:115)
	at ghidra.feature.vt.gui.VTTestEnv.createSession(VTTestEnv.java:105)
	at ghidra.feature.vt.gui.provider.VTExactSymbolMatch2Test.createSession(VTExactSymbolMatch2Test.java:446)
	at ghidra.feature.vt.gui.provider.VTExactSymbolMatch2Test.testFunction_Match_BothPrimary_endWith_one_of_each_addr(VTExactSymbolMatch2Test.java:188)
	at generic.test.TestThread.run(TestThread.java:106)
</pre>
</span>
</div>
<div class="test">
<a name="testFunction_Match_BothPrimary_endWith_underscore_addr"></a>
<h3 class="failures">testFunction_Match_BothPrimary_endWith_underscore_addr</h3>
<span class="code">
<pre>java.lang.NullPointerException
	at ghidra.feature.vt.api.db.VTSessionDB.initializePrograms(VTSessionDB.java:138)
	at ghidra.feature.vt.api.db.VTSessionDB.createVTSession(VTSessionDB.java:87)
	at ghidra.feature.vt.gui.VTTestEnv.createAndOpenVTSession(VTTestEnv.java:115)
	at ghidra.feature.vt.gui.VTTestEnv.createSession(VTTestEnv.java:105)
	at ghidra.feature.vt.gui.provider.VTExactSymbolMatch2Test.createSession(VTExactSymbolMatch2Test.java:446)
	at ghidra.feature.vt.gui.provider.VTExactSymbolMatch2Test.testFunction_Match_BothPrimary_endWith_underscore_addr(VTExactSymbolMatch2Test.java:152)
	at generic.test.TestThread.run(TestThread.java:106)
</pre>
</span>
</div>
<div class="test">
<a name="testFunction_Match_DestinationNotPrimary"></a>
<h3 class="failures">testFunction_Match_DestinationNotPrimary</h3>
<span class="code">
<pre>java.lang.NullPointerException
	at ghidra.feature.vt.api.db.VTSessionDB.initializePrograms(VTSessionDB.java:138)
	at ghidra.feature.vt.api.db.VTSessionDB.createVTSession(VTSessionDB.java:87)
	at ghidra.feature.vt.gui.VTTestEnv.createAndOpenVTSession(VTTestEnv.java:115)
	at ghidra.feature.vt.gui.VTTestEnv.createSession(VTTestEnv.java:105)
	at ghidra.feature.vt.gui.provider.VTExactSymbolMatch2Test.createSession(VTExactSymbolMatch2Test.java:446)
	at ghidra.feature.vt.gui.provider.VTExactSymbolMatch2Test.testFunction_Match_DestinationNotPrimary(VTExactSymbolMatch2Test.java:225)
	at generic.test.TestThread.run(TestThread.java:106)
</pre>
</span>
</div>
<div class="test">
<a name="testFunction_Match_NeitherPrimary"></a>
<h3 class="failures">testFunction_Match_NeitherPrimary</h3>
<span class="code">
<pre>java.lang.NullPointerException
	at ghidra.feature.vt.api.db.VTSessionDB.initializePrograms(VTSessionDB.java:138)
	at ghidra.feature.vt.api.db.VTSessionDB.createVTSession(VTSessionDB.java:87)
	at ghidra.feature.vt.gui.VTTestEnv.createAndOpenVTSession(VTTestEnv.java:115)
	at ghidra.feature.vt.gui.VTTestEnv.createSession(VTTestEnv.java:105)
	at ghidra.feature.vt.gui.provider.VTExactSymbolMatch2Test.createSession(VTExactSymbolMatch2Test.java:446)
	at ghidra.feature.vt.gui.provider.VTExactSymbolMatch2Test.testFunction_Match_NeitherPrimary(VTExactSymbolMatch2Test.java:244)
	at generic.test.TestThread.run(TestThread.java:106)
</pre>
</span>
</div>
<div class="test">
<a name="testFunction_Match_SourceNotPrimary"></a>
<h3 class="failures">testFunction_Match_SourceNotPrimary</h3>
<span class="code">
<pre>java.lang.NullPointerException
	at ghidra.feature.vt.api.db.VTSessionDB.initializePrograms(VTSessionDB.java:138)
	at ghidra.feature.vt.api.db.VTSessionDB.createVTSession(VTSessionDB.java:87)
	at ghidra.feature.vt.gui.VTTestEnv.createAndOpenVTSession(VTTestEnv.java:115)
	at ghidra.feature.vt.gui.VTTestEnv.createSession(VTTestEnv.java:105)
	at ghidra.feature.vt.gui.provider.VTExactSymbolMatch2Test.createSession(VTExactSymbolMatch2Test.java:446)
	at ghidra.feature.vt.gui.provider.VTExactSymbolMatch2Test.testFunction_Match_SourceNotPrimary(VTExactSymbolMatch2Test.java:206)
	at generic.test.TestThread.run(TestThread.java:106)
</pre>
</span>
</div>
<div class="test">
<a name="testFunction_Match_TwoSameNames_OneMatch"></a>
<h3 class="failures">testFunction_Match_TwoSameNames_OneMatch</h3>
<span class="code">
<pre>java.lang.NullPointerException
	at ghidra.feature.vt.api.db.VTSessionDB.initializePrograms(VTSessionDB.java:138)
	at ghidra.feature.vt.api.db.VTSessionDB.createVTSession(VTSessionDB.java:87)
	at ghidra.feature.vt.gui.VTTestEnv.createAndOpenVTSession(VTTestEnv.java:115)
	at ghidra.feature.vt.gui.VTTestEnv.createSession(VTTestEnv.java:105)
	at ghidra.feature.vt.gui.provider.VTExactSymbolMatch2Test.createSession(VTExactSymbolMatch2Test.java:446)
	at ghidra.feature.vt.gui.provider.VTExactSymbolMatch2Test.testFunction_Match_TwoSameNames_OneMatch(VTExactSymbolMatch2Test.java:265)
	at generic.test.TestThread.run(TestThread.java:106)
</pre>
</span>
</div>
<div class="test">
<a name="testFunction_NoMatch_Defaults"></a>
<h3 class="failures">testFunction_NoMatch_Defaults</h3>
<span class="code">
<pre>java.lang.NullPointerException
	at ghidra.feature.vt.api.db.VTSessionDB.initializePrograms(VTSessionDB.java:138)
	at ghidra.feature.vt.api.db.VTSessionDB.createVTSession(VTSessionDB.java:87)
	at ghidra.feature.vt.gui.VTTestEnv.createAndOpenVTSession(VTTestEnv.java:115)
	at ghidra.feature.vt.gui.VTTestEnv.createSession(VTTestEnv.java:105)
	at ghidra.feature.vt.gui.provider.VTExactSymbolMatch2Test.createSession(VTExactSymbolMatch2Test.java:446)
	at ghidra.feature.vt.gui.provider.VTExactSymbolMatch2Test.testFunction_NoMatch_Defaults(VTExactSymbolMatch2Test.java:84)
	at generic.test.TestThread.run(TestThread.java:106)
</pre>
</span>
</div>
<div class="test">
<a name="testFunction_NoMatch_DestNamed"></a>
<h3 class="failures">testFunction_NoMatch_DestNamed</h3>
<span class="code">
<pre>java.lang.NullPointerException
	at ghidra.feature.vt.api.db.VTSessionDB.initializePrograms(VTSessionDB.java:138)
	at ghidra.feature.vt.api.db.VTSessionDB.createVTSession(VTSessionDB.java:87)
	at ghidra.feature.vt.gui.VTTestEnv.createAndOpenVTSession(VTTestEnv.java:115)
	at ghidra.feature.vt.gui.VTTestEnv.createSession(VTTestEnv.java:105)
	at ghidra.feature.vt.gui.provider.VTExactSymbolMatch2Test.createSession(VTExactSymbolMatch2Test.java:446)
	at ghidra.feature.vt.gui.provider.VTExactSymbolMatch2Test.testFunction_NoMatch_DestNamed(VTExactSymbolMatch2Test.java:117)
	at generic.test.TestThread.run(TestThread.java:106)
</pre>
</span>
</div>
<div class="test">
<a name="testFunction_NoMatch_SourceNamed"></a>
<h3 class="failures">testFunction_NoMatch_SourceNamed</h3>
<span class="code">
<pre>java.lang.NullPointerException
	at ghidra.feature.vt.api.db.VTSessionDB.initializePrograms(VTSessionDB.java:138)
	at ghidra.feature.vt.api.db.VTSessionDB.createVTSession(VTSessionDB.java:87)
	at ghidra.feature.vt.gui.VTTestEnv.createAndOpenVTSession(VTTestEnv.java:115)
	at ghidra.feature.vt.gui.VTTestEnv.createSession(VTTestEnv.java:105)
	at ghidra.feature.vt.gui.provider.VTExactSymbolMatch2Test.createSession(VTExactSymbolMatch2Test.java:446)
	at ghidra.feature.vt.gui.provider.VTExactSymbolMatch2Test.testFunction_NoMatch_SourceNamed(VTExactSymbolMatch2Test.java:100)
	at generic.test.TestThread.run(TestThread.java:106)
</pre>
</span>
</div>
</div>
<div id="tab1" class="tab">
<h2>Tests</h2>
<table>
<thead>
<tr>
<th>Test</th>
<th>Duration</th>
<th>Result</th>
</tr>
</thead>
<tr>
<td class="failures">testData_Match_DefaultLabelMatch</td>
<td class="failures">0.312s</td>
<td class="failures">failed</td>
</tr>
<tr>
<td class="failures">testData_Match_NonPrimaryMatch</td>
<td class="failures">0.202s</td>
<td class="failures">failed</td>
</tr>
<tr>
<td class="failures">testData_Match_OtherTwoMatch</td>
<td class="failures">0.306s</td>
<td class="failures">failed</td>
</tr>
<tr>
<td class="failures">testData_Match_PrimaryMatch</td>
<td class="failures">0.202s</td>
<td class="failures">failed</td>
</tr>
<tr>
<td class="failures">testData_Match_TwoMatch</td>
<td class="failures">0.306s</td>
<td class="failures">failed</td>
</tr>
<tr>
<td class="failures">testData_NoMatch</td>
<td class="failures">0.314s</td>
<td class="failures">failed</td>
</tr>
<tr>
<td class="failures">testExternalFunction_Match</td>
<td class="failures">0.202s</td>
<td class="failures">failed</td>
</tr>
<tr>
<td class="failures">testFunction_Match_BothPrimary</td>
<td class="failures">0.311s</td>
<td class="failures">failed</td>
</tr>
<tr>
<td class="failures">testFunction_Match_BothPrimary_endWith_at_addr</td>
<td class="failures">0.202s</td>
<td class="failures">failed</td>
</tr>
<tr>
<td class="failures">testFunction_Match_BothPrimary_endWith_one_of_each_addr</td>
<td class="failures">0.202s</td>
<td class="failures">failed</td>
</tr>
<tr>
<td class="failures">testFunction_Match_BothPrimary_endWith_underscore_addr</td>
<td class="failures">0.203s</td>
<td class="failures">failed</td>
</tr>
<tr>
<td class="failures">testFunction_Match_DestinationNotPrimary</td>
<td class="failures">0.312s</td>
<td class="failures">failed</td>
</tr>
<tr>
<td class="failures">testFunction_Match_NeitherPrimary</td>
<td class="failures">0.406s</td>
<td class="failures">failed</td>
</tr>
<tr>
<td class="failures">testFunction_Match_SourceNotPrimary</td>
<td class="failures">1.300s</td>
<td class="failures">failed</td>
</tr>
<tr>
<td class="failures">testFunction_Match_TwoSameNames_OneMatch</td>
<td class="failures">0.203s</td>
<td class="failures">failed</td>
</tr>
<tr>
<td class="failures">testFunction_NoMatch_Defaults</td>
<td class="failures">0.202s</td>
<td class="failures">failed</td>
</tr>
<tr>
<td class="failures">testFunction_NoMatch_DestNamed</td>
<td class="failures">0.411s</td>
<td class="failures">failed</td>
</tr>
<tr>
<td class="failures">testFunction_NoMatch_SourceNamed</td>
<td class="failures">0.203s</td>
<td class="failures">failed</td>
</tr>
</table>
</div>
<div id="tab2" class="tab">
<h2>Standard output</h2>
<span class="code">
<pre>Created test directory: /home/lcf/repo/190904/ghidra/Ghidra/Features/VersionTracking/build/Ghidra_test_27c17938-16d6-419e-afc6-847c909b6ddc/temp.data
14:38:41 INFO  Using log config file: file:/home/lcf/repo/190904/ghidra/Ghidra/Framework/Generic/src/main/resources/generic.log4jtest.xml   (LoggingInitialization.java:59) 
14:38:41 INFO  Using log file: /home/lcf/repo/190904/ghidra/Ghidra/Features/VersionTracking/build/Ghidra_test_27c17938-16d6-419e-afc6-847c909b6ddc/temp.data/application.log   (LoggingInitialization.java:60) 
14:38:41 INFO  Loading user preferences: /home/lcf/repo/190904/ghidra/Ghidra/Features/VersionTracking/build/Ghidra_test_27c17938-16d6-419e-afc6-847c909b6ddc/temp.data/preferences   (Preferences.java:122) 
14:38:42 INFO  Class search complete (507 ms)   (ClassSearcher.java:250) 
14:38:42 DEBUG Wed Sep 04 14:38:42 CST 2019
***** STARTING Test: VTExactSymbolMatch2Test - testFunction_Match_SourceNotPrimary *****   (AbstractGenericTest.java:114) 
14:38:44 WARN  Test data file not found: VersionTracking/WallaceSrc.gzf   (AbstractGenericTest.java:381) 
14:38:44 WARN  Test data file not found: VersionTracking/WallaceSrc.xml   (AbstractGenericTest.java:381) 
14:38:44 INFO  Test program not found: VersionTracking/WallaceSrc   (TestProgramManager.java:351) 
14:38:44 WARN  Test data file not found: VersionTracking/WallaceVersion2.gzf   (AbstractGenericTest.java:381) 
14:38:44 WARN  Test data file not found: VersionTracking/WallaceVersion2.xml   (AbstractGenericTest.java:381) 
14:38:44 INFO  Test program not found: VersionTracking/WallaceVersion2   (TestProgramManager.java:351) 
14:38:44 DEBUG 	✖ FAILED Test: VTExactSymbolMatch2Test - testFunction_Match_SourceNotPrimary ✖	   (AbstractGenericTest.java:114) 
14:38:44 DEBUG Wed Sep 04 14:38:44 CST 2019
***** STARTING Test: VTExactSymbolMatch2Test - testFunction_NoMatch_DestNamed *****   (AbstractGenericTest.java:114) 
14:38:44 WARN  Test data file not found: VersionTracking/WallaceSrc.gzf   (AbstractGenericTest.java:381) 
14:38:44 WARN  Test data file not found: VersionTracking/WallaceSrc.xml   (AbstractGenericTest.java:381) 
14:38:44 INFO  Test program not found: VersionTracking/WallaceSrc   (TestProgramManager.java:351) 
14:38:44 WARN  Test data file not found: VersionTracking/WallaceVersion2.gzf   (AbstractGenericTest.java:381) 
14:38:44 WARN  Test data file not found: VersionTracking/WallaceVersion2.xml   (AbstractGenericTest.java:381) 
14:38:44 INFO  Test program not found: VersionTracking/WallaceVersion2   (TestProgramManager.java:351) 
14:38:44 DEBUG 	✖ FAILED Test: VTExactSymbolMatch2Test - testFunction_NoMatch_DestNamed ✖	   (AbstractGenericTest.java:114) 
14:38:44 DEBUG Wed Sep 04 14:38:44 CST 2019
***** STARTING Test: VTExactSymbolMatch2Test - testFunction_Match_NeitherPrimary *****   (AbstractGenericTest.java:114) 
14:38:44 WARN  Test data file not found: VersionTracking/WallaceSrc.gzf   (AbstractGenericTest.java:381) 
14:38:44 WARN  Test data file not found: VersionTracking/WallaceSrc.xml   (AbstractGenericTest.java:381) 
14:38:44 INFO  Test program not found: VersionTracking/WallaceSrc   (TestProgramManager.java:351) 
14:38:44 WARN  Test data file not found: VersionTracking/WallaceVersion2.gzf   (AbstractGenericTest.java:381) 
14:38:44 WARN  Test data file not found: VersionTracking/WallaceVersion2.xml   (AbstractGenericTest.java:381) 
14:38:44 INFO  Test program not found: VersionTracking/WallaceVersion2   (TestProgramManager.java:351) 
14:38:45 DEBUG 	✖ FAILED Test: VTExactSymbolMatch2Test - testFunction_Match_NeitherPrimary ✖	   (AbstractGenericTest.java:114) 
14:38:45 DEBUG Wed Sep 04 14:38:45 CST 2019
***** STARTING Test: VTExactSymbolMatch2Test - testData_Match_DefaultLabelMatch *****   (AbstractGenericTest.java:114) 
14:38:45 WARN  Test data file not found: VersionTracking/WallaceSrc.gzf   (AbstractGenericTest.java:381) 
14:38:45 WARN  Test data file not found: VersionTracking/WallaceSrc.xml   (AbstractGenericTest.java:381) 
14:38:45 INFO  Test program not found: VersionTracking/WallaceSrc   (TestProgramManager.java:351) 
14:38:45 WARN  Test data file not found: VersionTracking/WallaceVersion2.gzf   (AbstractGenericTest.java:381) 
14:38:45 WARN  Test data file not found: VersionTracking/WallaceVersion2.xml   (AbstractGenericTest.java:381) 
14:38:45 INFO  Test program not found: VersionTracking/WallaceVersion2   (TestProgramManager.java:351) 
14:38:45 DEBUG 	✖ FAILED Test: VTExactSymbolMatch2Test - testData_Match_DefaultLabelMatch ✖	   (AbstractGenericTest.java:114) 
14:38:45 DEBUG Wed Sep 04 14:38:45 CST 2019
***** STARTING Test: VTExactSymbolMatch2Test - testData_Match_TwoMatch *****   (AbstractGenericTest.java:114) 
14:38:45 WARN  Test data file not found: VersionTracking/WallaceSrc.gzf   (AbstractGenericTest.java:381) 
14:38:45 WARN  Test data file not found: VersionTracking/WallaceSrc.xml   (AbstractGenericTest.java:381) 
14:38:45 INFO  Test program not found: VersionTracking/WallaceSrc   (TestProgramManager.java:351) 
14:38:45 WARN  Test data file not found: VersionTracking/WallaceVersion2.gzf   (AbstractGenericTest.java:381) 
14:38:45 WARN  Test data file not found: VersionTracking/WallaceVersion2.xml   (AbstractGenericTest.java:381) 
14:38:45 INFO  Test program not found: VersionTracking/WallaceVersion2   (TestProgramManager.java:351) 
14:38:45 DEBUG 	✖ FAILED Test: VTExactSymbolMatch2Test - testData_Match_TwoMatch ✖	   (AbstractGenericTest.java:114) 
14:38:45 DEBUG Wed Sep 04 14:38:45 CST 2019
***** STARTING Test: VTExactSymbolMatch2Test - testData_NoMatch *****   (AbstractGenericTest.java:114) 
14:38:45 WARN  Test data file not found: VersionTracking/WallaceSrc.gzf   (AbstractGenericTest.java:381) 
14:38:45 WARN  Test data file not found: VersionTracking/WallaceSrc.xml   (AbstractGenericTest.java:381) 
14:38:45 INFO  Test program not found: VersionTracking/WallaceSrc   (TestProgramManager.java:351) 
14:38:45 WARN  Test data file not found: VersionTracking/WallaceVersion2.gzf   (AbstractGenericTest.java:381) 
14:38:45 WARN  Test data file not found: VersionTracking/WallaceVersion2.xml   (AbstractGenericTest.java:381) 
14:38:45 INFO  Test program not found: VersionTracking/WallaceVersion2   (TestProgramManager.java:351) 
14:38:45 DEBUG 	✖ FAILED Test: VTExactSymbolMatch2Test - testData_NoMatch ✖	   (AbstractGenericTest.java:114) 
14:38:45 DEBUG Wed Sep 04 14:38:45 CST 2019
***** STARTING Test: VTExactSymbolMatch2Test - testFunction_Match_DestinationNotPrimary *****   (AbstractGenericTest.java:114) 
14:38:46 WARN  Test data file not found: VersionTracking/WallaceSrc.gzf   (AbstractGenericTest.java:381) 
14:38:46 WARN  Test data file not found: VersionTracking/WallaceSrc.xml   (AbstractGenericTest.java:381) 
14:38:46 INFO  Test program not found: VersionTracking/WallaceSrc   (TestProgramManager.java:351) 
14:38:46 WARN  Test data file not found: VersionTracking/WallaceVersion2.gzf   (AbstractGenericTest.java:381) 
14:38:46 WARN  Test data file not found: VersionTracking/WallaceVersion2.xml   (AbstractGenericTest.java:381) 
14:38:46 INFO  Test program not found: VersionTracking/WallaceVersion2   (TestProgramManager.java:351) 
14:38:46 DEBUG 	✖ FAILED Test: VTExactSymbolMatch2Test - testFunction_Match_DestinationNotPrimary ✖	   (AbstractGenericTest.java:114) 
14:38:46 DEBUG Wed Sep 04 14:38:46 CST 2019
***** STARTING Test: VTExactSymbolMatch2Test - testData_Match_OtherTwoMatch *****   (AbstractGenericTest.java:114) 
14:38:46 WARN  Test data file not found: VersionTracking/WallaceSrc.gzf   (AbstractGenericTest.java:381) 
14:38:46 WARN  Test data file not found: VersionTracking/WallaceSrc.xml   (AbstractGenericTest.java:381) 
14:38:46 INFO  Test program not found: VersionTracking/WallaceSrc   (TestProgramManager.java:351) 
14:38:46 WARN  Test data file not found: VersionTracking/WallaceVersion2.gzf   (AbstractGenericTest.java:381) 
14:38:46 WARN  Test data file not found: VersionTracking/WallaceVersion2.xml   (AbstractGenericTest.java:381) 
14:38:46 INFO  Test program not found: VersionTracking/WallaceVersion2   (TestProgramManager.java:351) 
14:38:46 DEBUG 	✖ FAILED Test: VTExactSymbolMatch2Test - testData_Match_OtherTwoMatch ✖	   (AbstractGenericTest.java:114) 
14:38:46 DEBUG Wed Sep 04 14:38:46 CST 2019
***** STARTING Test: VTExactSymbolMatch2Test - testFunction_NoMatch_SourceNamed *****   (AbstractGenericTest.java:114) 
14:38:46 WARN  Test data file not found: VersionTracking/WallaceSrc.gzf   (AbstractGenericTest.java:381) 
14:38:46 WARN  Test data file not found: VersionTracking/WallaceSrc.xml   (AbstractGenericTest.java:381) 
14:38:46 INFO  Test program not found: VersionTracking/WallaceSrc   (TestProgramManager.java:351) 
14:38:46 WARN  Test data file not found: VersionTracking/WallaceVersion2.gzf   (AbstractGenericTest.java:381) 
14:38:46 WARN  Test data file not found: VersionTracking/WallaceVersion2.xml   (AbstractGenericTest.java:381) 
14:38:46 INFO  Test program not found: VersionTracking/WallaceVersion2   (TestProgramManager.java:351) 
14:38:46 DEBUG 	✖ FAILED Test: VTExactSymbolMatch2Test - testFunction_NoMatch_SourceNamed ✖	   (AbstractGenericTest.java:114) 
14:38:46 DEBUG Wed Sep 04 14:38:46 CST 2019
***** STARTING Test: VTExactSymbolMatch2Test - testFunction_Match_BothPrimary *****   (AbstractGenericTest.java:114) 
14:38:46 WARN  Test data file not found: VersionTracking/WallaceSrc.gzf   (AbstractGenericTest.java:381) 
14:38:46 WARN  Test data file not found: VersionTracking/WallaceSrc.xml   (AbstractGenericTest.java:381) 
14:38:46 INFO  Test program not found: VersionTracking/WallaceSrc   (TestProgramManager.java:351) 
14:38:46 WARN  Test data file not found: VersionTracking/WallaceVersion2.gzf   (AbstractGenericTest.java:381) 
14:38:46 WARN  Test data file not found: VersionTracking/WallaceVersion2.xml   (AbstractGenericTest.java:381) 
14:38:47 INFO  Test program not found: VersionTracking/WallaceVersion2   (TestProgramManager.java:351) 
14:38:47 DEBUG 	✖ FAILED Test: VTExactSymbolMatch2Test - testFunction_Match_BothPrimary ✖	   (AbstractGenericTest.java:114) 
14:38:47 DEBUG Wed Sep 04 14:38:47 CST 2019
***** STARTING Test: VTExactSymbolMatch2Test - testFunction_Match_BothPrimary_endWith_underscore_addr *****   (AbstractGenericTest.java:114) 
14:38:47 WARN  Test data file not found: VersionTracking/WallaceSrc.gzf   (AbstractGenericTest.java:381) 
14:38:47 WARN  Test data file not found: VersionTracking/WallaceSrc.xml   (AbstractGenericTest.java:381) 
14:38:47 INFO  Test program not found: VersionTracking/WallaceSrc   (TestProgramManager.java:351) 
14:38:47 WARN  Test data file not found: VersionTracking/WallaceVersion2.gzf   (AbstractGenericTest.java:381) 
14:38:47 WARN  Test data file not found: VersionTracking/WallaceVersion2.xml   (AbstractGenericTest.java:381) 
14:38:47 INFO  Test program not found: VersionTracking/WallaceVersion2   (TestProgramManager.java:351) 
14:38:47 DEBUG 	✖ FAILED Test: VTExactSymbolMatch2Test - testFunction_Match_BothPrimary_endWith_underscore_addr ✖	   (AbstractGenericTest.java:114) 
14:38:47 DEBUG Wed Sep 04 14:38:47 CST 2019
***** STARTING Test: VTExactSymbolMatch2Test - testExternalFunction_Match *****   (AbstractGenericTest.java:114) 
14:38:47 WARN  Test data file not found: VersionTracking/WallaceSrc.gzf   (AbstractGenericTest.java:381) 
14:38:47 WARN  Test data file not found: VersionTracking/WallaceSrc.xml   (AbstractGenericTest.java:381) 
14:38:47 INFO  Test program not found: VersionTracking/WallaceSrc   (TestProgramManager.java:351) 
14:38:47 WARN  Test data file not found: VersionTracking/WallaceVersion2.gzf   (AbstractGenericTest.java:381) 
14:38:47 WARN  Test data file not found: VersionTracking/WallaceVersion2.xml   (AbstractGenericTest.java:381) 
14:38:47 INFO  Test program not found: VersionTracking/WallaceVersion2   (TestProgramManager.java:351) 
14:38:47 DEBUG 	✖ FAILED Test: VTExactSymbolMatch2Test - testExternalFunction_Match ✖	   (AbstractGenericTest.java:114) 
14:38:47 DEBUG Wed Sep 04 14:38:47 CST 2019
***** STARTING Test: VTExactSymbolMatch2Test - testFunction_NoMatch_Defaults *****   (AbstractGenericTest.java:114) 
14:38:47 WARN  Test data file not found: VersionTracking/WallaceSrc.gzf   (AbstractGenericTest.java:381) 
14:38:47 WARN  Test data file not found: VersionTracking/WallaceSrc.xml   (AbstractGenericTest.java:381) 
14:38:47 INFO  Test program not found: VersionTracking/WallaceSrc   (TestProgramManager.java:351) 
14:38:47 WARN  Test data file not found: VersionTracking/WallaceVersion2.gzf   (AbstractGenericTest.java:381) 
14:38:47 WARN  Test data file not found: VersionTracking/WallaceVersion2.xml   (AbstractGenericTest.java:381) 
14:38:47 INFO  Test program not found: VersionTracking/WallaceVersion2   (TestProgramManager.java:351) 
14:38:47 DEBUG 	✖ FAILED Test: VTExactSymbolMatch2Test - testFunction_NoMatch_Defaults ✖	   (AbstractGenericTest.java:114) 
14:38:47 DEBUG Wed Sep 04 14:38:47 CST 2019
***** STARTING Test: VTExactSymbolMatch2Test - testFunction_Match_BothPrimary_endWith_one_of_each_addr *****   (AbstractGenericTest.java:114) 
14:38:47 WARN  Test data file not found: VersionTracking/WallaceSrc.gzf   (AbstractGenericTest.java:381) 
14:38:47 WARN  Test data file not found: VersionTracking/WallaceSrc.xml   (AbstractGenericTest.java:381) 
14:38:47 INFO  Test program not found: VersionTracking/WallaceSrc   (TestProgramManager.java:351) 
14:38:47 WARN  Test data file not found: VersionTracking/WallaceVersion2.gzf   (AbstractGenericTest.java:381) 
14:38:47 WARN  Test data file not found: VersionTracking/WallaceVersion2.xml   (AbstractGenericTest.java:381) 
14:38:47 INFO  Test program not found: VersionTracking/WallaceVersion2   (TestProgramManager.java:351) 
14:38:47 DEBUG 	✖ FAILED Test: VTExactSymbolMatch2Test - testFunction_Match_BothPrimary_endWith_one_of_each_addr ✖	   (AbstractGenericTest.java:114) 
14:38:47 DEBUG Wed Sep 04 14:38:47 CST 2019
***** STARTING Test: VTExactSymbolMatch2Test - testData_Match_NonPrimaryMatch *****   (AbstractGenericTest.java:114) 
14:38:48 WARN  Test data file not found: VersionTracking/WallaceSrc.gzf   (AbstractGenericTest.java:381) 
14:38:48 WARN  Test data file not found: VersionTracking/WallaceSrc.xml   (AbstractGenericTest.java:381) 
14:38:48 INFO  Test program not found: VersionTracking/WallaceSrc   (TestProgramManager.java:351) 
14:38:48 WARN  Test data file not found: VersionTracking/WallaceVersion2.gzf   (AbstractGenericTest.java:381) 
14:38:48 WARN  Test data file not found: VersionTracking/WallaceVersion2.xml   (AbstractGenericTest.java:381) 
14:38:48 INFO  Test program not found: VersionTracking/WallaceVersion2   (TestProgramManager.java:351) 
14:38:48 DEBUG 	✖ FAILED Test: VTExactSymbolMatch2Test - testData_Match_NonPrimaryMatch ✖	   (AbstractGenericTest.java:114) 
14:38:48 DEBUG Wed Sep 04 14:38:48 CST 2019
***** STARTING Test: VTExactSymbolMatch2Test - testFunction_Match_TwoSameNames_OneMatch *****   (AbstractGenericTest.java:114) 
14:38:48 WARN  Test data file not found: VersionTracking/WallaceSrc.gzf   (AbstractGenericTest.java:381) 
14:38:48 WARN  Test data file not found: VersionTracking/WallaceSrc.xml   (AbstractGenericTest.java:381) 
14:38:48 INFO  Test program not found: VersionTracking/WallaceSrc   (TestProgramManager.java:351) 
14:38:48 WARN  Test data file not found: VersionTracking/WallaceVersion2.gzf   (AbstractGenericTest.java:381) 
14:38:48 WARN  Test data file not found: VersionTracking/WallaceVersion2.xml   (AbstractGenericTest.java:381) 
14:38:48 INFO  Test program not found: VersionTracking/WallaceVersion2   (TestProgramManager.java:351) 
14:38:48 DEBUG 	✖ FAILED Test: VTExactSymbolMatch2Test - testFunction_Match_TwoSameNames_OneMatch ✖	   (AbstractGenericTest.java:114) 
14:38:48 DEBUG Wed Sep 04 14:38:48 CST 2019
***** STARTING Test: VTExactSymbolMatch2Test - testFunction_Match_BothPrimary_endWith_at_addr *****   (AbstractGenericTest.java:114) 
14:38:48 WARN  Test data file not found: VersionTracking/WallaceSrc.gzf   (AbstractGenericTest.java:381) 
14:38:48 WARN  Test data file not found: VersionTracking/WallaceSrc.xml   (AbstractGenericTest.java:381) 
14:38:48 INFO  Test program not found: VersionTracking/WallaceSrc   (TestProgramManager.java:351) 
14:38:48 WARN  Test data file not found: VersionTracking/WallaceVersion2.gzf   (AbstractGenericTest.java:381) 
14:38:48 WARN  Test data file not found: VersionTracking/WallaceVersion2.xml   (AbstractGenericTest.java:381) 
14:38:48 INFO  Test program not found: VersionTracking/WallaceVersion2   (TestProgramManager.java:351) 
14:38:48 DEBUG 	✖ FAILED Test: VTExactSymbolMatch2Test - testFunction_Match_BothPrimary_endWith_at_addr ✖	   (AbstractGenericTest.java:114) 
14:38:48 DEBUG Wed Sep 04 14:38:48 CST 2019
***** STARTING Test: VTExactSymbolMatch2Test - testData_Match_PrimaryMatch *****   (AbstractGenericTest.java:114) 
14:38:48 WARN  Test data file not found: VersionTracking/WallaceSrc.gzf   (AbstractGenericTest.java:381) 
14:38:48 WARN  Test data file not found: VersionTracking/WallaceSrc.xml   (AbstractGenericTest.java:381) 
14:38:48 INFO  Test program not found: VersionTracking/WallaceSrc   (TestProgramManager.java:351) 
14:38:48 WARN  Test data file not found: VersionTracking/WallaceVersion2.gzf   (AbstractGenericTest.java:381) 
14:38:48 WARN  Test data file not found: VersionTracking/WallaceVersion2.xml   (AbstractGenericTest.java:381) 
14:38:48 INFO  Test program not found: VersionTracking/WallaceVersion2   (TestProgramManager.java:351) 
14:38:48 DEBUG 	✖ FAILED Test: VTExactSymbolMatch2Test - testData_Match_PrimaryMatch ✖	   (AbstractGenericTest.java:114) 
</pre>
</span>
</div>
</div>
<div id="footer">
<p>
<div>
<label class="hidden" id="label-for-line-wrapping-toggle" for="line-wrapping-toggle">Wrap lines
<input id="line-wrapping-toggle" type="checkbox" autocomplete="off"/>
</label>
</div>Generated by 
<a href="http://www.gradle.org">Gradle 5.6.1</a> at Sep 4, 2019, 2:39:47 PM</p>
</div>
</div>
</body>
</html>
