<!DOCTYPE html>
<html>
<head>
<meta http-equiv="Content-Type" content="text/html; charset=utf-8"/>
<meta http-equiv="x-ua-compatible" content="IE=edge"/>
<title>Test results - Class ghidra.feature.vt.api.BasicSelfSimilarCorrelatorTest</title>
<link href="../css/base-style.css" rel="stylesheet" type="text/css"/>
<link href="../css/style.css" rel="stylesheet" type="text/css"/>
<script src="../js/report.js" type="text/javascript"></script>
</head>
<body>
<div id="content">
<h1>Class ghidra.feature.vt.api.BasicSelfSimilarCorrelatorTest</h1>
<div class="breadcrumbs">
<a href="../index.html">all</a> &gt; 
<a href="../packages/ghidra.feature.vt.api.html">ghidra.feature.vt.api</a> &gt; BasicSelfSimilarCorrelatorTest</div>
<div id="summary">
<table>
<tr>
<td>
<div class="summaryGroup">
<table>
<tr>
<td>
<div class="infoBox" id="tests">
<div class="counter">4</div>
<p>tests</p>
</div>
</td>
<td>
<div class="infoBox" id="failures">
<div class="counter">4</div>
<p>failures</p>
</div>
</td>
<td>
<div class="infoBox" id="ignored">
<div class="counter">0</div>
<p>ignored</p>
</div>
</td>
<td>
<div class="infoBox" id="duration">
<div class="counter">0.603s</div>
<p>duration</p>
</div>
</td>
</tr>
</table>
</div>
</td>
<td>
<div class="infoBox failures" id="successRate">
<div class="percent">0%</div>
<p>successful</p>
</div>
</td>
</tr>
</table>
</div>
<div id="tabs">
<ul class="tabLinks">
<li>
<a href="#tab0">Failed tests</a>
</li>
<li>
<a href="#tab1">Tests</a>
</li>
<li>
<a href="#tab2">Standard output</a>
</li>
</ul>
<div id="tab0" class="tab">
<h2>Failed tests</h2>
<div class="test">
<a name="testExactBytes"></a>
<h3 class="failures">testExactBytes</h3>
<span class="code">
<pre>java.lang.NullPointerException
	at ghidra.feature.vt.api.BasicSelfSimilarCorrelatorTest.testExactBytes(BasicSelfSimilarCorrelatorTest.java:32)
	at generic.test.TestThread.run(TestThread.java:106)
</pre>
</span>
<span class="code">
<pre>java.lang.NullPointerException
	at ghidra.test.TestProgramManager.release(TestProgramManager.java:111)
	at ghidra.test.TestEnv.release(TestEnv.java:974)
	at ghidra.feature.vt.api.AbstractCorrelatorTest.tearDown(AbstractCorrelatorTest.java:66)
	at generic.test.TestThread.run(TestThread.java:106)
</pre>
</span>
</div>
<div class="test">
<a name="testExactInstructions"></a>
<h3 class="failures">testExactInstructions</h3>
<span class="code">
<pre>java.lang.NullPointerException
	at ghidra.feature.vt.api.BasicSelfSimilarCorrelatorTest.testExactInstructions(BasicSelfSimilarCorrelatorTest.java:38)
	at generic.test.TestThread.run(TestThread.java:106)
</pre>
</span>
<span class="code">
<pre>java.lang.NullPointerException
	at ghidra.test.TestProgramManager.release(TestProgramManager.java:111)
	at ghidra.test.TestEnv.release(TestEnv.java:974)
	at ghidra.feature.vt.api.AbstractCorrelatorTest.tearDown(AbstractCorrelatorTest.java:66)
	at generic.test.TestThread.run(TestThread.java:106)
</pre>
</span>
</div>
<div class="test">
<a name="testExactMnemonics"></a>
<h3 class="failures">testExactMnemonics</h3>
<span class="code">
<pre>java.lang.NullPointerException
	at ghidra.feature.vt.api.BasicSelfSimilarCorrelatorTest.testExactMnemonics(BasicSelfSimilarCorrelatorTest.java:44)
	at generic.test.TestThread.run(TestThread.java:106)
</pre>
</span>
<span class="code">
<pre>java.lang.NullPointerException
	at ghidra.test.TestProgramManager.release(TestProgramManager.java:111)
	at ghidra.test.TestEnv.release(TestEnv.java:974)
	at ghidra.feature.vt.api.AbstractCorrelatorTest.tearDown(AbstractCorrelatorTest.java:66)
	at generic.test.TestThread.run(TestThread.java:106)
</pre>
</span>
</div>
<div class="test">
<a name="testSymbolName"></a>
<h3 class="failures">testSymbolName</h3>
<span class="code">
<pre>java.lang.NullPointerException
	at ghidra.feature.vt.api.BasicSelfSimilarCorrelatorTest.testSymbolName(BasicSelfSimilarCorrelatorTest.java:50)
	at generic.test.TestThread.run(TestThread.java:106)
</pre>
</span>
<span class="code">
<pre>java.lang.NullPointerException
	at ghidra.test.TestProgramManager.release(TestProgramManager.java:111)
	at ghidra.test.TestEnv.release(TestEnv.java:974)
	at ghidra.feature.vt.api.AbstractCorrelatorTest.tearDown(AbstractCorrelatorTest.java:66)
	at generic.test.TestThread.run(TestThread.java:106)
</pre>
</span>
</div>
</div>
<div id="tab1" class="tab">
<h2>Tests</h2>
<table>
<thead>
<tr>
<th>Test</th>
<th>Duration</th>
<th>Result</th>
</tr>
</thead>
<tr>
<td class="failures">testExactBytes</td>
<td class="failures">0.105s</td>
<td class="failures">failed</td>
</tr>
<tr>
<td class="failures">testExactInstructions</td>
<td class="failures">0.106s</td>
<td class="failures">failed</td>
</tr>
<tr>
<td class="failures">testExactMnemonics</td>
<td class="failures">0.287s</td>
<td class="failures">failed</td>
</tr>
<tr>
<td class="failures">testSymbolName</td>
<td class="failures">0.105s</td>
<td class="failures">failed</td>
</tr>
</table>
</div>
<div id="tab2" class="tab">
<h2>Standard output</h2>
<span class="code">
<pre>Created test directory: /home/lcf/repo/190904/ghidra/Ghidra/Features/VersionTracking/build/Ghidra_test_eebbb7df-06a3-4d0c-b21e-ed35ee99654e/temp.data
14:35:09 INFO  Using log config file: file:/home/lcf/repo/190904/ghidra/Ghidra/Framework/Generic/src/main/resources/generic.log4jtest.xml   (LoggingInitialization.java:59) 
14:35:09 INFO  Using log file: /home/lcf/repo/190904/ghidra/Ghidra/Features/VersionTracking/build/Ghidra_test_eebbb7df-06a3-4d0c-b21e-ed35ee99654e/temp.data/application.log   (LoggingInitialization.java:60) 
14:35:09 INFO  Loading user preferences: /home/lcf/repo/190904/ghidra/Ghidra/Features/VersionTracking/build/Ghidra_test_eebbb7df-06a3-4d0c-b21e-ed35ee99654e/temp.data/preferences   (Preferences.java:122) 
14:35:10 INFO  Class search complete (542 ms)   (ClassSearcher.java:250) 
14:35:10 DEBUG Wed Sep 04 14:35:10 CST 2019
***** STARTING Test: BasicSelfSimilarCorrelatorTest - testExactMnemonics *****   (AbstractGenericTest.java:114) 
14:35:10 WARN  Test data file not found: pe/w2krtm/NOTEPAD.EXE.analyzed.dont.edit.gzf   (AbstractGenericTest.java:381) 
14:35:10 WARN  Test data file not found: pe/w2krtm/NOTEPAD.EXE.analyzed.dont.edit.xml   (AbstractGenericTest.java:381) 
14:35:10 INFO  Test program not found: pe/w2krtm/NOTEPAD.EXE.analyzed.dont.edit   (TestProgramManager.java:351) 
14:35:10 WARN  Test data file not found: pe/w2krtm/NOTEPAD.EXE.analyzed.dont.edit.gzf   (AbstractGenericTest.java:381) 
14:35:10 WARN  Test data file not found: pe/w2krtm/NOTEPAD.EXE.analyzed.dont.edit.xml   (AbstractGenericTest.java:381) 
14:35:10 INFO  Test program not found: pe/w2krtm/NOTEPAD.EXE.analyzed.dont.edit   (TestProgramManager.java:351) 
14:35:10 DEBUG 	✖ FAILED Test: BasicSelfSimilarCorrelatorTest - testExactMnemonics ✖	   (AbstractGenericTest.java:114) 
14:35:10 DEBUG Wed Sep 04 14:35:10 CST 2019
***** STARTING Test: BasicSelfSimilarCorrelatorTest - testExactInstructions *****   (AbstractGenericTest.java:114) 
14:35:10 ERROR 
	Found non-disposed() TestEnv instances.  Please examine this test!

   (TestEnv.java:162) 
14:35:10 WARN  Test data file not found: pe/w2krtm/NOTEPAD.EXE.analyzed.dont.edit.gzf   (AbstractGenericTest.java:381) 
14:35:10 WARN  Test data file not found: pe/w2krtm/NOTEPAD.EXE.analyzed.dont.edit.xml   (AbstractGenericTest.java:381) 
14:35:10 INFO  Test program not found: pe/w2krtm/NOTEPAD.EXE.analyzed.dont.edit   (TestProgramManager.java:351) 
14:35:10 WARN  Test data file not found: pe/w2krtm/NOTEPAD.EXE.analyzed.dont.edit.gzf   (AbstractGenericTest.java:381) 
14:35:10 WARN  Test data file not found: pe/w2krtm/NOTEPAD.EXE.analyzed.dont.edit.xml   (AbstractGenericTest.java:381) 
14:35:10 INFO  Test program not found: pe/w2krtm/NOTEPAD.EXE.analyzed.dont.edit   (TestProgramManager.java:351) 
14:35:10 DEBUG 	✖ FAILED Test: BasicSelfSimilarCorrelatorTest - testExactInstructions ✖	   (AbstractGenericTest.java:114) 
14:35:10 DEBUG Wed Sep 04 14:35:10 CST 2019
***** STARTING Test: BasicSelfSimilarCorrelatorTest - testSymbolName *****   (AbstractGenericTest.java:114) 
14:35:10 ERROR 
	Found non-disposed() TestEnv instances.  Please examine this test!

   (TestEnv.java:162) 
14:35:10 WARN  Test data file not found: pe/w2krtm/NOTEPAD.EXE.analyzed.dont.edit.gzf   (AbstractGenericTest.java:381) 
14:35:10 WARN  Test data file not found: pe/w2krtm/NOTEPAD.EXE.analyzed.dont.edit.xml   (AbstractGenericTest.java:381) 
14:35:10 INFO  Test program not found: pe/w2krtm/NOTEPAD.EXE.analyzed.dont.edit   (TestProgramManager.java:351) 
14:35:10 WARN  Test data file not found: pe/w2krtm/NOTEPAD.EXE.analyzed.dont.edit.gzf   (AbstractGenericTest.java:381) 
14:35:10 WARN  Test data file not found: pe/w2krtm/NOTEPAD.EXE.analyzed.dont.edit.xml   (AbstractGenericTest.java:381) 
14:35:10 INFO  Test program not found: pe/w2krtm/NOTEPAD.EXE.analyzed.dont.edit   (TestProgramManager.java:351) 
14:35:10 DEBUG 	✖ FAILED Test: BasicSelfSimilarCorrelatorTest - testSymbolName ✖	   (AbstractGenericTest.java:114) 
14:35:10 DEBUG Wed Sep 04 14:35:10 CST 2019
***** STARTING Test: BasicSelfSimilarCorrelatorTest - testExactBytes *****   (AbstractGenericTest.java:114) 
14:35:11 ERROR 
	Found non-disposed() TestEnv instances.  Please examine this test!

   (TestEnv.java:162) 
14:35:11 WARN  Test data file not found: pe/w2krtm/NOTEPAD.EXE.analyzed.dont.edit.gzf   (AbstractGenericTest.java:381) 
14:35:11 WARN  Test data file not found: pe/w2krtm/NOTEPAD.EXE.analyzed.dont.edit.xml   (AbstractGenericTest.java:381) 
14:35:11 INFO  Test program not found: pe/w2krtm/NOTEPAD.EXE.analyzed.dont.edit   (TestProgramManager.java:351) 
14:35:11 WARN  Test data file not found: pe/w2krtm/NOTEPAD.EXE.analyzed.dont.edit.gzf   (AbstractGenericTest.java:381) 
14:35:11 WARN  Test data file not found: pe/w2krtm/NOTEPAD.EXE.analyzed.dont.edit.xml   (AbstractGenericTest.java:381) 
14:35:11 INFO  Test program not found: pe/w2krtm/NOTEPAD.EXE.analyzed.dont.edit   (TestProgramManager.java:351) 
14:35:11 DEBUG 	✖ FAILED Test: BasicSelfSimilarCorrelatorTest - testExactBytes ✖	   (AbstractGenericTest.java:114) 
</pre>
</span>
</div>
</div>
<div id="footer">
<p>
<div>
<label class="hidden" id="label-for-line-wrapping-toggle" for="line-wrapping-toggle">Wrap lines
<input id="line-wrapping-toggle" type="checkbox" autocomplete="off"/>
</label>
</div>Generated by 
<a href="http://www.gradle.org">Gradle 5.6.1</a> at Sep 4, 2019, 2:39:47 PM</p>
</div>
</div>
</body>
</html>
