<!DOCTYPE html>
<html>
<head>
<meta http-equiv="Content-Type" content="text/html; charset=utf-8"/>
<meta http-equiv="x-ua-compatible" content="IE=edge"/>
<title>Test results - Class ghidra.feature.vt.api.VTAutoVersionTrackingTest</title>
<link href="../css/base-style.css" rel="stylesheet" type="text/css"/>
<link href="../css/style.css" rel="stylesheet" type="text/css"/>
<script src="../js/report.js" type="text/javascript"></script>
</head>
<body>
<div id="content">
<h1>Class ghidra.feature.vt.api.VTAutoVersionTrackingTest</h1>
<div class="breadcrumbs">
<a href="../index.html">all</a> &gt; 
<a href="../packages/ghidra.feature.vt.api.html">ghidra.feature.vt.api</a> &gt; VTAutoVersionTrackingTest</div>
<div id="summary">
<table>
<tr>
<td>
<div class="summaryGroup">
<table>
<tr>
<td>
<div class="infoBox" id="tests">
<div class="counter">11</div>
<p>tests</p>
</div>
</td>
<td>
<div class="infoBox" id="failures">
<div class="counter">11</div>
<p>failures</p>
</div>
</td>
<td>
<div class="infoBox" id="ignored">
<div class="counter">0</div>
<p>ignored</p>
</div>
</td>
<td>
<div class="infoBox" id="duration">
<div class="counter">4.309s</div>
<p>duration</p>
</div>
</td>
</tr>
</table>
</div>
</td>
<td>
<div class="infoBox failures" id="successRate">
<div class="percent">0%</div>
<p>successful</p>
</div>
</td>
</tr>
</table>
</div>
<div id="tabs">
<ul class="tabLinks">
<li>
<a href="#tab0">Failed tests</a>
</li>
<li>
<a href="#tab1">Tests</a>
</li>
<li>
<a href="#tab2">Standard output</a>
</li>
</ul>
<div id="tab0" class="tab">
<h2>Failed tests</h2>
<div class="test">
<a name="testBlocked"></a>
<h3 class="failures">testBlocked</h3>
<span class="code">
<pre>java.lang.NullPointerException
	at ghidra.feature.vt.api.db.VTSessionDB.initializePrograms(VTSessionDB.java:138)
	at ghidra.feature.vt.api.db.VTSessionDB.createVTSession(VTSessionDB.java:87)
	at ghidra.feature.vt.gui.VTTestEnv.createAndOpenVTSession(VTTestEnv.java:115)
	at ghidra.feature.vt.gui.VTTestEnv.createSession(VTTestEnv.java:111)
	at ghidra.feature.vt.api.VTAutoVersionTrackingTest.testBlocked(VTAutoVersionTrackingTest.java:197)
	at generic.test.TestThread.run(TestThread.java:106)
</pre>
</span>
</div>
<div class="test">
<a name="testDuplicateMatches_DifferentConstantOperands_allUnique"></a>
<h3 class="failures">testDuplicateMatches_DifferentConstantOperands_allUnique</h3>
<span class="code">
<pre>java.lang.NullPointerException
	at ghidra.feature.vt.db.VTTestUtils.addr(VTTestUtils.java:84)
	at ghidra.feature.vt.api.VTAutoVersionTrackingTest.testDuplicateMatches_DifferentConstantOperands_allUnique(VTAutoVersionTrackingTest.java:530)
	at generic.test.TestThread.run(TestThread.java:106)
</pre>
</span>
</div>
<div class="test">
<a name="testDuplicateMatches_DifferentRegisterOperands_allUnique"></a>
<h3 class="failures">testDuplicateMatches_DifferentRegisterOperands_allUnique</h3>
<span class="code">
<pre>java.lang.NullPointerException
	at ghidra.feature.vt.db.VTTestUtils.addr(VTTestUtils.java:84)
	at ghidra.feature.vt.api.VTAutoVersionTrackingTest.testDuplicateMatches_DifferentRegisterOperands_allUnique(VTAutoVersionTrackingTest.java:241)
	at generic.test.TestThread.run(TestThread.java:106)
</pre>
</span>
</div>
<div class="test">
<a name="testDuplicateMatches_DifferentRegisterOperands_someNotUnique"></a>
<h3 class="failures">testDuplicateMatches_DifferentRegisterOperands_someNotUnique</h3>
<span class="code">
<pre>java.lang.NullPointerException
	at ghidra.feature.vt.db.VTTestUtils.addr(VTTestUtils.java:84)
	at ghidra.feature.vt.api.VTAutoVersionTrackingTest.testDuplicateMatches_DifferentRegisterOperands_someNotUnique(VTAutoVersionTrackingTest.java:281)
	at generic.test.TestThread.run(TestThread.java:106)
</pre>
</span>
</div>
<div class="test">
<a name="testDuplicateMatches_allIdentical"></a>
<h3 class="failures">testDuplicateMatches_allIdentical</h3>
<span class="code">
<pre>java.lang.NullPointerException
	at ghidra.feature.vt.db.VTTestUtils.addr(VTTestUtils.java:84)
	at ghidra.feature.vt.api.VTAutoVersionTrackingTest.testDuplicateMatches_allIdentical(VTAutoVersionTrackingTest.java:331)
	at generic.test.TestThread.run(TestThread.java:106)
</pre>
</span>
</div>
<div class="test">
<a name="testDuplicateMatches_threeIdenticalthreeUnique"></a>
<h3 class="failures">testDuplicateMatches_threeIdenticalthreeUnique</h3>
<span class="code">
<pre>java.lang.NullPointerException
	at ghidra.feature.vt.db.VTTestUtils.addr(VTTestUtils.java:84)
	at ghidra.feature.vt.api.VTAutoVersionTrackingTest.testDuplicateMatches_threeIdenticalthreeUnique(VTAutoVersionTrackingTest.java:377)
	at generic.test.TestThread.run(TestThread.java:106)
</pre>
</span>
</div>
<div class="test">
<a name="testMarkup_AllMarkupShouldApply_DuplicateMatch"></a>
<h3 class="failures">testMarkup_AllMarkupShouldApply_DuplicateMatch</h3>
<span class="code">
<pre>java.lang.NullPointerException
	at ghidra.feature.vt.api.db.VTSessionDB.initializePrograms(VTSessionDB.java:138)
	at ghidra.feature.vt.api.db.VTSessionDB.createVTSession(VTSessionDB.java:87)
	at ghidra.feature.vt.gui.VTTestEnv.createAndOpenVTSession(VTTestEnv.java:115)
	at ghidra.feature.vt.gui.VTTestEnv.createSession(VTTestEnv.java:111)
	at ghidra.feature.vt.api.VTAutoVersionTrackingTest.testMarkup_AllMarkupShouldApply_DuplicateMatch(VTAutoVersionTrackingTest.java:652)
	at generic.test.TestThread.run(TestThread.java:106)
</pre>
</span>
</div>
<div class="test">
<a name="testMarkup_AllMarkupShouldApply_UniqueMatch"></a>
<h3 class="failures">testMarkup_AllMarkupShouldApply_UniqueMatch</h3>
<span class="code">
<pre>java.lang.NullPointerException
	at ghidra.feature.vt.api.db.VTSessionDB.initializePrograms(VTSessionDB.java:138)
	at ghidra.feature.vt.api.db.VTSessionDB.createVTSession(VTSessionDB.java:87)
	at ghidra.feature.vt.gui.VTTestEnv.createAndOpenVTSession(VTTestEnv.java:115)
	at ghidra.feature.vt.gui.VTTestEnv.createSession(VTTestEnv.java:111)
	at ghidra.feature.vt.api.VTAutoVersionTrackingTest.testMarkup_AllMarkupShouldApply_UniqueMatch(VTAutoVersionTrackingTest.java:595)
	at generic.test.TestThread.run(TestThread.java:106)
</pre>
</span>
</div>
<div class="test">
<a name="testMarkup_MissingDestinationAddresses"></a>
<h3 class="failures">testMarkup_MissingDestinationAddresses</h3>
<span class="code">
<pre>java.lang.NullPointerException
	at ghidra.feature.vt.api.VTAutoVersionTrackingTest.testMarkup_MissingDestinationAddresses(VTAutoVersionTrackingTest.java:718)
	at generic.test.TestThread.run(TestThread.java:106)
</pre>
</span>
</div>
<div class="test">
<a name="testRunAutoVT_aLittleLessCautious"></a>
<h3 class="failures">testRunAutoVT_aLittleLessCautious</h3>
<span class="code">
<pre>java.lang.NullPointerException
	at ghidra.feature.vt.api.db.VTSessionDB.initializePrograms(VTSessionDB.java:138)
	at ghidra.feature.vt.api.db.VTSessionDB.createVTSession(VTSessionDB.java:87)
	at ghidra.feature.vt.gui.VTTestEnv.createAndOpenVTSession(VTTestEnv.java:115)
	at ghidra.feature.vt.gui.VTTestEnv.createSession(VTTestEnv.java:111)
	at ghidra.feature.vt.api.VTAutoVersionTrackingTest.testRunAutoVT_aLittleLessCautious(VTAutoVersionTrackingTest.java:145)
	at generic.test.TestThread.run(TestThread.java:106)
</pre>
</span>
</div>
<div class="test">
<a name="testRunAutoVT_moreCautious"></a>
<h3 class="failures">testRunAutoVT_moreCautious</h3>
<span class="code">
<pre>java.lang.NullPointerException
	at ghidra.feature.vt.api.db.VTSessionDB.initializePrograms(VTSessionDB.java:138)
	at ghidra.feature.vt.api.db.VTSessionDB.createVTSession(VTSessionDB.java:87)
	at ghidra.feature.vt.gui.VTTestEnv.createAndOpenVTSession(VTTestEnv.java:115)
	at ghidra.feature.vt.gui.VTTestEnv.createSession(VTTestEnv.java:111)
	at ghidra.feature.vt.api.VTAutoVersionTrackingTest.testRunAutoVT_moreCautious(VTAutoVersionTrackingTest.java:85)
	at generic.test.TestThread.run(TestThread.java:106)
</pre>
</span>
</div>
</div>
<div id="tab1" class="tab">
<h2>Tests</h2>
<table>
<thead>
<tr>
<th>Test</th>
<th>Duration</th>
<th>Result</th>
</tr>
</thead>
<tr>
<td class="failures">testBlocked</td>
<td class="failures">0.304s</td>
<td class="failures">failed</td>
</tr>
<tr>
<td class="failures">testDuplicateMatches_DifferentConstantOperands_allUnique</td>
<td class="failures">0.310s</td>
<td class="failures">failed</td>
</tr>
<tr>
<td class="failures">testDuplicateMatches_DifferentRegisterOperands_allUnique</td>
<td class="failures">0.309s</td>
<td class="failures">failed</td>
</tr>
<tr>
<td class="failures">testDuplicateMatches_DifferentRegisterOperands_someNotUnique</td>
<td class="failures">0.309s</td>
<td class="failures">failed</td>
</tr>
<tr>
<td class="failures">testDuplicateMatches_allIdentical</td>
<td class="failures">0.203s</td>
<td class="failures">failed</td>
</tr>
<tr>
<td class="failures">testDuplicateMatches_threeIdenticalthreeUnique</td>
<td class="failures">1.334s</td>
<td class="failures">failed</td>
</tr>
<tr>
<td class="failures">testMarkup_AllMarkupShouldApply_DuplicateMatch</td>
<td class="failures">0.204s</td>
<td class="failures">failed</td>
</tr>
<tr>
<td class="failures">testMarkup_AllMarkupShouldApply_UniqueMatch</td>
<td class="failures">0.405s</td>
<td class="failures">failed</td>
</tr>
<tr>
<td class="failures">testMarkup_MissingDestinationAddresses</td>
<td class="failures">0.203s</td>
<td class="failures">failed</td>
</tr>
<tr>
<td class="failures">testRunAutoVT_aLittleLessCautious</td>
<td class="failures">0.303s</td>
<td class="failures">failed</td>
</tr>
<tr>
<td class="failures">testRunAutoVT_moreCautious</td>
<td class="failures">0.425s</td>
<td class="failures">failed</td>
</tr>
</table>
</div>
<div id="tab2" class="tab">
<h2>Standard output</h2>
<span class="code">
<pre>Created test directory: /home/lcf/repo/ghidra/Ghidra/Features/VersionTracking/build/Ghidra_test_38a491d3-7a8b-4043-8e16-5bb55d2676d4/temp.data
10:58:02 INFO  Using log config file: file:/home/lcf/repo/ghidra/Ghidra/Framework/Generic/src/main/resources/generic.log4jtest.xml   (LoggingInitialization.java:59) 
10:58:02 INFO  Using log file: /home/lcf/repo/ghidra/Ghidra/Features/VersionTracking/build/Ghidra_test_38a491d3-7a8b-4043-8e16-5bb55d2676d4/temp.data/application.log   (LoggingInitialization.java:60) 
10:58:02 INFO  Loading user preferences: /home/lcf/repo/ghidra/Ghidra/Features/VersionTracking/build/Ghidra_test_38a491d3-7a8b-4043-8e16-5bb55d2676d4/temp.data/preferences   (Preferences.java:122) 
10:58:03 INFO  Class search complete (488 ms)   (ClassSearcher.java:250) 
10:58:03 DEBUG Thu Sep 05 10:58:03 CST 2019
***** STARTING Test: VTAutoVersionTrackingTest - testDuplicateMatches_threeIdenticalthreeUnique *****   (AbstractGenericTest.java:114) 
10:58:04 WARN  Test data file not found: VersionTracking/WallaceSrc.gzf   (AbstractGenericTest.java:381) 
10:58:04 WARN  Test data file not found: VersionTracking/WallaceSrc.xml   (AbstractGenericTest.java:381) 
10:58:04 INFO  Test program not found: VersionTracking/WallaceSrc   (TestProgramManager.java:351) 
10:58:04 WARN  Test data file not found: VersionTracking/WallaceVersion2.gzf   (AbstractGenericTest.java:381) 
10:58:04 WARN  Test data file not found: VersionTracking/WallaceVersion2.xml   (AbstractGenericTest.java:381) 
10:58:04 INFO  Test program not found: VersionTracking/WallaceVersion2   (TestProgramManager.java:351) 
10:58:04 DEBUG 	✖ FAILED Test: VTAutoVersionTrackingTest - testDuplicateMatches_threeIdenticalthreeUnique ✖	   (AbstractGenericTest.java:114) 
10:58:04 DEBUG Thu Sep 05 10:58:04 CST 2019
***** STARTING Test: VTAutoVersionTrackingTest - testRunAutoVT_moreCautious *****   (AbstractGenericTest.java:114) 
10:58:05 WARN  Test data file not found: VersionTracking/WallaceSrc.gzf   (AbstractGenericTest.java:381) 
10:58:05 WARN  Test data file not found: VersionTracking/WallaceSrc.xml   (AbstractGenericTest.java:381) 
10:58:05 INFO  Test program not found: VersionTracking/WallaceSrc   (TestProgramManager.java:351) 
10:58:05 WARN  Test data file not found: VersionTracking/WallaceVersion2.gzf   (AbstractGenericTest.java:381) 
10:58:05 WARN  Test data file not found: VersionTracking/WallaceVersion2.xml   (AbstractGenericTest.java:381) 
10:58:05 INFO  Test program not found: VersionTracking/WallaceVersion2   (TestProgramManager.java:351) 
10:58:05 DEBUG 	✖ FAILED Test: VTAutoVersionTrackingTest - testRunAutoVT_moreCautious ✖	   (AbstractGenericTest.java:114) 
10:58:05 DEBUG Thu Sep 05 10:58:05 CST 2019
***** STARTING Test: VTAutoVersionTrackingTest - testMarkup_AllMarkupShouldApply_UniqueMatch *****   (AbstractGenericTest.java:114) 
10:58:05 WARN  Test data file not found: VersionTracking/WallaceSrc.gzf   (AbstractGenericTest.java:381) 
10:58:05 WARN  Test data file not found: VersionTracking/WallaceSrc.xml   (AbstractGenericTest.java:381) 
10:58:05 INFO  Test program not found: VersionTracking/WallaceSrc   (TestProgramManager.java:351) 
10:58:05 WARN  Test data file not found: VersionTracking/WallaceVersion2.gzf   (AbstractGenericTest.java:381) 
10:58:05 WARN  Test data file not found: VersionTracking/WallaceVersion2.xml   (AbstractGenericTest.java:381) 
10:58:05 INFO  Test program not found: VersionTracking/WallaceVersion2   (TestProgramManager.java:351) 
10:58:05 DEBUG 	✖ FAILED Test: VTAutoVersionTrackingTest - testMarkup_AllMarkupShouldApply_UniqueMatch ✖	   (AbstractGenericTest.java:114) 
10:58:05 DEBUG Thu Sep 05 10:58:05 CST 2019
***** STARTING Test: VTAutoVersionTrackingTest - testBlocked *****   (AbstractGenericTest.java:114) 
10:58:05 WARN  Test data file not found: VersionTracking/WallaceSrc.gzf   (AbstractGenericTest.java:381) 
10:58:05 WARN  Test data file not found: VersionTracking/WallaceSrc.xml   (AbstractGenericTest.java:381) 
10:58:05 INFO  Test program not found: VersionTracking/WallaceSrc   (TestProgramManager.java:351) 
10:58:05 WARN  Test data file not found: VersionTracking/WallaceVersion2.gzf   (AbstractGenericTest.java:381) 
10:58:05 WARN  Test data file not found: VersionTracking/WallaceVersion2.xml   (AbstractGenericTest.java:381) 
10:58:05 INFO  Test program not found: VersionTracking/WallaceVersion2   (TestProgramManager.java:351) 
10:58:05 DEBUG 	✖ FAILED Test: VTAutoVersionTrackingTest - testBlocked ✖	   (AbstractGenericTest.java:114) 
10:58:05 DEBUG Thu Sep 05 10:58:05 CST 2019
***** STARTING Test: VTAutoVersionTrackingTest - testDuplicateMatches_DifferentRegisterOperands_allUnique *****   (AbstractGenericTest.java:114) 
10:58:06 WARN  Test data file not found: VersionTracking/WallaceSrc.gzf   (AbstractGenericTest.java:381) 
10:58:06 WARN  Test data file not found: VersionTracking/WallaceSrc.xml   (AbstractGenericTest.java:381) 
10:58:06 INFO  Test program not found: VersionTracking/WallaceSrc   (TestProgramManager.java:351) 
10:58:06 WARN  Test data file not found: VersionTracking/WallaceVersion2.gzf   (AbstractGenericTest.java:381) 
10:58:06 WARN  Test data file not found: VersionTracking/WallaceVersion2.xml   (AbstractGenericTest.java:381) 
10:58:06 INFO  Test program not found: VersionTracking/WallaceVersion2   (TestProgramManager.java:351) 
10:58:06 DEBUG 	✖ FAILED Test: VTAutoVersionTrackingTest - testDuplicateMatches_DifferentRegisterOperands_allUnique ✖	   (AbstractGenericTest.java:114) 
10:58:06 DEBUG Thu Sep 05 10:58:06 CST 2019
***** STARTING Test: VTAutoVersionTrackingTest - testRunAutoVT_aLittleLessCautious *****   (AbstractGenericTest.java:114) 
10:58:06 WARN  Test data file not found: VersionTracking/WallaceSrc.gzf   (AbstractGenericTest.java:381) 
10:58:06 WARN  Test data file not found: VersionTracking/WallaceSrc.xml   (AbstractGenericTest.java:381) 
10:58:06 INFO  Test program not found: VersionTracking/WallaceSrc   (TestProgramManager.java:351) 
10:58:06 WARN  Test data file not found: VersionTracking/WallaceVersion2.gzf   (AbstractGenericTest.java:381) 
10:58:06 WARN  Test data file not found: VersionTracking/WallaceVersion2.xml   (AbstractGenericTest.java:381) 
10:58:06 INFO  Test program not found: VersionTracking/WallaceVersion2   (TestProgramManager.java:351) 
10:58:06 DEBUG 	✖ FAILED Test: VTAutoVersionTrackingTest - testRunAutoVT_aLittleLessCautious ✖	   (AbstractGenericTest.java:114) 
10:58:06 DEBUG Thu Sep 05 10:58:06 CST 2019
***** STARTING Test: VTAutoVersionTrackingTest - testDuplicateMatches_DifferentRegisterOperands_someNotUnique *****   (AbstractGenericTest.java:114) 
10:58:06 WARN  Test data file not found: VersionTracking/WallaceSrc.gzf   (AbstractGenericTest.java:381) 
10:58:06 WARN  Test data file not found: VersionTracking/WallaceSrc.xml   (AbstractGenericTest.java:381) 
10:58:06 INFO  Test program not found: VersionTracking/WallaceSrc   (TestProgramManager.java:351) 
10:58:06 WARN  Test data file not found: VersionTracking/WallaceVersion2.gzf   (AbstractGenericTest.java:381) 
10:58:06 WARN  Test data file not found: VersionTracking/WallaceVersion2.xml   (AbstractGenericTest.java:381) 
10:58:06 INFO  Test program not found: VersionTracking/WallaceVersion2   (TestProgramManager.java:351) 
10:58:06 DEBUG 	✖ FAILED Test: VTAutoVersionTrackingTest - testDuplicateMatches_DifferentRegisterOperands_someNotUnique ✖	   (AbstractGenericTest.java:114) 
10:58:06 DEBUG Thu Sep 05 10:58:06 CST 2019
***** STARTING Test: VTAutoVersionTrackingTest - testDuplicateMatches_DifferentConstantOperands_allUnique *****   (AbstractGenericTest.java:114) 
10:58:07 WARN  Test data file not found: VersionTracking/WallaceSrc.gzf   (AbstractGenericTest.java:381) 
10:58:07 WARN  Test data file not found: VersionTracking/WallaceSrc.xml   (AbstractGenericTest.java:381) 
10:58:07 INFO  Test program not found: VersionTracking/WallaceSrc   (TestProgramManager.java:351) 
10:58:07 WARN  Test data file not found: VersionTracking/WallaceVersion2.gzf   (AbstractGenericTest.java:381) 
10:58:07 WARN  Test data file not found: VersionTracking/WallaceVersion2.xml   (AbstractGenericTest.java:381) 
10:58:07 INFO  Test program not found: VersionTracking/WallaceVersion2   (TestProgramManager.java:351) 
10:58:07 DEBUG 	✖ FAILED Test: VTAutoVersionTrackingTest - testDuplicateMatches_DifferentConstantOperands_allUnique ✖	   (AbstractGenericTest.java:114) 
10:58:07 DEBUG Thu Sep 05 10:58:07 CST 2019
***** STARTING Test: VTAutoVersionTrackingTest - testDuplicateMatches_allIdentical *****   (AbstractGenericTest.java:114) 
10:58:07 WARN  Test data file not found: VersionTracking/WallaceSrc.gzf   (AbstractGenericTest.java:381) 
10:58:07 WARN  Test data file not found: VersionTracking/WallaceSrc.xml   (AbstractGenericTest.java:381) 
10:58:07 INFO  Test program not found: VersionTracking/WallaceSrc   (TestProgramManager.java:351) 
10:58:07 WARN  Test data file not found: VersionTracking/WallaceVersion2.gzf   (AbstractGenericTest.java:381) 
10:58:07 WARN  Test data file not found: VersionTracking/WallaceVersion2.xml   (AbstractGenericTest.java:381) 
10:58:07 INFO  Test program not found: VersionTracking/WallaceVersion2   (TestProgramManager.java:351) 
10:58:07 DEBUG 	✖ FAILED Test: VTAutoVersionTrackingTest - testDuplicateMatches_allIdentical ✖	   (AbstractGenericTest.java:114) 
10:58:07 DEBUG Thu Sep 05 10:58:07 CST 2019
***** STARTING Test: VTAutoVersionTrackingTest - testMarkup_AllMarkupShouldApply_DuplicateMatch *****   (AbstractGenericTest.java:114) 
10:58:07 WARN  Test data file not found: VersionTracking/WallaceSrc.gzf   (AbstractGenericTest.java:381) 
10:58:07 WARN  Test data file not found: VersionTracking/WallaceSrc.xml   (AbstractGenericTest.java:381) 
10:58:07 INFO  Test program not found: VersionTracking/WallaceSrc   (TestProgramManager.java:351) 
10:58:07 WARN  Test data file not found: VersionTracking/WallaceVersion2.gzf   (AbstractGenericTest.java:381) 
10:58:07 WARN  Test data file not found: VersionTracking/WallaceVersion2.xml   (AbstractGenericTest.java:381) 
10:58:07 INFO  Test program not found: VersionTracking/WallaceVersion2   (TestProgramManager.java:351) 
10:58:07 DEBUG 	✖ FAILED Test: VTAutoVersionTrackingTest - testMarkup_AllMarkupShouldApply_DuplicateMatch ✖	   (AbstractGenericTest.java:114) 
10:58:07 DEBUG Thu Sep 05 10:58:07 CST 2019
***** STARTING Test: VTAutoVersionTrackingTest - testMarkup_MissingDestinationAddresses *****   (AbstractGenericTest.java:114) 
10:58:07 WARN  Test data file not found: VersionTracking/WallaceVersion2.gzf   (AbstractGenericTest.java:381) 
10:58:07 WARN  Test data file not found: VersionTracking/WallaceVersion2.xml   (AbstractGenericTest.java:381) 
10:58:07 INFO  Test program not found: VersionTracking/WallaceVersion2   (TestProgramManager.java:351) 
10:58:07 WARN  Test data file not found: VersionTracking/WallaceSrc.gzf   (AbstractGenericTest.java:381) 
10:58:07 WARN  Test data file not found: VersionTracking/WallaceSrc.xml   (AbstractGenericTest.java:381) 
10:58:07 INFO  Test program not found: VersionTracking/WallaceSrc   (TestProgramManager.java:351) 
10:58:07 DEBUG 	✖ FAILED Test: VTAutoVersionTrackingTest - testMarkup_MissingDestinationAddresses ✖	   (AbstractGenericTest.java:114) 
</pre>
</span>
</div>
</div>
<div id="footer">
<p>
<div>
<label class="hidden" id="label-for-line-wrapping-toggle" for="line-wrapping-toggle">Wrap lines
<input id="line-wrapping-toggle" type="checkbox" autocomplete="off"/>
</label>
</div>Generated by 
<a href="http://www.gradle.org">Gradle 5.6.1</a> at Sep 5, 2019, 11:01:28 AM</p>
</div>
</div>
</body>
</html>
