<!DOCTYPE html>
<html>
<head>
<meta http-equiv="Content-Type" content="text/html; charset=utf-8"/>
<meta http-equiv="x-ua-compatible" content="IE=edge"/>
<title>Test results - Class ghidra.feature.vt.api.markupitem.ForceApplyOfExcludedMarkupTest</title>
<link href="../css/base-style.css" rel="stylesheet" type="text/css"/>
<link href="../css/style.css" rel="stylesheet" type="text/css"/>
<script src="../js/report.js" type="text/javascript"></script>
</head>
<body>
<div id="content">
<h1>Class ghidra.feature.vt.api.markupitem.ForceApplyOfExcludedMarkupTest</h1>
<div class="breadcrumbs">
<a href="../index.html">all</a> &gt; 
<a href="../packages/ghidra.feature.vt.api.markupitem.html">ghidra.feature.vt.api.markupitem</a> &gt; ForceApplyOfExcludedMarkupTest</div>
<div id="summary">
<table>
<tr>
<td>
<div class="summaryGroup">
<table>
<tr>
<td>
<div class="infoBox" id="tests">
<div class="counter">8</div>
<p>tests</p>
</div>
</td>
<td>
<div class="infoBox" id="failures">
<div class="counter">8</div>
<p>failures</p>
</div>
</td>
<td>
<div class="infoBox" id="ignored">
<div class="counter">0</div>
<p>ignored</p>
</div>
</td>
<td>
<div class="infoBox" id="duration">
<div class="counter">3.575s</div>
<p>duration</p>
</div>
</td>
</tr>
</table>
</div>
</td>
<td>
<div class="infoBox failures" id="successRate">
<div class="percent">0%</div>
<p>successful</p>
</div>
</td>
</tr>
</table>
</div>
<div id="tabs">
<ul class="tabLinks">
<li>
<a href="#tab0">Failed tests</a>
</li>
<li>
<a href="#tab1">Tests</a>
</li>
<li>
<a href="#tab2">Standard output</a>
</li>
</ul>
<div id="tab0" class="tab">
<h2>Failed tests</h2>
<div class="test">
<a name="testForceApplyForExcludeRepeatableComment"></a>
<h3 class="failures">testForceApplyForExcludeRepeatableComment</h3>
<span class="code">
<pre>java.lang.NullPointerException
	at ghidra.feature.vt.api.db.VTSessionDB.initializePrograms(VTSessionDB.java:138)
	at ghidra.feature.vt.api.db.VTSessionDB.createVTSession(VTSessionDB.java:87)
	at ghidra.feature.vt.gui.VTTestEnv.createAndOpenVTSession(VTTestEnv.java:115)
	at ghidra.feature.vt.gui.VTTestEnv.createSession(VTTestEnv.java:105)
	at ghidra.feature.vt.api.markupitem.AbstractFunctionSignatureMarkupTest.setUp(AbstractFunctionSignatureMarkupTest.java:110)
	at generic.test.TestThread.run(TestThread.java:106)
</pre>
</span>
</div>
<div class="test">
<a name="testForceApplyForExcludedEOLComment"></a>
<h3 class="failures">testForceApplyForExcludedEOLComment</h3>
<span class="code">
<pre>java.lang.NullPointerException
	at ghidra.feature.vt.api.db.VTSessionDB.initializePrograms(VTSessionDB.java:138)
	at ghidra.feature.vt.api.db.VTSessionDB.createVTSession(VTSessionDB.java:87)
	at ghidra.feature.vt.gui.VTTestEnv.createAndOpenVTSession(VTTestEnv.java:115)
	at ghidra.feature.vt.gui.VTTestEnv.createSession(VTTestEnv.java:105)
	at ghidra.feature.vt.api.markupitem.AbstractFunctionSignatureMarkupTest.setUp(AbstractFunctionSignatureMarkupTest.java:110)
	at generic.test.TestThread.run(TestThread.java:106)
</pre>
</span>
</div>
<div class="test">
<a name="testForceApplyForExcludedFunctionName"></a>
<h3 class="failures">testForceApplyForExcludedFunctionName</h3>
<span class="code">
<pre>java.lang.NullPointerException
	at ghidra.feature.vt.api.db.VTSessionDB.initializePrograms(VTSessionDB.java:138)
	at ghidra.feature.vt.api.db.VTSessionDB.createVTSession(VTSessionDB.java:87)
	at ghidra.feature.vt.gui.VTTestEnv.createAndOpenVTSession(VTTestEnv.java:115)
	at ghidra.feature.vt.gui.VTTestEnv.createSession(VTTestEnv.java:105)
	at ghidra.feature.vt.api.markupitem.AbstractFunctionSignatureMarkupTest.setUp(AbstractFunctionSignatureMarkupTest.java:110)
	at generic.test.TestThread.run(TestThread.java:106)
</pre>
</span>
</div>
<div class="test">
<a name="testForceApplyForExcludedFunctionName2"></a>
<h3 class="failures">testForceApplyForExcludedFunctionName2</h3>
<span class="code">
<pre>java.lang.NullPointerException
	at ghidra.feature.vt.api.db.VTSessionDB.initializePrograms(VTSessionDB.java:138)
	at ghidra.feature.vt.api.db.VTSessionDB.createVTSession(VTSessionDB.java:87)
	at ghidra.feature.vt.gui.VTTestEnv.createAndOpenVTSession(VTTestEnv.java:115)
	at ghidra.feature.vt.gui.VTTestEnv.createSession(VTTestEnv.java:105)
	at ghidra.feature.vt.api.markupitem.AbstractFunctionSignatureMarkupTest.setUp(AbstractFunctionSignatureMarkupTest.java:110)
	at generic.test.TestThread.run(TestThread.java:106)
</pre>
</span>
</div>
<div class="test">
<a name="testForceApplyForExcludedFunctionSignature"></a>
<h3 class="failures">testForceApplyForExcludedFunctionSignature</h3>
<span class="code">
<pre>java.lang.NullPointerException
	at ghidra.feature.vt.api.db.VTSessionDB.initializePrograms(VTSessionDB.java:138)
	at ghidra.feature.vt.api.db.VTSessionDB.createVTSession(VTSessionDB.java:87)
	at ghidra.feature.vt.gui.VTTestEnv.createAndOpenVTSession(VTTestEnv.java:115)
	at ghidra.feature.vt.gui.VTTestEnv.createSession(VTTestEnv.java:105)
	at ghidra.feature.vt.api.markupitem.AbstractFunctionSignatureMarkupTest.setUp(AbstractFunctionSignatureMarkupTest.java:110)
	at generic.test.TestThread.run(TestThread.java:106)
</pre>
</span>
</div>
<div class="test">
<a name="testForceApplyForExcludedPlateComment"></a>
<h3 class="failures">testForceApplyForExcludedPlateComment</h3>
<span class="code">
<pre>java.lang.NullPointerException
	at ghidra.feature.vt.api.db.VTSessionDB.initializePrograms(VTSessionDB.java:138)
	at ghidra.feature.vt.api.db.VTSessionDB.createVTSession(VTSessionDB.java:87)
	at ghidra.feature.vt.gui.VTTestEnv.createAndOpenVTSession(VTTestEnv.java:115)
	at ghidra.feature.vt.gui.VTTestEnv.createSession(VTTestEnv.java:105)
	at ghidra.feature.vt.api.markupitem.AbstractFunctionSignatureMarkupTest.setUp(AbstractFunctionSignatureMarkupTest.java:110)
	at generic.test.TestThread.run(TestThread.java:106)
</pre>
</span>
</div>
<div class="test">
<a name="testForceApplyForExcludedPostComment"></a>
<h3 class="failures">testForceApplyForExcludedPostComment</h3>
<span class="code">
<pre>java.lang.NullPointerException
	at ghidra.feature.vt.api.db.VTSessionDB.initializePrograms(VTSessionDB.java:138)
	at ghidra.feature.vt.api.db.VTSessionDB.createVTSession(VTSessionDB.java:87)
	at ghidra.feature.vt.gui.VTTestEnv.createAndOpenVTSession(VTTestEnv.java:115)
	at ghidra.feature.vt.gui.VTTestEnv.createSession(VTTestEnv.java:105)
	at ghidra.feature.vt.api.markupitem.AbstractFunctionSignatureMarkupTest.setUp(AbstractFunctionSignatureMarkupTest.java:110)
	at generic.test.TestThread.run(TestThread.java:106)
</pre>
</span>
</div>
<div class="test">
<a name="testForceApplyForExcludedPreComment"></a>
<h3 class="failures">testForceApplyForExcludedPreComment</h3>
<span class="code">
<pre>java.lang.NullPointerException
	at ghidra.feature.vt.api.db.VTSessionDB.initializePrograms(VTSessionDB.java:138)
	at ghidra.feature.vt.api.db.VTSessionDB.createVTSession(VTSessionDB.java:87)
	at ghidra.feature.vt.gui.VTTestEnv.createAndOpenVTSession(VTTestEnv.java:115)
	at ghidra.feature.vt.gui.VTTestEnv.createSession(VTTestEnv.java:105)
	at ghidra.feature.vt.api.markupitem.AbstractFunctionSignatureMarkupTest.setUp(AbstractFunctionSignatureMarkupTest.java:110)
	at generic.test.TestThread.run(TestThread.java:106)
</pre>
</span>
</div>
</div>
<div id="tab1" class="tab">
<h2>Tests</h2>
<table>
<thead>
<tr>
<th>Test</th>
<th>Duration</th>
<th>Result</th>
</tr>
</thead>
<tr>
<td class="failures">testForceApplyForExcludeRepeatableComment</td>
<td class="failures">0.305s</td>
<td class="failures">failed</td>
</tr>
<tr>
<td class="failures">testForceApplyForExcludedEOLComment</td>
<td class="failures">1.307s</td>
<td class="failures">failed</td>
</tr>
<tr>
<td class="failures">testForceApplyForExcludedFunctionName</td>
<td class="failures">0.307s</td>
<td class="failures">failed</td>
</tr>
<tr>
<td class="failures">testForceApplyForExcludedFunctionName2</td>
<td class="failures">0.416s</td>
<td class="failures">failed</td>
</tr>
<tr>
<td class="failures">testForceApplyForExcludedFunctionSignature</td>
<td class="failures">0.409s</td>
<td class="failures">failed</td>
</tr>
<tr>
<td class="failures">testForceApplyForExcludedPlateComment</td>
<td class="failures">0.318s</td>
<td class="failures">failed</td>
</tr>
<tr>
<td class="failures">testForceApplyForExcludedPostComment</td>
<td class="failures">0.209s</td>
<td class="failures">failed</td>
</tr>
<tr>
<td class="failures">testForceApplyForExcludedPreComment</td>
<td class="failures">0.304s</td>
<td class="failures">failed</td>
</tr>
</table>
</div>
<div id="tab2" class="tab">
<h2>Standard output</h2>
<span class="code">
<pre>Created test directory: /home/lcf/repo/190904/ghidra/Ghidra/Features/VersionTracking/build/Ghidra_test_79d23f64-39e1-46ad-aac0-2818d4d634d6/temp.data
14:36:55 INFO  Using log config file: file:/home/lcf/repo/190904/ghidra/Ghidra/Framework/Generic/src/main/resources/generic.log4jtest.xml   (LoggingInitialization.java:59) 
14:36:55 INFO  Using log file: /home/lcf/repo/190904/ghidra/Ghidra/Features/VersionTracking/build/Ghidra_test_79d23f64-39e1-46ad-aac0-2818d4d634d6/temp.data/application.log   (LoggingInitialization.java:60) 
14:36:55 INFO  Loading user preferences: /home/lcf/repo/190904/ghidra/Ghidra/Features/VersionTracking/build/Ghidra_test_79d23f64-39e1-46ad-aac0-2818d4d634d6/temp.data/preferences   (Preferences.java:122) 
14:36:56 INFO  Class search complete (494 ms)   (ClassSearcher.java:250) 
14:36:56 DEBUG Wed Sep 04 14:36:56 CST 2019
***** STARTING Test: ForceApplyOfExcludedMarkupTest - testForceApplyForExcludedEOLComment *****   (AbstractGenericTest.java:114) 
14:36:57 WARN  Test data file not found: VersionTracking/WallaceSrc.gzf   (AbstractGenericTest.java:381) 
14:36:57 WARN  Test data file not found: VersionTracking/WallaceSrc.xml   (AbstractGenericTest.java:381) 
14:36:57 INFO  Test program not found: VersionTracking/WallaceSrc   (TestProgramManager.java:351) 
14:36:57 WARN  Test data file not found: VersionTracking/WallaceVersion2.gzf   (AbstractGenericTest.java:381) 
14:36:57 WARN  Test data file not found: VersionTracking/WallaceVersion2.xml   (AbstractGenericTest.java:381) 
14:36:57 INFO  Test program not found: VersionTracking/WallaceVersion2   (TestProgramManager.java:351) 
14:36:58 DEBUG 	✖ FAILED Test: ForceApplyOfExcludedMarkupTest - testForceApplyForExcludedEOLComment ✖	   (AbstractGenericTest.java:114) 
14:36:58 DEBUG Wed Sep 04 14:36:58 CST 2019
***** STARTING Test: ForceApplyOfExcludedMarkupTest - testForceApplyForExcludedFunctionSignature *****   (AbstractGenericTest.java:114) 
14:36:58 WARN  Test data file not found: VersionTracking/WallaceSrc.gzf   (AbstractGenericTest.java:381) 
14:36:58 WARN  Test data file not found: VersionTracking/WallaceSrc.xml   (AbstractGenericTest.java:381) 
14:36:58 INFO  Test program not found: VersionTracking/WallaceSrc   (TestProgramManager.java:351) 
14:36:58 WARN  Test data file not found: VersionTracking/WallaceVersion2.gzf   (AbstractGenericTest.java:381) 
14:36:58 WARN  Test data file not found: VersionTracking/WallaceVersion2.xml   (AbstractGenericTest.java:381) 
14:36:58 INFO  Test program not found: VersionTracking/WallaceVersion2   (TestProgramManager.java:351) 
14:36:58 DEBUG 	✖ FAILED Test: ForceApplyOfExcludedMarkupTest - testForceApplyForExcludedFunctionSignature ✖	   (AbstractGenericTest.java:114) 
14:36:58 DEBUG Wed Sep 04 14:36:58 CST 2019
***** STARTING Test: ForceApplyOfExcludedMarkupTest - testForceApplyForExcludedFunctionName2 *****   (AbstractGenericTest.java:114) 
14:36:58 WARN  Test data file not found: VersionTracking/WallaceSrc.gzf   (AbstractGenericTest.java:381) 
14:36:58 WARN  Test data file not found: VersionTracking/WallaceSrc.xml   (AbstractGenericTest.java:381) 
14:36:58 INFO  Test program not found: VersionTracking/WallaceSrc   (TestProgramManager.java:351) 
14:36:58 WARN  Test data file not found: VersionTracking/WallaceVersion2.gzf   (AbstractGenericTest.java:381) 
14:36:58 WARN  Test data file not found: VersionTracking/WallaceVersion2.xml   (AbstractGenericTest.java:381) 
14:36:58 INFO  Test program not found: VersionTracking/WallaceVersion2   (TestProgramManager.java:351) 
14:36:58 DEBUG 	✖ FAILED Test: ForceApplyOfExcludedMarkupTest - testForceApplyForExcludedFunctionName2 ✖	   (AbstractGenericTest.java:114) 
14:36:58 DEBUG Wed Sep 04 14:36:58 CST 2019
***** STARTING Test: ForceApplyOfExcludedMarkupTest - testForceApplyForExcludeRepeatableComment *****   (AbstractGenericTest.java:114) 
14:36:59 WARN  Test data file not found: VersionTracking/WallaceSrc.gzf   (AbstractGenericTest.java:381) 
14:36:59 WARN  Test data file not found: VersionTracking/WallaceSrc.xml   (AbstractGenericTest.java:381) 
14:36:59 INFO  Test program not found: VersionTracking/WallaceSrc   (TestProgramManager.java:351) 
14:36:59 WARN  Test data file not found: VersionTracking/WallaceVersion2.gzf   (AbstractGenericTest.java:381) 
14:36:59 WARN  Test data file not found: VersionTracking/WallaceVersion2.xml   (AbstractGenericTest.java:381) 
14:36:59 INFO  Test program not found: VersionTracking/WallaceVersion2   (TestProgramManager.java:351) 
14:36:59 DEBUG 	✖ FAILED Test: ForceApplyOfExcludedMarkupTest - testForceApplyForExcludeRepeatableComment ✖	   (AbstractGenericTest.java:114) 
14:36:59 DEBUG Wed Sep 04 14:36:59 CST 2019
***** STARTING Test: ForceApplyOfExcludedMarkupTest - testForceApplyForExcludedPlateComment *****   (AbstractGenericTest.java:114) 
14:36:59 WARN  Test data file not found: VersionTracking/WallaceSrc.gzf   (AbstractGenericTest.java:381) 
14:36:59 WARN  Test data file not found: VersionTracking/WallaceSrc.xml   (AbstractGenericTest.java:381) 
14:36:59 INFO  Test program not found: VersionTracking/WallaceSrc   (TestProgramManager.java:351) 
14:36:59 WARN  Test data file not found: VersionTracking/WallaceVersion2.gzf   (AbstractGenericTest.java:381) 
14:36:59 WARN  Test data file not found: VersionTracking/WallaceVersion2.xml   (AbstractGenericTest.java:381) 
14:36:59 INFO  Test program not found: VersionTracking/WallaceVersion2   (TestProgramManager.java:351) 
14:36:59 DEBUG 	✖ FAILED Test: ForceApplyOfExcludedMarkupTest - testForceApplyForExcludedPlateComment ✖	   (AbstractGenericTest.java:114) 
14:36:59 DEBUG Wed Sep 04 14:36:59 CST 2019
***** STARTING Test: ForceApplyOfExcludedMarkupTest - testForceApplyForExcludedPostComment *****   (AbstractGenericTest.java:114) 
14:36:59 WARN  Test data file not found: VersionTracking/WallaceSrc.gzf   (AbstractGenericTest.java:381) 
14:36:59 WARN  Test data file not found: VersionTracking/WallaceSrc.xml   (AbstractGenericTest.java:381) 
14:36:59 INFO  Test program not found: VersionTracking/WallaceSrc   (TestProgramManager.java:351) 
14:36:59 WARN  Test data file not found: VersionTracking/WallaceVersion2.gzf   (AbstractGenericTest.java:381) 
14:36:59 WARN  Test data file not found: VersionTracking/WallaceVersion2.xml   (AbstractGenericTest.java:381) 
14:36:59 INFO  Test program not found: VersionTracking/WallaceVersion2   (TestProgramManager.java:351) 
14:36:59 DEBUG 	✖ FAILED Test: ForceApplyOfExcludedMarkupTest - testForceApplyForExcludedPostComment ✖	   (AbstractGenericTest.java:114) 
14:36:59 DEBUG Wed Sep 04 14:36:59 CST 2019
***** STARTING Test: ForceApplyOfExcludedMarkupTest - testForceApplyForExcludedFunctionName *****   (AbstractGenericTest.java:114) 
14:36:59 WARN  Test data file not found: VersionTracking/WallaceSrc.gzf   (AbstractGenericTest.java:381) 
14:36:59 WARN  Test data file not found: VersionTracking/WallaceSrc.xml   (AbstractGenericTest.java:381) 
14:36:59 INFO  Test program not found: VersionTracking/WallaceSrc   (TestProgramManager.java:351) 
14:36:59 WARN  Test data file not found: VersionTracking/WallaceVersion2.gzf   (AbstractGenericTest.java:381) 
14:36:59 WARN  Test data file not found: VersionTracking/WallaceVersion2.xml   (AbstractGenericTest.java:381) 
14:36:59 INFO  Test program not found: VersionTracking/WallaceVersion2   (TestProgramManager.java:351) 
14:37:00 DEBUG 	✖ FAILED Test: ForceApplyOfExcludedMarkupTest - testForceApplyForExcludedFunctionName ✖	   (AbstractGenericTest.java:114) 
14:37:00 DEBUG Wed Sep 04 14:37:00 CST 2019
***** STARTING Test: ForceApplyOfExcludedMarkupTest - testForceApplyForExcludedPreComment *****   (AbstractGenericTest.java:114) 
14:37:00 WARN  Test data file not found: VersionTracking/WallaceSrc.gzf   (AbstractGenericTest.java:381) 
14:37:00 WARN  Test data file not found: VersionTracking/WallaceSrc.xml   (AbstractGenericTest.java:381) 
14:37:00 INFO  Test program not found: VersionTracking/WallaceSrc   (TestProgramManager.java:351) 
14:37:00 WARN  Test data file not found: VersionTracking/WallaceVersion2.gzf   (AbstractGenericTest.java:381) 
14:37:00 WARN  Test data file not found: VersionTracking/WallaceVersion2.xml   (AbstractGenericTest.java:381) 
14:37:00 INFO  Test program not found: VersionTracking/WallaceVersion2   (TestProgramManager.java:351) 
14:37:00 DEBUG 	✖ FAILED Test: ForceApplyOfExcludedMarkupTest - testForceApplyForExcludedPreComment ✖	   (AbstractGenericTest.java:114) 
</pre>
</span>
</div>
</div>
<div id="footer">
<p>
<div>
<label class="hidden" id="label-for-line-wrapping-toggle" for="line-wrapping-toggle">Wrap lines
<input id="line-wrapping-toggle" type="checkbox" autocomplete="off"/>
</label>
</div>Generated by 
<a href="http://www.gradle.org">Gradle 5.6.1</a> at Sep 4, 2019, 2:39:47 PM</p>
</div>
</div>
</body>
</html>
