<!DOCTYPE html>
<html>
<head>
<meta http-equiv="Content-Type" content="text/html; charset=utf-8"/>
<meta http-equiv="x-ua-compatible" content="IE=edge"/>
<title>Test results - Class ghidra.feature.vt.api.markupitem.FunctionSignatureDifferentParameterCountMarkupOptionsTest</title>
<link href="../css/base-style.css" rel="stylesheet" type="text/css"/>
<link href="../css/style.css" rel="stylesheet" type="text/css"/>
<script src="../js/report.js" type="text/javascript"></script>
</head>
<body>
<div id="content">
<h1>Class ghidra.feature.vt.api.markupitem.FunctionSignatureDifferentParameterCountMarkupOptionsTest</h1>
<div class="breadcrumbs">
<a href="../index.html">all</a> &gt; 
<a href="../packages/ghidra.feature.vt.api.markupitem.html">ghidra.feature.vt.api.markupitem</a> &gt; FunctionSignatureDifferentParameterCountMarkupOptionsTest</div>
<div id="summary">
<table>
<tr>
<td>
<div class="summaryGroup">
<table>
<tr>
<td>
<div class="infoBox" id="tests">
<div class="counter">24</div>
<p>tests</p>
</div>
</td>
<td>
<div class="infoBox" id="failures">
<div class="counter">24</div>
<p>failures</p>
</div>
</td>
<td>
<div class="infoBox" id="ignored">
<div class="counter">0</div>
<p>ignored</p>
</div>
</td>
<td>
<div class="infoBox" id="duration">
<div class="counter">6.960s</div>
<p>duration</p>
</div>
</td>
</tr>
</table>
</div>
</td>
<td>
<div class="infoBox failures" id="successRate">
<div class="percent">0%</div>
<p>successful</p>
</div>
</td>
</tr>
</table>
</div>
<div id="tabs">
<ul class="tabLinks">
<li>
<a href="#tab0">Failed tests</a>
</li>
<li>
<a href="#tab1">Tests</a>
</li>
<li>
<a href="#tab2">Standard output</a>
</li>
</ul>
<div id="tab0" class="tab">
<h2>Failed tests</h2>
<div class="test">
<a name="testDiffParamCount_DontReplaceSignature"></a>
<h3 class="failures">testDiffParamCount_DontReplaceSignature</h3>
<span class="code">
<pre>java.lang.NullPointerException
	at ghidra.feature.vt.api.db.VTSessionDB.initializePrograms(VTSessionDB.java:138)
	at ghidra.feature.vt.api.db.VTSessionDB.createVTSession(VTSessionDB.java:87)
	at ghidra.feature.vt.gui.VTTestEnv.createAndOpenVTSession(VTTestEnv.java:115)
	at ghidra.feature.vt.gui.VTTestEnv.createSession(VTTestEnv.java:105)
	at ghidra.feature.vt.api.markupitem.AbstractFunctionSignatureMarkupTest.setUp(AbstractFunctionSignatureMarkupTest.java:110)
	at generic.test.TestThread.run(TestThread.java:106)
</pre>
</span>
</div>
<div class="test">
<a name="testDiffParamCount_Replace2To3Signature_OverwriteParameterComments"></a>
<h3 class="failures">testDiffParamCount_Replace2To3Signature_OverwriteParameterComments</h3>
<span class="code">
<pre>java.lang.NullPointerException
	at ghidra.feature.vt.api.db.VTSessionDB.initializePrograms(VTSessionDB.java:138)
	at ghidra.feature.vt.api.db.VTSessionDB.createVTSession(VTSessionDB.java:87)
	at ghidra.feature.vt.gui.VTTestEnv.createAndOpenVTSession(VTTestEnv.java:115)
	at ghidra.feature.vt.gui.VTTestEnv.createSession(VTTestEnv.java:105)
	at ghidra.feature.vt.api.markupitem.AbstractFunctionSignatureMarkupTest.setUp(AbstractFunctionSignatureMarkupTest.java:110)
	at generic.test.TestThread.run(TestThread.java:106)
</pre>
</span>
</div>
<div class="test">
<a name="testDiffParamCount_Replace3To2Signature_OverwriteParameterComments"></a>
<h3 class="failures">testDiffParamCount_Replace3To2Signature_OverwriteParameterComments</h3>
<span class="code">
<pre>java.lang.NullPointerException
	at ghidra.feature.vt.api.db.VTSessionDB.initializePrograms(VTSessionDB.java:138)
	at ghidra.feature.vt.api.db.VTSessionDB.createVTSession(VTSessionDB.java:87)
	at ghidra.feature.vt.gui.VTTestEnv.createAndOpenVTSession(VTTestEnv.java:115)
	at ghidra.feature.vt.gui.VTTestEnv.createSession(VTTestEnv.java:105)
	at ghidra.feature.vt.api.markupitem.AbstractFunctionSignatureMarkupTest.setUp(AbstractFunctionSignatureMarkupTest.java:110)
	at generic.test.TestThread.run(TestThread.java:106)
</pre>
</span>
</div>
<div class="test">
<a name="testDiffParamCount_ReplaceDefaultFunctionName"></a>
<h3 class="failures">testDiffParamCount_ReplaceDefaultFunctionName</h3>
<span class="code">
<pre>java.lang.NullPointerException
	at ghidra.feature.vt.api.db.VTSessionDB.initializePrograms(VTSessionDB.java:138)
	at ghidra.feature.vt.api.db.VTSessionDB.createVTSession(VTSessionDB.java:87)
	at ghidra.feature.vt.gui.VTTestEnv.createAndOpenVTSession(VTTestEnv.java:115)
	at ghidra.feature.vt.gui.VTTestEnv.createSession(VTTestEnv.java:105)
	at ghidra.feature.vt.api.markupitem.AbstractFunctionSignatureMarkupTest.setUp(AbstractFunctionSignatureMarkupTest.java:110)
	at generic.test.TestThread.run(TestThread.java:106)
</pre>
</span>
</div>
<div class="test">
<a name="testDiffParamCount_ReplaceDefaultFunctionName_Defined"></a>
<h3 class="failures">testDiffParamCount_ReplaceDefaultFunctionName_Defined</h3>
<span class="code">
<pre>java.lang.NullPointerException
	at ghidra.feature.vt.api.db.VTSessionDB.initializePrograms(VTSessionDB.java:138)
	at ghidra.feature.vt.api.db.VTSessionDB.createVTSession(VTSessionDB.java:87)
	at ghidra.feature.vt.gui.VTTestEnv.createAndOpenVTSession(VTTestEnv.java:115)
	at ghidra.feature.vt.gui.VTTestEnv.createSession(VTTestEnv.java:105)
	at ghidra.feature.vt.api.markupitem.AbstractFunctionSignatureMarkupTest.setUp(AbstractFunctionSignatureMarkupTest.java:110)
	at generic.test.TestThread.run(TestThread.java:106)
</pre>
</span>
</div>
<div class="test">
<a name="testDiffParamCount_ReplaceFunctionNameAlways"></a>
<h3 class="failures">testDiffParamCount_ReplaceFunctionNameAlways</h3>
<span class="code">
<pre>java.lang.NullPointerException
	at ghidra.feature.vt.api.db.VTSessionDB.initializePrograms(VTSessionDB.java:138)
	at ghidra.feature.vt.api.db.VTSessionDB.createVTSession(VTSessionDB.java:87)
	at ghidra.feature.vt.gui.VTTestEnv.createAndOpenVTSession(VTTestEnv.java:115)
	at ghidra.feature.vt.gui.VTTestEnv.createSession(VTTestEnv.java:105)
	at ghidra.feature.vt.api.markupitem.AbstractFunctionSignatureMarkupTest.setUp(AbstractFunctionSignatureMarkupTest.java:110)
	at generic.test.TestThread.run(TestThread.java:106)
</pre>
</span>
</div>
<div class="test">
<a name="testDiffParamCount_ReplaceFunctionNameAlways_Defined"></a>
<h3 class="failures">testDiffParamCount_ReplaceFunctionNameAlways_Defined</h3>
<span class="code">
<pre>java.lang.NullPointerException
	at ghidra.feature.vt.api.db.VTSessionDB.initializePrograms(VTSessionDB.java:138)
	at ghidra.feature.vt.api.db.VTSessionDB.createVTSession(VTSessionDB.java:87)
	at ghidra.feature.vt.gui.VTTestEnv.createAndOpenVTSession(VTTestEnv.java:115)
	at ghidra.feature.vt.gui.VTTestEnv.createSession(VTTestEnv.java:105)
	at ghidra.feature.vt.api.markupitem.AbstractFunctionSignatureMarkupTest.setUp(AbstractFunctionSignatureMarkupTest.java:110)
	at generic.test.TestThread.run(TestThread.java:106)
</pre>
</span>
</div>
<div class="test">
<a name="testDiffParamCount_ReplaceSignature"></a>
<h3 class="failures">testDiffParamCount_ReplaceSignature</h3>
<span class="code">
<pre>java.lang.NullPointerException
	at ghidra.feature.vt.api.db.VTSessionDB.initializePrograms(VTSessionDB.java:138)
	at ghidra.feature.vt.api.db.VTSessionDB.createVTSession(VTSessionDB.java:87)
	at ghidra.feature.vt.gui.VTTestEnv.createAndOpenVTSession(VTTestEnv.java:115)
	at ghidra.feature.vt.gui.VTTestEnv.createSession(VTTestEnv.java:105)
	at ghidra.feature.vt.api.markupitem.AbstractFunctionSignatureMarkupTest.setUp(AbstractFunctionSignatureMarkupTest.java:110)
	at generic.test.TestThread.run(TestThread.java:106)
</pre>
</span>
</div>
<div class="test">
<a name="testDiffParamCount_ReplaceSignatureReplaceNamesExcludeNoReturn"></a>
<h3 class="failures">testDiffParamCount_ReplaceSignatureReplaceNamesExcludeNoReturn</h3>
<span class="code">
<pre>java.lang.NullPointerException
	at ghidra.feature.vt.api.db.VTSessionDB.initializePrograms(VTSessionDB.java:138)
	at ghidra.feature.vt.api.db.VTSessionDB.createVTSession(VTSessionDB.java:87)
	at ghidra.feature.vt.gui.VTTestEnv.createAndOpenVTSession(VTTestEnv.java:115)
	at ghidra.feature.vt.gui.VTTestEnv.createSession(VTTestEnv.java:105)
	at ghidra.feature.vt.api.markupitem.AbstractFunctionSignatureMarkupTest.setUp(AbstractFunctionSignatureMarkupTest.java:110)
	at generic.test.TestThread.run(TestThread.java:106)
</pre>
</span>
</div>
<div class="test">
<a name="testDiffParamCount_ReplaceSignatureReplaceNames_ExcludeOtherInline"></a>
<h3 class="failures">testDiffParamCount_ReplaceSignatureReplaceNames_ExcludeOtherInline</h3>
<span class="code">
<pre>java.lang.NullPointerException
	at ghidra.feature.vt.api.db.VTSessionDB.initializePrograms(VTSessionDB.java:138)
	at ghidra.feature.vt.api.db.VTSessionDB.createVTSession(VTSessionDB.java:87)
	at ghidra.feature.vt.gui.VTTestEnv.createAndOpenVTSession(VTTestEnv.java:115)
	at ghidra.feature.vt.gui.VTTestEnv.createSession(VTTestEnv.java:105)
	at ghidra.feature.vt.api.markupitem.AbstractFunctionSignatureMarkupTest.setUp(AbstractFunctionSignatureMarkupTest.java:110)
	at generic.test.TestThread.run(TestThread.java:106)
</pre>
</span>
</div>
<div class="test">
<a name="testDiffParamCount_ReplaceSignatureReplaceParameterNames"></a>
<h3 class="failures">testDiffParamCount_ReplaceSignatureReplaceParameterNames</h3>
<span class="code">
<pre>java.lang.NullPointerException
	at ghidra.feature.vt.api.db.VTSessionDB.initializePrograms(VTSessionDB.java:138)
	at ghidra.feature.vt.api.db.VTSessionDB.createVTSession(VTSessionDB.java:87)
	at ghidra.feature.vt.gui.VTTestEnv.createAndOpenVTSession(VTTestEnv.java:115)
	at ghidra.feature.vt.gui.VTTestEnv.createSession(VTTestEnv.java:105)
	at ghidra.feature.vt.api.markupitem.AbstractFunctionSignatureMarkupTest.setUp(AbstractFunctionSignatureMarkupTest.java:110)
	at generic.test.TestThread.run(TestThread.java:106)
</pre>
</span>
</div>
<div class="test">
<a name="testDiffParamCount_ReplaceSignature_DontReplaceWithLessDefinedDataTypes"></a>
<h3 class="failures">testDiffParamCount_ReplaceSignature_DontReplaceWithLessDefinedDataTypes</h3>
<span class="code">
<pre>java.lang.NullPointerException
	at ghidra.feature.vt.api.db.VTSessionDB.initializePrograms(VTSessionDB.java:138)
	at ghidra.feature.vt.api.db.VTSessionDB.createVTSession(VTSessionDB.java:87)
	at ghidra.feature.vt.gui.VTTestEnv.createAndOpenVTSession(VTTestEnv.java:115)
	at ghidra.feature.vt.gui.VTTestEnv.createSession(VTTestEnv.java:105)
	at ghidra.feature.vt.api.markupitem.AbstractFunctionSignatureMarkupTest.setUp(AbstractFunctionSignatureMarkupTest.java:110)
	at generic.test.TestThread.run(TestThread.java:106)
</pre>
</span>
</div>
<div class="test">
<a name="testDiffParamCount_ReplaceSignature_ExcludeParameterNames"></a>
<h3 class="failures">testDiffParamCount_ReplaceSignature_ExcludeParameterNames</h3>
<span class="code">
<pre>java.lang.NullPointerException
	at ghidra.feature.vt.api.db.VTSessionDB.initializePrograms(VTSessionDB.java:138)
	at ghidra.feature.vt.api.db.VTSessionDB.createVTSession(VTSessionDB.java:87)
	at ghidra.feature.vt.gui.VTTestEnv.createAndOpenVTSession(VTTestEnv.java:115)
	at ghidra.feature.vt.gui.VTTestEnv.createSession(VTTestEnv.java:105)
	at ghidra.feature.vt.api.markupitem.AbstractFunctionSignatureMarkupTest.setUp(AbstractFunctionSignatureMarkupTest.java:110)
	at generic.test.TestThread.run(TestThread.java:106)
</pre>
</span>
</div>
<div class="test">
<a name="testDiffParamCount_ReplaceSignature_ReplaceAllDataTypes"></a>
<h3 class="failures">testDiffParamCount_ReplaceSignature_ReplaceAllDataTypes</h3>
<span class="code">
<pre>java.lang.NullPointerException
	at ghidra.feature.vt.api.db.VTSessionDB.initializePrograms(VTSessionDB.java:138)
	at ghidra.feature.vt.api.db.VTSessionDB.createVTSession(VTSessionDB.java:87)
	at ghidra.feature.vt.gui.VTTestEnv.createAndOpenVTSession(VTTestEnv.java:115)
	at ghidra.feature.vt.gui.VTTestEnv.createSession(VTTestEnv.java:105)
	at ghidra.feature.vt.api.markupitem.AbstractFunctionSignatureMarkupTest.setUp(AbstractFunctionSignatureMarkupTest.java:110)
	at generic.test.TestThread.run(TestThread.java:106)
</pre>
</span>
</div>
<div class="test">
<a name="testDiffParamCount_ReplaceSignature_ReplaceDefaultWithUndefinedDataType"></a>
<h3 class="failures">testDiffParamCount_ReplaceSignature_ReplaceDefaultWithUndefinedDataType</h3>
<span class="code">
<pre>java.lang.NullPointerException
	at ghidra.feature.vt.api.db.VTSessionDB.initializePrograms(VTSessionDB.java:138)
	at ghidra.feature.vt.api.db.VTSessionDB.createVTSession(VTSessionDB.java:87)
	at ghidra.feature.vt.gui.VTTestEnv.createAndOpenVTSession(VTTestEnv.java:115)
	at ghidra.feature.vt.gui.VTTestEnv.createSession(VTTestEnv.java:105)
	at ghidra.feature.vt.api.markupitem.AbstractFunctionSignatureMarkupTest.setUp(AbstractFunctionSignatureMarkupTest.java:110)
	at generic.test.TestThread.run(TestThread.java:106)
</pre>
</span>
</div>
<div class="test">
<a name="testDiffParamCount_ReplaceSignature_ReplaceNames"></a>
<h3 class="failures">testDiffParamCount_ReplaceSignature_ReplaceNames</h3>
<span class="code">
<pre>java.lang.NullPointerException
	at ghidra.feature.vt.api.db.VTSessionDB.initializePrograms(VTSessionDB.java:138)
	at ghidra.feature.vt.api.db.VTSessionDB.createVTSession(VTSessionDB.java:87)
	at ghidra.feature.vt.gui.VTTestEnv.createAndOpenVTSession(VTTestEnv.java:115)
	at ghidra.feature.vt.gui.VTTestEnv.createSession(VTTestEnv.java:105)
	at ghidra.feature.vt.api.markupitem.AbstractFunctionSignatureMarkupTest.setUp(AbstractFunctionSignatureMarkupTest.java:110)
	at generic.test.TestThread.run(TestThread.java:106)
</pre>
</span>
</div>
<div class="test">
<a name="testDiffParamCount_ReplaceSignature_ReplaceNamesExcludeOther_NoReturn"></a>
<h3 class="failures">testDiffParamCount_ReplaceSignature_ReplaceNamesExcludeOther_NoReturn</h3>
<span class="code">
<pre>java.lang.NullPointerException
	at ghidra.feature.vt.api.db.VTSessionDB.initializePrograms(VTSessionDB.java:138)
	at ghidra.feature.vt.api.db.VTSessionDB.createVTSession(VTSessionDB.java:87)
	at ghidra.feature.vt.gui.VTTestEnv.createAndOpenVTSession(VTTestEnv.java:115)
	at ghidra.feature.vt.gui.VTTestEnv.createSession(VTTestEnv.java:105)
	at ghidra.feature.vt.api.markupitem.AbstractFunctionSignatureMarkupTest.setUp(AbstractFunctionSignatureMarkupTest.java:110)
	at generic.test.TestThread.run(TestThread.java:106)
</pre>
</span>
</div>
<div class="test">
<a name="testDiffParamCount_ReplaceSignature_ReplaceNamesUsingImportPriority"></a>
<h3 class="failures">testDiffParamCount_ReplaceSignature_ReplaceNamesUsingImportPriority</h3>
<span class="code">
<pre>java.lang.NullPointerException
	at ghidra.feature.vt.api.db.VTSessionDB.initializePrograms(VTSessionDB.java:138)
	at ghidra.feature.vt.api.db.VTSessionDB.createVTSession(VTSessionDB.java:87)
	at ghidra.feature.vt.gui.VTTestEnv.createAndOpenVTSession(VTTestEnv.java:115)
	at ghidra.feature.vt.gui.VTTestEnv.createSession(VTTestEnv.java:105)
	at ghidra.feature.vt.api.markupitem.AbstractFunctionSignatureMarkupTest.setUp(AbstractFunctionSignatureMarkupTest.java:110)
	at generic.test.TestThread.run(TestThread.java:106)
</pre>
</span>
</div>
<div class="test">
<a name="testDiffParamCount_ReplaceSignature_ReplaceNames_ExcludeInline"></a>
<h3 class="failures">testDiffParamCount_ReplaceSignature_ReplaceNames_ExcludeInline</h3>
<span class="code">
<pre>java.lang.NullPointerException
	at ghidra.feature.vt.api.db.VTSessionDB.initializePrograms(VTSessionDB.java:138)
	at ghidra.feature.vt.api.db.VTSessionDB.createVTSession(VTSessionDB.java:87)
	at ghidra.feature.vt.gui.VTTestEnv.createAndOpenVTSession(VTTestEnv.java:115)
	at ghidra.feature.vt.gui.VTTestEnv.createSession(VTTestEnv.java:105)
	at ghidra.feature.vt.api.markupitem.AbstractFunctionSignatureMarkupTest.setUp(AbstractFunctionSignatureMarkupTest.java:110)
	at generic.test.TestThread.run(TestThread.java:106)
</pre>
</span>
</div>
<div class="test">
<a name="testDiffParamCount_ReplaceSignature_ReplaceNames_SetInline"></a>
<h3 class="failures">testDiffParamCount_ReplaceSignature_ReplaceNames_SetInline</h3>
<span class="code">
<pre>java.lang.NullPointerException
	at ghidra.feature.vt.api.db.VTSessionDB.initializePrograms(VTSessionDB.java:138)
	at ghidra.feature.vt.api.db.VTSessionDB.createVTSession(VTSessionDB.java:87)
	at ghidra.feature.vt.gui.VTTestEnv.createAndOpenVTSession(VTTestEnv.java:115)
	at ghidra.feature.vt.gui.VTTestEnv.createSession(VTTestEnv.java:105)
	at ghidra.feature.vt.api.markupitem.AbstractFunctionSignatureMarkupTest.setUp(AbstractFunctionSignatureMarkupTest.java:110)
	at generic.test.TestThread.run(TestThread.java:106)
</pre>
</span>
</div>
<div class="test">
<a name="testDiffParamCount_ReplaceSignature_ReplaceNames_SetNoReturn"></a>
<h3 class="failures">testDiffParamCount_ReplaceSignature_ReplaceNames_SetNoReturn</h3>
<span class="code">
<pre>java.lang.NullPointerException
	at ghidra.feature.vt.api.db.VTSessionDB.initializePrograms(VTSessionDB.java:138)
	at ghidra.feature.vt.api.db.VTSessionDB.createVTSession(VTSessionDB.java:87)
	at ghidra.feature.vt.gui.VTTestEnv.createAndOpenVTSession(VTTestEnv.java:115)
	at ghidra.feature.vt.gui.VTTestEnv.createSession(VTTestEnv.java:105)
	at ghidra.feature.vt.api.markupitem.AbstractFunctionSignatureMarkupTest.setUp(AbstractFunctionSignatureMarkupTest.java:110)
	at generic.test.TestThread.run(TestThread.java:106)
</pre>
</span>
</div>
<div class="test">
<a name="testDiffParamCount_ReplaceSignature_ReplaceNames_UnsetInline"></a>
<h3 class="failures">testDiffParamCount_ReplaceSignature_ReplaceNames_UnsetInline</h3>
<span class="code">
<pre>java.lang.NullPointerException
	at ghidra.feature.vt.api.db.VTSessionDB.initializePrograms(VTSessionDB.java:138)
	at ghidra.feature.vt.api.db.VTSessionDB.createVTSession(VTSessionDB.java:87)
	at ghidra.feature.vt.gui.VTTestEnv.createAndOpenVTSession(VTTestEnv.java:115)
	at ghidra.feature.vt.gui.VTTestEnv.createSession(VTTestEnv.java:105)
	at ghidra.feature.vt.api.markupitem.AbstractFunctionSignatureMarkupTest.setUp(AbstractFunctionSignatureMarkupTest.java:110)
	at generic.test.TestThread.run(TestThread.java:106)
</pre>
</span>
</div>
<div class="test">
<a name="testDiffParamCount_ReplaceSignature_ReplaceNames_UnsetNoReturn"></a>
<h3 class="failures">testDiffParamCount_ReplaceSignature_ReplaceNames_UnsetNoReturn</h3>
<span class="code">
<pre>java.lang.NullPointerException
	at ghidra.feature.vt.api.db.VTSessionDB.initializePrograms(VTSessionDB.java:138)
	at ghidra.feature.vt.api.db.VTSessionDB.createVTSession(VTSessionDB.java:87)
	at ghidra.feature.vt.gui.VTTestEnv.createAndOpenVTSession(VTTestEnv.java:115)
	at ghidra.feature.vt.gui.VTTestEnv.createSession(VTTestEnv.java:105)
	at ghidra.feature.vt.api.markupitem.AbstractFunctionSignatureMarkupTest.setUp(AbstractFunctionSignatureMarkupTest.java:110)
	at generic.test.TestThread.run(TestThread.java:106)
</pre>
</span>
</div>
<div class="test">
<a name="testDiffParamCount_ReplaceSignature_ReplaceUndefinedDataTypes"></a>
<h3 class="failures">testDiffParamCount_ReplaceSignature_ReplaceUndefinedDataTypes</h3>
<span class="code">
<pre>java.lang.NullPointerException
	at ghidra.feature.vt.api.db.VTSessionDB.initializePrograms(VTSessionDB.java:138)
	at ghidra.feature.vt.api.db.VTSessionDB.createVTSession(VTSessionDB.java:87)
	at ghidra.feature.vt.gui.VTTestEnv.createAndOpenVTSession(VTTestEnv.java:115)
	at ghidra.feature.vt.gui.VTTestEnv.createSession(VTTestEnv.java:105)
	at ghidra.feature.vt.api.markupitem.AbstractFunctionSignatureMarkupTest.setUp(AbstractFunctionSignatureMarkupTest.java:110)
	at generic.test.TestThread.run(TestThread.java:106)
</pre>
</span>
</div>
</div>
<div id="tab1" class="tab">
<h2>Tests</h2>
<table>
<thead>
<tr>
<th>Test</th>
<th>Duration</th>
<th>Result</th>
</tr>
</thead>
<tr>
<td class="failures">testDiffParamCount_DontReplaceSignature</td>
<td class="failures">0.336s</td>
<td class="failures">failed</td>
</tr>
<tr>
<td class="failures">testDiffParamCount_Replace2To3Signature_OverwriteParameterComments</td>
<td class="failures">0.203s</td>
<td class="failures">failed</td>
</tr>
<tr>
<td class="failures">testDiffParamCount_Replace3To2Signature_OverwriteParameterComments</td>
<td class="failures">1.405s</td>
<td class="failures">failed</td>
</tr>
<tr>
<td class="failures">testDiffParamCount_ReplaceDefaultFunctionName</td>
<td class="failures">0.205s</td>
<td class="failures">failed</td>
</tr>
<tr>
<td class="failures">testDiffParamCount_ReplaceDefaultFunctionName_Defined</td>
<td class="failures">0.206s</td>
<td class="failures">failed</td>
</tr>
<tr>
<td class="failures">testDiffParamCount_ReplaceFunctionNameAlways</td>
<td class="failures">0.202s</td>
<td class="failures">failed</td>
</tr>
<tr>
<td class="failures">testDiffParamCount_ReplaceFunctionNameAlways_Defined</td>
<td class="failures">0.202s</td>
<td class="failures">failed</td>
</tr>
<tr>
<td class="failures">testDiffParamCount_ReplaceSignature</td>
<td class="failures">0.215s</td>
<td class="failures">failed</td>
</tr>
<tr>
<td class="failures">testDiffParamCount_ReplaceSignatureReplaceNamesExcludeNoReturn</td>
<td class="failures">0.205s</td>
<td class="failures">failed</td>
</tr>
<tr>
<td class="failures">testDiffParamCount_ReplaceSignatureReplaceNames_ExcludeOtherInline</td>
<td class="failures">0.304s</td>
<td class="failures">failed</td>
</tr>
<tr>
<td class="failures">testDiffParamCount_ReplaceSignatureReplaceParameterNames</td>
<td class="failures">0.203s</td>
<td class="failures">failed</td>
</tr>
<tr>
<td class="failures">testDiffParamCount_ReplaceSignature_DontReplaceWithLessDefinedDataTypes</td>
<td class="failures">0.407s</td>
<td class="failures">failed</td>
</tr>
<tr>
<td class="failures">testDiffParamCount_ReplaceSignature_ExcludeParameterNames</td>
<td class="failures">0.212s</td>
<td class="failures">failed</td>
</tr>
<tr>
<td class="failures">testDiffParamCount_ReplaceSignature_ReplaceAllDataTypes</td>
<td class="failures">0.209s</td>
<td class="failures">failed</td>
</tr>
<tr>
<td class="failures">testDiffParamCount_ReplaceSignature_ReplaceDefaultWithUndefinedDataType</td>
<td class="failures">0.312s</td>
<td class="failures">failed</td>
</tr>
<tr>
<td class="failures">testDiffParamCount_ReplaceSignature_ReplaceNames</td>
<td class="failures">0.305s</td>
<td class="failures">failed</td>
</tr>
<tr>
<td class="failures">testDiffParamCount_ReplaceSignature_ReplaceNamesExcludeOther_NoReturn</td>
<td class="failures">0.202s</td>
<td class="failures">failed</td>
</tr>
<tr>
<td class="failures">testDiffParamCount_ReplaceSignature_ReplaceNamesUsingImportPriority</td>
<td class="failures">0.308s</td>
<td class="failures">failed</td>
</tr>
<tr>
<td class="failures">testDiffParamCount_ReplaceSignature_ReplaceNames_ExcludeInline</td>
<td class="failures">0.202s</td>
<td class="failures">failed</td>
</tr>
<tr>
<td class="failures">testDiffParamCount_ReplaceSignature_ReplaceNames_SetInline</td>
<td class="failures">0.203s</td>
<td class="failures">failed</td>
</tr>
<tr>
<td class="failures">testDiffParamCount_ReplaceSignature_ReplaceNames_SetNoReturn</td>
<td class="failures">0.203s</td>
<td class="failures">failed</td>
</tr>
<tr>
<td class="failures">testDiffParamCount_ReplaceSignature_ReplaceNames_UnsetInline</td>
<td class="failures">0.304s</td>
<td class="failures">failed</td>
</tr>
<tr>
<td class="failures">testDiffParamCount_ReplaceSignature_ReplaceNames_UnsetNoReturn</td>
<td class="failures">0.204s</td>
<td class="failures">failed</td>
</tr>
<tr>
<td class="failures">testDiffParamCount_ReplaceSignature_ReplaceUndefinedDataTypes</td>
<td class="failures">0.203s</td>
<td class="failures">failed</td>
</tr>
</table>
</div>
<div id="tab2" class="tab">
<h2>Standard output</h2>
<span class="code">
<pre>Created test directory: /home/lcf/repo/190904/ghidra/Ghidra/Features/VersionTracking/build/Ghidra_test_4d490e35-fde4-4a11-8abe-b0a58d20f117/temp.data
14:37:09 INFO  Using log config file: file:/home/lcf/repo/190904/ghidra/Ghidra/Framework/Generic/src/main/resources/generic.log4jtest.xml   (LoggingInitialization.java:59) 
14:37:09 INFO  Using log file: /home/lcf/repo/190904/ghidra/Ghidra/Features/VersionTracking/build/Ghidra_test_4d490e35-fde4-4a11-8abe-b0a58d20f117/temp.data/application.log   (LoggingInitialization.java:60) 
14:37:09 INFO  Loading user preferences: /home/lcf/repo/190904/ghidra/Ghidra/Features/VersionTracking/build/Ghidra_test_4d490e35-fde4-4a11-8abe-b0a58d20f117/temp.data/preferences   (Preferences.java:122) 
14:37:10 INFO  Class search complete (501 ms)   (ClassSearcher.java:250) 
14:37:10 DEBUG Wed Sep 04 14:37:10 CST 2019
***** STARTING Test: FunctionSignatureDifferentParameterCountMarkupOptionsTest - testDiffParamCount_Replace3To2Signature_OverwriteParameterComments *****   (AbstractGenericTest.java:114) 
14:37:11 WARN  Test data file not found: VersionTracking/WallaceSrc.gzf   (AbstractGenericTest.java:381) 
14:37:11 WARN  Test data file not found: VersionTracking/WallaceSrc.xml   (AbstractGenericTest.java:381) 
14:37:11 INFO  Test program not found: VersionTracking/WallaceSrc   (TestProgramManager.java:351) 
14:37:11 WARN  Test data file not found: VersionTracking/WallaceVersion2.gzf   (AbstractGenericTest.java:381) 
14:37:11 WARN  Test data file not found: VersionTracking/WallaceVersion2.xml   (AbstractGenericTest.java:381) 
14:37:11 INFO  Test program not found: VersionTracking/WallaceVersion2   (TestProgramManager.java:351) 
14:37:11 DEBUG 	✖ FAILED Test: FunctionSignatureDifferentParameterCountMarkupOptionsTest - testDiffParamCount_Replace3To2Signature_OverwriteParameterComments ✖	   (AbstractGenericTest.java:114) 
14:37:11 DEBUG Wed Sep 04 14:37:11 CST 2019
***** STARTING Test: FunctionSignatureDifferentParameterCountMarkupOptionsTest - testDiffParamCount_ReplaceSignature_DontReplaceWithLessDefinedDataTypes *****   (AbstractGenericTest.java:114) 
14:37:11 WARN  Test data file not found: VersionTracking/WallaceSrc.gzf   (AbstractGenericTest.java:381) 
14:37:11 WARN  Test data file not found: VersionTracking/WallaceSrc.xml   (AbstractGenericTest.java:381) 
14:37:11 INFO  Test program not found: VersionTracking/WallaceSrc   (TestProgramManager.java:351) 
14:37:11 WARN  Test data file not found: VersionTracking/WallaceVersion2.gzf   (AbstractGenericTest.java:381) 
14:37:11 WARN  Test data file not found: VersionTracking/WallaceVersion2.xml   (AbstractGenericTest.java:381) 
14:37:11 INFO  Test program not found: VersionTracking/WallaceVersion2   (TestProgramManager.java:351) 
14:37:12 DEBUG 	✖ FAILED Test: FunctionSignatureDifferentParameterCountMarkupOptionsTest - testDiffParamCount_ReplaceSignature_DontReplaceWithLessDefinedDataTypes ✖	   (AbstractGenericTest.java:114) 
14:37:12 DEBUG Wed Sep 04 14:37:12 CST 2019
***** STARTING Test: FunctionSignatureDifferentParameterCountMarkupOptionsTest - testDiffParamCount_DontReplaceSignature *****   (AbstractGenericTest.java:114) 
14:37:12 WARN  Test data file not found: VersionTracking/WallaceSrc.gzf   (AbstractGenericTest.java:381) 
14:37:12 WARN  Test data file not found: VersionTracking/WallaceSrc.xml   (AbstractGenericTest.java:381) 
14:37:12 INFO  Test program not found: VersionTracking/WallaceSrc   (TestProgramManager.java:351) 
14:37:12 WARN  Test data file not found: VersionTracking/WallaceVersion2.gzf   (AbstractGenericTest.java:381) 
14:37:12 WARN  Test data file not found: VersionTracking/WallaceVersion2.xml   (AbstractGenericTest.java:381) 
14:37:12 INFO  Test program not found: VersionTracking/WallaceVersion2   (TestProgramManager.java:351) 
14:37:12 DEBUG 	✖ FAILED Test: FunctionSignatureDifferentParameterCountMarkupOptionsTest - testDiffParamCount_DontReplaceSignature ✖	   (AbstractGenericTest.java:114) 
14:37:12 DEBUG Wed Sep 04 14:37:12 CST 2019
***** STARTING Test: FunctionSignatureDifferentParameterCountMarkupOptionsTest - testDiffParamCount_ReplaceSignature_ReplaceNamesUsingImportPriority *****   (AbstractGenericTest.java:114) 
14:37:12 WARN  Test data file not found: VersionTracking/WallaceSrc.gzf   (AbstractGenericTest.java:381) 
14:37:12 WARN  Test data file not found: VersionTracking/WallaceSrc.xml   (AbstractGenericTest.java:381) 
14:37:12 INFO  Test program not found: VersionTracking/WallaceSrc   (TestProgramManager.java:351) 
14:37:12 WARN  Test data file not found: VersionTracking/WallaceVersion2.gzf   (AbstractGenericTest.java:381) 
14:37:12 WARN  Test data file not found: VersionTracking/WallaceVersion2.xml   (AbstractGenericTest.java:381) 
14:37:12 INFO  Test program not found: VersionTracking/WallaceVersion2   (TestProgramManager.java:351) 
14:37:12 DEBUG 	✖ FAILED Test: FunctionSignatureDifferentParameterCountMarkupOptionsTest - testDiffParamCount_ReplaceSignature_ReplaceNamesUsingImportPriority ✖	   (AbstractGenericTest.java:114) 
14:37:12 DEBUG Wed Sep 04 14:37:12 CST 2019
***** STARTING Test: FunctionSignatureDifferentParameterCountMarkupOptionsTest - testDiffParamCount_ReplaceSignature_ReplaceNames_UnsetInline *****   (AbstractGenericTest.java:114) 
14:37:12 WARN  Test data file not found: VersionTracking/WallaceSrc.gzf   (AbstractGenericTest.java:381) 
14:37:12 WARN  Test data file not found: VersionTracking/WallaceSrc.xml   (AbstractGenericTest.java:381) 
14:37:12 INFO  Test program not found: VersionTracking/WallaceSrc   (TestProgramManager.java:351) 
14:37:12 WARN  Test data file not found: VersionTracking/WallaceVersion2.gzf   (AbstractGenericTest.java:381) 
14:37:12 WARN  Test data file not found: VersionTracking/WallaceVersion2.xml   (AbstractGenericTest.java:381) 
14:37:12 INFO  Test program not found: VersionTracking/WallaceVersion2   (TestProgramManager.java:351) 
14:37:13 DEBUG 	✖ FAILED Test: FunctionSignatureDifferentParameterCountMarkupOptionsTest - testDiffParamCount_ReplaceSignature_ReplaceNames_UnsetInline ✖	   (AbstractGenericTest.java:114) 
14:37:13 DEBUG Wed Sep 04 14:37:13 CST 2019
***** STARTING Test: FunctionSignatureDifferentParameterCountMarkupOptionsTest - testDiffParamCount_ReplaceSignature_ReplaceNames *****   (AbstractGenericTest.java:114) 
14:37:13 WARN  Test data file not found: VersionTracking/WallaceSrc.gzf   (AbstractGenericTest.java:381) 
14:37:13 WARN  Test data file not found: VersionTracking/WallaceSrc.xml   (AbstractGenericTest.java:381) 
14:37:13 INFO  Test program not found: VersionTracking/WallaceSrc   (TestProgramManager.java:351) 
14:37:13 WARN  Test data file not found: VersionTracking/WallaceVersion2.gzf   (AbstractGenericTest.java:381) 
14:37:13 WARN  Test data file not found: VersionTracking/WallaceVersion2.xml   (AbstractGenericTest.java:381) 
14:37:13 INFO  Test program not found: VersionTracking/WallaceVersion2   (TestProgramManager.java:351) 
14:37:13 DEBUG 	✖ FAILED Test: FunctionSignatureDifferentParameterCountMarkupOptionsTest - testDiffParamCount_ReplaceSignature_ReplaceNames ✖	   (AbstractGenericTest.java:114) 
14:37:13 DEBUG Wed Sep 04 14:37:13 CST 2019
***** STARTING Test: FunctionSignatureDifferentParameterCountMarkupOptionsTest - testDiffParamCount_ReplaceSignatureReplaceNames_ExcludeOtherInline *****   (AbstractGenericTest.java:114) 
14:37:13 WARN  Test data file not found: VersionTracking/WallaceSrc.gzf   (AbstractGenericTest.java:381) 
14:37:13 WARN  Test data file not found: VersionTracking/WallaceSrc.xml   (AbstractGenericTest.java:381) 
14:37:13 INFO  Test program not found: VersionTracking/WallaceSrc   (TestProgramManager.java:351) 
14:37:13 WARN  Test data file not found: VersionTracking/WallaceVersion2.gzf   (AbstractGenericTest.java:381) 
14:37:13 WARN  Test data file not found: VersionTracking/WallaceVersion2.xml   (AbstractGenericTest.java:381) 
14:37:13 INFO  Test program not found: VersionTracking/WallaceVersion2   (TestProgramManager.java:351) 
14:37:13 DEBUG 	✖ FAILED Test: FunctionSignatureDifferentParameterCountMarkupOptionsTest - testDiffParamCount_ReplaceSignatureReplaceNames_ExcludeOtherInline ✖	   (AbstractGenericTest.java:114) 
14:37:13 DEBUG Wed Sep 04 14:37:13 CST 2019
***** STARTING Test: FunctionSignatureDifferentParameterCountMarkupOptionsTest - testDiffParamCount_ReplaceDefaultFunctionName *****   (AbstractGenericTest.java:114) 
14:37:13 WARN  Test data file not found: VersionTracking/WallaceSrc.gzf   (AbstractGenericTest.java:381) 
14:37:13 WARN  Test data file not found: VersionTracking/WallaceSrc.xml   (AbstractGenericTest.java:381) 
14:37:13 INFO  Test program not found: VersionTracking/WallaceSrc   (TestProgramManager.java:351) 
14:37:13 WARN  Test data file not found: VersionTracking/WallaceVersion2.gzf   (AbstractGenericTest.java:381) 
14:37:13 WARN  Test data file not found: VersionTracking/WallaceVersion2.xml   (AbstractGenericTest.java:381) 
14:37:13 INFO  Test program not found: VersionTracking/WallaceVersion2   (TestProgramManager.java:351) 
14:37:13 DEBUG 	✖ FAILED Test: FunctionSignatureDifferentParameterCountMarkupOptionsTest - testDiffParamCount_ReplaceDefaultFunctionName ✖	   (AbstractGenericTest.java:114) 
14:37:13 DEBUG Wed Sep 04 14:37:13 CST 2019
***** STARTING Test: FunctionSignatureDifferentParameterCountMarkupOptionsTest - testDiffParamCount_ReplaceSignatureReplaceNamesExcludeNoReturn *****   (AbstractGenericTest.java:114) 
14:37:14 WARN  Test data file not found: VersionTracking/WallaceSrc.gzf   (AbstractGenericTest.java:381) 
14:37:14 WARN  Test data file not found: VersionTracking/WallaceSrc.xml   (AbstractGenericTest.java:381) 
14:37:14 INFO  Test program not found: VersionTracking/WallaceSrc   (TestProgramManager.java:351) 
14:37:14 WARN  Test data file not found: VersionTracking/WallaceVersion2.gzf   (AbstractGenericTest.java:381) 
14:37:14 WARN  Test data file not found: VersionTracking/WallaceVersion2.xml   (AbstractGenericTest.java:381) 
14:37:14 INFO  Test program not found: VersionTracking/WallaceVersion2   (TestProgramManager.java:351) 
14:37:14 DEBUG 	✖ FAILED Test: FunctionSignatureDifferentParameterCountMarkupOptionsTest - testDiffParamCount_ReplaceSignatureReplaceNamesExcludeNoReturn ✖	   (AbstractGenericTest.java:114) 
14:37:14 DEBUG Wed Sep 04 14:37:14 CST 2019
***** STARTING Test: FunctionSignatureDifferentParameterCountMarkupOptionsTest - testDiffParamCount_ReplaceSignature_ExcludeParameterNames *****   (AbstractGenericTest.java:114) 
14:37:14 WARN  Test data file not found: VersionTracking/WallaceSrc.gzf   (AbstractGenericTest.java:381) 
14:37:14 WARN  Test data file not found: VersionTracking/WallaceSrc.xml   (AbstractGenericTest.java:381) 
14:37:14 INFO  Test program not found: VersionTracking/WallaceSrc   (TestProgramManager.java:351) 
14:37:14 WARN  Test data file not found: VersionTracking/WallaceVersion2.gzf   (AbstractGenericTest.java:381) 
14:37:14 WARN  Test data file not found: VersionTracking/WallaceVersion2.xml   (AbstractGenericTest.java:381) 
14:37:14 INFO  Test program not found: VersionTracking/WallaceVersion2   (TestProgramManager.java:351) 
14:37:14 DEBUG 	✖ FAILED Test: FunctionSignatureDifferentParameterCountMarkupOptionsTest - testDiffParamCount_ReplaceSignature_ExcludeParameterNames ✖	   (AbstractGenericTest.java:114) 
14:37:14 DEBUG Wed Sep 04 14:37:14 CST 2019
***** STARTING Test: FunctionSignatureDifferentParameterCountMarkupOptionsTest - testDiffParamCount_ReplaceSignature_ReplaceDefaultWithUndefinedDataType *****   (AbstractGenericTest.java:114) 
14:37:14 WARN  Test data file not found: VersionTracking/WallaceSrc.gzf   (AbstractGenericTest.java:381) 
14:37:14 WARN  Test data file not found: VersionTracking/WallaceSrc.xml   (AbstractGenericTest.java:381) 
14:37:14 INFO  Test program not found: VersionTracking/WallaceSrc   (TestProgramManager.java:351) 
14:37:14 WARN  Test data file not found: VersionTracking/WallaceVersion2.gzf   (AbstractGenericTest.java:381) 
14:37:14 WARN  Test data file not found: VersionTracking/WallaceVersion2.xml   (AbstractGenericTest.java:381) 
14:37:14 INFO  Test program not found: VersionTracking/WallaceVersion2   (TestProgramManager.java:351) 
14:37:14 DEBUG 	✖ FAILED Test: FunctionSignatureDifferentParameterCountMarkupOptionsTest - testDiffParamCount_ReplaceSignature_ReplaceDefaultWithUndefinedDataType ✖	   (AbstractGenericTest.java:114) 
14:37:14 DEBUG Wed Sep 04 14:37:14 CST 2019
***** STARTING Test: FunctionSignatureDifferentParameterCountMarkupOptionsTest - testDiffParamCount_ReplaceSignatureReplaceParameterNames *****   (AbstractGenericTest.java:114) 
14:37:14 WARN  Test data file not found: VersionTracking/WallaceSrc.gzf   (AbstractGenericTest.java:381) 
14:37:14 WARN  Test data file not found: VersionTracking/WallaceSrc.xml   (AbstractGenericTest.java:381) 
14:37:14 INFO  Test program not found: VersionTracking/WallaceSrc   (TestProgramManager.java:351) 
14:37:14 WARN  Test data file not found: VersionTracking/WallaceVersion2.gzf   (AbstractGenericTest.java:381) 
14:37:14 WARN  Test data file not found: VersionTracking/WallaceVersion2.xml   (AbstractGenericTest.java:381) 
14:37:14 INFO  Test program not found: VersionTracking/WallaceVersion2   (TestProgramManager.java:351) 
14:37:14 DEBUG 	✖ FAILED Test: FunctionSignatureDifferentParameterCountMarkupOptionsTest - testDiffParamCount_ReplaceSignatureReplaceParameterNames ✖	   (AbstractGenericTest.java:114) 
14:37:14 DEBUG Wed Sep 04 14:37:14 CST 2019
***** STARTING Test: FunctionSignatureDifferentParameterCountMarkupOptionsTest - testDiffParamCount_ReplaceSignature_ReplaceUndefinedDataTypes *****   (AbstractGenericTest.java:114) 
14:37:14 WARN  Test data file not found: VersionTracking/WallaceSrc.gzf   (AbstractGenericTest.java:381) 
14:37:14 WARN  Test data file not found: VersionTracking/WallaceSrc.xml   (AbstractGenericTest.java:381) 
14:37:14 INFO  Test program not found: VersionTracking/WallaceSrc   (TestProgramManager.java:351) 
14:37:14 WARN  Test data file not found: VersionTracking/WallaceVersion2.gzf   (AbstractGenericTest.java:381) 
14:37:14 WARN  Test data file not found: VersionTracking/WallaceVersion2.xml   (AbstractGenericTest.java:381) 
14:37:14 INFO  Test program not found: VersionTracking/WallaceVersion2   (TestProgramManager.java:351) 
14:37:15 DEBUG 	✖ FAILED Test: FunctionSignatureDifferentParameterCountMarkupOptionsTest - testDiffParamCount_ReplaceSignature_ReplaceUndefinedDataTypes ✖	   (AbstractGenericTest.java:114) 
14:37:15 DEBUG Wed Sep 04 14:37:15 CST 2019
***** STARTING Test: FunctionSignatureDifferentParameterCountMarkupOptionsTest - testDiffParamCount_ReplaceSignature_ReplaceNames_SetNoReturn *****   (AbstractGenericTest.java:114) 
14:37:15 WARN  Test data file not found: VersionTracking/WallaceSrc.gzf   (AbstractGenericTest.java:381) 
14:37:15 WARN  Test data file not found: VersionTracking/WallaceSrc.xml   (AbstractGenericTest.java:381) 
14:37:15 INFO  Test program not found: VersionTracking/WallaceSrc   (TestProgramManager.java:351) 
14:37:15 WARN  Test data file not found: VersionTracking/WallaceVersion2.gzf   (AbstractGenericTest.java:381) 
14:37:15 WARN  Test data file not found: VersionTracking/WallaceVersion2.xml   (AbstractGenericTest.java:381) 
14:37:15 INFO  Test program not found: VersionTracking/WallaceVersion2   (TestProgramManager.java:351) 
14:37:15 DEBUG 	✖ FAILED Test: FunctionSignatureDifferentParameterCountMarkupOptionsTest - testDiffParamCount_ReplaceSignature_ReplaceNames_SetNoReturn ✖	   (AbstractGenericTest.java:114) 
14:37:15 DEBUG Wed Sep 04 14:37:15 CST 2019
***** STARTING Test: FunctionSignatureDifferentParameterCountMarkupOptionsTest - testDiffParamCount_ReplaceSignature_ReplaceAllDataTypes *****   (AbstractGenericTest.java:114) 
14:37:15 WARN  Test data file not found: VersionTracking/WallaceSrc.gzf   (AbstractGenericTest.java:381) 
14:37:15 WARN  Test data file not found: VersionTracking/WallaceSrc.xml   (AbstractGenericTest.java:381) 
14:37:15 INFO  Test program not found: VersionTracking/WallaceSrc   (TestProgramManager.java:351) 
14:37:15 WARN  Test data file not found: VersionTracking/WallaceVersion2.gzf   (AbstractGenericTest.java:381) 
14:37:15 WARN  Test data file not found: VersionTracking/WallaceVersion2.xml   (AbstractGenericTest.java:381) 
14:37:15 INFO  Test program not found: VersionTracking/WallaceVersion2   (TestProgramManager.java:351) 
14:37:15 DEBUG 	✖ FAILED Test: FunctionSignatureDifferentParameterCountMarkupOptionsTest - testDiffParamCount_ReplaceSignature_ReplaceAllDataTypes ✖	   (AbstractGenericTest.java:114) 
14:37:15 DEBUG Wed Sep 04 14:37:15 CST 2019
***** STARTING Test: FunctionSignatureDifferentParameterCountMarkupOptionsTest - testDiffParamCount_ReplaceSignature_ReplaceNames_UnsetNoReturn *****   (AbstractGenericTest.java:114) 
14:37:15 WARN  Test data file not found: VersionTracking/WallaceSrc.gzf   (AbstractGenericTest.java:381) 
14:37:15 WARN  Test data file not found: VersionTracking/WallaceSrc.xml   (AbstractGenericTest.java:381) 
14:37:15 INFO  Test program not found: VersionTracking/WallaceSrc   (TestProgramManager.java:351) 
14:37:15 WARN  Test data file not found: VersionTracking/WallaceVersion2.gzf   (AbstractGenericTest.java:381) 
14:37:15 WARN  Test data file not found: VersionTracking/WallaceVersion2.xml   (AbstractGenericTest.java:381) 
14:37:15 INFO  Test program not found: VersionTracking/WallaceVersion2   (TestProgramManager.java:351) 
14:37:15 DEBUG 	✖ FAILED Test: FunctionSignatureDifferentParameterCountMarkupOptionsTest - testDiffParamCount_ReplaceSignature_ReplaceNames_UnsetNoReturn ✖	   (AbstractGenericTest.java:114) 
14:37:15 DEBUG Wed Sep 04 14:37:15 CST 2019
***** STARTING Test: FunctionSignatureDifferentParameterCountMarkupOptionsTest - testDiffParamCount_ReplaceSignature_ReplaceNamesExcludeOther_NoReturn *****   (AbstractGenericTest.java:114) 
14:37:15 WARN  Test data file not found: VersionTracking/WallaceSrc.gzf   (AbstractGenericTest.java:381) 
14:37:15 WARN  Test data file not found: VersionTracking/WallaceSrc.xml   (AbstractGenericTest.java:381) 
14:37:15 INFO  Test program not found: VersionTracking/WallaceSrc   (TestProgramManager.java:351) 
14:37:15 WARN  Test data file not found: VersionTracking/WallaceVersion2.gzf   (AbstractGenericTest.java:381) 
14:37:15 WARN  Test data file not found: VersionTracking/WallaceVersion2.xml   (AbstractGenericTest.java:381) 
14:37:15 INFO  Test program not found: VersionTracking/WallaceVersion2   (TestProgramManager.java:351) 
14:37:15 DEBUG 	✖ FAILED Test: FunctionSignatureDifferentParameterCountMarkupOptionsTest - testDiffParamCount_ReplaceSignature_ReplaceNamesExcludeOther_NoReturn ✖	   (AbstractGenericTest.java:114) 
14:37:15 DEBUG Wed Sep 04 14:37:15 CST 2019
***** STARTING Test: FunctionSignatureDifferentParameterCountMarkupOptionsTest - testDiffParamCount_Replace2To3Signature_OverwriteParameterComments *****   (AbstractGenericTest.java:114) 
14:37:15 WARN  Test data file not found: VersionTracking/WallaceSrc.gzf   (AbstractGenericTest.java:381) 
14:37:15 WARN  Test data file not found: VersionTracking/WallaceSrc.xml   (AbstractGenericTest.java:381) 
14:37:15 INFO  Test program not found: VersionTracking/WallaceSrc   (TestProgramManager.java:351) 
14:37:15 WARN  Test data file not found: VersionTracking/WallaceVersion2.gzf   (AbstractGenericTest.java:381) 
14:37:15 WARN  Test data file not found: VersionTracking/WallaceVersion2.xml   (AbstractGenericTest.java:381) 
14:37:15 INFO  Test program not found: VersionTracking/WallaceVersion2   (TestProgramManager.java:351) 
14:37:16 DEBUG 	✖ FAILED Test: FunctionSignatureDifferentParameterCountMarkupOptionsTest - testDiffParamCount_Replace2To3Signature_OverwriteParameterComments ✖	   (AbstractGenericTest.java:114) 
14:37:16 DEBUG Wed Sep 04 14:37:16 CST 2019
***** STARTING Test: FunctionSignatureDifferentParameterCountMarkupOptionsTest - testDiffParamCount_ReplaceFunctionNameAlways_Defined *****   (AbstractGenericTest.java:114) 
14:37:16 WARN  Test data file not found: VersionTracking/WallaceSrc.gzf   (AbstractGenericTest.java:381) 
14:37:16 WARN  Test data file not found: VersionTracking/WallaceSrc.xml   (AbstractGenericTest.java:381) 
14:37:16 INFO  Test program not found: VersionTracking/WallaceSrc   (TestProgramManager.java:351) 
14:37:16 WARN  Test data file not found: VersionTracking/WallaceVersion2.gzf   (AbstractGenericTest.java:381) 
14:37:16 WARN  Test data file not found: VersionTracking/WallaceVersion2.xml   (AbstractGenericTest.java:381) 
14:37:16 INFO  Test program not found: VersionTracking/WallaceVersion2   (TestProgramManager.java:351) 
14:37:16 DEBUG 	✖ FAILED Test: FunctionSignatureDifferentParameterCountMarkupOptionsTest - testDiffParamCount_ReplaceFunctionNameAlways_Defined ✖	   (AbstractGenericTest.java:114) 
14:37:16 DEBUG Wed Sep 04 14:37:16 CST 2019
***** STARTING Test: FunctionSignatureDifferentParameterCountMarkupOptionsTest - testDiffParamCount_ReplaceDefaultFunctionName_Defined *****   (AbstractGenericTest.java:114) 
14:37:16 WARN  Test data file not found: VersionTracking/WallaceSrc.gzf   (AbstractGenericTest.java:381) 
14:37:16 WARN  Test data file not found: VersionTracking/WallaceSrc.xml   (AbstractGenericTest.java:381) 
14:37:16 INFO  Test program not found: VersionTracking/WallaceSrc   (TestProgramManager.java:351) 
14:37:16 WARN  Test data file not found: VersionTracking/WallaceVersion2.gzf   (AbstractGenericTest.java:381) 
14:37:16 WARN  Test data file not found: VersionTracking/WallaceVersion2.xml   (AbstractGenericTest.java:381) 
14:37:16 INFO  Test program not found: VersionTracking/WallaceVersion2   (TestProgramManager.java:351) 
14:37:16 DEBUG 	✖ FAILED Test: FunctionSignatureDifferentParameterCountMarkupOptionsTest - testDiffParamCount_ReplaceDefaultFunctionName_Defined ✖	   (AbstractGenericTest.java:114) 
14:37:16 DEBUG Wed Sep 04 14:37:16 CST 2019
***** STARTING Test: FunctionSignatureDifferentParameterCountMarkupOptionsTest - testDiffParamCount_ReplaceSignature_ReplaceNames_SetInline *****   (AbstractGenericTest.java:114) 
14:37:16 WARN  Test data file not found: VersionTracking/WallaceSrc.gzf   (AbstractGenericTest.java:381) 
14:37:16 WARN  Test data file not found: VersionTracking/WallaceSrc.xml   (AbstractGenericTest.java:381) 
14:37:16 INFO  Test program not found: VersionTracking/WallaceSrc   (TestProgramManager.java:351) 
14:37:16 WARN  Test data file not found: VersionTracking/WallaceVersion2.gzf   (AbstractGenericTest.java:381) 
14:37:16 WARN  Test data file not found: VersionTracking/WallaceVersion2.xml   (AbstractGenericTest.java:381) 
14:37:16 INFO  Test program not found: VersionTracking/WallaceVersion2   (TestProgramManager.java:351) 
14:37:16 DEBUG 	✖ FAILED Test: FunctionSignatureDifferentParameterCountMarkupOptionsTest - testDiffParamCount_ReplaceSignature_ReplaceNames_SetInline ✖	   (AbstractGenericTest.java:114) 
14:37:16 DEBUG Wed Sep 04 14:37:16 CST 2019
***** STARTING Test: FunctionSignatureDifferentParameterCountMarkupOptionsTest - testDiffParamCount_ReplaceSignature_ReplaceNames_ExcludeInline *****   (AbstractGenericTest.java:114) 
14:37:16 WARN  Test data file not found: VersionTracking/WallaceSrc.gzf   (AbstractGenericTest.java:381) 
14:37:16 WARN  Test data file not found: VersionTracking/WallaceSrc.xml   (AbstractGenericTest.java:381) 
14:37:16 INFO  Test program not found: VersionTracking/WallaceSrc   (TestProgramManager.java:351) 
14:37:16 WARN  Test data file not found: VersionTracking/WallaceVersion2.gzf   (AbstractGenericTest.java:381) 
14:37:16 WARN  Test data file not found: VersionTracking/WallaceVersion2.xml   (AbstractGenericTest.java:381) 
14:37:16 INFO  Test program not found: VersionTracking/WallaceVersion2   (TestProgramManager.java:351) 
14:37:16 DEBUG 	✖ FAILED Test: FunctionSignatureDifferentParameterCountMarkupOptionsTest - testDiffParamCount_ReplaceSignature_ReplaceNames_ExcludeInline ✖	   (AbstractGenericTest.java:114) 
14:37:16 DEBUG Wed Sep 04 14:37:16 CST 2019
***** STARTING Test: FunctionSignatureDifferentParameterCountMarkupOptionsTest - testDiffParamCount_ReplaceFunctionNameAlways *****   (AbstractGenericTest.java:114) 
14:37:17 WARN  Test data file not found: VersionTracking/WallaceSrc.gzf   (AbstractGenericTest.java:381) 
14:37:17 WARN  Test data file not found: VersionTracking/WallaceSrc.xml   (AbstractGenericTest.java:381) 
14:37:17 INFO  Test program not found: VersionTracking/WallaceSrc   (TestProgramManager.java:351) 
14:37:17 WARN  Test data file not found: VersionTracking/WallaceVersion2.gzf   (AbstractGenericTest.java:381) 
14:37:17 WARN  Test data file not found: VersionTracking/WallaceVersion2.xml   (AbstractGenericTest.java:381) 
14:37:17 INFO  Test program not found: VersionTracking/WallaceVersion2   (TestProgramManager.java:351) 
14:37:17 DEBUG 	✖ FAILED Test: FunctionSignatureDifferentParameterCountMarkupOptionsTest - testDiffParamCount_ReplaceFunctionNameAlways ✖	   (AbstractGenericTest.java:114) 
14:37:17 DEBUG Wed Sep 04 14:37:17 CST 2019
***** STARTING Test: FunctionSignatureDifferentParameterCountMarkupOptionsTest - testDiffParamCount_ReplaceSignature *****   (AbstractGenericTest.java:114) 
14:37:17 WARN  Test data file not found: VersionTracking/WallaceSrc.gzf   (AbstractGenericTest.java:381) 
14:37:17 WARN  Test data file not found: VersionTracking/WallaceSrc.xml   (AbstractGenericTest.java:381) 
14:37:17 INFO  Test program not found: VersionTracking/WallaceSrc   (TestProgramManager.java:351) 
14:37:17 WARN  Test data file not found: VersionTracking/WallaceVersion2.gzf   (AbstractGenericTest.java:381) 
14:37:17 WARN  Test data file not found: VersionTracking/WallaceVersion2.xml   (AbstractGenericTest.java:381) 
14:37:17 INFO  Test program not found: VersionTracking/WallaceVersion2   (TestProgramManager.java:351) 
14:37:17 DEBUG 	✖ FAILED Test: FunctionSignatureDifferentParameterCountMarkupOptionsTest - testDiffParamCount_ReplaceSignature ✖	   (AbstractGenericTest.java:114) 
</pre>
</span>
</div>
</div>
<div id="footer">
<p>
<div>
<label class="hidden" id="label-for-line-wrapping-toggle" for="line-wrapping-toggle">Wrap lines
<input id="line-wrapping-toggle" type="checkbox" autocomplete="off"/>
</label>
</div>Generated by 
<a href="http://www.gradle.org">Gradle 5.6.1</a> at Sep 4, 2019, 2:39:47 PM</p>
</div>
</div>
</body>
</html>
