<!DOCTYPE html>
<html>
<head>
<meta http-equiv="Content-Type" content="text/html; charset=utf-8"/>
<meta http-equiv="x-ua-compatible" content="IE=edge"/>
<title>Test results - Class ghidra.feature.vt.api.markupitem.FunctionSignatureMarkupTest</title>
<link href="../css/base-style.css" rel="stylesheet" type="text/css"/>
<link href="../css/style.css" rel="stylesheet" type="text/css"/>
<script src="../js/report.js" type="text/javascript"></script>
</head>
<body>
<div id="content">
<h1>Class ghidra.feature.vt.api.markupitem.FunctionSignatureMarkupTest</h1>
<div class="breadcrumbs">
<a href="../index.html">all</a> &gt; 
<a href="../packages/ghidra.feature.vt.api.markupitem.html">ghidra.feature.vt.api.markupitem</a> &gt; FunctionSignatureMarkupTest</div>
<div id="summary">
<table>
<tr>
<td>
<div class="summaryGroup">
<table>
<tr>
<td>
<div class="infoBox" id="tests">
<div class="counter">8</div>
<p>tests</p>
</div>
</td>
<td>
<div class="infoBox" id="failures">
<div class="counter">8</div>
<p>failures</p>
</div>
</td>
<td>
<div class="infoBox" id="ignored">
<div class="counter">0</div>
<p>ignored</p>
</div>
</td>
<td>
<div class="infoBox" id="duration">
<div class="counter">3.462s</div>
<p>duration</p>
</div>
</td>
</tr>
</table>
</div>
</td>
<td>
<div class="infoBox failures" id="successRate">
<div class="percent">0%</div>
<p>successful</p>
</div>
</td>
</tr>
</table>
</div>
<div id="tabs">
<ul class="tabLinks">
<li>
<a href="#tab0">Failed tests</a>
</li>
<li>
<a href="#tab1">Tests</a>
</li>
<li>
<a href="#tab2">Standard output</a>
</li>
</ul>
<div id="tab0" class="tab">
<h2>Failed tests</h2>
<div class="test">
<a name="testApplyMarkup_ReplaceSignatureReplaceNames_2To3"></a>
<h3 class="failures">testApplyMarkup_ReplaceSignatureReplaceNames_2To3</h3>
<span class="code">
<pre>java.lang.NullPointerException
	at ghidra.feature.vt.api.db.VTSessionDB.initializePrograms(VTSessionDB.java:138)
	at ghidra.feature.vt.api.db.VTSessionDB.createVTSession(VTSessionDB.java:87)
	at ghidra.feature.vt.gui.VTTestEnv.createAndOpenVTSession(VTTestEnv.java:115)
	at ghidra.feature.vt.gui.VTTestEnv.createSession(VTTestEnv.java:105)
	at ghidra.feature.vt.api.markupitem.AbstractFunctionSignatureMarkupTest.setUp(AbstractFunctionSignatureMarkupTest.java:110)
	at generic.test.TestThread.run(TestThread.java:106)
</pre>
</span>
</div>
<div class="test">
<a name="testApplyMarkup_ReplaceSignature_2To2_ThisToThis_AppendComments"></a>
<h3 class="failures">testApplyMarkup_ReplaceSignature_2To2_ThisToThis_AppendComments</h3>
<span class="code">
<pre>java.lang.NullPointerException
	at ghidra.feature.vt.api.db.VTSessionDB.initializePrograms(VTSessionDB.java:138)
	at ghidra.feature.vt.api.db.VTSessionDB.createVTSession(VTSessionDB.java:87)
	at ghidra.feature.vt.gui.VTTestEnv.createAndOpenVTSession(VTTestEnv.java:115)
	at ghidra.feature.vt.gui.VTTestEnv.createSession(VTTestEnv.java:105)
	at ghidra.feature.vt.api.markupitem.AbstractFunctionSignatureMarkupTest.setUp(AbstractFunctionSignatureMarkupTest.java:110)
	at generic.test.TestThread.run(TestThread.java:106)
</pre>
</span>
</div>
<div class="test">
<a name="testApplyMarkup_ReplaceSignature_2To2_ThisToThis_ExcludeComments"></a>
<h3 class="failures">testApplyMarkup_ReplaceSignature_2To2_ThisToThis_ExcludeComments</h3>
<span class="code">
<pre>java.lang.NullPointerException
	at ghidra.feature.vt.api.db.VTSessionDB.initializePrograms(VTSessionDB.java:138)
	at ghidra.feature.vt.api.db.VTSessionDB.createVTSession(VTSessionDB.java:87)
	at ghidra.feature.vt.gui.VTTestEnv.createAndOpenVTSession(VTTestEnv.java:115)
	at ghidra.feature.vt.gui.VTTestEnv.createSession(VTTestEnv.java:105)
	at ghidra.feature.vt.api.markupitem.AbstractFunctionSignatureMarkupTest.setUp(AbstractFunctionSignatureMarkupTest.java:110)
	at generic.test.TestThread.run(TestThread.java:106)
</pre>
</span>
</div>
<div class="test">
<a name="testApplyMarkup_ReplaceSignature_2To2_ThisToThis_ExcludeNamesReplaceComments"></a>
<h3 class="failures">testApplyMarkup_ReplaceSignature_2To2_ThisToThis_ExcludeNamesReplaceComments</h3>
<span class="code">
<pre>java.lang.NullPointerException
	at ghidra.feature.vt.api.db.VTSessionDB.initializePrograms(VTSessionDB.java:138)
	at ghidra.feature.vt.api.db.VTSessionDB.createVTSession(VTSessionDB.java:87)
	at ghidra.feature.vt.gui.VTTestEnv.createAndOpenVTSession(VTTestEnv.java:115)
	at ghidra.feature.vt.gui.VTTestEnv.createSession(VTTestEnv.java:105)
	at ghidra.feature.vt.api.markupitem.AbstractFunctionSignatureMarkupTest.setUp(AbstractFunctionSignatureMarkupTest.java:110)
	at generic.test.TestThread.run(TestThread.java:106)
</pre>
</span>
</div>
<div class="test">
<a name="testApplyMarkup_ReplaceSignature_2To2_ThisToThis_ReplaceComments"></a>
<h3 class="failures">testApplyMarkup_ReplaceSignature_2To2_ThisToThis_ReplaceComments</h3>
<span class="code">
<pre>java.lang.NullPointerException
	at ghidra.feature.vt.api.db.VTSessionDB.initializePrograms(VTSessionDB.java:138)
	at ghidra.feature.vt.api.db.VTSessionDB.createVTSession(VTSessionDB.java:87)
	at ghidra.feature.vt.gui.VTTestEnv.createAndOpenVTSession(VTTestEnv.java:115)
	at ghidra.feature.vt.gui.VTTestEnv.createSession(VTTestEnv.java:105)
	at ghidra.feature.vt.api.markupitem.AbstractFunctionSignatureMarkupTest.setUp(AbstractFunctionSignatureMarkupTest.java:110)
	at generic.test.TestThread.run(TestThread.java:106)
</pre>
</span>
</div>
<div class="test">
<a name="testDiffParamCount_ForceSignatureAndNamesWhenSameCount_3To2"></a>
<h3 class="failures">testDiffParamCount_ForceSignatureAndNamesWhenSameCount_3To2</h3>
<span class="code">
<pre>java.lang.NullPointerException
	at ghidra.feature.vt.api.db.VTSessionDB.initializePrograms(VTSessionDB.java:138)
	at ghidra.feature.vt.api.db.VTSessionDB.createVTSession(VTSessionDB.java:87)
	at ghidra.feature.vt.gui.VTTestEnv.createAndOpenVTSession(VTTestEnv.java:115)
	at ghidra.feature.vt.gui.VTTestEnv.createSession(VTTestEnv.java:105)
	at ghidra.feature.vt.api.markupitem.AbstractFunctionSignatureMarkupTest.setUp(AbstractFunctionSignatureMarkupTest.java:110)
	at generic.test.TestThread.run(TestThread.java:106)
</pre>
</span>
</div>
<div class="test">
<a name="testDiffParamCount_ReplaceSignatureMarkupOnly_3To2"></a>
<h3 class="failures">testDiffParamCount_ReplaceSignatureMarkupOnly_3To2</h3>
<span class="code">
<pre>java.lang.NullPointerException
	at ghidra.feature.vt.api.db.VTSessionDB.initializePrograms(VTSessionDB.java:138)
	at ghidra.feature.vt.api.db.VTSessionDB.createVTSession(VTSessionDB.java:87)
	at ghidra.feature.vt.gui.VTTestEnv.createAndOpenVTSession(VTTestEnv.java:115)
	at ghidra.feature.vt.gui.VTTestEnv.createSession(VTTestEnv.java:105)
	at ghidra.feature.vt.api.markupitem.AbstractFunctionSignatureMarkupTest.setUp(AbstractFunctionSignatureMarkupTest.java:110)
	at generic.test.TestThread.run(TestThread.java:106)
</pre>
</span>
</div>
<div class="test">
<a name="testDiff_ReplaceSignatureReplaceNames_3To2"></a>
<h3 class="failures">testDiff_ReplaceSignatureReplaceNames_3To2</h3>
<span class="code">
<pre>java.lang.NullPointerException
	at ghidra.feature.vt.api.db.VTSessionDB.initializePrograms(VTSessionDB.java:138)
	at ghidra.feature.vt.api.db.VTSessionDB.createVTSession(VTSessionDB.java:87)
	at ghidra.feature.vt.gui.VTTestEnv.createAndOpenVTSession(VTTestEnv.java:115)
	at ghidra.feature.vt.gui.VTTestEnv.createSession(VTTestEnv.java:105)
	at ghidra.feature.vt.api.markupitem.AbstractFunctionSignatureMarkupTest.setUp(AbstractFunctionSignatureMarkupTest.java:110)
	at generic.test.TestThread.run(TestThread.java:106)
</pre>
</span>
</div>
</div>
<div id="tab1" class="tab">
<h2>Tests</h2>
<table>
<thead>
<tr>
<th>Test</th>
<th>Duration</th>
<th>Result</th>
</tr>
</thead>
<tr>
<td class="failures">testApplyMarkup_ReplaceSignatureReplaceNames_2To3</td>
<td class="failures">0.308s</td>
<td class="failures">failed</td>
</tr>
<tr>
<td class="failures">testApplyMarkup_ReplaceSignature_2To2_ThisToThis_AppendComments</td>
<td class="failures">0.405s</td>
<td class="failures">failed</td>
</tr>
<tr>
<td class="failures">testApplyMarkup_ReplaceSignature_2To2_ThisToThis_ExcludeComments</td>
<td class="failures">0.210s</td>
<td class="failures">failed</td>
</tr>
<tr>
<td class="failures">testApplyMarkup_ReplaceSignature_2To2_ThisToThis_ExcludeNamesReplaceComments</td>
<td class="failures">1.300s</td>
<td class="failures">failed</td>
</tr>
<tr>
<td class="failures">testApplyMarkup_ReplaceSignature_2To2_ThisToThis_ReplaceComments</td>
<td class="failures">0.208s</td>
<td class="failures">failed</td>
</tr>
<tr>
<td class="failures">testDiffParamCount_ForceSignatureAndNamesWhenSameCount_3To2</td>
<td class="failures">0.311s</td>
<td class="failures">failed</td>
</tr>
<tr>
<td class="failures">testDiffParamCount_ReplaceSignatureMarkupOnly_3To2</td>
<td class="failures">0.308s</td>
<td class="failures">failed</td>
</tr>
<tr>
<td class="failures">testDiff_ReplaceSignatureReplaceNames_3To2</td>
<td class="failures">0.412s</td>
<td class="failures">failed</td>
</tr>
</table>
</div>
<div id="tab2" class="tab">
<h2>Standard output</h2>
<span class="code">
<pre>Created test directory: /home/lcf/repo/ghidra/Ghidra/Features/VersionTracking/build/Ghidra_test_6be30a1e-0877-419a-b270-65789e067bb0/temp.data
10:59:03 INFO  Using log config file: file:/home/lcf/repo/ghidra/Ghidra/Framework/Generic/src/main/resources/generic.log4jtest.xml   (LoggingInitialization.java:59) 
10:59:03 INFO  Using log file: /home/lcf/repo/ghidra/Ghidra/Features/VersionTracking/build/Ghidra_test_6be30a1e-0877-419a-b270-65789e067bb0/temp.data/application.log   (LoggingInitialization.java:60) 
10:59:03 INFO  Loading user preferences: /home/lcf/repo/ghidra/Ghidra/Features/VersionTracking/build/Ghidra_test_6be30a1e-0877-419a-b270-65789e067bb0/temp.data/preferences   (Preferences.java:122) 
10:59:03 INFO  Class search complete (486 ms)   (ClassSearcher.java:250) 
10:59:03 DEBUG Thu Sep 05 10:59:03 CST 2019
***** STARTING Test: FunctionSignatureMarkupTest - testApplyMarkup_ReplaceSignature_2To2_ThisToThis_ExcludeNamesReplaceComments *****   (AbstractGenericTest.java:114) 
10:59:05 WARN  Test data file not found: VersionTracking/WallaceSrc.gzf   (AbstractGenericTest.java:381) 
10:59:05 WARN  Test data file not found: VersionTracking/WallaceSrc.xml   (AbstractGenericTest.java:381) 
10:59:05 INFO  Test program not found: VersionTracking/WallaceSrc   (TestProgramManager.java:351) 
10:59:05 WARN  Test data file not found: VersionTracking/WallaceVersion2.gzf   (AbstractGenericTest.java:381) 
10:59:05 WARN  Test data file not found: VersionTracking/WallaceVersion2.xml   (AbstractGenericTest.java:381) 
10:59:05 INFO  Test program not found: VersionTracking/WallaceVersion2   (TestProgramManager.java:351) 
10:59:05 DEBUG 	✖ FAILED Test: FunctionSignatureMarkupTest - testApplyMarkup_ReplaceSignature_2To2_ThisToThis_ExcludeNamesReplaceComments ✖	   (AbstractGenericTest.java:114) 
10:59:05 DEBUG Thu Sep 05 10:59:05 CST 2019
***** STARTING Test: FunctionSignatureMarkupTest - testApplyMarkup_ReplaceSignature_2To2_ThisToThis_AppendComments *****   (AbstractGenericTest.java:114) 
10:59:05 WARN  Test data file not found: VersionTracking/WallaceSrc.gzf   (AbstractGenericTest.java:381) 
10:59:05 WARN  Test data file not found: VersionTracking/WallaceSrc.xml   (AbstractGenericTest.java:381) 
10:59:05 INFO  Test program not found: VersionTracking/WallaceSrc   (TestProgramManager.java:351) 
10:59:05 WARN  Test data file not found: VersionTracking/WallaceVersion2.gzf   (AbstractGenericTest.java:381) 
10:59:05 WARN  Test data file not found: VersionTracking/WallaceVersion2.xml   (AbstractGenericTest.java:381) 
10:59:05 INFO  Test program not found: VersionTracking/WallaceVersion2   (TestProgramManager.java:351) 
10:59:05 DEBUG 	✖ FAILED Test: FunctionSignatureMarkupTest - testApplyMarkup_ReplaceSignature_2To2_ThisToThis_AppendComments ✖	   (AbstractGenericTest.java:114) 
10:59:05 DEBUG Thu Sep 05 10:59:05 CST 2019
***** STARTING Test: FunctionSignatureMarkupTest - testDiff_ReplaceSignatureReplaceNames_3To2 *****   (AbstractGenericTest.java:114) 
10:59:05 WARN  Test data file not found: VersionTracking/WallaceSrc.gzf   (AbstractGenericTest.java:381) 
10:59:05 WARN  Test data file not found: VersionTracking/WallaceSrc.xml   (AbstractGenericTest.java:381) 
10:59:05 INFO  Test program not found: VersionTracking/WallaceSrc   (TestProgramManager.java:351) 
10:59:05 WARN  Test data file not found: VersionTracking/WallaceVersion2.gzf   (AbstractGenericTest.java:381) 
10:59:05 WARN  Test data file not found: VersionTracking/WallaceVersion2.xml   (AbstractGenericTest.java:381) 
10:59:05 INFO  Test program not found: VersionTracking/WallaceVersion2   (TestProgramManager.java:351) 
10:59:06 DEBUG 	✖ FAILED Test: FunctionSignatureMarkupTest - testDiff_ReplaceSignatureReplaceNames_3To2 ✖	   (AbstractGenericTest.java:114) 
10:59:06 DEBUG Thu Sep 05 10:59:06 CST 2019
***** STARTING Test: FunctionSignatureMarkupTest - testDiffParamCount_ReplaceSignatureMarkupOnly_3To2 *****   (AbstractGenericTest.java:114) 
10:59:06 WARN  Test data file not found: VersionTracking/WallaceSrc.gzf   (AbstractGenericTest.java:381) 
10:59:06 WARN  Test data file not found: VersionTracking/WallaceSrc.xml   (AbstractGenericTest.java:381) 
10:59:06 INFO  Test program not found: VersionTracking/WallaceSrc   (TestProgramManager.java:351) 
10:59:06 WARN  Test data file not found: VersionTracking/WallaceVersion2.gzf   (AbstractGenericTest.java:381) 
10:59:06 WARN  Test data file not found: VersionTracking/WallaceVersion2.xml   (AbstractGenericTest.java:381) 
10:59:06 INFO  Test program not found: VersionTracking/WallaceVersion2   (TestProgramManager.java:351) 
10:59:06 DEBUG 	✖ FAILED Test: FunctionSignatureMarkupTest - testDiffParamCount_ReplaceSignatureMarkupOnly_3To2 ✖	   (AbstractGenericTest.java:114) 
10:59:06 DEBUG Thu Sep 05 10:59:06 CST 2019
***** STARTING Test: FunctionSignatureMarkupTest - testDiffParamCount_ForceSignatureAndNamesWhenSameCount_3To2 *****   (AbstractGenericTest.java:114) 
10:59:06 WARN  Test data file not found: VersionTracking/WallaceSrc.gzf   (AbstractGenericTest.java:381) 
10:59:06 WARN  Test data file not found: VersionTracking/WallaceSrc.xml   (AbstractGenericTest.java:381) 
10:59:06 INFO  Test program not found: VersionTracking/WallaceSrc   (TestProgramManager.java:351) 
10:59:06 WARN  Test data file not found: VersionTracking/WallaceVersion2.gzf   (AbstractGenericTest.java:381) 
10:59:06 WARN  Test data file not found: VersionTracking/WallaceVersion2.xml   (AbstractGenericTest.java:381) 
10:59:06 INFO  Test program not found: VersionTracking/WallaceVersion2   (TestProgramManager.java:351) 
10:59:06 DEBUG 	✖ FAILED Test: FunctionSignatureMarkupTest - testDiffParamCount_ForceSignatureAndNamesWhenSameCount_3To2 ✖	   (AbstractGenericTest.java:114) 
10:59:06 DEBUG Thu Sep 05 10:59:06 CST 2019
***** STARTING Test: FunctionSignatureMarkupTest - testApplyMarkup_ReplaceSignature_2To2_ThisToThis_ExcludeComments *****   (AbstractGenericTest.java:114) 
10:59:06 WARN  Test data file not found: VersionTracking/WallaceSrc.gzf   (AbstractGenericTest.java:381) 
10:59:06 WARN  Test data file not found: VersionTracking/WallaceSrc.xml   (AbstractGenericTest.java:381) 
10:59:06 INFO  Test program not found: VersionTracking/WallaceSrc   (TestProgramManager.java:351) 
10:59:06 WARN  Test data file not found: VersionTracking/WallaceVersion2.gzf   (AbstractGenericTest.java:381) 
10:59:06 WARN  Test data file not found: VersionTracking/WallaceVersion2.xml   (AbstractGenericTest.java:381) 
10:59:06 INFO  Test program not found: VersionTracking/WallaceVersion2   (TestProgramManager.java:351) 
10:59:06 DEBUG 	✖ FAILED Test: FunctionSignatureMarkupTest - testApplyMarkup_ReplaceSignature_2To2_ThisToThis_ExcludeComments ✖	   (AbstractGenericTest.java:114) 
10:59:06 DEBUG Thu Sep 05 10:59:06 CST 2019
***** STARTING Test: FunctionSignatureMarkupTest - testApplyMarkup_ReplaceSignatureReplaceNames_2To3 *****   (AbstractGenericTest.java:114) 
10:59:07 WARN  Test data file not found: VersionTracking/WallaceSrc.gzf   (AbstractGenericTest.java:381) 
10:59:07 WARN  Test data file not found: VersionTracking/WallaceSrc.xml   (AbstractGenericTest.java:381) 
10:59:07 INFO  Test program not found: VersionTracking/WallaceSrc   (TestProgramManager.java:351) 
10:59:07 WARN  Test data file not found: VersionTracking/WallaceVersion2.gzf   (AbstractGenericTest.java:381) 
10:59:07 WARN  Test data file not found: VersionTracking/WallaceVersion2.xml   (AbstractGenericTest.java:381) 
10:59:07 INFO  Test program not found: VersionTracking/WallaceVersion2   (TestProgramManager.java:351) 
10:59:07 DEBUG 	✖ FAILED Test: FunctionSignatureMarkupTest - testApplyMarkup_ReplaceSignatureReplaceNames_2To3 ✖	   (AbstractGenericTest.java:114) 
10:59:07 DEBUG Thu Sep 05 10:59:07 CST 2019
***** STARTING Test: FunctionSignatureMarkupTest - testApplyMarkup_ReplaceSignature_2To2_ThisToThis_ReplaceComments *****   (AbstractGenericTest.java:114) 
10:59:07 WARN  Test data file not found: VersionTracking/WallaceSrc.gzf   (AbstractGenericTest.java:381) 
10:59:07 WARN  Test data file not found: VersionTracking/WallaceSrc.xml   (AbstractGenericTest.java:381) 
10:59:07 INFO  Test program not found: VersionTracking/WallaceSrc   (TestProgramManager.java:351) 
10:59:07 WARN  Test data file not found: VersionTracking/WallaceVersion2.gzf   (AbstractGenericTest.java:381) 
10:59:07 WARN  Test data file not found: VersionTracking/WallaceVersion2.xml   (AbstractGenericTest.java:381) 
10:59:07 INFO  Test program not found: VersionTracking/WallaceVersion2   (TestProgramManager.java:351) 
10:59:07 DEBUG 	✖ FAILED Test: FunctionSignatureMarkupTest - testApplyMarkup_ReplaceSignature_2To2_ThisToThis_ReplaceComments ✖	   (AbstractGenericTest.java:114) 
</pre>
</span>
</div>
</div>
<div id="footer">
<p>
<div>
<label class="hidden" id="label-for-line-wrapping-toggle" for="line-wrapping-toggle">Wrap lines
<input id="line-wrapping-toggle" type="checkbox" autocomplete="off"/>
</label>
</div>Generated by 
<a href="http://www.gradle.org">Gradle 5.6.1</a> at Sep 5, 2019, 11:01:28 AM</p>
</div>
</div>
</body>
</html>
